1.5534e+11
1.4323e+11
1.4323e+11
1.4323e+11
1.4323e+11
1.4323e+11
1.4323e+11
1.4323e+11
1.4323e+11
1.4323e+11
1.4323e+11
1.4323e+11
1.4323e+11
1.4323e+11
1.4323e+11
1.4323e+11
1.4323e+11
1.4323e+11
1.4323e+11
1.4323e+11
1.4323e+11
1.4323e+11
1.4323e+11
1.4323e+11
1.4323e+11
1.4323e+11
1.4323e+11
1.4323e+11
1.4323e+11
1.4323e+11
1.4323e+11
1.4323e+11
1.4323e+11
1.4323e+11
1.4323e+11
1.4323e+11
1.4323e+11
1.4323e+11
1.4323e+11
1.4323e+11
1.4323e+11
1.4323e+11
1.4323e+11
1.4323e+11
1.4323e+11
1.4323e+11
1.40142e+11
1.40142e+11
1.30877e+11
1.30862e+11
1.30862e+11
1.30862e+11
1.3056e+11
1.3056e+11
1.3056e+11
1.3056e+11
1.3056e+11
1.3056e+11
1.26487e+11
1.26487e+11
1.26487e+11
1.26487e+11
1.26487e+11
1.26487e+11
1.26487e+11
1.26487e+11
1.26487e+11
1.26487e+11
1.26487e+11
1.26487e+11
1.26198e+11
1.26198e+11
1.26198e+11
1.26198e+11
1.26198e+11
1.26198e+11
1.26198e+11
1.26198e+11
1.26198e+11
1.26198e+11
1.26198e+11
1.26198e+11
1.26198e+11
1.26198e+11
1.26196e+11
1.26196e+11
1.26196e+11
1.26196e+11
1.2497e+11
1.2497e+11
1.2497e+11
1.2497e+11
1.2497e+11
1.2497e+11
1.2497e+11
1.2497e+11
1.2497e+11
1.2497e+11
1.2497e+11
1.2497e+11
1.2497e+11
1.2497e+11
1.2497e+11
1.2497e+11
1.2497e+11
1.2497e+11
1.2497e+11
1.2497e+11
1.2497e+11
1.2497e+11
1.2497e+11
1.2497e+11
1.24968e+11
1.24968e+11
1.2421e+11
1.2421e+11
1.2421e+11
1.2421e+11
1.2421e+11
1.2421e+11
