1.5534e+11
1.5534e+11
1.5534e+11
1.5534e+11
1.5534e+11
1.5534e+11
1.5534e+11
1.5534e+11
1.5534e+11
1.5534e+11
1.5534e+11
1.5534e+11
1.5534e+11
1.5534e+11
1.5534e+11
1.5534e+11
1.5534e+11
1.5534e+11
1.5534e+11
1.5534e+11
1.5534e+11
1.5534e+11
1.5534e+11
1.5534e+11
1.42592e+11
1.42592e+11
1.42592e+11
1.42592e+11
1.42592e+11
1.42592e+11
1.42592e+11
1.42592e+11
1.42592e+11
1.42592e+11
1.42592e+11
1.42592e+11
1.42592e+11
1.42592e+11
1.42592e+11
1.42592e+11
1.42592e+11
1.42579e+11
1.42579e+11
1.42579e+11
1.42579e+11
1.42579e+11
1.42579e+11
1.42579e+11
1.42579e+11
1.42579e+11
1.42579e+11
1.42579e+11
1.42579e+11
1.42579e+11
1.42579e+11
1.42579e+11
1.42579e+11
1.38599e+11
1.38599e+11
1.38599e+11
1.38599e+11
1.38599e+11
1.38599e+11
1.38599e+11
1.38599e+11
1.38599e+11
1.38599e+11
1.38599e+11
1.38599e+11
1.38599e+11
1.38599e+11
1.38599e+11
1.38599e+11
1.38599e+11
1.38599e+11
1.38599e+11
1.38599e+11
1.3725e+11
1.36785e+11
1.36785e+11
1.36785e+11
1.36785e+11
1.36785e+11
1.36785e+11
1.35148e+11
1.27143e+11
1.27143e+11
1.27143e+11
1.27143e+11
1.27143e+11
1.27143e+11
1.27143e+11
1.27143e+11
1.27143e+11
1.27143e+11
1.27143e+11
1.27143e+11
1.27143e+11
1.27143e+11
1.27143e+11
1.27143e+11
1.27143e+11
1.27143e+11
1.27143e+11
1.27143e+11
1.27143e+11
1.27143e+11
1.27143e+11
1.27143e+11
1.27143e+11
1.27143e+11
1.27143e+11
1.27143e+11
1.27143e+11
1.27143e+11
1.27143e+11
1.27143e+11
1.27143e+11
1.27143e+11
