1.5534e+11
1.5534e+11
1.5534e+11
1.5534e+11
1.4323e+11
1.41044e+11
1.26972e+11
1.26962e+11
1.26957e+11
1.26957e+11
1.26947e+11
1.26947e+11
1.26947e+11
1.26947e+11
1.26947e+11
1.26947e+11
1.26947e+11
1.26947e+11
1.26947e+11
1.26947e+11
1.24925e+11
1.24925e+11
1.24925e+11
1.24925e+11
1.24925e+11
1.24925e+11
1.20679e+11
1.20679e+11
1.20679e+11
1.20679e+11
1.20679e+11
1.20679e+11
1.20661e+11
1.20661e+11
1.20661e+11
1.20661e+11
1.20661e+11
1.20661e+11
1.20661e+11
1.20661e+11
1.20661e+11
1.20661e+11
1.20661e+11
1.20661e+11
1.20661e+11
1.20661e+11
1.20661e+11
1.20661e+11
1.20661e+11
1.20661e+11
1.20661e+11
1.20661e+11
1.20661e+11
1.20661e+11
1.20661e+11
1.20661e+11
1.20661e+11
1.20661e+11
1.20661e+11
1.20661e+11
1.20661e+11
1.20661e+11
1.20661e+11
1.20661e+11
1.20661e+11
1.20661e+11
1.20661e+11
1.20661e+11
1.20661e+11
1.20661e+11
1.20661e+11
1.20661e+11
1.20661e+11
1.20661e+11
1.20661e+11
1.20661e+11
1.20661e+11
1.20661e+11
1.20661e+11
1.20661e+11
1.20661e+11
1.20661e+11
1.20661e+11
1.20661e+11
1.20661e+11
1.20661e+11
1.20661e+11
1.20661e+11
1.20661e+11
1.20661e+11
1.20661e+11
1.20661e+11
1.20661e+11
1.20661e+11
1.19052e+11
1.19046e+11
1.19046e+11
1.19046e+11
1.19046e+11
1.19046e+11
1.19046e+11
1.19046e+11
1.19046e+11
1.19046e+11
1.19046e+11
1.19046e+11
1.19046e+11
1.19046e+11
1.19046e+11
1.19046e+11
1.19046e+11
1.19046e+11
1.19046e+11
1.19046e+11
1.19046e+11
1.19046e+11
1.19046e+11
1.19046e+11
1.19046e+11
1.19046e+11
