1.5534e+11
1.5534e+11
1.5534e+11
1.4323e+11
1.4323e+11
1.4323e+11
1.43221e+11
1.34135e+11
1.34135e+11
1.25473e+11
1.25473e+11
1.25473e+11
1.25473e+11
1.25473e+11
1.25467e+11
1.25467e+11
1.25467e+11
1.25467e+11
1.25467e+11
1.25467e+11
1.25467e+11
1.25467e+11
1.25467e+11
1.25467e+11
1.25467e+11
1.25467e+11
1.25467e+11
1.25467e+11
1.25467e+11
1.25467e+11
1.25467e+11
1.25467e+11
1.25467e+11
1.25467e+11
1.25467e+11
1.25467e+11
1.25467e+11
1.25467e+11
1.25467e+11
1.25467e+11
1.25467e+11
1.25467e+11
1.25467e+11
1.25467e+11
1.25467e+11
1.25467e+11
1.25467e+11
1.25467e+11
1.25467e+11
1.25467e+11
1.25467e+11
1.25467e+11
1.25467e+11
1.25467e+11
1.25467e+11
1.25467e+11
1.25467e+11
1.25467e+11
1.25467e+11
1.25467e+11
1.25467e+11
1.25467e+11
1.25467e+11
1.25467e+11
1.25467e+11
1.25467e+11
1.25467e+11
1.25467e+11
1.25467e+11
1.25467e+11
1.25467e+11
1.25467e+11
1.25467e+11
1.25467e+11
1.25467e+11
1.25467e+11
1.25467e+11
1.25467e+11
1.25467e+11
1.25467e+11
1.25467e+11
1.25467e+11
1.25467e+11
1.25467e+11
1.25467e+11
1.25467e+11
1.25467e+11
1.25467e+11
1.25467e+11
1.25467e+11
1.25467e+11
1.25467e+11
1.25467e+11
1.25467e+11
1.25467e+11
1.25467e+11
1.25467e+11
1.25467e+11
1.25467e+11
1.25467e+11
1.25467e+11
1.25467e+11
1.25467e+11
1.25467e+11
1.25467e+11
1.25467e+11
1.25467e+11
1.25467e+11
1.25467e+11
1.25467e+11
1.25467e+11
1.25467e+11
1.25467e+11
1.25467e+11
1.25467e+11
1.25467e+11
1.25467e+11
1.25467e+11
1.25467e+11
