1.5534e+11
1.5534e+11
1.5534e+11
1.4323e+11
1.4323e+11
1.4323e+11
1.40187e+11
1.40187e+11
1.40187e+11
1.40187e+11
1.40187e+11
1.40187e+11
1.40187e+11
1.40181e+11
1.40181e+11
1.40181e+11
1.40181e+11
1.40181e+11
1.40181e+11
1.40181e+11
1.40181e+11
1.40181e+11
1.40181e+11
1.40181e+11
1.40181e+11
1.20078e+11
1.20078e+11
1.20078e+11
1.20078e+11
1.20078e+11
1.20078e+11
1.20078e+11
1.20078e+11
1.20078e+11
1.20078e+11
1.20078e+11
1.20078e+11
1.20078e+11
1.04365e+11
1.04365e+11
1.04365e+11
1.04365e+11
1.04365e+11
1.04365e+11
1.04365e+11
1.04365e+11
1.04365e+11
1.04365e+11
1.04365e+11
1.04365e+11
1.04365e+11
1.04365e+11
1.04365e+11
1.04365e+11
1.04365e+11
1.04365e+11
1.04365e+11
1.04365e+11
1.04365e+11
1.04365e+11
1.04365e+11
1.04365e+11
1.04365e+11
1.04365e+11
1.04365e+11
1.04365e+11
9.63255e+10
9.63255e+10
9.63255e+10
9.63254e+10
9.63254e+10
9.63254e+10
9.63254e+10
9.63254e+10
9.63254e+10
9.63254e+10
9.63254e+10
9.63254e+10
9.63254e+10
9.63254e+10
9.63247e+10
9.63247e+10
9.62908e+10
9.62908e+10
9.62861e+10
9.62861e+10
9.62861e+10
9.62861e+10
9.62861e+10
9.50597e+10
9.35703e+10
9.35703e+10
9.35703e+10
9.35703e+10
9.35703e+10
9.35703e+10
9.35703e+10
9.35703e+10
9.35703e+10
9.3558e+10
9.355e+10
9.35498e+10
9.35498e+10
9.35498e+10
9.35498e+10
9.35498e+10
9.35498e+10
9.35171e+10
9.3517e+10
9.3517e+10
9.3517e+10
9.3517e+10
9.3517e+10
9.3517e+10
9.3517e+10
9.3517e+10
9.3517e+10
9.3517e+10
9.3517e+10
