1.5534e+11
1.5534e+11
1.55328e+11
1.55327e+11
1.55327e+11
1.55327e+11
1.55327e+11
1.55327e+11
1.55327e+11
1.55327e+11
1.51949e+11
1.51948e+11
1.51948e+11
1.51948e+11
1.51948e+11
1.51948e+11
1.51948e+11
1.51948e+11
1.51948e+11
1.51948e+11
1.51948e+11
1.51948e+11
1.51948e+11
1.51948e+11
1.51948e+11
1.51948e+11
1.51948e+11
1.51948e+11
1.51948e+11
1.51948e+11
1.51948e+11
1.51948e+11
1.51948e+11
1.51948e+11
1.51948e+11
1.51948e+11
1.51948e+11
1.51948e+11
1.51948e+11
1.51948e+11
1.51948e+11
1.51948e+11
1.51948e+11
1.51948e+11
1.51948e+11
1.51948e+11
1.51948e+11
1.51948e+11
1.51948e+11
1.51948e+11
1.51948e+11
1.51948e+11
1.51948e+11
1.46215e+11
1.28188e+11
1.28179e+11
1.28179e+11
1.28179e+11
1.28179e+11
1.28179e+11
1.28179e+11
1.28179e+11
1.28179e+11
1.28179e+11
1.24561e+11
1.24561e+11
1.24561e+11
1.24561e+11
1.19515e+11
1.19515e+11
1.19515e+11
1.19515e+11
1.19515e+11
1.19515e+11
1.19515e+11
1.19515e+11
1.19515e+11
1.19515e+11
1.19515e+11
1.19515e+11
1.19515e+11
1.19515e+11
1.18653e+11
1.18653e+11
1.06887e+11
1.06887e+11
1.06887e+11
1.06887e+11
1.06887e+11
1.06887e+11
1.06887e+11
1.06887e+11
1.06887e+11
1.06887e+11
1.06887e+11
1.06887e+11
1.06887e+11
1.06887e+11
1.06887e+11
1.06887e+11
1.06887e+11
1.06887e+11
1.06887e+11
1.06887e+11
1.06887e+11
1.06887e+11
1.06887e+11
1.06887e+11
1.06887e+11
1.06887e+11
1.06887e+11
1.06887e+11
1.06887e+11
1.06887e+11
1.06887e+11
1.06887e+11
1.06887e+11
1.06887e+11
1.06887e+11
1.06887e+11
