1.5534e+11
1.5534e+11
1.5534e+11
1.5534e+11
1.5534e+11
1.5534e+11
1.5534e+11
1.5534e+11
1.5534e+11
1.5534e+11
1.55327e+11
1.55327e+11
1.55327e+11
1.55327e+11
1.55327e+11
1.55327e+11
1.55327e+11
1.55327e+11
1.55327e+11
1.55327e+11
1.55327e+11
1.55327e+11
1.55327e+11
1.55327e+11
1.55327e+11
1.55327e+11
1.55327e+11
1.55327e+11
1.55327e+11
1.55327e+11
1.55327e+11
1.55327e+11
1.55327e+11
1.55327e+11
1.55327e+11
1.55327e+11
1.55327e+11
1.42585e+11
1.39602e+11
1.39602e+11
1.39602e+11
1.39602e+11
1.37542e+11
1.37542e+11
1.37538e+11
1.37538e+11
1.37538e+11
1.25429e+11
1.25429e+11
1.25429e+11
1.25429e+11
1.25429e+11
1.25429e+11
1.25429e+11
1.25429e+11
1.25429e+11
1.25429e+11
1.25429e+11
1.25429e+11
1.25429e+11
1.25429e+11
1.25429e+11
1.25429e+11
1.25429e+11
1.24472e+11
1.24472e+11
1.24472e+11
1.24472e+11
1.24472e+11
1.24472e+11
1.24472e+11
1.24472e+11
1.24472e+11
1.24472e+11
1.24472e+11
1.24472e+11
1.24472e+11
1.24472e+11
1.24472e+11
1.24472e+11
1.24472e+11
1.24472e+11
1.24472e+11
1.24472e+11
1.24472e+11
1.24472e+11
1.24472e+11
1.24472e+11
1.24472e+11
1.24472e+11
1.24472e+11
1.24472e+11
1.24472e+11
1.24472e+11
1.24472e+11
1.24472e+11
1.2294e+11
1.2294e+11
1.2294e+11
1.2294e+11
1.1198e+11
9.02772e+10
9.02772e+10
9.02772e+10
9.02771e+10
9.02771e+10
9.02771e+10
9.02771e+10
9.02771e+10
9.02771e+10
9.02771e+10
9.02771e+10
9.02771e+10
9.02771e+10
9.02771e+10
9.02771e+10
9.02771e+10
9.02771e+10
9.02771e+10
