1.5534e+11
1.5534e+11
1.5534e+11
1.5534e+11
1.5534e+11
1.5534e+11
1.5534e+11
1.5534e+11
1.5534e+11
1.5534e+11
1.5534e+11
1.5534e+11
1.4323e+11
1.4323e+11
1.4323e+11
1.4323e+11
1.4323e+11
1.4323e+11
1.4323e+11
1.4323e+11
1.4323e+11
1.4323e+11
1.4323e+11
1.4323e+11
1.34144e+11
1.34144e+11
1.30525e+11
1.30525e+11
1.30525e+11
1.30525e+11
1.25483e+11
1.25483e+11
1.25483e+11
1.25482e+11
1.25482e+11
1.25482e+11
1.25482e+11
1.25482e+11
1.25433e+11
1.15521e+11
1.15521e+11
1.15521e+11
1.15521e+11
1.15521e+11
1.15521e+11
1.15521e+11
1.15521e+11
1.15521e+11
1.15521e+11
1.15521e+11
1.15521e+11
1.15521e+11
1.15521e+11
1.15521e+11
1.15521e+11
1.15521e+11
1.15521e+11
1.15521e+11
1.15521e+11
1.15521e+11
1.15521e+11
1.15521e+11
1.15521e+11
1.15521e+11
1.14708e+11
1.14708e+11
1.14708e+11
1.14708e+11
1.05085e+11
1.05085e+11
1.03744e+11
1.03744e+11
1.03744e+11
1.03712e+11
1.03712e+11
1.03712e+11
1.03712e+11
1.03712e+11
1.03712e+11
1.03712e+11
1.03712e+11
1.03712e+11
1.03712e+11
1.03712e+11
1.03712e+11
1.03703e+11
1.03703e+11
1.03501e+11
1.03501e+11
1.03501e+11
1.03501e+11
1.03501e+11
1.03501e+11
1.03501e+11
1.03501e+11
1.03501e+11
1.03501e+11
1.03501e+11
1.03501e+11
1.03501e+11
1.03501e+11
1.03501e+11
1.03501e+11
1.03501e+11
1.03501e+11
1.03501e+11
1.03501e+11
1.03501e+11
1.03501e+11
1.03501e+11
1.03501e+11
1.03501e+11
1.03501e+11
1.03501e+11
1.03501e+11
1.03501e+11
1.03501e+11
1.03501e+11
1.03501e+11
1.03501e+11
