1.5534e+11
1.5534e+11
1.4323e+11
1.4323e+11
1.4323e+11
1.4323e+11
1.4323e+11
1.4323e+11
1.4323e+11
1.4323e+11
1.4323e+11
1.4323e+11
1.4323e+11
1.4323e+11
1.4323e+11
1.4323e+11
1.4323e+11
1.4323e+11
1.4323e+11
1.4323e+11
1.29989e+11
1.26972e+11
1.26972e+11
1.26968e+11
1.26968e+11
1.26968e+11
1.26968e+11
1.26968e+11
1.26968e+11
1.26968e+11
1.26968e+11
1.26968e+11
1.26968e+11
1.26959e+11
1.26959e+11
1.26959e+11
1.26947e+11
1.26947e+11
1.26947e+11
1.26947e+11
1.23696e+11
1.23696e+11
1.23696e+11
1.20089e+11
1.17106e+11
1.17106e+11
1.17106e+11
1.17106e+11
1.15852e+11
1.15852e+11
1.15852e+11
1.15852e+11
1.15852e+11
1.10896e+11
1.10895e+11
1.10895e+11
1.10884e+11
1.10884e+11
1.10884e+11
1.10884e+11
1.10884e+11
1.10884e+11
1.10884e+11
1.10884e+11
1.10884e+11
1.10884e+11
1.10884e+11
1.10884e+11
1.10475e+11
1.10475e+11
1.10475e+11
1.10475e+11
1.10475e+11
1.10475e+11
1.10475e+11
1.10475e+11
1.10475e+11
1.10475e+11
1.10475e+11
1.10475e+11
1.10475e+11
1.10475e+11
1.10475e+11
1.10475e+11
1.10475e+11
1.10475e+11
1.10475e+11
1.10475e+11
1.10475e+11
1.10475e+11
1.10475e+11
1.10475e+11
1.10475e+11
1.10475e+11
1.10475e+11
1.10475e+11
1.10475e+11
1.10475e+11
1.10475e+11
1.10475e+11
1.10475e+11
1.10475e+11
1.10475e+11
1.10475e+11
1.10475e+11
1.10475e+11
1.10475e+11
1.10475e+11
1.10475e+11
1.10475e+11
1.10475e+11
1.10475e+11
1.10475e+11
1.10475e+11
1.10475e+11
1.10475e+11
1.10475e+11
1.10475e+11
1.10475e+11
