1.5534e+11
1.5534e+11
1.5534e+11
1.5534e+11
1.55327e+11
1.55327e+11
1.55327e+11
1.55327e+11
1.55327e+11
1.55327e+11
1.43218e+11
1.43218e+11
1.43218e+11
1.43218e+11
1.25099e+11
1.25099e+11
1.25099e+11
1.25099e+11
1.25099e+11
1.25099e+11
1.25099e+11
1.25099e+11
1.25099e+11
1.23115e+11
1.23115e+11
1.23115e+11
1.23115e+11
1.23115e+11
1.23115e+11
1.23115e+11
1.23115e+11
1.23115e+11
1.23115e+11
1.23115e+11
1.23115e+11
1.23115e+11
1.23115e+11
1.23115e+11
1.23115e+11
1.23115e+11
1.23115e+11
1.23115e+11
1.23115e+11
1.23115e+11
1.23115e+11
1.23115e+11
1.23115e+11
1.23115e+11
1.23115e+11
1.23115e+11
1.23115e+11
1.23115e+11
1.23115e+11
1.23115e+11
1.23115e+11
1.23115e+11
1.23115e+11
1.23115e+11
1.23115e+11
1.23115e+11
1.23115e+11
1.23115e+11
1.23115e+11
1.23115e+11
1.23115e+11
1.23115e+11
1.23115e+11
1.23115e+11
1.23115e+11
1.23115e+11
1.23115e+11
1.23115e+11
1.23115e+11
1.23115e+11
1.23115e+11
1.23115e+11
1.23115e+11
1.23115e+11
1.13846e+11
1.13846e+11
1.13846e+11
1.13846e+11
1.13846e+11
1.13846e+11
1.13846e+11
1.13846e+11
1.13846e+11
1.13846e+11
1.13846e+11
1.13846e+11
1.13846e+11
1.13846e+11
1.13846e+11
1.13846e+11
1.13846e+11
1.13846e+11
1.13846e+11
1.13846e+11
1.13846e+11
1.13846e+11
1.13846e+11
1.13846e+11
1.13846e+11
1.13846e+11
1.13846e+11
1.13846e+11
1.13846e+11
1.13846e+11
1.13846e+11
1.13846e+11
1.13846e+11
1.13846e+11
1.13846e+11
1.13846e+11
1.13846e+11
1.13846e+11
1.13846e+11
1.13846e+11
1.13846e+11
