1.5534e+11
1.5534e+11
1.55321e+11
1.46087e+11
1.46087e+11
1.46087e+11
1.33964e+11
1.33964e+11
1.33964e+11
1.30921e+11
1.30921e+11
1.30921e+11
1.30921e+11
1.12877e+11
1.12877e+11
1.12877e+11
1.12877e+11
1.12845e+11
1.12845e+11
1.12845e+11
1.12845e+11
1.12845e+11
1.12845e+11
1.12845e+11
1.10786e+11
1.10786e+11
1.10786e+11
1.10786e+11
1.10786e+11
1.10786e+11
1.10786e+11
1.10786e+11
1.10786e+11
1.10786e+11
1.10786e+11
1.10786e+11
1.10786e+11
1.10786e+11
1.10786e+11
1.07446e+11
1.07446e+11
1.07446e+11
1.07446e+11
1.07446e+11
1.07446e+11
1.07446e+11
1.07446e+11
1.07446e+11
1.07446e+11
1.01963e+11
1.01963e+11
1.01963e+11
1.01963e+11
1.01963e+11
1.01963e+11
1.01963e+11
1.01963e+11
1.01963e+11
1.01963e+11
1.01963e+11
1.01963e+11
1.01963e+11
1.01963e+11
1.01963e+11
1.01963e+11
1.01963e+11
1.01963e+11
1.01963e+11
1.01963e+11
1.01963e+11
1.01963e+11
1.01963e+11
1.01963e+11
1.01963e+11
1.01951e+11
1.01951e+11
1.01951e+11
1.01951e+11
1.01951e+11
1.01951e+11
1.01951e+11
1.01951e+11
1.01951e+11
1.01951e+11
1.01951e+11
1.01951e+11
1.01951e+11
1.01951e+11
1.01951e+11
1.01951e+11
1.01951e+11
1.01951e+11
1.01951e+11
1.01951e+11
1.01951e+11
1.01951e+11
1.01951e+11
1.01951e+11
1.01951e+11
1.01951e+11
1.01951e+11
1.01951e+11
1.01951e+11
1.01951e+11
1.01951e+11
1.01951e+11
1.01951e+11
1.01951e+11
1.01951e+11
1.01951e+11
1.01951e+11
1.01951e+11
1.01951e+11
1.01951e+11
1.01951e+11
1.01951e+11
1.01951e+11
1.01951e+11
1.01951e+11
