1.5534e+11
1.5534e+11
1.37296e+11
1.35236e+11
1.3523e+11
1.3523e+11
1.3523e+11
1.3523e+11
1.3523e+11
1.3523e+11
1.3523e+11
1.3523e+11
1.3523e+11
1.3523e+11
1.3523e+11
1.26095e+11
1.26095e+11
1.26095e+11
1.26095e+11
1.26095e+11
1.26095e+11
1.26095e+11
1.26095e+11
1.26095e+11
1.26095e+11
1.26095e+11
1.26095e+11
1.26095e+11
1.26095e+11
1.26095e+11
1.26095e+11
1.26095e+11
1.26095e+11
1.26095e+11
1.26095e+11
1.26095e+11
1.26095e+11
1.26095e+11
1.26095e+11
1.26095e+11
1.26095e+11
1.26095e+11
1.26095e+11
1.26095e+11
1.26095e+11
1.26095e+11
1.26095e+11
1.26095e+11
1.26095e+11
1.26095e+11
1.26095e+11
1.26095e+11
1.26095e+11
1.26095e+11
1.26095e+11
1.26095e+11
1.26095e+11
1.26095e+11
1.26092e+11
1.26092e+11
1.26092e+11
1.26092e+11
1.26092e+11
1.19066e+11
1.19066e+11
1.09977e+11
1.09977e+11
1.09977e+11
1.09977e+11
1.09977e+11
1.09977e+11
1.09977e+11
1.09977e+11
1.09977e+11
1.09977e+11
1.09977e+11
1.09977e+11
1.09977e+11
1.09977e+11
1.09977e+11
1.09977e+11
1.09977e+11
1.09977e+11
1.09921e+11
1.09921e+11
1.09921e+11
1.09921e+11
1.09921e+11
1.09921e+11
1.09921e+11
1.09921e+11
1.09921e+11
1.09921e+11
1.09921e+11
1.09921e+11
1.09921e+11
1.09921e+11
1.09921e+11
1.09921e+11
1.09921e+11
1.09921e+11
1.09921e+11
1.09921e+11
1.09921e+11
1.09921e+11
1.09921e+11
1.09921e+11
1.09921e+11
1.09921e+11
1.09921e+11
1.09921e+11
1.09921e+11
1.09921e+11
1.09921e+11
1.09921e+11
1.09921e+11
1.09921e+11
1.09921e+11
1.09921e+11
1.09921e+11
