1.5534e+11
1.5534e+11
1.5534e+11
1.5534e+11
1.5534e+11
1.54478e+11
1.54478e+11
1.42712e+11
1.42712e+11
1.42711e+11
1.42711e+11
1.42711e+11
1.42711e+11
1.42711e+11
1.42711e+11
1.42711e+11
1.42711e+11
1.42711e+11
1.42711e+11
1.42711e+11
1.33625e+11
1.33625e+11
1.33625e+11
1.33612e+11
1.33612e+11
1.33612e+11
1.33612e+11
1.33612e+11
1.24951e+11
1.24951e+11
1.24951e+11
1.24951e+11
1.24951e+11
1.24951e+11
1.24951e+11
1.24951e+11
1.24951e+11
1.24951e+11
1.24951e+11
1.24951e+11
1.24951e+11
1.24951e+11
1.24951e+11
1.24951e+11
1.24951e+11
1.24951e+11
1.24951e+11
1.24951e+11
1.24951e+11
1.24951e+11
1.24951e+11
1.24951e+11
1.24951e+11
1.24951e+11
1.24951e+11
1.24951e+11
1.24951e+11
1.24951e+11
1.24951e+11
1.24951e+11
1.24951e+11
1.24951e+11
1.24951e+11
1.24951e+11
1.24951e+11
1.24951e+11
1.24951e+11
1.24951e+11
1.24951e+11
1.24951e+11
1.24951e+11
1.24951e+11
1.24951e+11
1.24951e+11
1.24951e+11
1.24951e+11
1.24951e+11
1.24951e+11
1.24951e+11
1.24951e+11
1.24951e+11
1.24951e+11
1.24951e+11
1.24951e+11
1.24951e+11
1.24951e+11
1.24951e+11
1.13509e+11
1.0989e+11
1.06907e+11
1.06907e+11
1.06907e+11
1.06907e+11
1.06907e+11
1.06907e+11
1.06907e+11
1.06907e+11
1.06907e+11
1.06907e+11
9.73484e+10
9.73484e+10
9.73484e+10
9.73484e+10
9.73484e+10
9.73484e+10
9.73484e+10
9.73484e+10
9.73484e+10
9.73484e+10
9.73484e+10
9.73484e+10
9.73484e+10
9.73484e+10
9.73484e+10
9.73484e+10
9.73484e+10
9.73484e+10
9.73484e+10
9.73484e+10
