1.5534e+11
1.53153e+11
1.53153e+11
1.39083e+11
1.39083e+11
1.37055e+11
1.37055e+11
1.37053e+11
1.27789e+11
1.27789e+11
1.27789e+11
1.27789e+11
1.27789e+11
1.27789e+11
1.27789e+11
1.27789e+11
1.27789e+11
1.27789e+11
1.27789e+11
1.27789e+11
1.27789e+11
1.27789e+11
1.27789e+11
1.27768e+11
1.27768e+11
1.27768e+11
1.27768e+11
1.27768e+11
1.27768e+11
1.27768e+11
1.15659e+11
1.15659e+11
1.15659e+11
1.15659e+11
1.15659e+11
1.15659e+11
1.15655e+11
1.15655e+11
1.15655e+11
1.15655e+11
1.15655e+11
1.15655e+11
1.15655e+11
1.15655e+11
1.15648e+11
1.15648e+11
1.15648e+11
1.15648e+11
1.15648e+11
1.15648e+11
1.15639e+11
1.15639e+11
1.15639e+11
1.15639e+11
1.15639e+11
1.15639e+11
1.15639e+11
1.15639e+11
1.15639e+11
1.15639e+11
1.15639e+11
1.15639e+11
1.15639e+11
1.15639e+11
1.15639e+11
1.15639e+11
1.15639e+11
1.15639e+11
1.15639e+11
1.15639e+11
1.15639e+11
1.15639e+11
1.15639e+11
1.15639e+11
1.15639e+11
1.15639e+11
1.15639e+11
1.15639e+11
1.15639e+11
1.15639e+11
1.15639e+11
1.15639e+11
1.15639e+11
1.15639e+11
1.15639e+11
1.15639e+11
1.15639e+11
1.15639e+11
1.15639e+11
1.15639e+11
1.15639e+11
1.15639e+11
1.15639e+11
1.15639e+11
1.15639e+11
1.15639e+11
1.15639e+11
1.15639e+11
1.15639e+11
1.15639e+11
1.15639e+11
1.15639e+11
1.15639e+11
1.15639e+11
1.15639e+11
1.15639e+11
1.15639e+11
1.15639e+11
1.15639e+11
1.15639e+11
1.15639e+11
1.15639e+11
1.15639e+11
1.15639e+11
1.15639e+11
1.15639e+11
1.15639e+11
1.15639e+11
1.15639e+11
1.15639e+11
