1.5534e+11
1.5534e+11
1.5534e+11
1.37296e+11
1.37257e+11
1.37257e+11
1.37251e+11
1.37251e+11
1.37251e+11
1.37251e+11
1.37246e+11
1.37246e+11
1.37246e+11
1.37246e+11
1.37246e+11
1.37246e+11
1.37246e+11
1.37246e+11
1.37246e+11
1.37246e+11
1.37246e+11
1.37246e+11
1.37246e+11
1.37246e+11
1.37246e+11
1.37246e+11
1.37246e+11
1.37246e+11
1.37246e+11
1.37246e+11
1.37246e+11
1.37246e+11
1.37246e+11
1.37246e+11
1.37246e+11
1.28167e+11
1.28167e+11
1.26107e+11
1.21154e+11
1.21154e+11
1.21154e+11
1.21154e+11
1.21154e+11
1.21154e+11
1.21154e+11
1.21154e+11
1.21154e+11
1.21154e+11
1.21154e+11
1.21154e+11
1.21154e+11
1.21154e+11
1.21154e+11
1.21154e+11
1.21154e+11
1.21154e+11
1.21154e+11
1.21154e+11
1.21154e+11
1.21154e+11
1.21154e+11
1.21154e+11
1.21154e+11
1.21154e+11
1.21154e+11
1.21154e+11
1.21154e+11
1.21154e+11
1.21154e+11
1.21154e+11
1.21154e+11
1.21154e+11
1.21154e+11
1.21154e+11
1.21154e+11
1.21154e+11
1.21154e+11
1.21154e+11
1.21154e+11
1.21154e+11
1.21154e+11
1.21154e+11
1.21154e+11
1.21154e+11
1.21154e+11
1.21154e+11
1.21154e+11
1.21154e+11
1.21154e+11
1.21154e+11
1.21154e+11
1.21154e+11
1.21154e+11
1.21154e+11
1.21154e+11
1.21154e+11
1.21154e+11
1.21154e+11
1.21154e+11
1.21154e+11
1.21154e+11
1.21154e+11
1.21154e+11
1.11529e+11
1.11529e+11
1.11529e+11
1.11529e+11
1.00771e+11
1.00771e+11
1.00771e+11
1.00771e+11
1.00771e+11
1.00771e+11
1.00771e+11
1.00771e+11
1.00771e+11
1.00771e+11
1.00771e+11
1.00771e+11
