1.5534e+11
1.4323e+11
1.4323e+11
1.4323e+11
1.41044e+11
1.26972e+11
1.26972e+11
1.26968e+11
1.2695e+11
1.2695e+11
1.2695e+11
1.23594e+11
1.23594e+11
1.23594e+11
1.23594e+11
1.23594e+11
1.23594e+11
1.23594e+11
1.23594e+11
1.23594e+11
1.06843e+11
1.06843e+11
1.06843e+11
1.06843e+11
1.06843e+11
1.06843e+11
1.06843e+11
1.06843e+11
1.06843e+11
1.06843e+11
1.06843e+11
1.06843e+11
1.06843e+11
1.06843e+11
1.06843e+11
1.06843e+11
1.06841e+11
1.06841e+11
1.06841e+11
1.06841e+11
1.06841e+11
1.06841e+11
1.06841e+11
1.06841e+11
1.06841e+11
1.06841e+11
1.06841e+11
1.06841e+11
1.06841e+11
1.06841e+11
1.06841e+11
1.06841e+11
1.06841e+11
1.06841e+11
1.06841e+11
1.06841e+11
1.06841e+11
1.06841e+11
1.06841e+11
1.06841e+11
1.06841e+11
1.06841e+11
1.06841e+11
1.06841e+11
1.06841e+11
1.06841e+11
1.06841e+11
1.06841e+11
1.06841e+11
1.06841e+11
1.06841e+11
1.06841e+11
1.0684e+11
1.0684e+11
1.0684e+11
1.0684e+11
1.0684e+11
1.0684e+11
1.0684e+11
1.0684e+11
1.0684e+11
1.0684e+11
1.0684e+11
1.0684e+11
1.0684e+11
1.0684e+11
1.0684e+11
1.0684e+11
1.0684e+11
1.0684e+11
1.0684e+11
1.0684e+11
1.0684e+11
1.0684e+11
1.0684e+11
1.0684e+11
1.0684e+11
1.0684e+11
1.0684e+11
1.0684e+11
1.0684e+11
1.0684e+11
1.0684e+11
1.0684e+11
1.0684e+11
1.0684e+11
1.06792e+11
1.06792e+11
1.05457e+11
1.05457e+11
1.05457e+11
1.05457e+11
1.05457e+11
1.05457e+11
1.05457e+11
1.05457e+11
1.05457e+11
1.05457e+11
1.05457e+11
