1.5534e+11
1.5534e+11
1.5534e+11
1.5534e+11
1.5534e+11
1.5534e+11
1.5534e+11
1.5534e+11
1.46116e+11
1.46116e+11
1.46116e+11
1.45119e+11
1.45109e+11
1.45109e+11
1.45109e+11
1.45109e+11
1.38593e+11
1.38593e+11
1.38593e+11
1.38593e+11
1.38593e+11
1.38593e+11
1.38593e+11
1.38593e+11
1.38593e+11
1.38593e+11
1.38593e+11
1.38593e+11
1.38593e+11
1.38593e+11
1.38593e+11
1.38593e+11
1.38593e+11
1.38593e+11
1.38593e+11
1.38593e+11
1.38593e+11
1.38593e+11
1.38593e+11
1.38593e+11
1.38593e+11
1.38593e+11
1.38593e+11
1.38593e+11
1.38593e+11
1.38593e+11
1.38593e+11
1.38593e+11
1.38593e+11
1.38593e+11
1.38593e+11
1.38593e+11
1.38593e+11
1.38593e+11
1.38593e+11
1.38593e+11
1.38593e+11
1.38593e+11
1.38593e+11
1.38593e+11
1.38593e+11
1.38593e+11
1.38593e+11
1.38593e+11
1.38593e+11
1.38593e+11
1.38593e+11
1.38593e+11
1.38593e+11
1.38593e+11
1.38593e+11
1.38593e+11
1.38593e+11
1.38593e+11
1.38593e+11
1.38593e+11
1.38593e+11
1.38593e+11
1.38593e+11
1.38593e+11
1.38593e+11
1.38593e+11
1.38593e+11
1.38593e+11
1.38593e+11
1.38593e+11
1.38593e+11
1.38593e+11
1.38593e+11
1.38593e+11
1.38593e+11
1.17152e+11
1.17152e+11
1.17152e+11
1.17152e+11
1.17152e+11
1.17152e+11
1.17152e+11
1.17152e+11
1.17152e+11
1.17152e+11
1.17152e+11
1.17152e+11
1.17152e+11
1.17152e+11
1.17152e+11
1.17152e+11
1.17152e+11
1.17152e+11
1.17152e+11
1.17152e+11
1.17152e+11
1.17152e+11
1.17152e+11
1.17152e+11
1.17152e+11
1.17152e+11
1.17152e+11
1.17152e+11
1.17152e+11
