1.5534e+11
1.5534e+11
1.55333e+11
1.55333e+11
1.55333e+11
1.55333e+11
1.55333e+11
1.51934e+11
1.51934e+11
1.51934e+11
1.51934e+11
1.51934e+11
1.51933e+11
1.51933e+11
1.42311e+11
1.42311e+11
1.27158e+11
1.23539e+11
1.23539e+11
1.21897e+11
1.21897e+11
1.21897e+11
1.21897e+11
1.21891e+11
1.21891e+11
1.21891e+11
1.21891e+11
1.21891e+11
1.21891e+11
1.21891e+11
1.21891e+11
1.21891e+11
1.21891e+11
1.21891e+11
1.21891e+11
1.21891e+11
1.21891e+11
1.21891e+11
1.21891e+11
1.21891e+11
1.21891e+11
1.21891e+11
1.21891e+11
1.21891e+11
1.21891e+11
1.21891e+11
1.21891e+11
1.21891e+11
1.0785e+11
1.0785e+11
1.0785e+11
1.0785e+11
1.0785e+11
1.0785e+11
1.07815e+11
1.07815e+11
1.07815e+11
1.07815e+11
1.06178e+11
1.06178e+11
1.06178e+11
1.06178e+11
1.06178e+11
1.04965e+11
1.04965e+11
1.00136e+11
1.00136e+11
1.00136e+11
1.00136e+11
1.00136e+11
9.33806e+10
9.33806e+10
9.33806e+10
9.33806e+10
9.33657e+10
9.33657e+10
9.33657e+10
9.33657e+10
9.33657e+10
9.33657e+10
9.33657e+10
9.33657e+10
9.33657e+10
9.33488e+10
9.33488e+10
9.33488e+10
9.33488e+10
9.33488e+10
9.33488e+10
9.33488e+10
9.33488e+10
9.33488e+10
9.33488e+10
9.33488e+10
9.33488e+10
9.33488e+10
9.33488e+10
9.33488e+10
9.33488e+10
9.33488e+10
9.33488e+10
9.33488e+10
9.33488e+10
9.33488e+10
9.33488e+10
9.32495e+10
9.32495e+10
9.32495e+10
9.32495e+10
9.32495e+10
9.32495e+10
9.32495e+10
9.32495e+10
9.32495e+10
9.32495e+10
9.32495e+10
9.32495e+10
9.32495e+10
9.32495e+10
9.32396e+10
