1.5534e+11
1.5534e+11
1.5534e+11
1.5534e+11
1.5534e+11
1.5534e+11
1.5534e+11
1.5534e+11
1.5534e+11
1.5534e+11
1.5534e+11
1.5534e+11
1.5534e+11
1.5534e+11
1.5534e+11
1.5534e+11
1.5534e+11
1.5534e+11
1.5534e+11
1.5534e+11
1.5534e+11
1.5534e+11
1.5534e+11
1.5534e+11
1.5534e+11
1.5534e+11
1.5534e+11
1.5534e+11
1.5534e+11
1.5534e+11
1.5534e+11
1.5534e+11
1.5534e+11
1.5534e+11
1.5534e+11
1.5534e+11
1.5534e+11
1.5534e+11
1.5534e+11
1.5534e+11
1.5534e+11
1.5534e+11
1.5534e+11
1.5534e+11
1.5534e+11
1.5534e+11
1.5534e+11
1.5534e+11
1.5534e+11
1.5534e+11
1.5534e+11
1.5534e+11
1.5534e+11
1.5534e+11
1.5534e+11
1.5534e+11
1.5534e+11
1.5534e+11
1.5534e+11
1.5534e+11
1.5534e+11
1.5534e+11
1.5534e+11
1.5534e+11
1.5534e+11
1.5534e+11
1.5534e+11
1.5534e+11
1.5534e+11
1.5534e+11
1.5534e+11
1.5534e+11
1.5534e+11
1.5534e+11
1.5534e+11
1.5534e+11
1.5534e+11
1.5534e+11
1.5534e+11
1.5534e+11
1.5534e+11
1.5534e+11
1.5534e+11
1.5534e+11
1.5534e+11
1.5534e+11
1.37255e+11
1.37255e+11
1.37255e+11
1.37255e+11
1.36293e+11
1.35225e+11
1.35225e+11
1.35225e+11
1.35225e+11
1.35224e+11
1.35224e+11
1.35224e+11
1.35224e+11
1.35224e+11
1.35224e+11
1.35224e+11
1.35224e+11
1.35224e+11
1.35224e+11
1.35224e+11
1.35224e+11
1.35224e+11
1.35224e+11
1.35224e+11
1.35224e+11
1.35224e+11
1.35224e+11
1.35224e+11
1.35224e+11
1.35224e+11
1.35224e+11
1.35224e+11
1.35224e+11
