1.5534e+11
1.5534e+11
1.5534e+11
1.5534e+11
1.5534e+11
1.5534e+11
1.5534e+11
1.5534e+11
1.5534e+11
1.55327e+11
1.55327e+11
1.55327e+11
1.43218e+11
1.43218e+11
1.43218e+11
1.43218e+11
1.43218e+11
1.25174e+11
1.25174e+11
1.23115e+11
1.23115e+11
1.23115e+11
1.23115e+11
1.23115e+11
1.23115e+11
1.23115e+11
1.23115e+11
1.23115e+11
1.23115e+11
1.23115e+11
1.23115e+11
1.23115e+11
1.23115e+11
1.23115e+11
1.23115e+11
1.23115e+11
1.23115e+11
1.23115e+11
1.23115e+11
1.23083e+11
1.23083e+11
1.23083e+11
1.23083e+11
1.23083e+11
1.23083e+11
1.23083e+11
1.23083e+11
1.23083e+11
1.23083e+11
1.23083e+11
1.23083e+11
1.23083e+11
1.23083e+11
1.23083e+11
1.23083e+11
1.23083e+11
1.23083e+11
1.23083e+11
1.23083e+11
1.23083e+11
1.23083e+11
1.23083e+11
1.23083e+11
1.23083e+11
1.23074e+11
1.23074e+11
1.23074e+11
1.23074e+11
1.23074e+11
1.23074e+11
1.23074e+11
1.23074e+11
1.23074e+11
1.23074e+11
1.13451e+11
1.09205e+11
1.09205e+11
1.05586e+11
1.05586e+11
1.05586e+11
1.05586e+11
1.02603e+11
1.02603e+11
1.02603e+11
1.02562e+11
1.02562e+11
1.02562e+11
1.02562e+11
1.02562e+11
1.02562e+11
1.02562e+11
1.02562e+11
1.02562e+11
1.02562e+11
1.02562e+11
1.02562e+11
1.02562e+11
1.02562e+11
1.02562e+11
1.02562e+11
1.02562e+11
1.02562e+11
1.02562e+11
1.02562e+11
1.02562e+11
1.02562e+11
1.02562e+11
1.02562e+11
1.02562e+11
1.02562e+11
1.02562e+11
1.02562e+11
1.02562e+11
1.02562e+11
1.02562e+11
1.02562e+11
1.02562e+11
1.02562e+11
1.02562e+11
