1.5534e+11
1.5534e+11
1.4323e+11
1.4323e+11
1.4323e+11
1.4323e+11
1.4323e+11
1.4323e+11
1.4323e+11
1.4323e+11
1.43212e+11
1.43212e+11
1.33978e+11
1.33978e+11
1.33978e+11
1.33978e+11
1.33978e+11
1.33978e+11
1.33978e+11
1.33978e+11
1.33978e+11
1.33978e+11
1.33978e+11
1.33978e+11
1.33978e+11
1.33978e+11
1.33978e+11
1.33978e+11
1.33978e+11
1.33978e+11
1.33978e+11
1.33978e+11
1.33978e+11
1.33978e+11
1.33964e+11
1.33964e+11
1.33964e+11
1.33964e+11
1.33964e+11
1.33964e+11
1.33964e+11
1.33964e+11
1.33964e+11
1.33964e+11
1.33964e+11
1.33964e+11
1.33964e+11
1.33964e+11
1.33964e+11
1.33964e+11
1.33964e+11
1.33964e+11
1.33964e+11
1.33964e+11
1.33964e+11
1.33964e+11
1.33964e+11
1.33932e+11
1.33932e+11
1.33932e+11
1.33932e+11
1.33932e+11
1.33932e+11
1.33932e+11
1.33932e+11
1.33932e+11
1.33932e+11
1.33932e+11
1.33932e+11
1.33932e+11
1.33932e+11
1.33932e+11
1.33932e+11
1.33932e+11
1.33932e+11
1.33932e+11
1.33932e+11
1.33932e+11
1.33932e+11
1.33932e+11
1.33932e+11
1.33932e+11
1.33932e+11
1.33932e+11
1.33932e+11
1.33932e+11
1.33932e+11
1.33932e+11
1.33932e+11
1.33932e+11
1.33932e+11
1.33932e+11
1.33932e+11
1.33932e+11
1.33932e+11
1.33932e+11
1.33932e+11
1.33932e+11
1.33932e+11
1.33932e+11
1.33932e+11
1.33932e+11
1.33932e+11
1.28043e+11
1.28043e+11
1.28043e+11
1.28043e+11
1.28043e+11
1.28043e+11
1.28043e+11
1.28043e+11
1.28043e+11
1.28043e+11
1.28043e+11
1.28043e+11
1.28043e+11
1.28043e+11
1.28043e+11
1.28043e+11
1.28043e+11
