1.5534e+11
1.35236e+11
1.35236e+11
1.35236e+11
1.35236e+11
1.35236e+11
1.35236e+11
1.35234e+11
1.35234e+11
1.35209e+11
1.35209e+11
1.23084e+11
1.23084e+11
1.23084e+11
1.23084e+11
1.23084e+11
1.23084e+11
1.21665e+11
1.21665e+11
1.21665e+11
1.21665e+11
1.21665e+11
1.21665e+11
1.21665e+11
1.21665e+11
1.21665e+11
1.21665e+11
1.21665e+11
1.21665e+11
1.18622e+11
1.18622e+11
1.18622e+11
1.18622e+11
1.18622e+11
1.18622e+11
1.18622e+11
1.18622e+11
1.18622e+11
1.18622e+11
1.18622e+11
1.18622e+11
1.18622e+11
1.18622e+11
1.18622e+11
1.18622e+11
1.18622e+11
1.18622e+11
1.18622e+11
1.18622e+11
1.18622e+11
1.18622e+11
1.18622e+11
1.18622e+11
1.18622e+11
1.18622e+11
1.18622e+11
1.18622e+11
1.18622e+11
1.18622e+11
1.18622e+11
1.18622e+11
1.18622e+11
1.18622e+11
1.18622e+11
1.18622e+11
1.18622e+11
1.18622e+11
1.18622e+11
1.18622e+11
1.18622e+11
1.18622e+11
1.18622e+11
1.18622e+11
1.18622e+11
1.18622e+11
1.18622e+11
1.18622e+11
1.18622e+11
1.18622e+11
1.18622e+11
1.18622e+11
1.18622e+11
1.18622e+11
1.18622e+11
1.18622e+11
1.18622e+11
1.18622e+11
1.18622e+11
1.18622e+11
1.18622e+11
1.18622e+11
1.18622e+11
1.18622e+11
1.18622e+11
1.18622e+11
1.18622e+11
1.18622e+11
1.18622e+11
1.18622e+11
1.18622e+11
1.18622e+11
1.18622e+11
1.18622e+11
1.18622e+11
1.18622e+11
1.18622e+11
1.18622e+11
1.18622e+11
1.18622e+11
1.18622e+11
1.18622e+11
1.18622e+11
1.18622e+11
1.18622e+11
1.08999e+11
1.08999e+11
1.08999e+11
1.08999e+11
1.08999e+11
1.08999e+11
