1.5534e+11
1.4323e+11
1.4323e+11
1.4323e+11
1.4323e+11
1.4323e+11
1.4323e+11
1.4323e+11
1.4323e+11
1.4323e+11
1.4323e+11
1.4323e+11
1.4323e+11
1.4323e+11
1.4323e+11
1.4323e+11
1.4323e+11
1.4323e+11
1.4323e+11
1.4323e+11
1.4323e+11
1.4323e+11
1.4323e+11
1.4323e+11
1.4323e+11
1.4323e+11
1.4323e+11
1.4323e+11
1.4323e+11
1.4323e+11
1.4323e+11
1.4323e+11
1.4323e+11
1.4323e+11
1.25186e+11
1.25186e+11
1.25186e+11
1.25153e+11
1.25153e+11
1.25153e+11
1.16058e+11
1.16058e+11
1.13014e+11
1.13006e+11
9.63688e+10
9.63645e+10
9.63645e+10
9.63645e+10
9.63645e+10
9.63645e+10
9.63645e+10
9.63645e+10
9.63645e+10
9.63645e+10
9.63645e+10
9.63645e+10
9.63645e+10
9.63645e+10
9.63645e+10
9.63645e+10
9.63645e+10
9.63645e+10
9.63645e+10
9.63645e+10
9.63645e+10
9.63645e+10
9.63645e+10
9.63645e+10
9.63645e+10
9.63645e+10
9.63645e+10
9.63645e+10
9.63645e+10
9.63645e+10
9.63645e+10
9.63645e+10
9.63645e+10
9.63645e+10
9.63645e+10
9.63645e+10
9.63645e+10
9.63645e+10
9.63645e+10
9.63645e+10
9.63645e+10
9.63645e+10
9.63645e+10
9.63645e+10
9.63645e+10
9.63645e+10
9.63645e+10
9.63645e+10
9.63645e+10
9.63645e+10
9.63645e+10
9.63645e+10
9.63645e+10
9.63645e+10
9.63645e+10
9.63645e+10
9.63645e+10
9.63645e+10
9.63645e+10
9.63645e+10
9.63645e+10
9.63645e+10
9.63645e+10
9.63645e+10
9.63645e+10
9.63645e+10
9.63645e+10
9.63645e+10
9.63645e+10
9.63645e+10
9.63645e+10
9.63306e+10
9.63306e+10
9.63306e+10
9.63306e+10
