1.5534e+11
1.5534e+11
1.5534e+11
1.4323e+11
1.4323e+11
1.4323e+11
1.4323e+11
1.4323e+11
1.4323e+11
1.4323e+11
1.4323e+11
1.4323e+11
1.4323e+11
1.4323e+11
1.4323e+11
1.4323e+11
1.4323e+11
1.4323e+11
1.4323e+11
1.4323e+11
1.43178e+11
1.43178e+11
1.43178e+11
1.43178e+11
1.43178e+11
1.43178e+11
1.43178e+11
1.43178e+11
1.43178e+11
1.43178e+11
1.43178e+11
1.43178e+11
1.43178e+11
1.43178e+11
1.43178e+11
1.43178e+11
1.43178e+11
1.43178e+11
1.43178e+11
1.43178e+11
1.43178e+11
1.43178e+11
1.43178e+11
1.43178e+11
1.43178e+11
1.43178e+11
1.43178e+11
1.43178e+11
1.43178e+11
1.43178e+11
1.43178e+11
1.43178e+11
1.43178e+11
1.43178e+11
1.43178e+11
1.43178e+11
1.43178e+11
1.43178e+11
1.43178e+11
1.43178e+11
1.43166e+11
1.43166e+11
1.43166e+11
1.43166e+11
1.43166e+11
1.40141e+11
1.40141e+11
1.40141e+11
1.40141e+11
1.40141e+11
1.40141e+11
1.40141e+11
1.40141e+11
1.40141e+11
1.40141e+11
1.40141e+11
1.40141e+11
1.40141e+11
1.40141e+11
1.40141e+11
1.40141e+11
1.40141e+11
1.40141e+11
1.40141e+11
1.40141e+11
1.40141e+11
1.40141e+11
1.40141e+11
1.40141e+11
1.40141e+11
1.40141e+11
1.40141e+11
1.40141e+11
1.40141e+11
1.40141e+11
1.40141e+11
1.40141e+11
1.40141e+11
1.40141e+11
1.40141e+11
1.40141e+11
1.40141e+11
1.40141e+11
1.40141e+11
1.40141e+11
1.40141e+11
1.40141e+11
1.40141e+11
1.40141e+11
1.40141e+11
1.40141e+11
1.38491e+11
1.30692e+11
1.30692e+11
1.30692e+11
1.29465e+11
1.29465e+11
1.29465e+11
1.21167e+11
1.21167e+11
