1.5534e+11
1.5534e+11
1.5534e+11
1.5534e+11
1.5534e+11
1.5534e+11
1.5534e+11
1.46087e+11
1.28029e+11
1.28029e+11
1.28029e+11
1.28029e+11
1.28029e+11
1.28029e+11
1.07278e+11
1.07278e+11
1.07278e+11
1.07278e+11
1.07278e+11
1.07278e+11
1.07278e+11
1.07278e+11
1.07278e+11
1.07278e+11
1.07278e+11
1.07278e+11
1.07278e+11
1.07278e+11
1.07278e+11
1.07278e+11
1.07278e+11
1.07278e+11
1.07278e+11
1.07278e+11
1.07278e+11
1.07278e+11
1.07278e+11
1.07278e+11
1.07278e+11
1.07278e+11
1.07278e+11
1.07278e+11
1.07278e+11
1.07278e+11
1.07278e+11
1.07278e+11
1.07278e+11
1.07278e+11
1.07278e+11
1.07278e+11
1.07278e+11
1.07278e+11
1.07278e+11
1.07278e+11
1.07278e+11
1.07278e+11
1.07278e+11
1.07278e+11
1.07278e+11
1.07278e+11
1.07278e+11
1.07278e+11
1.07278e+11
1.07278e+11
1.07278e+11
1.07278e+11
1.07278e+11
1.07278e+11
1.07278e+11
1.07278e+11
1.07278e+11
1.07278e+11
1.07278e+11
1.07278e+11
1.07278e+11
1.07278e+11
1.07278e+11
1.07278e+11
1.07278e+11
1.07278e+11
1.07278e+11
1.07278e+11
1.07278e+11
1.07278e+11
1.07278e+11
1.07278e+11
1.07278e+11
1.07278e+11
1.07278e+11
1.07278e+11
1.07278e+11
1.07278e+11
1.07278e+11
1.07278e+11
1.07278e+11
1.07278e+11
1.07278e+11
1.07278e+11
1.07278e+11
1.07278e+11
1.07278e+11
1.07278e+11
1.07278e+11
1.07278e+11
1.07278e+11
1.07278e+11
1.07278e+11
1.07278e+11
1.07278e+11
1.07278e+11
1.07278e+11
1.07278e+11
1.07278e+11
1.07278e+11
1.07278e+11
1.07278e+11
1.07278e+11
1.07278e+11
1.07278e+11
