1.5534e+11
1.5534e+11
1.5534e+11
1.4323e+11
1.4323e+11
1.4323e+11
1.4323e+11
1.4323e+11
1.4323e+11
1.4323e+11
1.4323e+11
1.4323e+11
1.4323e+11
1.4323e+11
1.4323e+11
1.4323e+11
1.4323e+11
1.4323e+11
1.4323e+11
1.4323e+11
1.4323e+11
1.25186e+11
1.25186e+11
1.25174e+11
1.23115e+11
1.23115e+11
1.23115e+11
1.23115e+11
1.23115e+11
1.23115e+11
1.23115e+11
1.23115e+11
1.23115e+11
1.23115e+11
1.23115e+11
1.23115e+11
1.23115e+11
1.23115e+11
1.23115e+11
1.10409e+11
1.07426e+11
1.07426e+11
1.07426e+11
1.07426e+11
1.07426e+11
1.07426e+11
1.07426e+11
1.07426e+11
1.07426e+11
1.07426e+11
1.07426e+11
1.07426e+11
1.07426e+11
1.07426e+11
1.07426e+11
1.07426e+11
1.07426e+11
1.07426e+11
1.07426e+11
1.07426e+11
1.07426e+11
1.07426e+11
1.07426e+11
1.07426e+11
1.07426e+11
1.07426e+11
1.07426e+11
1.07426e+11
1.07426e+11
1.07426e+11
1.07426e+11
1.07426e+11
1.07426e+11
1.07426e+11
1.07426e+11
1.07426e+11
1.07426e+11
1.07426e+11
1.07426e+11
1.07426e+11
1.07426e+11
1.07426e+11
1.07426e+11
1.07426e+11
1.07426e+11
1.07426e+11
1.07426e+11
1.07426e+11
1.07426e+11
1.07426e+11
1.07426e+11
1.07426e+11
1.07426e+11
1.07426e+11
1.07426e+11
1.07426e+11
1.07426e+11
1.07426e+11
1.07426e+11
1.07426e+11
1.07426e+11
1.07426e+11
1.07426e+11
1.07426e+11
1.07426e+11
1.07426e+11
1.07426e+11
1.07426e+11
1.07426e+11
1.07426e+11
1.07426e+11
1.07426e+11
1.07426e+11
1.07426e+11
1.07426e+11
1.07426e+11
1.07426e+11
1.07426e+11
1.07426e+11
1.07426e+11
