1.5534e+11
1.5534e+11
1.5534e+11
1.5534e+11
1.5534e+11
1.5534e+11
1.5534e+11
1.5534e+11
1.5534e+11
1.5534e+11
1.5534e+11
1.5534e+11
1.5534e+11
1.5534e+11
1.5534e+11
1.5534e+11
1.5534e+11
1.5534e+11
1.5534e+11
1.5534e+11
1.5534e+11
1.5534e+11
1.55327e+11
1.55327e+11
1.55327e+11
1.55327e+11
1.55327e+11
1.43218e+11
1.43218e+11
1.43218e+11
1.43218e+11
1.43218e+11
1.43218e+11
1.43218e+11
1.43218e+11
1.43218e+11
1.43218e+11
1.43218e+11
1.43218e+11
1.43218e+11
1.43218e+11
1.43218e+11
1.43218e+11
1.43218e+11
1.43218e+11
1.43218e+11
1.43218e+11
1.43218e+11
1.43218e+11
1.43218e+11
1.43218e+11
1.43218e+11
1.43218e+11
1.43218e+11
1.43218e+11
1.43166e+11
1.43166e+11
1.43166e+11
1.43166e+11
1.43166e+11
1.43166e+11
1.43166e+11
1.43166e+11
1.43166e+11
1.43166e+11
1.43166e+11
1.43166e+11
1.43166e+11
1.43166e+11
1.43166e+11
1.43166e+11
1.43166e+11
1.43166e+11
1.43166e+11
1.43166e+11
1.43166e+11
1.43166e+11
1.43166e+11
1.43166e+11
1.43166e+11
1.43166e+11
1.43166e+11
1.43166e+11
1.43166e+11
1.43166e+11
1.43166e+11
1.25122e+11
1.25085e+11
1.25085e+11
1.25085e+11
1.25085e+11
1.25085e+11
1.25085e+11
1.25085e+11
1.25085e+11
1.25085e+11
1.25085e+11
1.25085e+11
1.25085e+11
1.25085e+11
1.25085e+11
1.25085e+11
1.25085e+11
1.25085e+11
1.24983e+11
1.24983e+11
1.24983e+11
1.24983e+11
1.24983e+11
1.24983e+11
1.24983e+11
1.24983e+11
1.24983e+11
1.24983e+11
1.24983e+11
1.23053e+11
1.08875e+11
1.08875e+11
1.08875e+11
