1.5534e+11
1.5534e+11
1.55327e+11
1.43218e+11
1.43218e+11
1.43218e+11
1.43218e+11
1.43218e+11
1.43218e+11
1.43218e+11
1.43218e+11
1.43218e+11
1.43218e+11
1.43218e+11
1.43218e+11
1.43218e+11
1.43218e+11
1.43218e+11
1.43218e+11
1.43218e+11
1.43218e+11
1.43218e+11
1.43218e+11
1.43218e+11
1.43218e+11
1.43218e+11
1.43218e+11
1.43218e+11
1.43218e+11
1.43218e+11
1.33596e+11
1.26994e+11
1.26957e+11
1.26956e+11
1.26956e+11
1.26956e+11
1.26956e+11
1.26956e+11
1.26956e+11
1.26956e+11
1.26956e+11
1.2691e+11
1.2691e+11
1.2691e+11
1.26535e+11
1.26535e+11
1.10834e+11
1.10834e+11
1.10834e+11
1.09196e+11
1.09196e+11
1.09196e+11
1.09196e+11
1.09196e+11
1.09196e+11
1.09196e+11
1.09196e+11
1.09196e+11
1.09196e+11
1.09196e+11
1.09196e+11
1.09196e+11
1.09196e+11
1.09196e+11
1.09196e+11
1.09196e+11
1.09196e+11
1.09196e+11
1.09196e+11
1.09196e+11
1.09196e+11
1.09196e+11
1.09196e+11
1.09196e+11
1.09196e+11
1.09196e+11
1.09196e+11
1.06153e+11
1.06153e+11
1.06153e+11
1.06153e+11
1.06153e+11
1.06153e+11
1.06153e+11
1.06153e+11
1.06153e+11
1.06153e+11
1.06153e+11
1.06153e+11
1.06153e+11
1.06153e+11
1.06153e+11
1.06153e+11
1.06153e+11
1.06153e+11
1.06153e+11
1.06153e+11
1.06153e+11
1.06153e+11
1.06153e+11
1.06153e+11
1.06153e+11
1.06153e+11
1.06153e+11
1.06153e+11
1.06153e+11
1.06153e+11
1.06153e+11
1.06153e+11
1.06153e+11
1.06153e+11
1.06153e+11
1.06153e+11
1.06153e+11
1.06153e+11
1.06153e+11
1.06153e+11
1.06153e+11
1.06153e+11
