1.5534e+11
1.5534e+11
1.5534e+11
1.37055e+11
1.24946e+11
1.24944e+11
1.24944e+11
1.24934e+11
1.24934e+11
1.24934e+11
1.24882e+11
1.24882e+11
1.24882e+11
1.24882e+11
1.24882e+11
1.24882e+11
1.24882e+11
1.24882e+11
1.24882e+11
1.24882e+11
1.24882e+11
1.24882e+11
1.24882e+11
1.24882e+11
1.24882e+11
1.24882e+11
1.24882e+11
1.24882e+11
1.24882e+11
1.24882e+11
1.24882e+11
1.24882e+11
1.24882e+11
1.24882e+11
1.24882e+11
1.24882e+11
1.24882e+11
1.24882e+11
1.24882e+11
1.24882e+11
1.24882e+11
1.24882e+11
1.24882e+11
1.24882e+11
1.24882e+11
1.24882e+11
1.24882e+11
1.24882e+11
1.24882e+11
1.24882e+11
1.24882e+11
1.24882e+11
1.24882e+11
1.24882e+11
1.24882e+11
1.24882e+11
1.24882e+11
1.24882e+11
1.24882e+11
1.24882e+11
1.24882e+11
1.24882e+11
1.24882e+11
1.24882e+11
1.24882e+11
1.24882e+11
1.24882e+11
1.24882e+11
1.24882e+11
1.24882e+11
1.24882e+11
1.24882e+11
1.24882e+11
1.24882e+11
1.24882e+11
1.24882e+11
1.24882e+11
1.24882e+11
1.24882e+11
1.24882e+11
1.24882e+11
1.24882e+11
1.24882e+11
1.24882e+11
1.24882e+11
1.24882e+11
1.15633e+11
1.15633e+11
1.15613e+11
1.15613e+11
1.15613e+11
1.15613e+11
1.15613e+11
1.15613e+11
1.15613e+11
1.15613e+11
1.15613e+11
1.15613e+11
1.15613e+11
1.15613e+11
1.15613e+11
1.15613e+11
1.15613e+11
1.15613e+11
1.15613e+11
1.15613e+11
1.15613e+11
1.15613e+11
1.15613e+11
1.15613e+11
1.15613e+11
1.15613e+11
1.15613e+11
1.15613e+11
1.15613e+11
1.15613e+11
1.15613e+11
1.15613e+11
1.15613e+11
