1.5534e+11
1.5534e+11
1.5534e+11
1.5534e+11
1.55339e+11
1.4323e+11
1.43221e+11
1.43215e+11
1.43215e+11
1.43215e+11
1.43215e+11
1.3983e+11
1.3983e+11
1.39816e+11
1.39816e+11
1.39816e+11
1.39816e+11
1.30467e+11
1.30467e+11
1.30467e+11
1.30461e+11
1.27074e+11
1.27074e+11
1.27074e+11
1.27074e+11
1.27074e+11
1.27074e+11
1.27074e+11
1.27074e+11
1.27074e+11
1.27074e+11
1.27074e+11
1.27074e+11
1.27074e+11
1.27074e+11
1.27074e+11
1.12465e+11
1.12465e+11
1.12465e+11
1.10398e+11
1.10398e+11
1.10398e+11
1.10398e+11
1.10398e+11
1.10398e+11
1.10398e+11
1.10398e+11
1.10398e+11
1.10398e+11
1.10398e+11
1.10398e+11
1.10398e+11
1.10398e+11
1.10398e+11
1.10398e+11
1.10398e+11
1.10398e+11
1.10398e+11
9.93706e+10
9.93706e+10
9.93706e+10
9.93706e+10
9.93706e+10
9.85574e+10
9.85574e+10
9.85236e+10
9.85236e+10
9.85236e+10
9.85236e+10
9.85236e+10
9.85236e+10
9.85236e+10
9.85236e+10
9.85236e+10
9.85236e+10
9.85236e+10
9.85236e+10
9.85236e+10
9.85236e+10
9.85236e+10
9.85236e+10
9.85236e+10
9.85236e+10
9.85236e+10
9.85236e+10
9.85236e+10
9.85236e+10
9.85236e+10
9.85236e+10
9.85236e+10
9.85236e+10
9.85236e+10
9.85236e+10
9.85236e+10
9.85236e+10
9.85236e+10
9.85236e+10
9.85236e+10
9.85236e+10
9.85236e+10
9.85236e+10
9.85236e+10
9.85236e+10
9.85236e+10
9.85236e+10
9.85236e+10
9.85236e+10
9.85236e+10
9.85236e+10
9.85236e+10
9.85236e+10
9.85236e+10
9.85236e+10
9.85236e+10
9.85236e+10
9.85236e+10
9.85236e+10
9.85236e+10
9.85236e+10
