8.77668e+11
8.77154e+11
8.77154e+11
8.47889e+11
8.47889e+11
8.47889e+11
8.47889e+11
8.47824e+11
8.47824e+11
8.47824e+11
8.47824e+11
8.47824e+11
8.47824e+11
8.47824e+11
8.47824e+11
8.47824e+11
8.47824e+11
8.47824e+11
8.47824e+11
8.47824e+11
8.47824e+11
8.47824e+11
8.47824e+11
8.47824e+11
8.47824e+11
8.47618e+11
8.47617e+11
8.47617e+11
8.47617e+11
8.41101e+11
8.41101e+11
8.41101e+11
8.41101e+11
8.41101e+11
8.41101e+11
8.41101e+11
8.41101e+11
8.41101e+11
8.41101e+11
8.41101e+11
8.41101e+11
8.41101e+11
8.41101e+11
8.41101e+11
8.41101e+11
8.41101e+11
8.41101e+11
7.89639e+11
7.89639e+11
7.89639e+11
7.89639e+11
7.89639e+11
7.89639e+11
7.89639e+11
7.89639e+11
7.89639e+11
7.89639e+11
7.89639e+11
7.89639e+11
7.89639e+11
7.89639e+11
7.89639e+11
7.87178e+11
7.87161e+11
7.86963e+11
7.86963e+11
7.86963e+11
7.86963e+11
7.86963e+11
7.86963e+11
7.86963e+11
7.86731e+11
7.867e+11
7.867e+11
7.85984e+11
7.85984e+11
7.85984e+11
7.85984e+11
7.85984e+11
7.85984e+11
7.83148e+11
7.83148e+11
7.83148e+11
7.83148e+11
7.83148e+11
7.83148e+11
7.8117e+11
7.8117e+11
7.8117e+11
7.8117e+11
7.8117e+11
7.8117e+11
7.8117e+11
7.8117e+11
7.8117e+11
7.8117e+11
7.81152e+11
7.79617e+11
7.79617e+11
7.79617e+11
7.79617e+11
7.79617e+11
7.79617e+11
7.79572e+11
7.79572e+11
7.79572e+11
7.79572e+11
7.79572e+11
7.79572e+11
7.79572e+11
7.79572e+11
7.79572e+11
7.79572e+11
7.79572e+11
7.79572e+11
7.79572e+11
7.79572e+11
7.79572e+11
7.79572e+11
7.79572e+11
7.78859e+11
7.78859e+11
7.78859e+11
7.78859e+11
7.78859e+11
7.78859e+11
7.78859e+11
7.76823e+11
7.76823e+11
7.76823e+11
7.76823e+11
7.76823e+11
7.76823e+11
7.76823e+11
7.76823e+11
7.76823e+11
7.76823e+11
7.76823e+11
7.76823e+11
7.76823e+11
7.76823e+11
7.76823e+11
7.76014e+11
7.76013e+11
7.76013e+11
7.66822e+11
7.66822e+11
7.66822e+11
7.66822e+11
7.66822e+11
7.66822e+11
7.66822e+11
7.66798e+11
7.66798e+11
7.66798e+11
7.66798e+11
7.66798e+11
7.65298e+11
7.65298e+11
7.65298e+11
7.65298e+11
