8.77668e+11
8.77668e+11
8.77668e+11
8.77667e+11
8.77666e+11
8.77666e+11
8.77666e+11
8.77666e+11
8.77666e+11
8.77654e+11
8.77654e+11
8.77654e+11
8.77654e+11
8.77654e+11
8.77654e+11
8.77654e+11
8.77592e+11
8.77592e+11
8.77592e+11
8.66436e+11
8.66415e+11
8.66415e+11
8.66415e+11
8.66415e+11
8.66351e+11
8.6618e+11
8.66174e+11
8.66174e+11
8.66174e+11
8.66174e+11
8.66174e+11
8.66174e+11
8.66174e+11
8.66174e+11
8.66174e+11
8.66174e+11
8.66174e+11
8.66174e+11
8.66174e+11
8.48243e+11
8.467e+11
8.467e+11
8.467e+11
8.467e+11
8.467e+11
8.467e+11
8.467e+11
8.467e+11
8.467e+11
8.467e+11
8.467e+11
8.467e+11
8.467e+11
8.467e+11
8.467e+11
8.467e+11
8.467e+11
8.467e+11
8.467e+11
8.467e+11
8.467e+11
8.467e+11
8.467e+11
8.467e+11
8.467e+11
8.467e+11
8.467e+11
8.467e+11
8.467e+11
8.467e+11
8.467e+11
8.467e+11
8.467e+11
8.467e+11
8.467e+11
8.467e+11
8.467e+11
8.467e+11
8.467e+11
8.467e+11
8.45099e+11
8.44245e+11
8.44245e+11
8.44245e+11
8.44245e+11
8.44245e+11
8.44245e+11
8.44245e+11
8.44244e+11
8.44244e+11
8.44244e+11
8.44244e+11
8.39724e+11
8.39722e+11
8.39722e+11
8.39722e+11
8.38154e+11
8.38154e+11
8.38154e+11
8.38154e+11
8.38154e+11
8.38154e+11
8.38154e+11
8.37483e+11
8.37482e+11
8.37482e+11
8.37482e+11
8.37482e+11
8.37482e+11
8.37482e+11
8.37482e+11
8.37482e+11
8.37482e+11
8.37482e+11
8.37482e+11
8.37482e+11
8.37482e+11
8.37482e+11
8.37482e+11
8.37482e+11
8.37439e+11
8.37438e+11
8.37438e+11
8.36056e+11
8.36056e+11
8.36056e+11
8.36056e+11
8.36056e+11
8.36056e+11
8.36056e+11
8.36056e+11
8.36056e+11
8.36056e+11
8.36056e+11
8.36056e+11
8.36056e+11
8.36029e+11
8.35857e+11
8.35857e+11
8.35857e+11
8.35857e+11
8.35857e+11
8.35857e+11
8.35857e+11
8.35857e+11
8.35857e+11
8.35582e+11
8.35582e+11
8.35582e+11
8.35582e+11
8.35582e+11
8.35582e+11
8.35582e+11
8.35582e+11
8.35582e+11
8.35582e+11
8.35582e+11
8.35582e+11
8.35582e+11
8.35582e+11
