8.77668e+11
8.77668e+11
8.66923e+11
8.66923e+11
8.66923e+11
8.66448e+11
8.66448e+11
8.66448e+11
8.66448e+11
8.66448e+11
8.66448e+11
8.66448e+11
8.66448e+11
8.66448e+11
8.66448e+11
8.66448e+11
8.66448e+11
8.66448e+11
8.66448e+11
8.66404e+11
8.66351e+11
8.66351e+11
8.66351e+11
8.66351e+11
8.66351e+11
8.66351e+11
8.66351e+11
8.66351e+11
8.66351e+11
8.66351e+11
8.66351e+11
8.66351e+11
8.66351e+11
8.66351e+11
8.66351e+11
8.66351e+11
8.66351e+11
8.66351e+11
8.52827e+11
8.52827e+11
8.52827e+11
8.52827e+11
8.52827e+11
8.52812e+11
8.52812e+11
8.52812e+11
8.52812e+11
8.52812e+11
8.52812e+11
8.52812e+11
8.52812e+11
8.52812e+11
8.52812e+11
8.47631e+11
8.47631e+11
8.47631e+11
8.44309e+11
8.44309e+11
8.44309e+11
8.44309e+11
8.44309e+11
8.44309e+11
8.44309e+11
8.44309e+11
8.44309e+11
8.44309e+11
8.44309e+11
8.44309e+11
8.44309e+11
8.44309e+11
8.44309e+11
8.44309e+11
8.44309e+11
8.44272e+11
8.44272e+11
8.44272e+11
8.44272e+11
8.44272e+11
8.44272e+11
8.44192e+11
8.44192e+11
8.44192e+11
8.44192e+11
8.44192e+11
8.44192e+11
8.43451e+11
8.43451e+11
8.43451e+11
8.43197e+11
8.43197e+11
8.43197e+11
8.43197e+11
8.43197e+11
8.42905e+11
8.42905e+11
8.42905e+11
8.42905e+11
8.428e+11
8.428e+11
8.428e+11
8.42619e+11
8.42619e+11
8.42619e+11
8.42619e+11
8.42619e+11
8.42619e+11
8.42619e+11
8.42503e+11
8.42503e+11
8.42503e+11
8.42503e+11
8.42503e+11
8.42503e+11
8.42503e+11
8.42503e+11
8.4248e+11
8.4248e+11
8.4248e+11
8.37323e+11
8.37323e+11
8.37323e+11
8.37323e+11
8.37323e+11
8.37323e+11
8.37323e+11
8.37323e+11
8.37323e+11
8.37323e+11
8.37323e+11
8.37323e+11
8.37323e+11
8.37323e+11
8.37323e+11
8.37323e+11
8.37323e+11
8.37323e+11
8.37323e+11
8.37323e+11
8.37323e+11
8.37323e+11
8.37323e+11
8.37323e+11
8.37323e+11
8.37323e+11
8.37323e+11
8.37323e+11
8.37323e+11
8.37323e+11
8.37323e+11
8.37323e+11
8.37323e+11
8.37323e+11
8.37323e+11
8.37323e+11
8.37153e+11
8.37151e+11
8.37151e+11
8.37151e+11
8.37151e+11
8.37151e+11
8.37151e+11
8.37151e+11
