8.77668e+11
8.77668e+11
8.77668e+11
8.48403e+11
8.48403e+11
8.48403e+11
8.48403e+11
8.48403e+11
8.48403e+11
8.48353e+11
8.48353e+11
8.48353e+11
8.48353e+11
8.48353e+11
8.48353e+11
8.48353e+11
8.48352e+11
8.48352e+11
8.48352e+11
8.48352e+11
8.48352e+11
8.37626e+11
8.37621e+11
8.3715e+11
8.3715e+11
8.3715e+11
8.3715e+11
8.3715e+11
8.3715e+11
8.3715e+11
8.3715e+11
8.3715e+11
8.3715e+11
8.3715e+11
8.3715e+11
8.3715e+11
8.3715e+11
8.3715e+11
8.3715e+11
8.3715e+11
8.3715e+11
8.3715e+11
8.3715e+11
8.3715e+11
8.3715e+11
8.3715e+11
8.3715e+11
8.3715e+11
8.3715e+11
8.3715e+11
8.3715e+11
8.3715e+11
8.3715e+11
8.3715e+11
8.3715e+11
8.3715e+11
8.3715e+11
8.3715e+11
8.3715e+11
8.3715e+11
8.3715e+11
8.3715e+11
8.3715e+11
8.3715e+11
8.3715e+11
8.3715e+11
8.3715e+11
8.3715e+11
8.3715e+11
8.3715e+11
8.3715e+11
8.3715e+11
8.3715e+11
8.3715e+11
8.3715e+11
8.3715e+11
8.3715e+11
8.3715e+11
8.3715e+11
8.3715e+11
8.3715e+11
8.3715e+11
8.3715e+11
8.3715e+11
8.3715e+11
8.3715e+11
8.3715e+11
8.3715e+11
8.3715e+11
8.3715e+11
8.3715e+11
8.3715e+11
8.3715e+11
8.3715e+11
8.3715e+11
8.3715e+11
8.3715e+11
8.3715e+11
8.3715e+11
8.3715e+11
8.3715e+11
8.3715e+11
8.3715e+11
8.3715e+11
8.3715e+11
8.3715e+11
8.3715e+11
8.3715e+11
8.3715e+11
8.3715e+11
8.3715e+11
8.3715e+11
8.3715e+11
8.3715e+11
8.3715e+11
8.3715e+11
8.3715e+11
8.3715e+11
8.3715e+11
8.3715e+11
8.3715e+11
8.3715e+11
8.3715e+11
8.3715e+11
8.3715e+11
8.3715e+11
8.3715e+11
8.3715e+11
8.3715e+11
8.3715e+11
8.3715e+11
8.3715e+11
8.3715e+11
8.3715e+11
8.3715e+11
8.3715e+11
8.3715e+11
8.3715e+11
8.3715e+11
8.3715e+11
8.3715e+11
8.3715e+11
8.3715e+11
8.3715e+11
8.3715e+11
8.3715e+11
8.3715e+11
8.3715e+11
8.3715e+11
8.3715e+11
8.3715e+11
8.3715e+11
8.3715e+11
8.3715e+11
8.3715e+11
8.3715e+11
8.3715e+11
8.3715e+11
8.3715e+11
8.3715e+11
8.3715e+11
