8.77668e+11
8.77668e+11
8.77668e+11
8.77664e+11
8.77664e+11
8.48399e+11
8.48399e+11
8.48399e+11
8.47925e+11
8.47925e+11
8.47925e+11
8.47925e+11
8.4784e+11
8.4784e+11
8.4784e+11
8.37111e+11
8.37111e+11
8.37111e+11
8.36919e+11
8.36919e+11
8.36919e+11
8.36919e+11
8.36919e+11
8.36919e+11
8.36919e+11
8.36919e+11
8.36919e+11
8.36919e+11
8.36919e+11
8.36919e+11
8.36919e+11
8.36919e+11
8.36919e+11
8.36919e+11
8.36919e+11
8.36919e+11
8.36919e+11
8.36919e+11
8.36919e+11
8.36919e+11
8.36919e+11
8.36919e+11
8.36919e+11
8.36919e+11
8.36919e+11
8.36919e+11
8.36919e+11
8.36919e+11
8.36919e+11
8.36919e+11
8.36919e+11
8.36919e+11
8.36919e+11
8.36919e+11
8.36919e+11
8.36919e+11
8.36919e+11
8.36919e+11
8.36919e+11
8.36919e+11
8.36919e+11
8.36919e+11
8.36919e+11
8.36919e+11
8.36919e+11
8.36919e+11
8.36919e+11
8.36919e+11
8.36919e+11
8.36919e+11
8.36919e+11
8.36919e+11
8.36919e+11
8.36919e+11
8.36919e+11
8.36919e+11
8.36919e+11
8.36919e+11
8.36919e+11
8.36919e+11
8.36919e+11
8.36919e+11
8.36919e+11
8.36919e+11
8.36919e+11
8.36919e+11
8.36919e+11
8.36919e+11
8.36919e+11
8.36919e+11
8.36919e+11
8.36919e+11
8.36919e+11
8.36919e+11
8.36919e+11
8.36919e+11
8.36919e+11
8.36919e+11
8.36919e+11
8.36919e+11
8.36919e+11
8.36919e+11
8.36919e+11
8.36919e+11
8.36919e+11
8.36919e+11
8.36919e+11
8.36919e+11
8.36919e+11
8.36919e+11
8.36919e+11
8.36919e+11
8.36919e+11
8.36919e+11
8.36919e+11
8.36919e+11
8.36919e+11
8.36919e+11
8.36919e+11
8.36919e+11
8.36919e+11
8.36919e+11
8.36919e+11
8.36919e+11
8.36919e+11
8.36919e+11
8.36919e+11
8.36919e+11
8.36919e+11
8.36919e+11
8.36919e+11
8.36919e+11
8.36919e+11
8.36919e+11
8.36919e+11
8.36919e+11
8.36919e+11
8.36919e+11
8.36919e+11
8.36919e+11
8.36919e+11
8.36919e+11
8.36919e+11
8.36919e+11
8.36919e+11
8.36919e+11
8.36919e+11
8.36919e+11
8.36919e+11
8.36919e+11
8.36919e+11
8.36919e+11
8.36919e+11
8.36919e+11
8.36919e+11
8.36919e+11
8.36919e+11
8.36919e+11
8.36919e+11
8.36919e+11
8.36919e+11
