8.77668e+11
8.77668e+11
8.77668e+11
8.77668e+11
8.66452e+11
8.66452e+11
8.66451e+11
8.66451e+11
8.66373e+11
8.66373e+11
8.37108e+11
8.36919e+11
8.36919e+11
8.36919e+11
8.36919e+11
8.36919e+11
8.36919e+11
8.36919e+11
8.36919e+11
8.36919e+11
8.36919e+11
8.36919e+11
8.36919e+11
8.36919e+11
8.36919e+11
8.36919e+11
8.36919e+11
8.36919e+11
8.36919e+11
8.36919e+11
8.36919e+11
8.36919e+11
8.36919e+11
8.36919e+11
8.36919e+11
8.36919e+11
8.36919e+11
8.36919e+11
8.36919e+11
8.36919e+11
8.36919e+11
8.36919e+11
8.36919e+11
8.36919e+11
8.36919e+11
8.36919e+11
8.36919e+11
8.36919e+11
8.36919e+11
8.36919e+11
8.36919e+11
8.36919e+11
8.36919e+11
8.36919e+11
8.36919e+11
8.36919e+11
8.36919e+11
8.36919e+11
8.36919e+11
8.36919e+11
8.36919e+11
8.36919e+11
8.36919e+11
8.36919e+11
8.36919e+11
8.36919e+11
8.36919e+11
8.36919e+11
8.36919e+11
8.36919e+11
8.36919e+11
8.36919e+11
8.36919e+11
8.36919e+11
8.36919e+11
8.36919e+11
8.36919e+11
8.36919e+11
8.36919e+11
8.36919e+11
8.36919e+11
8.36919e+11
8.36919e+11
8.36919e+11
8.36919e+11
8.36919e+11
8.36919e+11
8.36919e+11
8.36919e+11
8.36919e+11
8.36919e+11
8.36919e+11
8.36919e+11
8.36919e+11
8.36919e+11
8.36919e+11
8.36919e+11
8.36919e+11
8.36919e+11
8.36919e+11
8.36919e+11
8.36919e+11
8.36919e+11
8.36919e+11
8.36919e+11
8.36919e+11
8.36919e+11
8.36919e+11
8.36919e+11
8.36919e+11
8.36919e+11
8.36919e+11
8.36919e+11
8.36919e+11
8.36919e+11
8.36919e+11
8.36919e+11
8.36919e+11
8.36919e+11
8.36919e+11
8.36919e+11
8.36919e+11
8.36919e+11
8.36919e+11
8.36919e+11
8.36919e+11
8.36919e+11
8.36919e+11
8.36919e+11
8.36919e+11
8.36919e+11
8.36919e+11
8.36919e+11
8.36919e+11
8.36919e+11
8.36919e+11
8.36919e+11
8.36919e+11
8.36919e+11
8.36919e+11
8.36919e+11
8.36919e+11
8.36919e+11
8.36919e+11
8.36919e+11
8.36919e+11
8.36919e+11
8.36919e+11
8.36919e+11
8.36919e+11
8.36919e+11
8.36919e+11
8.36919e+11
8.36919e+11
8.36919e+11
8.36919e+11
8.36919e+11
8.36919e+11
8.36919e+11
8.36919e+11
8.36919e+11
8.36919e+11
8.36919e+11
