8.77668e+11
8.77668e+11
8.77668e+11
8.48403e+11
8.48373e+11
8.48373e+11
8.48352e+11
8.48352e+11
8.48352e+11
8.47924e+11
8.47924e+11
8.47871e+11
8.47871e+11
8.47871e+11
8.3714e+11
8.3714e+11
8.3714e+11
8.3714e+11
8.3714e+11
8.37114e+11
8.37113e+11
8.37113e+11
8.37089e+11
8.37089e+11
8.37089e+11
8.37089e+11
8.37089e+11
8.37089e+11
8.37089e+11
8.37089e+11
8.37089e+11
8.37089e+11
8.37089e+11
8.37089e+11
8.37089e+11
8.37089e+11
8.37089e+11
8.37089e+11
8.37089e+11
8.37089e+11
8.37089e+11
8.37089e+11
8.37089e+11
8.37089e+11
8.37089e+11
8.37089e+11
8.37089e+11
8.37089e+11
8.37089e+11
8.37089e+11
8.37089e+11
8.37089e+11
8.37089e+11
8.37089e+11
8.37089e+11
8.37089e+11
8.37089e+11
8.37089e+11
8.37089e+11
8.37089e+11
8.37089e+11
8.37089e+11
8.37089e+11
8.37089e+11
8.37089e+11
8.37089e+11
8.37089e+11
8.37089e+11
8.37089e+11
8.37089e+11
8.37089e+11
8.37089e+11
8.37089e+11
8.37089e+11
8.37089e+11
8.37089e+11
8.37089e+11
8.37089e+11
8.37089e+11
8.37089e+11
8.37089e+11
8.37089e+11
8.37089e+11
8.37089e+11
8.37089e+11
8.37089e+11
8.37089e+11
8.37089e+11
8.37089e+11
8.37089e+11
8.37089e+11
8.37089e+11
8.37089e+11
8.37089e+11
8.37089e+11
8.37089e+11
8.37089e+11
8.37089e+11
8.37089e+11
8.37089e+11
8.37089e+11
8.37089e+11
8.37089e+11
8.37089e+11
8.37089e+11
8.37089e+11
8.37089e+11
8.37089e+11
8.37089e+11
8.37089e+11
8.37089e+11
8.36679e+11
8.36679e+11
8.36679e+11
8.36679e+11
8.36679e+11
8.36679e+11
8.36571e+11
8.36571e+11
8.36571e+11
8.36571e+11
8.36571e+11
8.36571e+11
8.36571e+11
8.36571e+11
8.36571e+11
8.36571e+11
8.36571e+11
8.36571e+11
8.36571e+11
8.36571e+11
8.36571e+11
8.36571e+11
8.36571e+11
8.36571e+11
8.36571e+11
8.36571e+11
8.36571e+11
8.36571e+11
8.36571e+11
8.36571e+11
8.36571e+11
8.36571e+11
8.36571e+11
8.36571e+11
8.36571e+11
8.36571e+11
8.36571e+11
8.36571e+11
8.36571e+11
8.36571e+11
8.36571e+11
8.36571e+11
8.36571e+11
8.36571e+11
8.36571e+11
8.36571e+11
8.36571e+11
8.36571e+11
8.36571e+11
8.36571e+11
8.36241e+11
