8.77668e+11
8.77668e+11
8.66935e+11
8.66935e+11
8.66935e+11
8.3767e+11
8.3767e+11
8.3767e+11
8.3767e+11
8.3767e+11
8.3767e+11
8.3767e+11
8.3767e+11
8.37586e+11
8.37584e+11
8.3714e+11
8.3714e+11
8.37137e+11
8.37112e+11
8.37112e+11
8.37112e+11
8.37112e+11
8.37112e+11
8.36917e+11
8.36917e+11
8.36917e+11
8.36917e+11
8.36917e+11
8.36917e+11
8.36917e+11
8.36917e+11
8.36917e+11
8.36917e+11
8.36917e+11
8.36917e+11
8.36917e+11
8.36917e+11
8.36917e+11
8.36917e+11
8.36917e+11
8.36917e+11
8.36917e+11
8.36917e+11
8.36917e+11
8.36917e+11
8.36917e+11
8.36917e+11
8.36917e+11
8.36917e+11
8.36917e+11
8.36917e+11
8.36917e+11
8.36917e+11
8.36917e+11
8.36917e+11
8.36917e+11
8.36917e+11
8.36917e+11
8.36917e+11
8.36917e+11
8.36917e+11
8.36917e+11
8.36917e+11
8.36917e+11
8.36917e+11
8.36917e+11
8.36917e+11
8.36917e+11
8.36917e+11
8.36917e+11
8.36917e+11
8.36917e+11
8.36917e+11
8.36917e+11
8.36917e+11
8.36917e+11
8.36917e+11
8.36917e+11
8.36917e+11
8.36917e+11
8.36917e+11
8.36917e+11
8.36917e+11
8.36917e+11
8.36917e+11
8.36917e+11
8.36917e+11
8.36917e+11
8.36917e+11
8.36917e+11
8.36917e+11
8.36917e+11
8.36917e+11
8.36917e+11
8.36917e+11
8.36917e+11
8.36917e+11
8.36917e+11
8.36917e+11
8.36917e+11
8.36917e+11
8.36917e+11
8.36917e+11
8.36917e+11
8.36917e+11
8.36917e+11
8.36917e+11
8.36917e+11
8.36917e+11
8.36917e+11
8.36917e+11
8.36917e+11
8.36917e+11
8.36917e+11
8.36917e+11
8.36917e+11
8.36917e+11
8.36917e+11
8.36917e+11
8.36917e+11
8.36917e+11
8.36917e+11
8.36917e+11
8.36917e+11
8.36917e+11
8.36917e+11
8.36917e+11
8.36917e+11
8.36917e+11
8.36917e+11
8.36917e+11
8.36917e+11
8.36917e+11
8.36917e+11
8.36917e+11
8.36917e+11
8.36917e+11
8.36917e+11
8.36917e+11
8.36917e+11
8.36917e+11
8.36917e+11
8.36917e+11
8.36917e+11
8.36917e+11
8.36917e+11
8.36917e+11
8.36917e+11
8.36917e+11
8.36917e+11
8.36917e+11
8.36917e+11
8.36917e+11
8.36917e+11
8.36917e+11
8.36917e+11
8.36917e+11
8.36917e+11
8.36917e+11
8.36917e+11
8.36917e+11
8.36917e+11
