8.77668e+11
8.48403e+11
8.4839e+11
8.48371e+11
8.48371e+11
8.48371e+11
8.47895e+11
8.47895e+11
8.47895e+11
8.47895e+11
8.47895e+11
8.47895e+11
8.47895e+11
8.47895e+11
8.47895e+11
8.47895e+11
8.47895e+11
8.47895e+11
8.47895e+11
8.47895e+11
8.47895e+11
8.47895e+11
8.47895e+11
8.47895e+11
8.47895e+11
8.47895e+11
8.47895e+11
8.47895e+11
8.47895e+11
8.47895e+11
8.47895e+11
8.47895e+11
8.47895e+11
8.47895e+11
8.47895e+11
8.47895e+11
8.46795e+11
8.46795e+11
8.45201e+11
8.45201e+11
8.45201e+11
8.45201e+11
8.45201e+11
8.45201e+11
8.39786e+11
8.39786e+11
8.39786e+11
8.39786e+11
8.39786e+11
8.39786e+11
8.39786e+11
8.39786e+11
8.39786e+11
8.39786e+11
8.39786e+11
8.39786e+11
8.39786e+11
8.39786e+11
8.39786e+11
8.39786e+11
8.39786e+11
8.39786e+11
8.39786e+11
8.39786e+11
8.39786e+11
8.39786e+11
8.39786e+11
8.39786e+11
8.39786e+11
8.39786e+11
8.39786e+11
8.39786e+11
8.39786e+11
8.39786e+11
8.39786e+11
8.39786e+11
8.39786e+11
8.39786e+11
8.39786e+11
8.39786e+11
8.39786e+11
8.39786e+11
8.39786e+11
8.39786e+11
8.39786e+11
8.39786e+11
8.39786e+11
8.39786e+11
8.39786e+11
8.39786e+11
8.39786e+11
8.39786e+11
8.39786e+11
8.39786e+11
8.39786e+11
8.39786e+11
8.39786e+11
8.39786e+11
8.39786e+11
8.39786e+11
8.39786e+11
8.39786e+11
8.39786e+11
8.39786e+11
8.39786e+11
8.39786e+11
8.39786e+11
8.39786e+11
8.39786e+11
8.39786e+11
8.39786e+11
8.39786e+11
8.39786e+11
8.39786e+11
8.39786e+11
8.39786e+11
8.39786e+11
8.39786e+11
8.39786e+11
8.39786e+11
8.39786e+11
8.39786e+11
8.39786e+11
8.39786e+11
8.39786e+11
8.39786e+11
8.39786e+11
8.39786e+11
8.39786e+11
8.39786e+11
8.39786e+11
8.39786e+11
8.39786e+11
8.39786e+11
8.39786e+11
8.39786e+11
8.39786e+11
8.39786e+11
8.39786e+11
8.39786e+11
8.39786e+11
8.39786e+11
8.39786e+11
8.39786e+11
8.39786e+11
8.39786e+11
8.39786e+11
8.39786e+11
8.39786e+11
8.39786e+11
8.39786e+11
8.39786e+11
8.39786e+11
8.39786e+11
8.39786e+11
8.39786e+11
8.39786e+11
8.39786e+11
8.39786e+11
8.39786e+11
8.39786e+11
8.39786e+11
