8.77668e+11
8.3767e+11
8.3767e+11
8.3767e+11
8.37658e+11
8.37658e+11
8.37658e+11
8.37658e+11
8.37657e+11
8.37657e+11
8.37629e+11
8.37629e+11
8.37152e+11
8.37152e+11
8.37152e+11
8.37152e+11
8.37152e+11
8.37152e+11
8.37152e+11
8.37152e+11
8.37152e+11
8.37152e+11
8.37152e+11
8.37151e+11
8.37151e+11
8.37151e+11
8.37151e+11
8.37151e+11
8.37151e+11
8.37151e+11
8.37151e+11
8.36899e+11
8.36899e+11
8.36896e+11
8.36896e+11
8.36896e+11
8.36896e+11
8.36896e+11
8.36896e+11
8.36896e+11
8.36896e+11
8.36896e+11
8.36896e+11
8.36896e+11
8.36896e+11
8.36896e+11
8.36896e+11
8.36896e+11
8.36896e+11
8.36896e+11
8.36896e+11
8.36896e+11
8.36896e+11
8.36896e+11
8.36896e+11
8.36896e+11
8.36896e+11
8.36896e+11
8.36896e+11
8.36896e+11
8.36896e+11
8.36896e+11
8.36896e+11
8.36896e+11
8.36896e+11
8.36896e+11
8.36896e+11
8.36896e+11
8.36896e+11
8.36896e+11
8.36896e+11
8.36896e+11
8.36896e+11
8.36896e+11
8.36896e+11
8.36896e+11
8.36896e+11
8.36896e+11
8.36896e+11
8.36896e+11
8.36896e+11
8.36896e+11
8.36896e+11
8.36896e+11
8.36896e+11
8.36896e+11
8.36896e+11
8.36896e+11
8.36896e+11
8.36896e+11
8.36896e+11
8.36896e+11
8.36896e+11
8.36896e+11
8.36896e+11
8.36896e+11
8.36896e+11
8.36896e+11
8.36896e+11
8.36896e+11
8.36896e+11
8.36896e+11
8.36896e+11
8.36896e+11
8.36896e+11
8.36896e+11
8.36896e+11
8.36896e+11
8.36896e+11
8.36896e+11
8.36896e+11
8.36896e+11
8.36896e+11
8.36896e+11
8.36896e+11
8.36896e+11
8.36896e+11
8.36896e+11
8.36896e+11
8.36896e+11
8.36896e+11
8.36896e+11
8.36896e+11
8.36896e+11
8.36896e+11
8.36896e+11
8.36896e+11
8.36896e+11
8.36896e+11
8.36896e+11
8.36896e+11
8.36896e+11
8.36896e+11
8.36896e+11
8.36896e+11
8.36896e+11
8.36896e+11
8.36896e+11
8.36896e+11
8.36896e+11
8.36896e+11
8.36896e+11
8.36896e+11
8.36896e+11
8.36896e+11
8.36896e+11
8.36896e+11
8.36896e+11
8.36896e+11
8.36896e+11
8.36896e+11
8.36896e+11
8.36896e+11
8.36896e+11
8.36896e+11
8.36896e+11
8.36896e+11
8.36896e+11
8.36896e+11
8.36896e+11
