8.77668e+11
8.66935e+11
8.66935e+11
8.66935e+11
8.66935e+11
8.66935e+11
8.66935e+11
8.3767e+11
8.37667e+11
8.37667e+11
8.37667e+11
8.37667e+11
8.37667e+11
8.37666e+11
8.37666e+11
8.3764e+11
8.3764e+11
8.3764e+11
8.3764e+11
8.3764e+11
8.37461e+11
8.37461e+11
8.37461e+11
8.37461e+11
8.37461e+11
8.37461e+11
8.37461e+11
8.37461e+11
8.37461e+11
8.37461e+11
8.37461e+11
8.37461e+11
8.37461e+11
8.37461e+11
8.37461e+11
8.37461e+11
8.37461e+11
8.37461e+11
8.37461e+11
8.37461e+11
8.37461e+11
8.37461e+11
8.37461e+11
8.37461e+11
8.37461e+11
8.37461e+11
8.37461e+11
8.37461e+11
8.37461e+11
8.37461e+11
8.37461e+11
8.37461e+11
8.37461e+11
8.37461e+11
8.37461e+11
8.37461e+11
8.37461e+11
8.37461e+11
8.37461e+11
8.37461e+11
8.37461e+11
8.37461e+11
8.37461e+11
8.37461e+11
8.37461e+11
8.37461e+11
8.37461e+11
8.37461e+11
8.37461e+11
8.37461e+11
8.37461e+11
8.37461e+11
8.37461e+11
8.37461e+11
8.37461e+11
8.37461e+11
8.37461e+11
8.37461e+11
8.37461e+11
8.37461e+11
8.37461e+11
8.37461e+11
8.37461e+11
8.37461e+11
8.37461e+11
8.37461e+11
8.37461e+11
8.37461e+11
8.37461e+11
8.37461e+11
8.37461e+11
8.37461e+11
8.37461e+11
8.37461e+11
8.37461e+11
8.37461e+11
8.37461e+11
8.37461e+11
8.37461e+11
8.37461e+11
8.37461e+11
8.37461e+11
8.37461e+11
8.37461e+11
8.37461e+11
8.37461e+11
8.37461e+11
8.37461e+11
8.37461e+11
8.37461e+11
8.37461e+11
8.37461e+11
8.37461e+11
8.37461e+11
8.37461e+11
8.37461e+11
8.37461e+11
8.37461e+11
8.37461e+11
8.37461e+11
8.37461e+11
8.37461e+11
8.37461e+11
8.37461e+11
8.37461e+11
8.37461e+11
8.37461e+11
8.37461e+11
8.37461e+11
8.37461e+11
8.37461e+11
8.37461e+11
8.37461e+11
8.37461e+11
8.37461e+11
8.37461e+11
8.37461e+11
8.37461e+11
8.37461e+11
8.37461e+11
8.37461e+11
8.37461e+11
8.37461e+11
8.37461e+11
8.37461e+11
8.37461e+11
8.37461e+11
8.37461e+11
8.37461e+11
8.37461e+11
8.37461e+11
8.37461e+11
8.37461e+11
8.37461e+11
8.37461e+11
8.37461e+11
8.37461e+11
8.37461e+11
8.37461e+11
8.37461e+11
8.37461e+11
8.37461e+11
