8.77668e+11
8.77668e+11
8.77668e+11
8.77668e+11
8.77668e+11
8.77668e+11
8.77668e+11
8.66941e+11
8.66941e+11
8.66941e+11
8.66941e+11
8.37676e+11
8.37676e+11
8.37672e+11
8.37672e+11
8.37672e+11
8.37672e+11
8.37637e+11
8.37637e+11
8.37637e+11
8.37637e+11
8.37637e+11
8.32104e+11
8.32104e+11
8.32104e+11
8.32104e+11
8.32097e+11
8.32097e+11
8.32097e+11
8.32097e+11
8.32097e+11
8.32097e+11
8.32097e+11
8.32026e+11
8.32026e+11
8.32026e+11
8.32026e+11
8.32026e+11
8.32026e+11
8.32026e+11
8.32026e+11
8.32026e+11
8.32026e+11
8.32026e+11
8.32026e+11
8.32026e+11
8.32026e+11
8.32026e+11
8.32026e+11
8.32026e+11
8.32026e+11
8.32026e+11
8.32026e+11
8.32026e+11
8.32026e+11
8.32026e+11
8.32026e+11
8.32026e+11
8.32026e+11
8.3159e+11
8.3159e+11
8.3159e+11
8.3159e+11
8.3159e+11
8.31589e+11
8.31589e+11
8.31589e+11
8.31589e+11
8.31589e+11
8.31589e+11
8.31589e+11
8.31589e+11
8.31589e+11
8.31589e+11
8.31589e+11
8.31589e+11
8.31589e+11
8.31589e+11
8.31589e+11
8.31589e+11
8.31589e+11
8.31589e+11
8.31589e+11
8.31589e+11
8.31589e+11
8.31589e+11
8.31589e+11
8.31589e+11
8.31589e+11
8.31589e+11
8.31589e+11
8.31589e+11
8.31589e+11
8.31589e+11
8.31589e+11
8.31589e+11
8.31589e+11
8.31589e+11
8.31589e+11
8.31589e+11
8.31589e+11
8.31589e+11
8.31589e+11
8.31589e+11
8.31589e+11
8.31589e+11
8.31589e+11
8.31589e+11
8.31589e+11
8.31589e+11
8.31589e+11
8.31589e+11
8.31589e+11
8.31589e+11
8.31589e+11
8.31589e+11
8.31589e+11
8.31589e+11
8.31589e+11
8.31589e+11
8.31589e+11
8.31589e+11
8.31589e+11
8.31589e+11
8.31589e+11
8.31589e+11
8.31589e+11
8.31589e+11
8.31589e+11
8.31589e+11
8.31589e+11
8.31589e+11
8.31589e+11
8.31589e+11
8.31589e+11
8.31589e+11
8.31589e+11
8.31589e+11
8.31589e+11
8.31589e+11
8.31589e+11
8.31589e+11
8.31589e+11
8.31589e+11
8.31589e+11
8.31589e+11
8.31589e+11
8.31589e+11
8.31589e+11
8.31589e+11
8.31589e+11
8.31589e+11
8.31589e+11
8.31589e+11
8.31589e+11
8.31589e+11
8.31589e+11
8.31589e+11
8.31589e+11
8.31589e+11
