8.77668e+11
8.77668e+11
8.77668e+11
8.77641e+11
8.77641e+11
8.77641e+11
8.77641e+11
8.77194e+11
8.77131e+11
8.77131e+11
8.77131e+11
8.77131e+11
8.77131e+11
8.77131e+11
8.77131e+11
8.47866e+11
8.47856e+11
8.47856e+11
8.47856e+11
8.47856e+11
8.47856e+11
8.47856e+11
8.47856e+11
8.47856e+11
8.47856e+11
8.47856e+11
8.46757e+11
8.46757e+11
8.46757e+11
8.41286e+11
8.41267e+11
8.41267e+11
8.41267e+11
8.41267e+11
8.41267e+11
8.41267e+11
8.41267e+11
8.41267e+11
8.41267e+11
8.41267e+11
8.41267e+11
8.41267e+11
8.41267e+11
8.41267e+11
8.41267e+11
8.41267e+11
8.41267e+11
8.41267e+11
8.41267e+11
8.41267e+11
8.41267e+11
8.41267e+11
8.41267e+11
8.41267e+11
8.41267e+11
8.41267e+11
8.41267e+11
8.41267e+11
8.41267e+11
8.41267e+11
8.41267e+11
8.41267e+11
8.41267e+11
8.41267e+11
8.39726e+11
8.39726e+11
8.39726e+11
8.39726e+11
8.3964e+11
8.3612e+11
8.3612e+11
8.3612e+11
8.3612e+11
8.36107e+11
8.36107e+11
8.36107e+11
8.36107e+11
8.36107e+11
8.36107e+11
8.36107e+11
8.36107e+11
8.36107e+11
8.36107e+11
8.36107e+11
8.36107e+11
8.36107e+11
8.36107e+11
8.36107e+11
8.36107e+11
8.36107e+11
8.36107e+11
8.36097e+11
8.36097e+11
8.36086e+11
8.36086e+11
8.36086e+11
8.36086e+11
8.36086e+11
8.36086e+11
8.36074e+11
8.36074e+11
8.36074e+11
8.36074e+11
8.36074e+11
8.36074e+11
8.36074e+11
8.36074e+11
8.36074e+11
8.36074e+11
8.36074e+11
8.36074e+11
8.36074e+11
8.36074e+11
8.36074e+11
8.36074e+11
8.36074e+11
8.36074e+11
8.36074e+11
8.36074e+11
8.36074e+11
8.36074e+11
8.36074e+11
8.36074e+11
8.36074e+11
8.36074e+11
8.36074e+11
8.36074e+11
8.36074e+11
8.36074e+11
8.36074e+11
8.36074e+11
8.36074e+11
8.36074e+11
8.36074e+11
8.36074e+11
8.36074e+11
8.36074e+11
8.36074e+11
8.36074e+11
8.36074e+11
8.36074e+11
8.36074e+11
8.36074e+11
8.36074e+11
8.36074e+11
8.36074e+11
8.36074e+11
8.36074e+11
8.36027e+11
8.36027e+11
8.36027e+11
8.36027e+11
8.36027e+11
8.36026e+11
8.36026e+11
8.36026e+11
8.36026e+11
8.36026e+11
8.36026e+11
8.36026e+11
8.36026e+11
