8.77668e+11
8.77639e+11
8.66862e+11
8.66454e+11
8.66454e+11
8.66454e+11
8.3715e+11
8.3715e+11
8.3715e+11
8.36337e+11
8.36314e+11
8.36314e+11
8.36314e+11
8.36314e+11
8.36314e+11
8.36312e+11
8.36312e+11
8.3612e+11
8.3612e+11
8.36107e+11
8.36107e+11
8.36107e+11
8.35845e+11
8.35839e+11
8.35839e+11
8.35839e+11
8.35839e+11
8.35839e+11
8.35839e+11
8.35839e+11
8.35839e+11
8.35839e+11
8.35839e+11
8.35839e+11
8.35839e+11
8.35839e+11
8.35839e+11
8.35839e+11
8.35839e+11
8.35839e+11
8.35839e+11
8.35839e+11
8.35839e+11
8.35839e+11
8.35839e+11
8.35839e+11
8.35839e+11
8.35839e+11
8.35839e+11
8.35839e+11
8.35839e+11
8.35839e+11
8.35839e+11
8.35839e+11
8.35839e+11
8.35839e+11
8.35839e+11
8.35839e+11
8.35839e+11
8.35839e+11
8.35839e+11
8.35839e+11
8.35839e+11
8.35839e+11
8.35839e+11
8.35839e+11
8.35839e+11
8.35839e+11
8.35839e+11
8.35839e+11
8.35839e+11
8.35839e+11
8.35839e+11
8.35839e+11
8.35839e+11
8.35839e+11
8.35839e+11
8.35839e+11
8.35839e+11
8.35839e+11
8.35839e+11
8.35839e+11
8.35839e+11
8.35839e+11
8.35839e+11
8.35839e+11
8.35839e+11
8.35839e+11
8.35839e+11
8.35839e+11
8.35839e+11
8.35839e+11
8.35839e+11
8.35839e+11
8.35839e+11
8.35839e+11
8.35839e+11
8.35839e+11
8.35839e+11
8.35839e+11
8.35839e+11
8.35839e+11
8.35839e+11
8.35839e+11
8.35839e+11
8.35839e+11
8.35839e+11
8.35839e+11
8.35839e+11
8.35839e+11
8.35839e+11
8.35839e+11
8.35839e+11
8.35839e+11
8.35839e+11
8.35839e+11
8.35839e+11
8.35839e+11
8.35839e+11
8.35839e+11
8.35839e+11
8.35839e+11
8.35839e+11
8.35839e+11
8.35839e+11
8.35839e+11
8.35839e+11
8.35839e+11
8.35839e+11
8.35839e+11
8.35839e+11
8.35839e+11
8.35839e+11
8.35839e+11
8.35839e+11
8.35839e+11
8.35839e+11
8.35839e+11
8.35839e+11
8.35839e+11
8.35839e+11
8.35839e+11
8.35839e+11
8.35839e+11
8.35839e+11
8.35839e+11
8.35839e+11
8.35839e+11
8.35839e+11
8.35839e+11
8.35839e+11
8.35839e+11
8.35839e+11
8.35839e+11
8.35839e+11
8.35839e+11
8.35839e+11
8.35839e+11
8.35839e+11
8.35839e+11
