8.77668e+11
8.77649e+11
8.77649e+11
8.48384e+11
8.48384e+11
8.48384e+11
8.37626e+11
8.37626e+11
8.37626e+11
8.37626e+11
8.37626e+11
8.37626e+11
8.37624e+11
8.37624e+11
8.37624e+11
8.37624e+11
8.37624e+11
8.37624e+11
8.37566e+11
8.37102e+11
8.37102e+11
8.36917e+11
8.36917e+11
8.36917e+11
8.36917e+11
8.36917e+11
8.36917e+11
8.36917e+11
8.36917e+11
8.36917e+11
8.36917e+11
8.36917e+11
8.36917e+11
8.36917e+11
8.36917e+11
8.36917e+11
8.36917e+11
8.36917e+11
8.36917e+11
8.36917e+11
8.36917e+11
8.36917e+11
8.36917e+11
8.36917e+11
8.36917e+11
8.36917e+11
8.36917e+11
8.36917e+11
8.36917e+11
8.36917e+11
8.36917e+11
8.36917e+11
8.36917e+11
8.36917e+11
8.36917e+11
8.36917e+11
8.36917e+11
8.36917e+11
8.36917e+11
8.36917e+11
8.36917e+11
8.36917e+11
8.36917e+11
8.36917e+11
8.36917e+11
8.36917e+11
8.36917e+11
8.36917e+11
8.36917e+11
8.36917e+11
8.36917e+11
8.36917e+11
8.36917e+11
8.36917e+11
8.36917e+11
8.36917e+11
8.36917e+11
8.36917e+11
8.36917e+11
8.36917e+11
8.36917e+11
8.36917e+11
8.36917e+11
8.36917e+11
8.36917e+11
8.36917e+11
8.36917e+11
8.36917e+11
8.36917e+11
8.36917e+11
8.36917e+11
8.36917e+11
8.36917e+11
8.36917e+11
8.36917e+11
8.36917e+11
8.36917e+11
8.36917e+11
8.36917e+11
8.36917e+11
8.36917e+11
8.36917e+11
8.36917e+11
8.36917e+11
8.36917e+11
8.36917e+11
8.36917e+11
8.36917e+11
8.36917e+11
8.36917e+11
8.36917e+11
8.36917e+11
8.36917e+11
8.36917e+11
8.36917e+11
8.36917e+11
8.36917e+11
8.36917e+11
8.36917e+11
8.36917e+11
8.36917e+11
8.36917e+11
8.36917e+11
8.36917e+11
8.36917e+11
8.36917e+11
8.36917e+11
8.36917e+11
8.36917e+11
8.36917e+11
8.36917e+11
8.36917e+11
8.36917e+11
8.36917e+11
8.36917e+11
8.36917e+11
8.36917e+11
8.36917e+11
8.36917e+11
8.36917e+11
8.36917e+11
8.36917e+11
8.36917e+11
8.36917e+11
8.36917e+11
8.36917e+11
8.36917e+11
8.36917e+11
8.36917e+11
8.36917e+11
8.36917e+11
8.36917e+11
8.36917e+11
8.36917e+11
8.36917e+11
8.36917e+11
8.36917e+11
8.36917e+11
8.36917e+11
8.36917e+11
8.36917e+11
