8.77668e+11
8.77668e+11
8.77668e+11
8.77668e+11
8.77668e+11
8.77668e+11
8.77668e+11
8.77668e+11
8.77668e+11
8.66936e+11
8.37671e+11
8.37671e+11
8.37671e+11
8.37641e+11
8.37641e+11
8.37641e+11
8.37641e+11
8.37641e+11
8.37641e+11
8.37641e+11
8.37641e+11
8.37641e+11
8.37641e+11
8.37635e+11
8.3758e+11
8.3758e+11
8.3758e+11
8.3758e+11
8.37142e+11
8.37142e+11
8.37142e+11
8.37142e+11
8.37142e+11
8.37142e+11
8.37142e+11
8.37142e+11
8.37137e+11
8.37137e+11
8.37137e+11
8.37137e+11
8.37137e+11
8.37137e+11
8.37137e+11
8.37137e+11
8.37137e+11
8.36919e+11
8.36919e+11
8.36919e+11
8.36919e+11
8.36894e+11
8.36894e+11
8.36894e+11
8.36894e+11
8.36894e+11
8.36894e+11
8.36894e+11
8.36894e+11
8.36894e+11
8.36894e+11
8.36894e+11
8.36894e+11
8.36894e+11
8.36894e+11
8.36894e+11
8.36894e+11
8.36894e+11
8.36894e+11
8.36894e+11
8.36894e+11
8.36894e+11
8.36894e+11
8.36894e+11
8.36894e+11
8.36894e+11
8.36894e+11
8.36894e+11
8.36894e+11
8.36894e+11
8.36894e+11
8.36894e+11
8.36894e+11
8.36894e+11
8.36894e+11
8.36894e+11
8.36894e+11
8.36894e+11
8.36894e+11
8.36894e+11
8.36894e+11
8.36894e+11
8.36894e+11
8.36894e+11
8.36894e+11
8.36894e+11
8.36894e+11
8.36894e+11
8.36894e+11
8.36894e+11
8.36894e+11
8.36894e+11
8.36894e+11
8.36894e+11
8.36894e+11
8.36894e+11
8.36894e+11
8.36894e+11
8.36894e+11
8.36894e+11
8.36894e+11
8.36894e+11
8.36894e+11
8.36894e+11
8.36894e+11
8.36894e+11
8.36894e+11
8.36894e+11
8.36894e+11
8.36894e+11
8.36894e+11
8.36894e+11
8.36894e+11
8.36894e+11
8.36894e+11
8.36894e+11
8.36894e+11
8.36894e+11
8.36894e+11
8.36894e+11
8.36894e+11
8.36894e+11
8.36894e+11
8.36894e+11
8.36894e+11
8.36894e+11
8.36894e+11
8.36894e+11
8.36894e+11
8.36894e+11
8.36894e+11
8.36894e+11
8.36894e+11
8.36894e+11
8.36894e+11
8.36894e+11
8.36894e+11
8.36894e+11
8.36894e+11
8.36894e+11
8.36894e+11
8.36894e+11
8.36894e+11
8.36894e+11
8.36894e+11
8.36894e+11
8.36894e+11
8.36894e+11
8.36894e+11
8.36894e+11
8.36894e+11
8.36894e+11
8.36894e+11
