8.77668e+11
8.77668e+11
8.77668e+11
8.77668e+11
8.77667e+11
8.77667e+11
8.77667e+11
8.77667e+11
8.77666e+11
8.77185e+11
8.77185e+11
8.77185e+11
8.77185e+11
8.77185e+11
8.77185e+11
8.77185e+11
8.77101e+11
8.77101e+11
8.77101e+11
8.77101e+11
8.77101e+11
8.771e+11
8.77088e+11
8.77088e+11
8.77088e+11
8.77088e+11
8.77087e+11
8.77087e+11
8.77087e+11
8.77087e+11
8.77087e+11
8.77087e+11
8.77086e+11
8.76912e+11
8.76912e+11
8.76912e+11
8.76912e+11
8.76912e+11
8.76912e+11
8.76912e+11
8.76912e+11
8.76912e+11
8.76912e+11
8.76912e+11
8.76912e+11
8.76912e+11
8.76912e+11
8.76912e+11
8.76912e+11
8.76912e+11
8.76912e+11
8.76912e+11
8.76912e+11
8.76912e+11
8.76912e+11
8.76912e+11
8.76912e+11
8.76912e+11
8.76912e+11
8.76912e+11
8.59001e+11
8.58997e+11
8.58997e+11
8.58997e+11
8.58997e+11
8.58997e+11
8.58997e+11
8.58997e+11
8.58997e+11
8.58997e+11
8.58997e+11
8.58997e+11
8.58997e+11
8.58997e+11
8.58997e+11
8.58997e+11
8.58997e+11
8.58976e+11
8.58976e+11
8.58976e+11
8.58976e+11
8.58976e+11
8.58976e+11
8.58976e+11
8.58976e+11
8.58976e+11
8.58976e+11
8.58976e+11
8.58976e+11
8.5699e+11
8.5699e+11
8.5699e+11
8.5699e+11
8.5699e+11
8.5699e+11
8.5699e+11
8.5699e+11
8.5699e+11
8.5699e+11
8.5699e+11
8.5699e+11
8.5699e+11
8.5699e+11
8.5699e+11
8.5699e+11
8.5699e+11
8.5699e+11
8.5699e+11
8.5699e+11
8.5699e+11
8.5699e+11
8.5699e+11
8.5699e+11
8.5699e+11
8.5699e+11
8.5699e+11
8.5699e+11
8.5699e+11
8.5699e+11
8.5699e+11
8.5699e+11
8.5699e+11
8.5699e+11
8.5699e+11
8.5699e+11
8.56553e+11
8.56553e+11
8.56553e+11
8.56553e+11
8.56553e+11
8.5473e+11
8.5473e+11
8.5473e+11
8.5473e+11
8.5473e+11
8.5473e+11
8.5473e+11
8.5473e+11
8.5231e+11
8.5231e+11
8.5231e+11
8.5231e+11
8.5231e+11
8.5231e+11
8.5231e+11
8.5231e+11
8.5231e+11
8.5231e+11
8.5231e+11
8.5231e+11
8.5231e+11
8.5231e+11
8.5231e+11
8.5231e+11
8.51127e+11
8.51126e+11
8.51126e+11
8.51125e+11
8.51125e+11
8.51125e+11
