8.77668e+11
8.66943e+11
8.66932e+11
8.66932e+11
8.66932e+11
8.66932e+11
8.66454e+11
8.66454e+11
8.66454e+11
8.66454e+11
8.66454e+11
8.66454e+11
8.66454e+11
8.66454e+11
8.66454e+11
8.66454e+11
8.66454e+11
8.66454e+11
8.66454e+11
8.66454e+11
8.66443e+11
8.6643e+11
8.6643e+11
8.6643e+11
8.6643e+11
8.6643e+11
8.66349e+11
8.66198e+11
8.66198e+11
8.66198e+11
8.66198e+11
8.66198e+11
8.66198e+11
8.66198e+11
8.66198e+11
8.66198e+11
8.66198e+11
8.66198e+11
8.4676e+11
8.4676e+11
8.4676e+11
8.37086e+11
8.37086e+11
8.37086e+11
8.37086e+11
8.37086e+11
8.37086e+11
8.37086e+11
8.37086e+11
8.37086e+11
8.37086e+11
8.37086e+11
8.37086e+11
8.37086e+11
8.37086e+11
8.37086e+11
8.37086e+11
8.37086e+11
8.37086e+11
8.37086e+11
8.37086e+11
8.37086e+11
8.37086e+11
8.37086e+11
8.37086e+11
8.37086e+11
8.37086e+11
8.37086e+11
8.37086e+11
8.37086e+11
8.37086e+11
8.37086e+11
8.37086e+11
8.37086e+11
8.37086e+11
8.37086e+11
8.37086e+11
8.37086e+11
8.37086e+11
8.37086e+11
8.37086e+11
8.37086e+11
8.37086e+11
8.37086e+11
8.37086e+11
8.37086e+11
8.37086e+11
8.37086e+11
8.37086e+11
8.37086e+11
8.37086e+11
8.37086e+11
8.37086e+11
8.37086e+11
8.37086e+11
8.37086e+11
8.37086e+11
8.37086e+11
8.37086e+11
8.37086e+11
8.37086e+11
8.37086e+11
8.37086e+11
8.37086e+11
8.37086e+11
8.37086e+11
8.37086e+11
8.37086e+11
8.37086e+11
8.37086e+11
8.37086e+11
8.37086e+11
8.37086e+11
8.37086e+11
8.37086e+11
8.37086e+11
8.37086e+11
8.37086e+11
8.37086e+11
8.37086e+11
8.37086e+11
8.37086e+11
8.37086e+11
8.37086e+11
8.37086e+11
8.37086e+11
8.37086e+11
8.37086e+11
8.37086e+11
8.37086e+11
8.37086e+11
8.37086e+11
8.37086e+11
8.37086e+11
8.37086e+11
8.37086e+11
8.37086e+11
8.37086e+11
8.37086e+11
8.37086e+11
8.37086e+11
8.37086e+11
8.37086e+11
8.37086e+11
8.37086e+11
8.37086e+11
8.37086e+11
8.37086e+11
8.37086e+11
8.37086e+11
8.37086e+11
8.37086e+11
8.37086e+11
8.37086e+11
8.37086e+11
8.37086e+11
8.37086e+11
8.37086e+11
8.37086e+11
8.37086e+11
8.37086e+11
8.37086e+11
