8.77668e+11
8.77668e+11
8.48403e+11
8.3767e+11
8.3767e+11
8.3767e+11
8.3767e+11
8.3767e+11
8.37663e+11
8.37663e+11
8.37663e+11
8.37616e+11
8.37616e+11
8.37616e+11
8.37616e+11
8.37616e+11
8.37616e+11
8.37616e+11
8.37616e+11
8.37616e+11
8.37616e+11
8.37174e+11
8.37174e+11
8.37174e+11
8.37174e+11
8.37174e+11
8.37174e+11
8.37174e+11
8.37174e+11
8.37174e+11
8.37174e+11
8.37174e+11
8.37174e+11
8.31557e+11
8.31557e+11
8.31557e+11
8.31557e+11
8.31557e+11
8.31557e+11
8.31557e+11
8.31557e+11
8.31557e+11
8.31557e+11
8.31557e+11
8.31465e+11
8.31465e+11
8.31465e+11
8.31465e+11
8.31465e+11
8.31465e+11
8.31463e+11
8.31463e+11
8.31463e+11
8.31463e+11
8.31463e+11
8.31463e+11
8.31463e+11
8.31463e+11
8.31463e+11
8.31463e+11
8.31463e+11
8.31463e+11
8.31463e+11
8.31463e+11
8.31463e+11
8.31463e+11
8.31463e+11
8.31463e+11
8.31463e+11
8.31463e+11
8.31463e+11
8.31463e+11
8.31463e+11
8.31463e+11
8.31463e+11
8.31463e+11
8.31463e+11
8.31463e+11
8.31463e+11
8.31463e+11
8.31463e+11
8.31463e+11
8.31463e+11
8.31463e+11
8.31463e+11
8.31463e+11
8.31463e+11
8.31463e+11
8.31463e+11
8.31463e+11
8.31463e+11
8.31463e+11
8.31463e+11
8.31463e+11
8.31463e+11
8.31463e+11
8.31463e+11
8.31463e+11
8.31463e+11
8.31463e+11
8.31463e+11
8.31463e+11
8.31463e+11
8.31463e+11
8.31463e+11
8.31463e+11
8.31463e+11
8.31463e+11
8.31463e+11
8.31463e+11
8.31463e+11
8.31463e+11
8.31463e+11
8.31463e+11
8.31463e+11
8.31463e+11
8.31463e+11
8.31463e+11
8.31463e+11
8.31463e+11
8.31463e+11
8.31463e+11
8.31463e+11
8.31463e+11
8.31463e+11
8.31463e+11
8.31463e+11
8.31463e+11
8.31463e+11
8.31463e+11
8.31463e+11
8.31463e+11
8.31463e+11
8.31463e+11
8.31463e+11
8.31463e+11
8.31463e+11
8.31463e+11
8.31463e+11
8.31463e+11
8.31463e+11
8.31463e+11
8.31463e+11
8.31463e+11
8.31463e+11
8.31463e+11
8.31463e+11
8.31463e+11
8.31463e+11
8.31463e+11
8.31463e+11
8.31463e+11
8.31463e+11
8.31463e+11
8.31463e+11
8.31463e+11
8.31463e+11
8.31463e+11
8.31463e+11
8.31463e+11
8.31463e+11
