8.77668e+11
8.77123e+11
8.77123e+11
8.77123e+11
8.77123e+11
8.71592e+11
8.71592e+11
8.71592e+11
8.71355e+11
8.42089e+11
8.42089e+11
8.42089e+11
8.31363e+11
8.31363e+11
8.31363e+11
8.31363e+11
8.31363e+11
8.31361e+11
8.31361e+11
8.31361e+11
8.31361e+11
8.31361e+11
8.31361e+11
8.31361e+11
8.31361e+11
8.31361e+11
8.31361e+11
8.31361e+11
8.31361e+11
8.31361e+11
8.31361e+11
8.31361e+11
8.31361e+11
8.31361e+11
8.31361e+11
8.31361e+11
8.31361e+11
8.31361e+11
8.31361e+11
8.31361e+11
8.31361e+11
8.31361e+11
8.31361e+11
8.31361e+11
8.31361e+11
8.31361e+11
8.31361e+11
8.31361e+11
8.31361e+11
8.31361e+11
8.31361e+11
8.31361e+11
8.31361e+11
8.31361e+11
8.31361e+11
8.31361e+11
8.31361e+11
8.31361e+11
8.31361e+11
8.31361e+11
8.31361e+11
8.31361e+11
8.31361e+11
8.31361e+11
8.31361e+11
8.31361e+11
8.31361e+11
8.31361e+11
8.31361e+11
8.31361e+11
8.31361e+11
8.31361e+11
8.31361e+11
8.31361e+11
8.31361e+11
8.31361e+11
8.31361e+11
8.31361e+11
8.31361e+11
8.31361e+11
8.31361e+11
8.31361e+11
8.31361e+11
8.31361e+11
8.31361e+11
8.31361e+11
8.31361e+11
8.31361e+11
8.31361e+11
8.31361e+11
8.31361e+11
8.31361e+11
8.31361e+11
8.31361e+11
8.31361e+11
8.31361e+11
8.31361e+11
8.31361e+11
8.31361e+11
8.31361e+11
8.31361e+11
8.31361e+11
8.31361e+11
8.31361e+11
8.31361e+11
8.31361e+11
8.31361e+11
8.31361e+11
8.31361e+11
8.31361e+11
8.31361e+11
8.31361e+11
8.31361e+11
8.31361e+11
8.31361e+11
8.31361e+11
8.31361e+11
8.31361e+11
8.31361e+11
8.31361e+11
8.31361e+11
8.31361e+11
8.31361e+11
8.31361e+11
8.31361e+11
8.31361e+11
8.31361e+11
8.31361e+11
8.31361e+11
8.31361e+11
8.31361e+11
8.31361e+11
8.31361e+11
8.31361e+11
8.31361e+11
8.31361e+11
8.31361e+11
8.31361e+11
8.31361e+11
8.31361e+11
8.31361e+11
8.31361e+11
8.31361e+11
8.31361e+11
8.31361e+11
8.31361e+11
8.31361e+11
8.31361e+11
8.31361e+11
8.31361e+11
8.31361e+11
8.31361e+11
8.31361e+11
8.31361e+11
8.31361e+11
8.31361e+11
8.31361e+11
8.31361e+11
8.31361e+11
8.31361e+11
8.31361e+11
8.31361e+11
