8.77668e+11
8.77668e+11
8.77668e+11
8.77143e+11
8.77143e+11
8.47878e+11
8.47662e+11
8.47662e+11
8.47662e+11
8.47662e+11
8.36932e+11
8.36932e+11
8.36932e+11
8.36923e+11
8.36923e+11
8.36923e+11
8.36923e+11
8.36923e+11
8.36903e+11
8.36903e+11
8.36903e+11
8.36903e+11
8.36903e+11
8.36903e+11
8.36903e+11
8.36903e+11
8.36903e+11
8.36903e+11
8.36903e+11
8.36903e+11
8.36903e+11
8.36903e+11
8.36903e+11
8.36903e+11
8.36903e+11
8.36903e+11
8.36903e+11
8.36903e+11
8.36903e+11
8.36903e+11
8.36903e+11
8.36903e+11
8.36903e+11
8.36903e+11
8.36903e+11
8.36903e+11
8.36903e+11
8.36903e+11
8.36903e+11
8.36903e+11
8.36903e+11
8.36903e+11
8.36903e+11
8.36903e+11
8.36903e+11
8.36903e+11
8.36903e+11
8.36903e+11
8.36903e+11
8.36903e+11
8.36903e+11
8.36903e+11
8.36903e+11
8.36903e+11
8.36903e+11
8.36903e+11
8.36903e+11
8.36903e+11
8.36903e+11
8.36903e+11
8.36903e+11
8.36903e+11
8.36903e+11
8.36903e+11
8.36903e+11
8.36903e+11
8.36903e+11
8.36903e+11
8.36903e+11
8.36903e+11
8.36903e+11
8.36903e+11
8.36903e+11
8.36903e+11
8.36903e+11
8.36903e+11
8.36903e+11
8.36903e+11
8.36903e+11
8.36903e+11
8.36903e+11
8.36903e+11
8.36903e+11
8.36903e+11
8.36903e+11
8.36903e+11
8.36903e+11
8.36903e+11
8.36903e+11
8.36903e+11
8.36903e+11
8.36903e+11
8.36903e+11
8.36903e+11
8.36903e+11
8.36903e+11
8.36903e+11
8.36903e+11
8.36903e+11
8.36903e+11
8.36903e+11
8.36903e+11
8.36903e+11
8.36903e+11
8.36903e+11
8.36903e+11
8.36903e+11
8.36903e+11
8.31591e+11
8.31591e+11
8.31591e+11
8.31591e+11
8.31591e+11
8.31591e+11
8.31591e+11
8.31591e+11
8.31458e+11
8.31458e+11
8.31458e+11
8.31457e+11
8.31457e+11
8.31457e+11
8.31457e+11
8.31457e+11
8.31457e+11
8.31457e+11
8.30703e+11
8.3062e+11
8.3062e+11
8.3062e+11
8.3062e+11
8.3062e+11
8.3062e+11
8.3062e+11
8.3062e+11
8.3062e+11
8.3062e+11
8.3062e+11
8.3062e+11
8.3062e+11
8.3062e+11
8.3062e+11
8.3062e+11
8.3062e+11
8.3062e+11
8.3062e+11
8.3062e+11
8.3062e+11
8.3062e+11
8.3062e+11
8.3062e+11
8.3062e+11
