8.77668e+11
8.66878e+11
8.66397e+11
8.66397e+11
8.66397e+11
8.66397e+11
8.66397e+11
8.66397e+11
8.66397e+11
8.66397e+11
8.37132e+11
8.37132e+11
8.37132e+11
8.37132e+11
8.37132e+11
8.37132e+11
8.37132e+11
8.37132e+11
8.37132e+11
8.37132e+11
8.37132e+11
8.37132e+11
8.37132e+11
8.37132e+11
8.37132e+11
8.37132e+11
8.37132e+11
8.37132e+11
7.65074e+11
7.65057e+11
7.65057e+11
7.60864e+11
7.60864e+11
7.60864e+11
7.60706e+11
7.60706e+11
7.60706e+11
7.60701e+11
7.60701e+11
7.60164e+11
7.60164e+11
7.60164e+11
7.60164e+11
7.60164e+11
7.60164e+11
7.60164e+11
7.60164e+11
7.60164e+11
7.60164e+11
7.60164e+11
7.60164e+11
7.60164e+11
7.60164e+11
7.60164e+11
7.60164e+11
7.60164e+11
7.60164e+11
7.60164e+11
7.60164e+11
7.60164e+11
7.60164e+11
7.60164e+11
7.60164e+11
7.60164e+11
7.60164e+11
7.60164e+11
7.60164e+11
7.60164e+11
7.60164e+11
7.60164e+11
7.60164e+11
7.60164e+11
7.60164e+11
7.60164e+11
7.60164e+11
7.60164e+11
7.60164e+11
7.60164e+11
7.60164e+11
7.60164e+11
7.60164e+11
7.60164e+11
7.60164e+11
7.60164e+11
7.60164e+11
7.60164e+11
7.60164e+11
7.60164e+11
7.60164e+11
7.60164e+11
7.60164e+11
7.60164e+11
7.60164e+11
7.60164e+11
7.60164e+11
7.60164e+11
7.60164e+11
7.60164e+11
7.60164e+11
7.60164e+11
7.60164e+11
7.60164e+11
7.60164e+11
7.60164e+11
7.60164e+11
7.60164e+11
7.60164e+11
7.60164e+11
7.60164e+11
7.60164e+11
7.60164e+11
7.60164e+11
7.60164e+11
7.60164e+11
7.60164e+11
7.60164e+11
7.60164e+11
7.60164e+11
7.60164e+11
7.60164e+11
7.60164e+11
7.60164e+11
7.60164e+11
7.60164e+11
7.60164e+11
7.60164e+11
7.60164e+11
7.60164e+11
7.60164e+11
7.60164e+11
7.60164e+11
7.60164e+11
7.60164e+11
7.60164e+11
7.60164e+11
7.60164e+11
7.60164e+11
7.60164e+11
7.60164e+11
7.60164e+11
7.60164e+11
7.60164e+11
7.60164e+11
7.60164e+11
7.60164e+11
7.60164e+11
7.60164e+11
7.60164e+11
7.60164e+11
7.60164e+11
7.60164e+11
7.60164e+11
7.60164e+11
7.60164e+11
7.60164e+11
7.60164e+11
7.60164e+11
7.60164e+11
7.60164e+11
7.60164e+11
7.60164e+11
7.60164e+11
