8.77668e+11
8.77131e+11
8.77131e+11
8.77131e+11
8.77131e+11
8.77131e+11
8.77131e+11
8.77131e+11
8.47866e+11
8.47866e+11
8.47821e+11
8.37092e+11
8.37092e+11
8.36917e+11
8.36917e+11
8.36917e+11
8.36917e+11
8.36917e+11
8.36917e+11
8.36917e+11
8.36917e+11
8.36917e+11
8.36917e+11
8.36917e+11
8.36917e+11
8.36917e+11
8.36917e+11
8.36917e+11
8.36917e+11
8.36917e+11
8.36917e+11
8.36917e+11
8.36917e+11
8.36917e+11
8.36917e+11
8.36917e+11
8.36917e+11
8.36917e+11
8.36917e+11
8.36917e+11
8.36917e+11
8.36917e+11
8.35904e+11
8.35904e+11
8.35904e+11
8.35904e+11
8.35904e+11
8.35904e+11
8.35904e+11
8.35896e+11
8.35896e+11
8.35896e+11
8.35896e+11
8.35896e+11
8.35896e+11
8.35896e+11
8.35896e+11
8.35896e+11
8.35896e+11
8.35896e+11
8.35896e+11
8.35896e+11
8.35896e+11
8.35896e+11
8.35896e+11
8.35896e+11
8.35896e+11
8.35896e+11
8.35896e+11
8.35896e+11
8.35896e+11
8.35896e+11
8.35896e+11
8.35896e+11
8.35896e+11
8.35896e+11
8.35896e+11
8.35896e+11
8.35896e+11
8.35896e+11
8.35896e+11
8.35896e+11
8.35896e+11
8.35896e+11
8.35896e+11
8.35896e+11
8.35896e+11
8.35896e+11
8.35896e+11
8.35896e+11
8.35896e+11
8.35896e+11
8.35896e+11
8.35896e+11
8.35896e+11
8.35896e+11
8.35896e+11
8.35896e+11
8.35896e+11
8.35896e+11
8.35896e+11
8.35896e+11
8.35896e+11
8.35896e+11
8.35896e+11
8.35896e+11
8.35896e+11
8.35896e+11
8.35896e+11
8.35896e+11
8.35896e+11
8.35896e+11
8.35896e+11
8.35896e+11
8.35896e+11
8.35896e+11
8.35896e+11
8.35896e+11
8.35896e+11
8.35896e+11
8.35896e+11
8.35896e+11
8.35896e+11
8.35896e+11
8.35896e+11
8.35896e+11
8.35896e+11
8.35896e+11
8.35896e+11
8.35896e+11
8.35896e+11
8.35896e+11
8.35896e+11
8.35896e+11
8.35896e+11
8.35896e+11
8.35896e+11
8.35896e+11
8.35896e+11
8.35896e+11
8.35896e+11
8.35896e+11
8.35896e+11
8.35896e+11
8.35896e+11
8.35896e+11
8.35896e+11
8.35896e+11
8.35813e+11
8.35813e+11
8.35813e+11
8.35813e+11
8.35813e+11
8.35813e+11
8.35813e+11
8.35813e+11
8.35796e+11
8.35796e+11
8.35795e+11
8.35795e+11
8.35795e+11
8.35795e+11
8.35795e+11
