8.77668e+11
8.66928e+11
8.66928e+11
8.66928e+11
8.66928e+11
8.66877e+11
8.66871e+11
8.37606e+11
8.37606e+11
8.37606e+11
8.37606e+11
8.37606e+11
8.37606e+11
8.37606e+11
8.37606e+11
8.37606e+11
8.37606e+11
8.37606e+11
8.37606e+11
8.37606e+11
8.37606e+11
8.37606e+11
8.37606e+11
8.3716e+11
8.3716e+11
8.3716e+11
8.3716e+11
8.3716e+11
8.3716e+11
8.3716e+11
8.3716e+11
8.3716e+11
8.37119e+11
8.37119e+11
8.37119e+11
8.37119e+11
8.37119e+11
8.37081e+11
8.37081e+11
8.37081e+11
8.37081e+11
8.37081e+11
8.37081e+11
8.37081e+11
8.37081e+11
8.37081e+11
8.37081e+11
8.37081e+11
8.37081e+11
8.37081e+11
8.37081e+11
8.37081e+11
8.37081e+11
8.37081e+11
8.37081e+11
8.35276e+11
8.35276e+11
8.35276e+11
8.33777e+11
8.33777e+11
8.33777e+11
8.33777e+11
8.33777e+11
8.33777e+11
8.33777e+11
8.33777e+11
8.33777e+11
8.33777e+11
8.33777e+11
8.33777e+11
8.33777e+11
8.33777e+11
8.33777e+11
8.33777e+11
8.33777e+11
8.33777e+11
8.33777e+11
8.33777e+11
8.33777e+11
8.32175e+11
8.32175e+11
8.32175e+11
8.32175e+11
8.32175e+11
8.32175e+11
8.32175e+11
8.32175e+11
8.32175e+11
8.32175e+11
8.32175e+11
8.32175e+11
8.32175e+11
8.32175e+11
8.32175e+11
8.32175e+11
8.32175e+11
8.32175e+11
8.32175e+11
8.32175e+11
8.32175e+11
8.32175e+11
8.32175e+11
8.32175e+11
8.32169e+11
8.32169e+11
8.32169e+11
8.32169e+11
8.32169e+11
8.32169e+11
8.30302e+11
8.30302e+11
8.30302e+11
8.30302e+11
8.30302e+11
8.30302e+11
8.30302e+11
8.30302e+11
8.30302e+11
8.30302e+11
8.30302e+11
8.30302e+11
8.30302e+11
8.30302e+11
8.30302e+11
8.30302e+11
8.30302e+11
8.30302e+11
8.30302e+11
8.30302e+11
8.30302e+11
8.30302e+11
8.30302e+11
8.30302e+11
8.30302e+11
8.30302e+11
8.30302e+11
8.30302e+11
8.30302e+11
8.30302e+11
8.30302e+11
8.30302e+11
8.30302e+11
8.30302e+11
8.30302e+11
8.30302e+11
8.30302e+11
8.30302e+11
8.30302e+11
8.30302e+11
8.30302e+11
8.30302e+11
8.30302e+11
8.30302e+11
8.30302e+11
8.30302e+11
8.30302e+11
8.30302e+11
8.30302e+11
8.30302e+11
8.30302e+11
8.30302e+11
