8.77668e+11
8.77668e+11
8.47928e+11
8.47928e+11
8.47928e+11
8.47851e+11
8.47829e+11
8.37088e+11
8.37088e+11
8.37088e+11
8.31614e+11
8.241e+11
8.241e+11
8.241e+11
8.241e+11
8.24078e+11
8.24078e+11
8.24078e+11
8.24078e+11
8.24047e+11
8.24047e+11
8.2386e+11
8.2386e+11
8.2386e+11
8.2386e+11
8.2386e+11
8.2386e+11
8.2386e+11
8.2386e+11
8.2386e+11
8.2386e+11
8.2386e+11
8.2386e+11
8.2386e+11
8.2386e+11
8.2386e+11
8.2386e+11
8.2386e+11
8.2386e+11
8.2386e+11
8.2386e+11
8.2386e+11
8.2386e+11
8.2386e+11
8.2386e+11
8.2386e+11
8.2386e+11
8.2386e+11
8.2386e+11
8.2386e+11
8.2386e+11
8.2386e+11
8.2386e+11
8.2386e+11
8.2386e+11
8.2386e+11
8.2386e+11
8.2386e+11
8.2386e+11
8.2386e+11
8.2386e+11
8.2386e+11
8.2386e+11
8.2386e+11
8.2386e+11
8.2386e+11
8.2386e+11
8.2386e+11
7.71728e+11
7.71728e+11
7.71728e+11
7.71038e+11
7.71038e+11
7.71038e+11
7.71038e+11
7.71038e+11
7.71038e+11
7.71038e+11
7.71038e+11
7.71038e+11
7.71038e+11
7.71038e+11
7.71038e+11
7.71038e+11
7.71038e+11
7.71038e+11
7.71038e+11
7.71038e+11
7.71038e+11
7.71038e+11
7.71038e+11
7.71038e+11
7.71038e+11
7.71038e+11
7.71038e+11
7.71038e+11
7.58266e+11
7.58266e+11
7.58266e+11
7.58266e+11
7.58266e+11
7.58266e+11
7.58266e+11
7.58266e+11
7.58266e+11
7.58266e+11
7.58266e+11
7.58266e+11
7.58266e+11
7.58266e+11
7.58266e+11
7.58266e+11
7.58266e+11
7.58266e+11
7.58266e+11
7.58266e+11
7.58266e+11
7.58266e+11
7.58266e+11
7.58266e+11
7.58266e+11
7.50587e+11
7.50587e+11
7.46401e+11
7.46401e+11
7.46401e+11
7.46401e+11
7.46401e+11
7.46401e+11
7.46401e+11
7.46401e+11
7.46401e+11
7.46401e+11
7.46401e+11
7.46401e+11
7.46401e+11
7.46401e+11
7.46401e+11
7.46401e+11
7.46401e+11
7.46401e+11
7.46401e+11
7.46401e+11
7.46401e+11
7.46401e+11
7.46401e+11
7.46401e+11
7.46401e+11
7.46401e+11
7.46401e+11
7.46401e+11
7.46401e+11
7.46401e+11
7.46401e+11
7.46401e+11
7.46401e+11
7.46401e+11
7.46401e+11
7.46401e+11
7.46401e+11
