8.77668e+11
8.77668e+11
8.48403e+11
8.48403e+11
8.48403e+11
8.37663e+11
8.37663e+11
8.37663e+11
8.37179e+11
8.37164e+11
8.37164e+11
8.37137e+11
8.37137e+11
8.37137e+11
8.37137e+11
8.36918e+11
8.36918e+11
8.36918e+11
8.36918e+11
8.36918e+11
8.36918e+11
8.36918e+11
8.36918e+11
8.36918e+11
8.36918e+11
8.36918e+11
8.36918e+11
8.36918e+11
8.36918e+11
8.36918e+11
8.36918e+11
8.36918e+11
8.36918e+11
8.36918e+11
8.36918e+11
8.36918e+11
8.36918e+11
8.36918e+11
8.36918e+11
8.36918e+11
8.36918e+11
8.36918e+11
8.36918e+11
8.36918e+11
8.36918e+11
8.36918e+11
8.36918e+11
8.36918e+11
8.36918e+11
8.36918e+11
8.36918e+11
8.36918e+11
8.36918e+11
8.36918e+11
8.36918e+11
8.36918e+11
8.36918e+11
8.36918e+11
8.36918e+11
8.36918e+11
8.36918e+11
8.36918e+11
8.36918e+11
8.36918e+11
8.36918e+11
8.36918e+11
8.36918e+11
8.36918e+11
8.36918e+11
8.36918e+11
8.36918e+11
8.36918e+11
8.36918e+11
8.36918e+11
8.36918e+11
8.36918e+11
8.36918e+11
8.36918e+11
8.36918e+11
8.36918e+11
8.36918e+11
8.36918e+11
8.36918e+11
8.36918e+11
8.36918e+11
8.36918e+11
8.36918e+11
8.36918e+11
8.36918e+11
8.36918e+11
8.36918e+11
8.36918e+11
8.36918e+11
8.36104e+11
8.36104e+11
8.36104e+11
8.36104e+11
8.36104e+11
8.36104e+11
8.36104e+11
8.36104e+11
8.36104e+11
8.36104e+11
8.36104e+11
8.36104e+11
8.36104e+11
8.36104e+11
8.36104e+11
8.36104e+11
8.36104e+11
8.36104e+11
8.36104e+11
8.36104e+11
8.36104e+11
8.36104e+11
8.36104e+11
8.36104e+11
8.36104e+11
8.36104e+11
8.36104e+11
8.36104e+11
8.36104e+11
8.36104e+11
8.36104e+11
8.36104e+11
8.36104e+11
8.36104e+11
8.36104e+11
8.36104e+11
8.36104e+11
8.36104e+11
8.36104e+11
8.36104e+11
8.36104e+11
8.36104e+11
8.36104e+11
8.36104e+11
8.36104e+11
8.36001e+11
8.36001e+11
8.36001e+11
8.36001e+11
8.36001e+11
8.36001e+11
8.36001e+11
8.36001e+11
8.36001e+11
8.36001e+11
8.36001e+11
8.36001e+11
8.36001e+11
8.36001e+11
8.36001e+11
8.36001e+11
8.36001e+11
8.36001e+11
8.36001e+11
8.36001e+11
8.36001e+11
8.36001e+11
8.36001e+11
