8.77668e+11
8.77668e+11
8.77668e+11
8.77668e+11
8.77668e+11
8.77668e+11
8.77668e+11
8.77655e+11
8.77655e+11
8.77655e+11
8.77655e+11
8.77655e+11
8.4839e+11
8.48346e+11
8.48346e+11
8.47846e+11
8.47846e+11
8.47846e+11
8.47846e+11
8.4784e+11
8.4784e+11
8.4784e+11
8.4784e+11
8.4784e+11
8.4784e+11
8.4784e+11
8.4784e+11
8.4784e+11
8.4784e+11
8.4784e+11
8.4784e+11
8.4784e+11
8.4784e+11
8.4784e+11
8.4784e+11
8.4784e+11
8.4784e+11
8.4784e+11
8.4784e+11
8.4784e+11
8.4784e+11
8.4784e+11
8.4784e+11
8.4784e+11
8.4784e+11
8.4784e+11
8.4784e+11
8.4784e+11
8.4784e+11
8.4784e+11
8.4784e+11
8.4784e+11
8.4784e+11
8.4784e+11
8.4784e+11
8.4784e+11
8.4784e+11
8.4784e+11
8.4784e+11
8.4784e+11
8.4784e+11
8.4784e+11
8.4784e+11
8.4784e+11
8.4784e+11
8.4784e+11
8.45775e+11
8.45775e+11
8.45775e+11
8.45775e+11
8.45775e+11
8.45775e+11
8.45775e+11
8.45775e+11
8.45775e+11
8.45775e+11
8.45775e+11
8.45775e+11
8.45775e+11
8.45775e+11
8.45775e+11
8.45775e+11
8.45775e+11
8.45775e+11
8.45775e+11
8.45775e+11
8.45775e+11
8.45775e+11
8.45775e+11
8.45117e+11
8.45117e+11
8.45117e+11
8.45116e+11
8.45116e+11
8.45007e+11
8.45007e+11
8.45007e+11
8.45007e+11
8.45007e+11
8.44944e+11
8.44944e+11
8.44943e+11
8.44943e+11
8.44943e+11
8.44943e+11
8.44943e+11
8.44943e+11
8.44914e+11
8.44914e+11
8.44914e+11
8.44914e+11
8.44914e+11
8.44914e+11
8.44914e+11
8.44914e+11
8.44914e+11
8.44914e+11
8.44903e+11
8.44898e+11
8.44882e+11
8.43789e+11
8.43789e+11
8.43789e+11
8.43789e+11
8.43789e+11
8.43789e+11
8.39651e+11
8.39651e+11
8.39651e+11
8.39651e+11
8.39366e+11
8.39366e+11
8.39366e+11
8.39366e+11
8.39366e+11
8.39366e+11
8.39366e+11
8.39366e+11
8.39366e+11
8.39366e+11
8.39366e+11
8.39366e+11
8.39366e+11
8.39366e+11
8.39091e+11
8.39091e+11
8.39091e+11
8.3909e+11
8.3909e+11
8.3909e+11
8.3909e+11
8.3909e+11
8.3909e+11
8.3909e+11
8.3909e+11
8.3909e+11
8.39087e+11
8.39087e+11
8.39087e+11
8.39087e+11
