8.77668e+11
8.77668e+11
8.66935e+11
8.66935e+11
8.66935e+11
8.66935e+11
8.66935e+11
8.66935e+11
8.66935e+11
8.66935e+11
8.66932e+11
8.66932e+11
8.66932e+11
8.66932e+11
8.66932e+11
8.66932e+11
8.66847e+11
8.66847e+11
8.66847e+11
8.66845e+11
8.66845e+11
8.66845e+11
8.66845e+11
8.66845e+11
8.66845e+11
8.66845e+11
8.66372e+11
8.66372e+11
8.66372e+11
8.66372e+11
8.66372e+11
8.66372e+11
8.66372e+11
8.66372e+11
8.66372e+11
8.66372e+11
8.66372e+11
8.66372e+11
8.66372e+11
8.66363e+11
8.66363e+11
8.66363e+11
8.66185e+11
8.66184e+11
8.66184e+11
8.66184e+11
8.66184e+11
8.66184e+11
8.66184e+11
8.37613e+11
8.37613e+11
8.37613e+11
8.37613e+11
8.37613e+11
8.37613e+11
8.37613e+11
8.37613e+11
8.37613e+11
8.37613e+11
8.37613e+11
8.37613e+11
8.37613e+11
8.37613e+11
8.37613e+11
8.37613e+11
8.37613e+11
8.37613e+11
8.37613e+11
8.37613e+11
8.37613e+11
8.37613e+11
8.37613e+11
8.37613e+11
8.37613e+11
8.37613e+11
8.37613e+11
8.37613e+11
8.37613e+11
8.37613e+11
8.37613e+11
8.37613e+11
8.37613e+11
8.37613e+11
8.37613e+11
8.37613e+11
8.37613e+11
8.37613e+11
8.37613e+11
8.37613e+11
8.37613e+11
8.37613e+11
8.37613e+11
8.37613e+11
8.37613e+11
8.37613e+11
8.37613e+11
8.37613e+11
8.37613e+11
8.37613e+11
8.37613e+11
8.37613e+11
8.37613e+11
8.37613e+11
8.37613e+11
8.37613e+11
8.37613e+11
8.37613e+11
8.37613e+11
8.37613e+11
8.37613e+11
8.37613e+11
8.37613e+11
8.37613e+11
8.37613e+11
8.37613e+11
8.37613e+11
8.37613e+11
8.37613e+11
8.37613e+11
8.37613e+11
8.37613e+11
8.37613e+11
8.37613e+11
8.37613e+11
8.37613e+11
8.37613e+11
8.37613e+11
8.37613e+11
8.37613e+11
8.37613e+11
8.37613e+11
8.37613e+11
8.37613e+11
8.37613e+11
8.37613e+11
8.37613e+11
8.37613e+11
8.37613e+11
8.37613e+11
8.37613e+11
8.37613e+11
8.37613e+11
8.37613e+11
8.37613e+11
8.37613e+11
8.37613e+11
8.37613e+11
8.37613e+11
8.37613e+11
8.37613e+11
8.37613e+11
8.37613e+11
8.37613e+11
8.37613e+11
8.37613e+11
8.37613e+11
8.37613e+11
8.37613e+11
8.37613e+11
8.37613e+11
