8.77668e+11
8.77668e+11
8.77668e+11
8.77668e+11
8.77668e+11
8.77668e+11
8.77668e+11
8.3767e+11
8.3767e+11
8.3767e+11
8.3767e+11
8.3767e+11
8.3767e+11
8.3767e+11
8.3767e+11
8.3767e+11
8.3767e+11
8.3767e+11
8.3767e+11
8.3767e+11
8.3767e+11
8.3767e+11
8.3767e+11
8.3767e+11
8.37193e+11
8.37193e+11
8.37193e+11
8.37183e+11
8.37177e+11
8.37177e+11
8.37177e+11
8.37177e+11
8.37177e+11
8.37177e+11
8.37177e+11
8.37177e+11
8.37177e+11
8.37177e+11
8.37177e+11
8.37177e+11
8.37177e+11
8.37177e+11
8.37177e+11
8.37177e+11
8.37165e+11
8.3692e+11
7.607e+11
7.607e+11
7.60699e+11
7.60699e+11
7.60699e+11
7.60699e+11
7.60699e+11
7.60699e+11
7.60699e+11
7.60699e+11
7.60699e+11
7.60699e+11
7.60699e+11
7.60699e+11
7.60699e+11
7.60699e+11
7.60699e+11
7.60699e+11
7.60699e+11
7.60699e+11
7.60699e+11
7.60699e+11
7.60699e+11
7.60699e+11
7.60699e+11
7.60699e+11
7.60699e+11
7.60699e+11
7.60699e+11
7.60699e+11
7.60699e+11
7.60699e+11
7.60699e+11
7.60699e+11
7.60699e+11
7.60699e+11
7.60699e+11
7.60699e+11
7.60699e+11
7.60699e+11
7.60699e+11
7.60699e+11
7.60699e+11
7.60699e+11
7.60699e+11
7.60699e+11
7.60699e+11
7.60699e+11
7.60699e+11
7.60699e+11
7.60699e+11
7.60699e+11
7.60699e+11
7.60699e+11
7.60699e+11
7.60699e+11
7.60699e+11
7.60699e+11
7.60699e+11
7.60699e+11
7.60699e+11
7.60699e+11
7.60699e+11
7.60699e+11
7.60699e+11
7.60699e+11
7.60699e+11
7.60699e+11
7.60699e+11
7.60699e+11
7.60699e+11
7.60699e+11
7.60699e+11
7.60699e+11
7.60699e+11
7.60699e+11
7.60699e+11
7.60699e+11
7.60699e+11
7.60699e+11
7.60699e+11
7.60699e+11
7.60699e+11
7.60699e+11
7.60699e+11
7.60699e+11
7.60699e+11
7.60699e+11
7.60699e+11
7.60699e+11
7.60699e+11
7.60699e+11
7.60699e+11
7.60699e+11
7.60699e+11
7.60699e+11
7.60699e+11
7.60699e+11
7.60699e+11
7.60699e+11
7.60699e+11
7.60699e+11
7.60699e+11
7.60699e+11
7.60699e+11
7.60699e+11
7.60699e+11
7.60699e+11
7.60699e+11
7.60699e+11
7.60699e+11
7.60699e+11
7.60699e+11
7.60699e+11
7.60699e+11
