8.77668e+11
8.77668e+11
8.77668e+11
8.77612e+11
8.77173e+11
8.77173e+11
8.77173e+11
8.77173e+11
8.77173e+11
8.77173e+11
8.77173e+11
8.7717e+11
8.77116e+11
8.77116e+11
8.77116e+11
8.77116e+11
8.77116e+11
8.77116e+11
8.77116e+11
8.77116e+11
8.77116e+11
8.77116e+11
8.77116e+11
8.77116e+11
8.77116e+11
8.77116e+11
8.77116e+11
8.77116e+11
8.77116e+11
8.77116e+11
8.77116e+11
8.77116e+11
8.63792e+11
8.53423e+11
8.53423e+11
8.53423e+11
8.52824e+11
8.52126e+11
8.52126e+11
8.52126e+11
8.52126e+11
8.46659e+11
8.46659e+11
8.46659e+11
8.46541e+11
8.46541e+11
8.46541e+11
8.46519e+11
8.46519e+11
8.46519e+11
8.46519e+11
8.46519e+11
8.46519e+11
8.42968e+11
8.42968e+11
8.42968e+11
8.42968e+11
8.42968e+11
8.42968e+11
8.42968e+11
8.42968e+11
8.42968e+11
8.42968e+11
8.42968e+11
8.42968e+11
8.42968e+11
8.42962e+11
8.42962e+11
8.42962e+11
8.42962e+11
8.42962e+11
8.42962e+11
8.42962e+11
8.42962e+11
8.42962e+11
8.42962e+11
8.42962e+11
8.42962e+11
8.42962e+11
8.42962e+11
8.42962e+11
8.42962e+11
8.42962e+11
8.42962e+11
8.42962e+11
8.42962e+11
8.42962e+11
8.42962e+11
8.42962e+11
8.42962e+11
8.42962e+11
8.42962e+11
8.41891e+11
8.41883e+11
8.41883e+11
8.41883e+11
8.41882e+11
8.41882e+11
8.41882e+11
8.41882e+11
8.41882e+11
8.41882e+11
8.41882e+11
8.41882e+11
8.41882e+11
8.41882e+11
8.41882e+11
8.41882e+11
8.41882e+11
8.40882e+11
8.40882e+11
8.40882e+11
8.40882e+11
8.40882e+11
8.40882e+11
8.40882e+11
8.40882e+11
8.40882e+11
8.40882e+11
8.40882e+11
8.40882e+11
8.40882e+11
8.40882e+11
8.40783e+11
8.40783e+11
8.40783e+11
8.40783e+11
8.40783e+11
8.40783e+11
8.40783e+11
8.40783e+11
8.40783e+11
8.40783e+11
8.40783e+11
8.40783e+11
8.40783e+11
8.40783e+11
8.40783e+11
8.40783e+11
8.40783e+11
8.40783e+11
8.40783e+11
8.40783e+11
8.40783e+11
8.40783e+11
8.40783e+11
8.40783e+11
8.40783e+11
8.40783e+11
8.40783e+11
8.40783e+11
8.40783e+11
8.40783e+11
8.40783e+11
8.40783e+11
8.40783e+11
8.40783e+11
8.40783e+11
8.40783e+11
8.40783e+11
8.40783e+11
