8.06442e+11
8.06442e+11
8.05482e+11
8.05482e+11
8.05481e+11
8.05481e+11
8.05481e+11
8.05481e+11
8.05481e+11
8.05481e+11
8.05481e+11
8.05481e+11
8.05481e+11
8.05481e+11
8.05481e+11
8.05481e+11
8.05481e+11
8.05481e+11
8.05481e+11
7.98248e+11
7.98248e+11
7.96151e+11
7.96151e+11
7.96151e+11
7.96151e+11
7.96151e+11
7.96151e+11
7.96151e+11
7.96151e+11
7.96151e+11
7.96151e+11
7.96151e+11
7.96151e+11
7.95337e+11
7.95337e+11
7.95337e+11
7.95337e+11
7.95337e+11
7.95337e+11
7.95336e+11
7.95336e+11
7.95336e+11
7.95336e+11
7.95336e+11
7.95336e+11
7.95336e+11
7.95336e+11
7.95336e+11
7.95336e+11
7.95336e+11
7.95336e+11
7.95336e+11
7.95336e+11
7.95336e+11
7.95336e+11
7.95336e+11
7.95336e+11
7.95336e+11
7.95336e+11
7.95336e+11
7.95336e+11
7.95336e+11
7.95336e+11
7.95336e+11
7.95296e+11
7.91155e+11
7.91155e+11
7.70597e+11
7.70597e+11
7.70597e+11
7.70597e+11
7.70597e+11
7.70597e+11
7.70597e+11
7.70597e+11
7.70597e+11
7.70597e+11
7.70597e+11
7.70597e+11
7.70597e+11
7.70597e+11
7.70597e+11
7.70597e+11
7.70597e+11
7.70597e+11
7.70597e+11
7.70597e+11
7.70597e+11
7.70597e+11
7.70597e+11
7.70597e+11
7.70597e+11
7.70597e+11
7.70597e+11
7.70597e+11
7.70597e+11
7.70597e+11
7.70597e+11
7.70597e+11
7.70597e+11
7.70597e+11
7.70597e+11
7.70597e+11
7.70597e+11
7.70465e+11
7.70465e+11
7.70465e+11
7.70465e+11
7.70465e+11
7.70465e+11
7.70465e+11
7.70465e+11
7.70465e+11
7.70465e+11
7.70464e+11
7.70464e+11
7.70464e+11
7.70464e+11
7.70464e+11
7.70464e+11
7.70464e+11
7.70464e+11
7.70464e+11
7.70464e+11
7.65513e+11
7.65513e+11
7.65513e+11
7.65513e+11
7.65513e+11
7.63983e+11
7.616e+11
7.616e+11
7.616e+11
7.616e+11
7.616e+11
7.616e+11
7.616e+11
