8.06442e+11
8.06442e+11
8.06442e+11
8.06442e+11
8.02758e+11
8.02758e+11
8.02758e+11
8.02758e+11
8.02758e+11
8.02758e+11
8.02758e+11
8.02758e+11
8.02758e+11
8.02758e+11
8.02758e+11
8.02758e+11
8.02758e+11
8.02758e+11
8.02758e+11
8.02758e+11
8.02758e+11
8.02758e+11
8.02758e+11
8.02758e+11
8.02758e+11
8.02758e+11
8.02758e+11
8.02758e+11
8.02758e+11
8.02758e+11
8.02758e+11
7.93833e+11
7.93833e+11
7.93833e+11
7.93833e+11
7.93833e+11
7.93833e+11
7.93833e+11
7.93833e+11
7.93833e+11
7.93833e+11
7.93833e+11
7.93833e+11
7.93833e+11
7.93833e+11
7.93833e+11
7.93833e+11
7.93833e+11
7.93833e+11
7.93833e+11
7.93833e+11
7.93833e+11
7.93833e+11
7.93833e+11
7.93833e+11
7.93833e+11
7.93833e+11
7.93833e+11
7.93833e+11
7.93833e+11
7.93833e+11
7.93833e+11
7.93833e+11
7.93833e+11
7.93833e+11
7.93833e+11
7.93833e+11
7.93833e+11
7.93833e+11
7.93833e+11
7.93833e+11
7.93833e+11
7.93833e+11
7.93833e+11
7.93833e+11
7.93833e+11
7.93833e+11
7.93833e+11
7.93833e+11
7.92761e+11
7.92761e+11
7.92761e+11
7.92761e+11
7.92761e+11
7.92761e+11
7.92761e+11
7.92761e+11
7.92761e+11
7.92761e+11
7.92761e+11
7.92761e+11
7.92761e+11
7.92761e+11
7.92761e+11
7.92761e+11
7.92761e+11
7.92761e+11
7.92761e+11
7.92761e+11
7.92761e+11
7.92761e+11
7.92761e+11
7.92761e+11
7.92761e+11
7.92761e+11
7.92761e+11
7.92709e+11
7.86072e+11
7.86072e+11
7.86072e+11
7.86072e+11
7.86072e+11
7.86072e+11
7.85695e+11
7.85695e+11
7.85695e+11
7.85695e+11
7.82728e+11
7.82728e+11
7.82728e+11
7.82728e+11
7.82728e+11
7.82728e+11
7.82728e+11
7.82728e+11
7.82728e+11
7.82728e+11
7.82728e+11
7.82728e+11
7.82728e+11
7.82728e+11
7.82728e+11
7.82728e+11
7.82728e+11
7.82728e+11
7.82728e+11
