8.06442e+11
8.06442e+11
8.06442e+11
8.06442e+11
8.06442e+11
8.06442e+11
8.06442e+11
8.06442e+11
8.06442e+11
8.06442e+11
8.06442e+11
8.06442e+11
8.06442e+11
8.06442e+11
8.06442e+11
8.06441e+11
8.06441e+11
8.06441e+11
8.06441e+11
8.06441e+11
8.06441e+11
8.06441e+11
8.06441e+11
8.06441e+11
8.06298e+11
8.06298e+11
8.06298e+11
8.06298e+11
8.06298e+11
8.06298e+11
8.06298e+11
8.06298e+11
8.06298e+11
8.06298e+11
8.06298e+11
8.06298e+11
8.06298e+11
8.06298e+11
8.06298e+11
8.06298e+11
8.06298e+11
8.06298e+11
8.06298e+11
8.06298e+11
8.06298e+11
8.06298e+11
8.06298e+11
8.06298e+11
8.06298e+11
8.06298e+11
8.06298e+11
8.06298e+11
8.06298e+11
7.88967e+11
7.88967e+11
7.88967e+11
7.88967e+11
7.88967e+11
7.88967e+11
7.88967e+11
7.88449e+11
7.88449e+11
7.88449e+11
7.88449e+11
7.88449e+11
7.88449e+11
7.88449e+11
7.88449e+11
7.88449e+11
7.88449e+11
7.88449e+11
7.88449e+11
7.88449e+11
7.88449e+11
7.88449e+11
7.88449e+11
7.88449e+11
7.88449e+11
7.88449e+11
7.88449e+11
7.88449e+11
7.88449e+11
7.85224e+11
7.85224e+11
7.72889e+11
7.72889e+11
7.72889e+11
7.72889e+11
7.72889e+11
7.72889e+11
7.72889e+11
7.63869e+11
7.63869e+11
7.63869e+11
7.63869e+11
7.62804e+11
7.62337e+11
7.62337e+11
7.62337e+11
7.62337e+11
7.62337e+11
7.62337e+11
7.61226e+11
7.61226e+11
7.61226e+11
7.61226e+11
7.61226e+11
7.61226e+11
7.61226e+11
7.61226e+11
7.61226e+11
7.61226e+11
7.61226e+11
7.61226e+11
7.61226e+11
7.61226e+11
7.61226e+11
7.57262e+11
7.57262e+11
7.57262e+11
7.57262e+11
7.56605e+11
7.56605e+11
7.56605e+11
7.56605e+11
7.56605e+11
7.56605e+11
7.55104e+11
7.55104e+11
7.55104e+11
7.55104e+11
7.55104e+11
7.55104e+11
7.55104e+11
7.55104e+11
7.55104e+11
7.55104e+11
7.55104e+11
