8.06442e+11
8.06442e+11
8.06442e+11
8.06442e+11
8.06442e+11
8.06442e+11
8.06442e+11
8.06442e+11
8.06442e+11
8.06442e+11
8.06442e+11
8.06442e+11
8.06442e+11
8.06442e+11
8.06442e+11
7.96815e+11
7.96815e+11
7.96815e+11
7.96815e+11
7.96815e+11
7.96815e+11
7.76701e+11
7.76701e+11
7.76701e+11
7.74966e+11
7.74966e+11
7.74966e+11
7.73429e+11
7.70352e+11
7.70352e+11
7.70352e+11
7.70352e+11
7.70352e+11
7.70352e+11
7.70352e+11
7.70352e+11
7.70352e+11
7.70351e+11
7.70351e+11
7.70351e+11
7.70351e+11
7.70351e+11
7.70351e+11
7.70351e+11
7.7035e+11
7.7035e+11
7.7035e+11
7.7035e+11
7.7035e+11
7.7035e+11
7.7035e+11
7.7035e+11
7.7035e+11
7.7035e+11
7.7035e+11
7.7035e+11
7.7035e+11
7.7035e+11
7.7035e+11
7.7035e+11
7.7035e+11
7.7035e+11
7.64704e+11
7.64704e+11
7.64704e+11
7.64702e+11
7.64702e+11
7.64702e+11
7.64702e+11
7.64702e+11
7.64702e+11
7.64702e+11
7.64702e+11
7.63657e+11
7.63657e+11
7.63657e+11
7.63657e+11
7.63657e+11
7.63657e+11
7.62755e+11
7.62755e+11
7.62755e+11
7.62755e+11
7.62755e+11
7.62755e+11
7.62755e+11
7.62755e+11
7.62755e+11
7.62755e+11
7.62755e+11
7.62755e+11
7.62753e+11
7.62753e+11
7.62753e+11
7.62753e+11
7.62753e+11
7.62753e+11
7.62753e+11
7.62753e+11
7.62753e+11
7.62753e+11
7.62753e+11
7.62753e+11
7.62753e+11
7.62753e+11
7.62753e+11
7.59924e+11
7.59924e+11
7.59924e+11
7.59924e+11
7.59924e+11
7.59924e+11
7.59924e+11
7.59886e+11
7.59886e+11
7.59886e+11
7.59886e+11
7.59886e+11
7.59886e+11
7.59886e+11
7.59886e+11
7.59886e+11
7.59886e+11
7.59886e+11
7.59886e+11
7.59886e+11
7.59886e+11
7.59885e+11
7.59885e+11
7.59885e+11
7.59885e+11
7.59885e+11
7.59885e+11
7.59885e+11
7.59885e+11
7.59885e+11
7.59885e+11
7.59885e+11
7.59885e+11
7.59885e+11
