8.06442e+11
8.06442e+11
8.0536e+11
8.0536e+11
8.0536e+11
8.05334e+11
8.05334e+11
8.01938e+11
8.01938e+11
8.01937e+11
8.01937e+11
8.01937e+11
8.01937e+11
8.01937e+11
8.01937e+11
8.01937e+11
8.01937e+11
8.01937e+11
8.0086e+11
8.0086e+11
8.0086e+11
8.0086e+11
8.0054e+11
8.0054e+11
8.0054e+11
8.0054e+11
8.0054e+11
8.0054e+11
8.0054e+11
8.00346e+11
8.00346e+11
8.00346e+11
8.00346e+11
7.93496e+11
7.90862e+11
7.90862e+11
7.90862e+11
7.90862e+11
7.90862e+11
7.90862e+11
7.90862e+11
7.90862e+11
7.90862e+11
7.90862e+11
7.90862e+11
7.90862e+11
7.90862e+11
7.90862e+11
7.90862e+11
7.90862e+11
7.90862e+11
7.90862e+11
7.90862e+11
7.90862e+11
7.90862e+11
7.89752e+11
7.89752e+11
7.89752e+11
7.89737e+11
7.89737e+11
7.89737e+11
7.89737e+11
7.89737e+11
7.89737e+11
7.89737e+11
7.89737e+11
7.89737e+11
7.89737e+11
7.89737e+11
7.89737e+11
7.89737e+11
7.89737e+11
7.89737e+11
7.89737e+11
7.89737e+11
7.89737e+11
7.89737e+11
7.84112e+11
7.84112e+11
7.84112e+11
7.84112e+11
7.84112e+11
7.80826e+11
7.80826e+11
7.80826e+11
7.80824e+11
7.80824e+11
7.80824e+11
7.80824e+11
7.80824e+11
7.80817e+11
7.80817e+11
7.80817e+11
7.80817e+11
7.80817e+11
7.80817e+11
7.80817e+11
7.78594e+11
7.78594e+11
7.78594e+11
7.78594e+11
7.78594e+11
7.78039e+11
7.76942e+11
7.76942e+11
7.76942e+11
7.76942e+11
7.76942e+11
7.68495e+11
7.68495e+11
7.68495e+11
7.68495e+11
7.68495e+11
7.68495e+11
7.68495e+11
7.68495e+11
7.68495e+11
7.68495e+11
7.68495e+11
7.68495e+11
7.68495e+11
7.68495e+11
7.68495e+11
7.68495e+11
7.68495e+11
7.68495e+11
7.68495e+11
7.68495e+11
7.68495e+11
7.68495e+11
7.61297e+11
7.61297e+11
7.61297e+11
7.61297e+11
7.61297e+11
