8.06442e+11
7.87962e+11
7.87962e+11
7.8598e+11
7.8598e+11
7.8598e+11
7.8598e+11
7.8598e+11
7.8598e+11
7.8598e+11
7.77056e+11
7.76872e+11
7.76872e+11
7.76872e+11
7.76872e+11
7.76872e+11
7.76872e+11
7.76872e+11
7.76872e+11
7.76872e+11
7.76872e+11
7.76872e+11
7.76872e+11
7.76872e+11
7.76872e+11
7.76872e+11
7.76872e+11
7.76872e+11
7.76872e+11
7.76872e+11
7.76872e+11
7.76872e+11
7.76872e+11
7.76872e+11
7.71972e+11
7.71972e+11
7.71972e+11
7.71972e+11
7.71972e+11
7.71972e+11
7.71972e+11
7.71972e+11
7.71972e+11
7.71972e+11
7.71972e+11
7.71972e+11
7.71972e+11
7.71972e+11
7.71972e+11
7.71972e+11
7.71972e+11
7.71972e+11
7.71972e+11
7.71972e+11
7.71972e+11
7.71972e+11
7.71972e+11
7.71972e+11
7.71972e+11
7.71972e+11
7.71972e+11
7.71972e+11
7.71972e+11
7.71972e+11
7.71972e+11
7.71972e+11
7.71972e+11
7.71972e+11
7.71972e+11
7.71972e+11
7.71972e+11
7.71972e+11
7.71972e+11
7.71972e+11
7.71969e+11
7.71969e+11
7.71969e+11
7.71969e+11
7.71969e+11
7.71969e+11
7.71969e+11
7.71969e+11
7.71969e+11
7.70913e+11
7.70913e+11
7.67516e+11
7.67516e+11
7.6455e+11
7.6455e+11
7.6455e+11
7.6455e+11
7.6455e+11
7.6455e+11
7.6455e+11
7.6455e+11
7.6455e+11
7.6455e+11
7.64493e+11
7.64493e+11
7.64493e+11
7.64493e+11
7.64492e+11
7.64492e+11
7.64492e+11
7.64492e+11
7.64492e+11
7.64492e+11
7.63177e+11
7.63177e+11
7.63177e+11
7.63177e+11
7.63177e+11
7.63177e+11
7.63177e+11
7.63177e+11
7.63177e+11
7.62093e+11
7.62093e+11
7.62093e+11
7.62093e+11
7.62093e+11
7.62093e+11
7.62093e+11
7.62093e+11
7.62093e+11
7.62093e+11
7.62093e+11
7.62092e+11
7.62056e+11
7.62056e+11
7.62056e+11
7.62056e+11
7.62056e+11
7.62056e+11
7.62056e+11
7.62056e+11
7.62056e+11
