8.06442e+11
8.06442e+11
8.06442e+11
8.06442e+11
8.06442e+11
8.06442e+11
8.06442e+11
8.06442e+11
8.06442e+11
8.05353e+11
8.05353e+11
8.01436e+11
8.01436e+11
8.01436e+11
7.9804e+11
7.9804e+11
7.9802e+11
7.9802e+11
7.9802e+11
7.9802e+11
7.9802e+11
7.9802e+11
7.9802e+11
7.9802e+11
7.9802e+11
7.9802e+11
7.9802e+11
7.9802e+11
7.9802e+11
7.9802e+11
7.9802e+11
7.9802e+11
7.9802e+11
7.9802e+11
7.9802e+11
7.9802e+11
7.9802e+11
7.9802e+11
7.9802e+11
7.9802e+11
7.97992e+11
7.97992e+11
7.97992e+11
7.97992e+11
7.97992e+11
7.97992e+11
7.97992e+11
7.97992e+11
7.97992e+11
7.88918e+11
7.88918e+11
7.88918e+11
7.88918e+11
7.88918e+11
7.88042e+11
7.88042e+11
7.88042e+11
7.88042e+11
7.88042e+11
7.88042e+11
7.88042e+11
7.88042e+11
7.88042e+11
7.7609e+11
7.7609e+11
7.7609e+11
7.7609e+11
7.7609e+11
7.7609e+11
7.7609e+11
7.76047e+11
7.76047e+11
7.76047e+11
7.76047e+11
7.76047e+11
7.76047e+11
7.7539e+11
7.7539e+11
7.7539e+11
7.7539e+11
7.7539e+11
7.7539e+11
7.54941e+11
7.54941e+11
7.54941e+11
7.54941e+11
7.54941e+11
7.54941e+11
7.54941e+11
7.54941e+11
7.54941e+11
7.54941e+11
7.54941e+11
7.54941e+11
7.54941e+11
7.54941e+11
7.54941e+11
7.54941e+11
7.54941e+11
7.54941e+11
7.54941e+11
7.54941e+11
7.54941e+11
7.54941e+11
7.54941e+11
7.54941e+11
7.54941e+11
7.54941e+11
7.53658e+11
7.53658e+11
7.53658e+11
7.53658e+11
7.53658e+11
7.53658e+11
7.53658e+11
7.53658e+11
7.53658e+11
7.53658e+11
7.53658e+11
7.53658e+11
7.53658e+11
7.53658e+11
7.53658e+11
7.53658e+11
7.53658e+11
7.53658e+11
7.53658e+11
7.53658e+11
7.53658e+11
7.53658e+11
7.53658e+11
7.53658e+11
7.53658e+11
7.53658e+11
7.53658e+11
7.53658e+11
