8.06442e+11
8.06442e+11
8.03476e+11
8.03476e+11
8.03476e+11
8.03476e+11
8.03476e+11
8.03476e+11
8.03476e+11
8.03476e+11
8.03476e+11
8.03476e+11
8.03476e+11
8.03476e+11
8.03476e+11
8.03476e+11
8.03476e+11
8.03476e+11
8.03476e+11
8.03476e+11
8.03476e+11
8.03476e+11
8.03226e+11
8.03226e+11
8.02319e+11
8.02319e+11
8.02319e+11
8.02319e+11
8.01221e+11
8.01221e+11
8.01221e+11
8.01221e+11
8.01221e+11
8.01221e+11
8.01221e+11
8.01221e+11
8.01221e+11
7.84069e+11
7.84069e+11
7.84069e+11
7.83004e+11
7.83004e+11
7.83004e+11
7.83003e+11
7.83003e+11
7.83003e+11
7.83003e+11
7.83003e+11
7.83003e+11
7.82101e+11
7.78709e+11
7.78709e+11
7.78675e+11
7.78675e+11
7.78675e+11
7.78675e+11
7.78675e+11
7.78675e+11
7.78675e+11
7.784e+11
7.784e+11
7.784e+11
7.784e+11
7.784e+11
7.784e+11
7.784e+11
7.784e+11
7.784e+11
7.784e+11
7.784e+11
7.784e+11
7.68135e+11
7.68135e+11
7.68135e+11
7.68135e+11
7.67933e+11
7.67933e+11
7.67933e+11
7.67933e+11
7.67933e+11
7.67933e+11
7.67933e+11
7.67933e+11
7.67933e+11
7.67933e+11
7.67933e+11
7.67933e+11
7.67933e+11
7.67933e+11
7.67933e+11
7.67933e+11
7.67933e+11
7.67933e+11
7.67933e+11
7.67933e+11
7.67933e+11
7.67933e+11
7.67933e+11
7.67933e+11
7.67933e+11
7.67933e+11
7.67933e+11
7.67933e+11
7.67933e+11
7.67933e+11
7.67933e+11
7.67933e+11
7.67933e+11
7.67933e+11
7.67933e+11
7.67933e+11
7.67933e+11
7.67933e+11
7.67933e+11
7.67933e+11
7.67933e+11
7.67933e+11
7.67933e+11
7.67933e+11
7.67933e+11
7.67933e+11
7.67933e+11
7.67933e+11
7.67933e+11
7.67933e+11
7.67933e+11
7.67933e+11
7.67932e+11
7.67932e+11
7.66088e+11
7.66088e+11
7.66088e+11
7.66088e+11
7.66088e+11
7.66088e+11
7.66088e+11
7.66088e+11
