8.06442e+11
8.06442e+11
8.06442e+11
8.06441e+11
8.06441e+11
8.06441e+11
8.06441e+11
8.06441e+11
8.06441e+11
8.06441e+11
8.06441e+11
8.06441e+11
8.06441e+11
8.06441e+11
8.06441e+11
8.06441e+11
8.06441e+11
8.06441e+11
8.06441e+11
8.06441e+11
8.06441e+11
8.06441e+11
8.05886e+11
8.05886e+11
8.05886e+11
8.05886e+11
8.05886e+11
8.05886e+11
8.05886e+11
8.05886e+11
8.05886e+11
8.05886e+11
8.05886e+11
8.05886e+11
8.05886e+11
8.05886e+11
8.05886e+11
8.05886e+11
8.05886e+11
8.05886e+11
8.05886e+11
8.05886e+11
8.05886e+11
8.05886e+11
8.01536e+11
8.01536e+11
8.01536e+11
8.01536e+11
8.01536e+11
8.01087e+11
8.01087e+11
8.01087e+11
8.01087e+11
8.01087e+11
8.01087e+11
8.01087e+11
8.01087e+11
8.01087e+11
8.01087e+11
8.01087e+11
8.01087e+11
8.01087e+11
8.01087e+11
8.01087e+11
8.01087e+11
8.01087e+11
8.01087e+11
8.01087e+11
8.01087e+11
8.01087e+11
8.01087e+11
8.01087e+11
8.01087e+11
8.01087e+11
8.00119e+11
8.00119e+11
8.00119e+11
7.96798e+11
7.96798e+11
7.96798e+11
7.96798e+11
7.93659e+11
7.785e+11
7.785e+11
7.785e+11
7.785e+11
7.785e+11
7.67588e+11
7.67588e+11
7.67588e+11
7.67588e+11
7.67588e+11
7.67588e+11
7.67588e+11
7.67588e+11
7.67588e+11
7.67588e+11
7.67576e+11
7.67576e+11
7.67576e+11
7.67576e+11
7.67576e+11
7.67576e+11
7.64679e+11
7.64679e+11
7.64679e+11
7.64679e+11
7.64679e+11
7.64679e+11
7.64679e+11
7.64679e+11
7.646e+11
7.646e+11
7.646e+11
7.646e+11
7.646e+11
7.646e+11
7.646e+11
7.646e+11
7.646e+11
7.646e+11
7.646e+11
7.646e+11
7.646e+11
7.646e+11
7.646e+11
7.646e+11
7.646e+11
7.646e+11
7.646e+11
7.646e+11
7.646e+11
7.646e+11
7.646e+11
7.646e+11
