8.06442e+11
8.06442e+11
8.06442e+11
8.06442e+11
8.06442e+11
8.06442e+11
8.06442e+11
8.06442e+11
8.06442e+11
8.05351e+11
8.05351e+11
8.05349e+11
8.05349e+11
8.05349e+11
8.05349e+11
7.96201e+11
7.96201e+11
7.96201e+11
7.96201e+11
7.96201e+11
7.96201e+11
7.96201e+11
7.96201e+11
7.96201e+11
7.96201e+11
7.96201e+11
7.96201e+11
7.96201e+11
7.96201e+11
7.96201e+11
7.95686e+11
7.95686e+11
7.95686e+11
7.95686e+11
7.95686e+11
7.93663e+11
7.93663e+11
7.88044e+11
7.88044e+11
7.88044e+11
7.88044e+11
7.77132e+11
7.77132e+11
7.77132e+11
7.77131e+11
7.77083e+11
7.77083e+11
7.77083e+11
7.77083e+11
7.77083e+11
7.77083e+11
7.77083e+11
7.77083e+11
7.77083e+11
7.77083e+11
7.77083e+11
7.77083e+11
7.77083e+11
7.77083e+11
7.77083e+11
7.77083e+11
7.77083e+11
7.77083e+11
7.77083e+11
7.56932e+11
7.56932e+11
7.56932e+11
7.56932e+11
7.56932e+11
7.56932e+11
7.56932e+11
7.56932e+11
7.56932e+11
7.56932e+11
7.56932e+11
7.56932e+11
7.56932e+11
7.56932e+11
7.56932e+11
7.56932e+11
7.56932e+11
7.56929e+11
7.56929e+11
7.56929e+11
7.56929e+11
7.56929e+11
7.56929e+11
7.56929e+11
7.56929e+11
7.56929e+11
7.56929e+11
7.56929e+11
7.56929e+11
7.56929e+11
7.56929e+11
7.56929e+11
7.56929e+11
7.56929e+11
7.56929e+11
7.56929e+11
7.56929e+11
7.56929e+11
7.56929e+11
7.56929e+11
7.56929e+11
7.56929e+11
7.56929e+11
7.56929e+11
7.56929e+11
7.56929e+11
7.56927e+11
7.56927e+11
7.56927e+11
7.56927e+11
7.56927e+11
7.56927e+11
7.56927e+11
7.55845e+11
7.55845e+11
7.55845e+11
7.55845e+11
7.55845e+11
7.55845e+11
7.55843e+11
7.55843e+11
7.55843e+11
7.55843e+11
7.55843e+11
7.55843e+11
7.55843e+11
7.55843e+11
7.55843e+11
7.55843e+11
7.55843e+11
7.55843e+11
7.55843e+11
7.55843e+11
7.55843e+11
7.55843e+11
