8.06442e+11
8.06442e+11
8.06442e+11
7.96533e+11
7.96533e+11
7.96533e+11
7.96533e+11
7.96533e+11
7.96533e+11
7.96533e+11
7.96533e+11
7.96533e+11
7.79393e+11
7.79393e+11
7.79393e+11
7.79393e+11
7.78879e+11
7.78879e+11
7.75009e+11
7.74977e+11
7.74792e+11
7.74792e+11
7.74792e+11
7.74792e+11
7.74792e+11
7.71914e+11
7.71914e+11
7.67278e+11
7.67278e+11
7.67277e+11
7.67277e+11
7.64231e+11
7.64231e+11
7.64231e+11
7.64231e+11
7.64231e+11
7.64231e+11
7.64231e+11
7.63956e+11
7.63956e+11
7.63956e+11
7.63956e+11
7.63956e+11
7.63956e+11
7.63956e+11
7.63956e+11
7.63956e+11
7.63956e+11
7.63956e+11
7.63956e+11
7.63956e+11
7.63956e+11
7.63956e+11
7.63956e+11
7.63956e+11
7.63956e+11
7.63956e+11
7.63956e+11
7.63956e+11
7.63956e+11
7.63956e+11
7.63956e+11
7.63956e+11
7.63956e+11
7.63956e+11
7.63956e+11
7.62995e+11
7.62995e+11
7.62995e+11
7.62995e+11
7.62995e+11
7.62995e+11
7.62995e+11
7.62995e+11
7.62995e+11
7.62995e+11
7.62995e+11
7.62995e+11
7.62995e+11
7.62995e+11
7.62995e+11
7.62995e+11
7.62995e+11
7.62995e+11
7.62995e+11
7.62995e+11
7.62995e+11
7.62995e+11
7.62995e+11
7.62995e+11
7.62995e+11
7.62995e+11
7.62995e+11
7.62995e+11
7.62995e+11
7.62995e+11
7.62992e+11
7.62992e+11
7.62992e+11
7.62992e+11
7.62992e+11
7.62992e+11
7.62992e+11
7.62992e+11
7.62992e+11
7.62992e+11
7.62992e+11
7.62992e+11
7.62992e+11
7.62992e+11
7.62992e+11
7.62992e+11
7.62992e+11
7.62992e+11
7.62991e+11
7.62991e+11
7.62991e+11
7.62991e+11
7.62991e+11
7.62991e+11
7.62991e+11
7.62991e+11
7.62991e+11
7.62991e+11
7.62991e+11
7.62991e+11
7.62991e+11
7.6299e+11
7.6299e+11
7.6299e+11
7.6299e+11
7.62473e+11
7.62473e+11
7.62472e+11
7.62472e+11
7.62472e+11
7.62472e+11
7.62472e+11
