8.06442e+11
8.06442e+11
8.06442e+11
8.06442e+11
8.06442e+11
8.06442e+11
8.06442e+11
8.06442e+11
8.06442e+11
8.06442e+11
8.06442e+11
8.06442e+11
8.06442e+11
8.06442e+11
8.06442e+11
8.06442e+11
8.06442e+11
8.06442e+11
8.06442e+11
8.0589e+11
8.0589e+11
8.0589e+11
8.0589e+11
8.0589e+11
8.0589e+11
8.0589e+11
8.0589e+11
8.0589e+11
8.0589e+11
8.0589e+11
8.0589e+11
7.85493e+11
7.84445e+11
7.84445e+11
7.83538e+11
7.83538e+11
7.83538e+11
7.83538e+11
7.83538e+11
7.83538e+11
7.7424e+11
7.7424e+11
7.7424e+11
7.7424e+11
7.7424e+11
7.7424e+11
7.7424e+11
7.7424e+11
7.7424e+11
7.7424e+11
7.7424e+11
7.7424e+11
7.71411e+11
7.71411e+11
7.71253e+11
7.71253e+11
7.71064e+11
7.71064e+11
7.71064e+11
7.71064e+11
7.71064e+11
7.71064e+11
7.71064e+11
7.71064e+11
7.70732e+11
7.70732e+11
7.70732e+11
7.70732e+11
7.6966e+11
7.6966e+11
7.6966e+11
7.69599e+11
7.69599e+11
7.69599e+11
7.69599e+11
7.69599e+11
7.69599e+11
7.63356e+11
7.63356e+11
7.63356e+11
7.63356e+11
7.63356e+11
7.63356e+11
7.63356e+11
7.63356e+11
7.59618e+11
7.59618e+11
7.59618e+11
7.59618e+11
7.59618e+11
7.59618e+11
7.59618e+11
7.59618e+11
7.59618e+11
7.59618e+11
7.59618e+11
7.59618e+11
7.59618e+11
7.59618e+11
7.59618e+11
7.596e+11
7.596e+11
7.596e+11
7.596e+11
7.596e+11
7.596e+11
7.596e+11
7.596e+11
7.596e+11
7.596e+11
7.596e+11
7.596e+11
7.596e+11
7.596e+11
7.596e+11
7.596e+11
7.59598e+11
7.59598e+11
7.59598e+11
7.59598e+11
7.59598e+11
7.59598e+11
7.59598e+11
7.59597e+11
7.59597e+11
7.59597e+11
7.59597e+11
7.59597e+11
7.59597e+11
7.59597e+11
7.59597e+11
7.59597e+11
7.59596e+11
7.59596e+11
7.59596e+11
