8.06442e+11
8.06003e+11
8.06003e+11
8.06003e+11
8.06003e+11
8.06003e+11
8.06003e+11
8.06003e+11
8.06003e+11
8.06003e+11
8.06003e+11
8.06003e+11
8.06003e+11
8.06003e+11
8.06003e+11
8.06003e+11
8.06003e+11
8.06003e+11
8.06003e+11
8.06003e+11
8.06003e+11
8.06003e+11
8.06003e+11
8.06003e+11
8.06003e+11
8.06003e+11
8.06003e+11
8.06003e+11
8.06003e+11
8.06003e+11
8.06003e+11
8.06003e+11
8.06003e+11
8.06003e+11
8.06003e+11
8.06003e+11
8.06003e+11
8.06003e+11
8.06003e+11
8.06003e+11
8.06003e+11
8.06003e+11
8.06003e+11
8.04905e+11
8.04905e+11
8.04905e+11
8.04905e+11
8.04905e+11
8.04905e+11
8.04905e+11
8.04905e+11
8.04905e+11
8.04905e+11
8.04905e+11
8.04905e+11
8.04905e+11
8.04905e+11
8.04905e+11
8.04905e+11
8.04905e+11
8.04905e+11
8.03795e+11
8.03795e+11
8.03795e+11
7.9884e+11
7.9884e+11
7.9884e+11
7.9884e+11
7.9884e+11
7.9884e+11
7.9884e+11
7.9884e+11
7.95699e+11
7.95699e+11
7.95697e+11
7.95697e+11
7.95697e+11
7.95697e+11
7.95697e+11
7.95697e+11
7.95574e+11
7.95574e+11
7.95569e+11
7.95569e+11
7.95569e+11
7.95569e+11
7.95569e+11
7.95569e+11
7.95569e+11
7.95569e+11
7.93032e+11
7.93032e+11
7.93032e+11
7.93032e+11
7.93032e+11
7.93032e+11
7.93032e+11
7.93032e+11
7.93032e+11
7.93032e+11
7.93032e+11
7.93032e+11
7.93032e+11
7.93032e+11
7.93032e+11
7.93032e+11
7.93032e+11
7.93032e+11
7.93032e+11
7.93032e+11
7.93032e+11
7.93032e+11
7.93032e+11
7.85585e+11
7.85585e+11
7.85584e+11
7.85584e+11
7.85584e+11
7.85584e+11
7.85584e+11
7.85584e+11
7.85584e+11
7.85584e+11
7.85584e+11
7.85584e+11
7.85584e+11
7.85584e+11
7.85584e+11
7.85584e+11
7.85584e+11
7.85584e+11
7.85584e+11
7.85584e+11
7.85584e+11
7.75705e+11
7.75705e+11
7.75681e+11
7.75681e+11
