8.06442e+11
8.06442e+11
8.06442e+11
8.06442e+11
8.06442e+11
8.05525e+11
7.966e+11
7.966e+11
7.966e+11
7.966e+11
7.966e+11
7.966e+11
7.966e+11
7.966e+11
7.966e+11
7.966e+11
7.966e+11
7.966e+11
7.966e+11
7.966e+11
7.966e+11
7.966e+11
7.96599e+11
7.96599e+11
7.96599e+11
7.96599e+11
7.96599e+11
7.96599e+11
7.96599e+11
7.96599e+11
7.96599e+11
7.96599e+11
7.96599e+11
7.96275e+11
7.96275e+11
7.96275e+11
7.96275e+11
7.96275e+11
7.96275e+11
7.95204e+11
7.92117e+11
7.92117e+11
7.89581e+11
7.89581e+11
7.89581e+11
7.89581e+11
7.89581e+11
7.89581e+11
7.89581e+11
7.89581e+11
7.89581e+11
7.89581e+11
7.89581e+11
7.89581e+11
7.89581e+11
7.89581e+11
7.89581e+11
7.89581e+11
7.88895e+11
7.88895e+11
7.88895e+11
7.88895e+11
7.88895e+11
7.87344e+11
7.87344e+11
7.87344e+11
7.87344e+11
7.87344e+11
7.85589e+11
7.85589e+11
7.85589e+11
7.85589e+11
7.85589e+11
7.85589e+11
7.85589e+11
7.85589e+11
7.70453e+11
7.70453e+11
7.70453e+11
7.70453e+11
7.70453e+11
7.70453e+11
7.70453e+11
7.70453e+11
7.70453e+11
7.70453e+11
7.70453e+11
7.70453e+11
7.70453e+11
7.70453e+11
7.70453e+11
7.70453e+11
7.70453e+11
7.70453e+11
7.70453e+11
7.70453e+11
7.70453e+11
7.70453e+11
7.70453e+11
7.70453e+11
7.70453e+11
7.70453e+11
7.70453e+11
7.70453e+11
7.70453e+11
7.70453e+11
7.70453e+11
7.70453e+11
7.70453e+11
7.70453e+11
7.70453e+11
7.70426e+11
7.70426e+11
7.70426e+11
7.70426e+11
7.70426e+11
7.70426e+11
7.70426e+11
7.67959e+11
7.67959e+11
7.67926e+11
7.67926e+11
7.67926e+11
7.5471e+11
7.51744e+11
7.51744e+11
7.51744e+11
7.51744e+11
7.51677e+11
7.51677e+11
7.51677e+11
7.51677e+11
7.51677e+11
7.51677e+11
7.51677e+11
7.51677e+11
7.51677e+11
7.51677e+11
7.51677e+11
7.51677e+11
