8.06442e+11
7.97567e+11
7.97567e+11
7.96714e+11
7.96714e+11
7.96714e+11
7.96714e+11
7.96714e+11
7.96714e+11
7.96714e+11
7.95906e+11
7.95906e+11
7.95906e+11
7.94042e+11
7.94042e+11
7.94041e+11
7.94041e+11
7.94041e+11
7.94041e+11
7.94041e+11
7.94041e+11
7.94041e+11
7.94037e+11
7.94037e+11
7.9366e+11
7.9366e+11
7.9366e+11
7.9366e+11
7.9366e+11
7.9366e+11
7.9366e+11
7.9366e+11
7.9366e+11
7.93523e+11
7.93523e+11
7.93523e+11
7.93523e+11
7.93523e+11
7.93523e+11
7.93523e+11
7.93523e+11
7.93523e+11
7.93523e+11
7.93523e+11
7.93523e+11
7.93523e+11
7.93523e+11
7.93523e+11
7.93523e+11
7.93523e+11
7.93523e+11
7.93523e+11
7.93523e+11
7.93523e+11
7.93523e+11
7.93523e+11
7.93523e+11
7.93523e+11
7.93523e+11
7.93523e+11
7.93523e+11
7.92781e+11
7.92781e+11
7.92781e+11
7.92781e+11
7.92781e+11
7.92781e+11
7.92781e+11
7.92781e+11
7.92781e+11
7.92781e+11
7.92781e+11
7.92781e+11
7.92781e+11
7.92781e+11
7.88145e+11
7.88145e+11
7.88145e+11
7.88145e+11
7.88145e+11
7.88145e+11
7.88145e+11
7.88145e+11
7.88145e+11
7.88145e+11
7.88145e+11
7.88145e+11
7.88145e+11
7.88145e+11
7.88145e+11
7.85316e+11
7.85316e+11
7.85316e+11
7.85316e+11
7.85316e+11
7.85316e+11
7.85316e+11
7.85316e+11
7.85316e+11
7.85316e+11
7.85316e+11
7.85316e+11
7.85316e+11
7.85316e+11
7.85316e+11
7.85316e+11
7.85315e+11
7.85315e+11
7.85315e+11
7.85315e+11
7.85315e+11
7.85315e+11
7.85315e+11
7.85315e+11
7.85315e+11
7.83702e+11
7.83702e+11
7.83702e+11
7.83702e+11
7.83702e+11
7.83702e+11
7.83702e+11
7.83702e+11
7.83702e+11
7.83702e+11
7.83702e+11
7.83702e+11
7.83702e+11
7.83444e+11
7.83444e+11
7.83444e+11
7.83444e+11
7.83444e+11
7.83444e+11
7.83444e+11
7.83444e+11
7.83444e+11
