8.06442e+11
8.06442e+11
8.06442e+11
8.06442e+11
8.06442e+11
7.90816e+11
7.89751e+11
7.89751e+11
7.89751e+11
7.89751e+11
7.89751e+11
7.89751e+11
7.89751e+11
7.85581e+11
7.85581e+11
7.85453e+11
7.84896e+11
7.84894e+11
7.84894e+11
7.84893e+11
7.78645e+11
7.78645e+11
7.78645e+11
7.78645e+11
7.78645e+11
7.78645e+11
7.78645e+11
7.77635e+11
7.77635e+11
7.77635e+11
7.77635e+11
7.77635e+11
7.77635e+11
7.77635e+11
7.77635e+11
7.77635e+11
7.77635e+11
7.77635e+11
7.77635e+11
7.77635e+11
7.77635e+11
7.77635e+11
7.77635e+11
7.77635e+11
7.77635e+11
7.77635e+11
7.77635e+11
7.77635e+11
7.77635e+11
7.77635e+11
7.77635e+11
7.77635e+11
7.77635e+11
7.77635e+11
7.77635e+11
7.77635e+11
7.77635e+11
7.77635e+11
7.77635e+11
7.77635e+11
7.77635e+11
7.77635e+11
7.77635e+11
7.77635e+11
7.77635e+11
7.77635e+11
7.77635e+11
7.77635e+11
7.77635e+11
7.77635e+11
7.77635e+11
7.77635e+11
7.77635e+11
7.77635e+11
7.77635e+11
7.77635e+11
7.77635e+11
7.77635e+11
7.67658e+11
7.67658e+11
7.67658e+11
7.67658e+11
7.67658e+11
7.67658e+11
7.67658e+11
7.67658e+11
7.67658e+11
7.67658e+11
7.67658e+11
7.67658e+11
7.67658e+11
7.67658e+11
7.67658e+11
7.67658e+11
7.67658e+11
7.67658e+11
7.66695e+11
7.66695e+11
7.66695e+11
7.66695e+11
7.66636e+11
7.66636e+11
7.63848e+11
7.63848e+11
7.63848e+11
7.63848e+11
7.63848e+11
7.63848e+11
7.63848e+11
7.63848e+11
7.63848e+11
7.63848e+11
7.63848e+11
7.63848e+11
7.63848e+11
7.63848e+11
7.63848e+11
7.63848e+11
7.63848e+11
7.63848e+11
7.63848e+11
7.63848e+11
7.63848e+11
7.63848e+11
7.63848e+11
7.63848e+11
7.63848e+11
7.63848e+11
7.63848e+11
7.63848e+11
7.63848e+11
7.58856e+11
7.58856e+11
7.58856e+11
7.58856e+11
7.58856e+11
7.58856e+11
7.58856e+11
7.58856e+11
7.58856e+11
