8.06442e+11
8.06442e+11
8.06442e+11
8.06442e+11
8.06442e+11
8.05349e+11
8.05349e+11
8.05349e+11
8.05349e+11
8.05349e+11
8.05349e+11
8.05349e+11
8.05349e+11
8.05349e+11
8.05349e+11
7.97655e+11
7.97655e+11
7.97655e+11
7.97279e+11
7.97279e+11
7.95191e+11
7.95191e+11
7.95191e+11
7.75395e+11
7.75395e+11
7.75395e+11
7.75395e+11
7.75395e+11
7.75395e+11
7.75395e+11
7.75395e+11
7.75395e+11
7.64004e+11
7.64004e+11
7.63456e+11
7.63456e+11
7.63456e+11
7.63456e+11
7.63456e+11
7.63456e+11
7.63456e+11
7.63456e+11
7.63456e+11
7.63456e+11
7.63456e+11
7.63456e+11
7.63456e+11
7.63456e+11
7.63456e+11
7.63456e+11
7.63456e+11
7.63456e+11
7.63456e+11
7.63456e+11
7.63456e+11
7.63456e+11
7.6316e+11
7.6316e+11
7.6316e+11
7.60427e+11
7.60427e+11
7.60427e+11
7.60427e+11
7.60426e+11
7.60426e+11
7.60426e+11
7.60426e+11
7.60426e+11
7.60426e+11
7.60426e+11
7.60426e+11
7.60426e+11
7.60426e+11
7.60426e+11
7.60426e+11
7.60426e+11
7.60424e+11
7.60424e+11
7.59757e+11
7.59757e+11
7.59757e+11
7.59757e+11
7.59757e+11
7.59757e+11
7.59754e+11
7.59754e+11
7.59754e+11
7.59754e+11
7.59754e+11
7.59754e+11
7.59754e+11
7.59754e+11
7.59754e+11
7.59754e+11
7.59754e+11
7.59754e+11
7.59753e+11
7.59685e+11
7.59685e+11
7.59685e+11
7.59685e+11
7.59685e+11
7.59685e+11
7.59685e+11
7.59685e+11
7.59685e+11
7.59685e+11
7.59685e+11
7.59685e+11
7.59685e+11
7.59685e+11
7.59685e+11
7.59685e+11
7.59685e+11
7.59685e+11
7.59685e+11
7.59685e+11
7.55707e+11
7.55707e+11
7.55707e+11
7.55707e+11
7.55707e+11
7.55707e+11
7.55707e+11
7.55707e+11
7.55707e+11
7.55707e+11
7.55707e+11
7.55707e+11
7.55707e+11
7.55705e+11
7.54686e+11
7.54686e+11
7.54686e+11
7.54686e+11
