8.06442e+11
8.06442e+11
8.04875e+11
8.04875e+11
8.04875e+11
8.04875e+11
8.04875e+11
8.04875e+11
8.04875e+11
8.04875e+11
8.04875e+11
8.04875e+11
8.04875e+11
8.04875e+11
7.9417e+11
7.9417e+11
7.9417e+11
7.9417e+11
7.9417e+11
7.9417e+11
7.9417e+11
7.9417e+11
7.9417e+11
7.9417e+11
7.9417e+11
7.9417e+11
7.9417e+11
7.9417e+11
7.9417e+11
7.9417e+11
7.9417e+11
7.83259e+11
7.83259e+11
7.83259e+11
7.83259e+11
7.83259e+11
7.83259e+11
7.83221e+11
7.83221e+11
7.83221e+11
7.83221e+11
7.83221e+11
7.83221e+11
7.83141e+11
7.83141e+11
7.83141e+11
7.80798e+11
7.80798e+11
7.80798e+11
7.80798e+11
7.80798e+11
7.80798e+11
7.80798e+11
7.80798e+11
7.80798e+11
7.80798e+11
7.80798e+11
7.80798e+11
7.80669e+11
7.80669e+11
7.80669e+11
7.80669e+11
7.80668e+11
7.80668e+11
7.80668e+11
7.80668e+11
7.80668e+11
7.80668e+11
7.80668e+11
7.80668e+11
7.80668e+11
7.80668e+11
7.70834e+11
7.70834e+11
7.70834e+11
7.70834e+11
7.70834e+11
7.70834e+11
7.70834e+11
7.70834e+11
7.70834e+11
7.70834e+11
7.70834e+11
7.70834e+11
7.70834e+11
7.70834e+11
7.70834e+11
7.70834e+11
7.70834e+11
7.70834e+11
7.70834e+11
7.70834e+11
7.70834e+11
7.70834e+11
7.70834e+11
7.70834e+11
7.70834e+11
7.70834e+11
7.70834e+11
7.70834e+11
7.70834e+11
7.70834e+11
7.70834e+11
7.69719e+11
7.69719e+11
7.69719e+11
7.69719e+11
7.69719e+11
7.69719e+11
7.69719e+11
7.69719e+11
7.69719e+11
7.69719e+11
7.69719e+11
7.69719e+11
7.69719e+11
7.69719e+11
7.69719e+11
7.69717e+11
7.69717e+11
7.69716e+11
7.69716e+11
7.69716e+11
7.69716e+11
7.69716e+11
7.69716e+11
7.68634e+11
7.68634e+11
7.68634e+11
7.68634e+11
7.68634e+11
7.68634e+11
7.68634e+11
7.68634e+11
7.68634e+11
7.68634e+11
7.68634e+11
7.68634e+11
7.68634e+11
