8.06442e+11
7.96815e+11
7.96815e+11
7.96815e+11
7.96815e+11
7.96815e+11
7.96815e+11
7.96815e+11
7.96815e+11
7.95898e+11
7.95898e+11
7.95898e+11
7.95898e+11
7.95898e+11
7.95898e+11
7.95774e+11
7.95774e+11
7.77532e+11
7.77532e+11
7.77532e+11
7.77532e+11
7.77532e+11
7.77532e+11
7.74927e+11
7.74927e+11
7.74927e+11
7.74927e+11
7.74927e+11
7.74927e+11
7.74927e+11
7.74927e+11
7.74927e+11
7.74927e+11
7.74927e+11
7.74772e+11
7.74772e+11
7.74772e+11
7.74772e+11
7.7373e+11
7.7373e+11
7.7373e+11
7.7373e+11
7.7373e+11
7.7373e+11
7.7373e+11
7.7373e+11
7.7373e+11
7.7373e+11
7.7373e+11
7.7373e+11
7.7373e+11
7.7373e+11
7.7373e+11
7.7373e+11
7.7373e+11
7.7373e+11
7.7373e+11
7.7373e+11
7.7373e+11
7.7373e+11
7.7373e+11
7.7373e+11
7.7373e+11
7.7373e+11
7.7373e+11
7.7373e+11
7.7373e+11
7.693e+11
7.693e+11
7.693e+11
7.693e+11
7.693e+11
7.693e+11
7.693e+11
7.693e+11
7.693e+11
7.693e+11
7.693e+11
7.693e+11
7.693e+11
7.693e+11
7.693e+11
7.693e+11
7.693e+11
7.693e+11
7.693e+11
7.693e+11
7.693e+11
7.693e+11
7.66472e+11
7.66472e+11
7.66472e+11
7.66472e+11
7.66472e+11
7.66472e+11
7.66472e+11
7.66472e+11
7.66472e+11
7.66472e+11
7.66472e+11
7.66472e+11
7.66472e+11
7.66472e+11
7.66472e+11
7.66472e+11
7.66391e+11
7.66391e+11
7.66391e+11
7.66391e+11
7.66391e+11
7.66391e+11
7.66391e+11
7.66391e+11
7.66391e+11
7.66391e+11
7.66391e+11
7.66391e+11
7.66391e+11
7.66391e+11
7.5209e+11
7.5209e+11
7.5209e+11
7.5209e+11
7.5209e+11
7.5209e+11
7.5209e+11
7.5209e+11
7.5209e+11
7.5209e+11
7.5209e+11
7.5209e+11
7.5209e+11
7.5209e+11
7.5209e+11
7.5209e+11
7.5209e+11
7.5209e+11
7.5209e+11
