8.06442e+11
8.05926e+11
8.05926e+11
8.05926e+11
7.85273e+11
7.85273e+11
7.85273e+11
7.85273e+11
7.85273e+11
7.85273e+11
7.85272e+11
7.85271e+11
7.85271e+11
7.85271e+11
7.85271e+11
7.85271e+11
7.85271e+11
7.85271e+11
7.85269e+11
7.81869e+11
7.81869e+11
7.72945e+11
7.72945e+11
7.72945e+11
7.72945e+11
7.72945e+11
7.72945e+11
7.72945e+11
7.72945e+11
7.72945e+11
7.72945e+11
7.72945e+11
7.72945e+11
7.72945e+11
7.72945e+11
7.72945e+11
7.72945e+11
7.72945e+11
7.72945e+11
7.72945e+11
7.72945e+11
7.72945e+11
7.72945e+11
7.72945e+11
7.72945e+11
7.72945e+11
7.72945e+11
7.72945e+11
7.72945e+11
7.72525e+11
7.72525e+11
7.72525e+11
7.72525e+11
7.72524e+11
7.72524e+11
7.72524e+11
7.71804e+11
7.71804e+11
7.71804e+11
7.71431e+11
7.71431e+11
7.71431e+11
7.71431e+11
7.7139e+11
7.7139e+11
7.7139e+11
7.7139e+11
7.7139e+11
7.7139e+11
7.7139e+11
7.7139e+11
7.7139e+11
7.7139e+11
7.7139e+11
7.7139e+11
7.7139e+11
7.7139e+11
7.7139e+11
7.7139e+11
7.7139e+11
7.7139e+11
7.7139e+11
7.7139e+11
7.7139e+11
7.7139e+11
7.7139e+11
7.7139e+11
7.7139e+11
7.7139e+11
7.7139e+11
7.7139e+11
7.7139e+11
7.7139e+11
7.7139e+11
7.7139e+11
7.7139e+11
7.7139e+11
7.7139e+11
7.7139e+11
7.69952e+11
7.69952e+11
7.69092e+11
7.69092e+11
7.69092e+11
7.69092e+11
7.69092e+11
7.69092e+11
7.69092e+11
7.69092e+11
7.69092e+11
7.69092e+11
7.69092e+11
7.69092e+11
7.69092e+11
7.69092e+11
7.69092e+11
7.69092e+11
7.69092e+11
7.69092e+11
7.69092e+11
7.69092e+11
7.6805e+11
7.6805e+11
7.6805e+11
7.6805e+11
7.6805e+11
7.6805e+11
7.55563e+11
7.55561e+11
7.55561e+11
7.55561e+11
7.55561e+11
7.54145e+11
7.54145e+11
7.54144e+11
7.54144e+11
7.54144e+11
7.54144e+11
