8.06442e+11
8.06442e+11
8.06442e+11
8.06442e+11
8.06442e+11
8.06442e+11
8.06442e+11
8.06442e+11
8.06442e+11
8.06442e+11
8.06442e+11
8.06442e+11
8.0306e+11
8.0306e+11
8.0306e+11
8.0306e+11
8.0306e+11
8.0306e+11
8.0306e+11
8.0306e+11
8.0306e+11
8.0306e+11
8.0306e+11
8.03059e+11
8.03059e+11
8.03059e+11
8.03059e+11
8.03059e+11
8.03059e+11
8.03059e+11
8.0178e+11
8.0178e+11
8.0178e+11
8.0178e+11
8.0178e+11
8.0178e+11
8.0178e+11
8.0178e+11
8.0178e+11
8.0178e+11
8.0178e+11
8.0178e+11
8.0178e+11
8.0178e+11
8.0178e+11
8.0178e+11
8.0178e+11
8.01778e+11
8.01678e+11
8.01678e+11
8.01678e+11
8.01678e+11
8.01678e+11
8.01678e+11
8.01678e+11
8.01678e+11
8.01678e+11
8.01678e+11
8.01678e+11
8.01678e+11
8.01678e+11
8.01678e+11
8.01678e+11
8.01678e+11
8.01678e+11
8.01678e+11
8.01678e+11
8.01678e+11
8.01678e+11
8.01678e+11
8.00931e+11
8.00931e+11
8.00931e+11
7.98318e+11
7.98318e+11
7.98318e+11
7.98318e+11
7.98318e+11
7.98318e+11
7.98318e+11
7.98318e+11
7.98318e+11
7.98318e+11
7.98318e+11
7.98318e+11
7.98318e+11
7.98318e+11
7.98318e+11
7.98318e+11
7.98318e+11
7.98318e+11
7.98318e+11
7.98318e+11
7.98306e+11
7.98306e+11
7.98306e+11
7.98306e+11
7.98306e+11
7.98306e+11
7.98306e+11
7.98306e+11
7.92536e+11
7.92536e+11
7.92536e+11
7.92536e+11
7.92536e+11
7.92536e+11
7.92536e+11
7.92536e+11
7.92536e+11
7.92536e+11
7.92536e+11
7.92536e+11
7.92536e+11
7.92536e+11
7.72946e+11
7.72946e+11
7.72946e+11
7.72946e+11
7.72946e+11
7.72946e+11
7.72946e+11
7.72946e+11
7.72946e+11
7.72946e+11
7.72946e+11
7.72946e+11
7.72946e+11
7.72946e+11
7.72946e+11
7.72525e+11
7.72525e+11
7.72525e+11
7.72525e+11
7.72525e+11
