8.06442e+11
8.06442e+11
8.06442e+11
8.06442e+11
8.06442e+11
8.06442e+11
8.06442e+11
8.06442e+11
8.06442e+11
8.06442e+11
8.06442e+11
8.06442e+11
8.06442e+11
8.06442e+11
8.06147e+11
8.06147e+11
8.06147e+11
8.05112e+11
8.05112e+11
7.96845e+11
7.96845e+11
7.96845e+11
7.96845e+11
7.96845e+11
7.96806e+11
7.96806e+11
7.96806e+11
7.96806e+11
7.96806e+11
7.96806e+11
7.93178e+11
7.93178e+11
7.93178e+11
7.93178e+11
7.93178e+11
7.93178e+11
7.93178e+11
7.93178e+11
7.87956e+11
7.87956e+11
7.87956e+11
7.87956e+11
7.87956e+11
7.87956e+11
7.87956e+11
7.87956e+11
7.87956e+11
7.87956e+11
7.87956e+11
7.86855e+11
7.86855e+11
7.86855e+11
7.86855e+11
7.86855e+11
7.86855e+11
7.86855e+11
7.86855e+11
7.86855e+11
7.86855e+11
7.86855e+11
7.86855e+11
7.86855e+11
7.86855e+11
7.86855e+11
7.86855e+11
7.86855e+11
7.86855e+11
7.86855e+11
7.86854e+11
7.86854e+11
7.86854e+11
7.86854e+11
7.86854e+11
7.86854e+11
7.86854e+11
7.86854e+11
7.86854e+11
7.86854e+11
7.86854e+11
7.67455e+11
7.67455e+11
7.67455e+11
7.67455e+11
7.67455e+11
7.64619e+11
7.64619e+11
7.64619e+11
7.64619e+11
7.64619e+11
7.64619e+11
7.64619e+11
7.64619e+11
7.64619e+11
7.64619e+11
7.64619e+11
7.64619e+11
7.64619e+11
7.64619e+11
7.64619e+11
7.64619e+11
7.64619e+11
7.64619e+11
7.62629e+11
7.62629e+11
7.62629e+11
7.62629e+11
7.62629e+11
7.62629e+11
7.62629e+11
7.62627e+11
7.62627e+11
7.62627e+11
7.62627e+11
7.62627e+11
7.62627e+11
7.62627e+11
7.62622e+11
7.62622e+11
7.62622e+11
7.62622e+11
7.62622e+11
7.62622e+11
7.62622e+11
7.62226e+11
7.62226e+11
7.62226e+11
7.61181e+11
7.61181e+11
7.61181e+11
7.61181e+11
7.61181e+11
7.61137e+11
7.61137e+11
7.61137e+11
7.61137e+11
7.61136e+11
7.61136e+11
7.61136e+11
