8.06442e+11
8.06442e+11
8.06442e+11
8.06442e+11
8.06442e+11
8.06442e+11
8.06424e+11
8.06424e+11
8.06424e+11
8.05312e+11
8.05312e+11
8.05312e+11
8.05312e+11
8.05312e+11
8.05312e+11
8.05312e+11
8.05312e+11
8.05312e+11
8.05312e+11
8.05312e+11
8.05312e+11
8.05312e+11
8.05312e+11
8.05312e+11
8.05312e+11
8.05312e+11
8.05312e+11
8.05312e+11
8.05312e+11
8.05312e+11
8.05312e+11
8.05312e+11
8.05312e+11
8.05312e+11
8.05312e+11
7.96588e+11
7.96588e+11
7.96588e+11
7.96588e+11
7.96588e+11
7.96588e+11
7.96588e+11
7.96445e+11
7.964e+11
7.964e+11
7.964e+11
7.964e+11
7.964e+11
7.964e+11
7.96398e+11
7.96398e+11
7.96398e+11
7.79023e+11
7.79023e+11
7.79023e+11
7.79023e+11
7.79023e+11
7.79023e+11
7.79023e+11
7.79023e+11
7.79023e+11
7.79023e+11
7.79023e+11
7.79023e+11
7.7278e+11
7.7278e+11
7.7278e+11
7.7278e+11
7.7278e+11
7.7278e+11
7.7278e+11
7.7278e+11
7.7278e+11
7.7278e+11
7.7278e+11
7.7278e+11
7.72778e+11
7.70406e+11
7.70406e+11
7.70406e+11
7.70406e+11
7.70406e+11
7.70406e+11
7.70382e+11
7.68107e+11
7.68107e+11
7.68107e+11
7.68107e+11
7.68107e+11
7.68107e+11
7.68107e+11
7.67883e+11
7.67883e+11
7.67883e+11
7.67883e+11
7.67883e+11
7.67883e+11
7.67883e+11
7.67883e+11
7.67883e+11
7.67883e+11
7.67883e+11
7.67883e+11
7.67883e+11
7.67883e+11
7.67883e+11
7.67883e+11
7.67883e+11
7.67883e+11
7.67883e+11
7.67883e+11
7.67883e+11
7.67883e+11
7.67883e+11
7.67883e+11
7.67883e+11
7.67883e+11
7.67883e+11
7.67883e+11
7.67883e+11
7.67883e+11
7.67883e+11
7.67658e+11
7.67658e+11
7.51996e+11
7.51996e+11
7.51996e+11
7.51996e+11
7.51368e+11
7.51368e+11
7.51368e+11
7.51368e+11
7.51368e+11
7.51367e+11
7.51367e+11
7.51367e+11
7.51366e+11
