8.06442e+11
8.06442e+11
8.06442e+11
8.06442e+11
8.06442e+11
8.06442e+11
8.05928e+11
8.05928e+11
8.05928e+11
8.05928e+11
8.05927e+11
8.05927e+11
8.05927e+11
8.04847e+11
8.04847e+11
8.0376e+11
8.0376e+11
8.0376e+11
8.0376e+11
8.02224e+11
7.96008e+11
7.96008e+11
7.96008e+11
7.96008e+11
7.96008e+11
7.96008e+11
7.96008e+11
7.96008e+11
7.96008e+11
7.96008e+11
7.96008e+11
7.96008e+11
7.96008e+11
7.96008e+11
7.96008e+11
7.96008e+11
7.96008e+11
7.96008e+11
7.96008e+11
7.96008e+11
7.96008e+11
7.96008e+11
7.9227e+11
7.9227e+11
7.9227e+11
7.9227e+11
7.9227e+11
7.9227e+11
7.89115e+11
7.89115e+11
7.89115e+11
7.89115e+11
7.89115e+11
7.89115e+11
7.89115e+11
7.89115e+11
7.89115e+11
7.8761e+11
7.8761e+11
7.8761e+11
7.8761e+11
7.8761e+11
7.8761e+11
7.8761e+11
7.8761e+11
7.8761e+11
7.87609e+11
7.87609e+11
7.87609e+11
7.87609e+11
7.87609e+11
7.87609e+11
7.86641e+11
7.86641e+11
7.86641e+11
7.86641e+11
7.86641e+11
7.86641e+11
7.86641e+11
7.86639e+11
7.86639e+11
7.86639e+11
7.86639e+11
7.86639e+11
7.86639e+11
7.86639e+11
7.86639e+11
7.86639e+11
7.86639e+11
7.86639e+11
7.81972e+11
7.81972e+11
7.81972e+11
7.81972e+11
7.81972e+11
7.81972e+11
7.81972e+11
7.81972e+11
7.81972e+11
7.81972e+11
7.81972e+11
7.81972e+11
7.81972e+11
7.81972e+11
7.81972e+11
7.81972e+11
7.81972e+11
7.81972e+11
7.81972e+11
7.81972e+11
7.81972e+11
7.81936e+11
7.81936e+11
7.81936e+11
7.81936e+11
7.81936e+11
7.81936e+11
7.81936e+11
7.81935e+11
7.81935e+11
7.81935e+11
7.81935e+11
7.81935e+11
7.81934e+11
7.81934e+11
7.81934e+11
7.81934e+11
7.8193e+11
7.8193e+11
7.8193e+11
7.8193e+11
7.8193e+11
7.8193e+11
7.8193e+11
7.8193e+11
7.8193e+11
7.8193e+11
7.78884e+11
7.78884e+11
7.78884e+11
