8.06442e+11
8.04449e+11
8.04449e+11
8.04449e+11
8.04449e+11
8.04449e+11
8.04449e+11
8.04449e+11
8.04449e+11
8.04449e+11
8.04449e+11
8.04449e+11
8.04449e+11
8.04449e+11
8.04449e+11
8.04449e+11
8.04449e+11
8.04449e+11
8.04449e+11
8.04449e+11
8.04449e+11
8.04449e+11
8.04449e+11
8.04449e+11
8.04449e+11
8.04449e+11
8.04093e+11
8.04093e+11
8.04093e+11
8.04093e+11
8.04093e+11
8.04093e+11
8.04093e+11
8.04093e+11
8.04093e+11
8.04093e+11
8.04093e+11
8.02995e+11
8.02995e+11
8.02995e+11
8.02995e+11
8.02995e+11
8.02995e+11
8.02995e+11
8.02995e+11
8.02995e+11
8.02995e+11
8.01484e+11
8.01484e+11
8.01484e+11
8.01484e+11
8.01484e+11
8.00632e+11
8.00632e+11
8.00632e+11
8.00632e+11
7.98558e+11
7.98558e+11
7.98558e+11
7.97481e+11
7.97481e+11
7.97481e+11
7.76923e+11
7.76923e+11
7.76923e+11
7.76923e+11
7.76923e+11
7.74081e+11
7.74081e+11
7.74081e+11
7.74081e+11
7.74081e+11
7.72285e+11
7.72285e+11
7.72285e+11
7.72285e+11
7.62176e+11
7.62176e+11
7.62176e+11
7.62176e+11
7.62176e+11
7.62176e+11
7.62176e+11
7.62176e+11
7.62176e+11
7.62176e+11
7.62176e+11
7.61978e+11
7.61978e+11
7.61977e+11
7.61977e+11
7.61977e+11
7.61977e+11
7.61977e+11
7.61977e+11
7.61976e+11
7.61976e+11
7.61976e+11
7.61973e+11
7.61973e+11
7.61973e+11
7.61973e+11
7.61973e+11
7.61973e+11
7.61973e+11
7.61973e+11
7.61973e+11
7.61973e+11
7.61973e+11
7.61973e+11
7.61973e+11
7.61973e+11
7.61973e+11
7.61973e+11
7.61973e+11
7.61973e+11
7.61973e+11
7.61973e+11
7.61973e+11
7.61973e+11
7.61973e+11
7.61973e+11
7.61973e+11
7.61973e+11
7.61973e+11
7.61973e+11
7.61973e+11
7.61973e+11
7.61973e+11
7.61973e+11
7.61973e+11
7.61973e+11
7.61973e+11
7.61135e+11
7.61135e+11
7.61135e+11
7.61135e+11
7.58492e+11
7.58492e+11
