8.06442e+11
8.06442e+11
8.06442e+11
8.06442e+11
8.06442e+11
8.06442e+11
8.06442e+11
8.06442e+11
8.06442e+11
8.06442e+11
8.06442e+11
8.06442e+11
8.06442e+11
8.04099e+11
8.04099e+11
8.04099e+11
8.04099e+11
8.04099e+11
8.0408e+11
8.0408e+11
8.0408e+11
8.0408e+11
8.0408e+11
8.0408e+11
8.0408e+11
8.0408e+11
8.0408e+11
8.0408e+11
8.0408e+11
8.0408e+11
8.04068e+11
8.04068e+11
8.04068e+11
8.04068e+11
8.04068e+11
8.04068e+11
8.04068e+11
8.04068e+11
8.04068e+11
8.04068e+11
8.04068e+11
8.04068e+11
8.04068e+11
8.04068e+11
8.04068e+11
8.04066e+11
8.04066e+11
7.93155e+11
7.93155e+11
7.93155e+11
7.93155e+11
7.93155e+11
7.93155e+11
7.93155e+11
7.93154e+11
7.93154e+11
7.93154e+11
7.93154e+11
7.93154e+11
7.93154e+11
7.93154e+11
7.93154e+11
7.9313e+11
7.83514e+11
7.83514e+11
7.83514e+11
7.83514e+11
7.83514e+11
7.83514e+11
7.83514e+11
7.83514e+11
7.83514e+11
7.83514e+11
7.83514e+11
7.83514e+11
7.81571e+11
7.81571e+11
7.81571e+11
7.81571e+11
7.81571e+11
7.81571e+11
7.81571e+11
7.81571e+11
7.81571e+11
7.81571e+11
7.81571e+11
7.81571e+11
7.81571e+11
7.81571e+11
7.81571e+11
7.81571e+11
7.81571e+11
7.81571e+11
7.81571e+11
7.81571e+11
7.81571e+11
7.81571e+11
7.81571e+11
7.81571e+11
7.81571e+11
7.81571e+11
7.81571e+11
7.81571e+11
7.81571e+11
7.8157e+11
7.8157e+11
7.8157e+11
7.8157e+11
7.8157e+11
7.8157e+11
7.81121e+11
7.81121e+11
7.81121e+11
7.81121e+11
7.60767e+11
7.60767e+11
7.60767e+11
7.60767e+11
7.60767e+11
7.60767e+11
7.60767e+11
7.60767e+11
7.60767e+11
7.60767e+11
7.60767e+11
7.60767e+11
7.60767e+11
7.60767e+11
7.60767e+11
7.60767e+11
7.60767e+11
7.60767e+11
7.60767e+11
7.60767e+11
7.60767e+11
7.60767e+11
