8.06442e+11
8.06376e+11
8.06376e+11
8.06376e+11
8.06376e+11
8.06375e+11
8.06375e+11
8.06375e+11
8.05285e+11
8.05285e+11
8.05285e+11
8.05285e+11
8.05285e+11
8.05285e+11
8.05285e+11
8.05285e+11
8.05285e+11
8.05285e+11
8.05285e+11
8.05285e+11
8.05285e+11
8.05285e+11
8.05285e+11
7.95517e+11
7.95517e+11
7.95517e+11
7.95517e+11
7.95517e+11
7.95517e+11
7.95517e+11
7.95517e+11
7.95517e+11
7.95517e+11
7.95517e+11
7.95517e+11
7.95517e+11
7.95517e+11
7.95517e+11
7.95517e+11
7.95517e+11
7.95517e+11
7.95517e+11
7.95517e+11
7.95517e+11
7.95517e+11
7.95517e+11
7.95517e+11
7.95517e+11
7.92931e+11
7.92931e+11
7.92931e+11
7.92931e+11
7.92931e+11
7.92931e+11
7.92931e+11
7.92931e+11
7.92931e+11
7.92893e+11
7.92893e+11
7.92893e+11
7.92892e+11
7.92892e+11
7.92892e+11
7.92154e+11
7.92154e+11
7.84956e+11
7.82074e+11
7.82074e+11
7.82074e+11
7.82074e+11
7.82074e+11
7.82074e+11
7.82074e+11
7.82074e+11
7.82074e+11
7.82074e+11
7.82074e+11
7.82074e+11
7.63594e+11
7.63594e+11
7.63594e+11
7.63594e+11
7.63594e+11
7.63594e+11
7.63594e+11
7.63594e+11
7.63594e+11
7.63594e+11
7.63594e+11
7.63594e+11
7.63594e+11
7.63212e+11
7.63212e+11
7.63212e+11
7.63212e+11
7.63212e+11
7.63212e+11
7.63212e+11
7.63212e+11
7.63212e+11
7.63212e+11
7.63211e+11
7.63211e+11
7.63211e+11
7.63211e+11
7.63211e+11
7.63211e+11
7.63211e+11
7.63211e+11
7.63211e+11
7.63211e+11
7.63211e+11
7.63211e+11
7.63211e+11
7.61326e+11
7.61326e+11
7.61326e+11
7.61326e+11
7.61326e+11
7.61326e+11
7.61326e+11
7.61326e+11
7.61326e+11
7.61326e+11
7.61326e+11
7.61326e+11
7.61326e+11
7.61326e+11
7.61326e+11
7.61326e+11
7.61326e+11
7.60297e+11
7.60297e+11
7.60297e+11
7.60297e+11
7.60297e+11
7.60297e+11
7.60297e+11
7.60297e+11
