8.06442e+11
8.06442e+11
8.06442e+11
8.06442e+11
8.06442e+11
8.06442e+11
7.9752e+11
7.9752e+11
7.9752e+11
7.9752e+11
7.9752e+11
7.94009e+11
7.89373e+11
7.85745e+11
7.85745e+11
7.85745e+11
7.85745e+11
7.85745e+11
7.85745e+11
7.85745e+11
7.85745e+11
7.85745e+11
7.85745e+11
7.85745e+11
7.85745e+11
7.85745e+11
7.85745e+11
7.85745e+11
7.85745e+11
7.85745e+11
7.85745e+11
7.85745e+11
7.85745e+11
7.85745e+11
7.85745e+11
7.85745e+11
7.84689e+11
7.84689e+11
7.84689e+11
7.84689e+11
7.84313e+11
7.84313e+11
7.84313e+11
7.84313e+11
7.84313e+11
7.84313e+11
7.84313e+11
7.84313e+11
7.84313e+11
7.84313e+11
7.84313e+11
7.84313e+11
7.84313e+11
7.84313e+11
7.84313e+11
7.84313e+11
7.84313e+11
7.84313e+11
7.84313e+11
7.84313e+11
7.84313e+11
7.84313e+11
7.84313e+11
7.83852e+11
7.83852e+11
7.83852e+11
7.83852e+11
7.83852e+11
7.83852e+11
7.83817e+11
7.83817e+11
7.83817e+11
7.83817e+11
7.83817e+11
7.83817e+11
7.82684e+11
7.82684e+11
7.82684e+11
7.82684e+11
7.82684e+11
7.81809e+11
7.81809e+11
7.81809e+11
7.81809e+11
7.81809e+11
7.81809e+11
7.81809e+11
7.81809e+11
7.81809e+11
7.81809e+11
7.81809e+11
7.81809e+11
7.81809e+11
7.81809e+11
7.81809e+11
7.81809e+11
7.81809e+11
7.81809e+11
7.81809e+11
7.81809e+11
7.81809e+11
7.81809e+11
7.81809e+11
7.81809e+11
7.81809e+11
7.81809e+11
7.81809e+11
7.81809e+11
7.81809e+11
7.81809e+11
7.81809e+11
7.81809e+11
7.81809e+11
7.81809e+11
7.81809e+11
7.81809e+11
7.81809e+11
7.81809e+11
7.81809e+11
7.81809e+11
7.81809e+11
7.81809e+11
7.81809e+11
7.81781e+11
7.81781e+11
7.81781e+11
7.63301e+11
7.63301e+11
7.63301e+11
7.63301e+11
7.63301e+11
7.63301e+11
7.63301e+11
7.633e+11
7.633e+11
7.633e+11
7.63299e+11
