8.06442e+11
8.06442e+11
8.06442e+11
8.06442e+11
8.06442e+11
8.06442e+11
8.06442e+11
8.06442e+11
8.06442e+11
8.06442e+11
8.05385e+11
8.05385e+11
8.05385e+11
8.04713e+11
8.04713e+11
8.04192e+11
8.04192e+11
8.04192e+11
7.9739e+11
7.88516e+11
7.88516e+11
7.88516e+11
7.88516e+11
7.88516e+11
7.88516e+11
7.88516e+11
7.88516e+11
7.88516e+11
7.88516e+11
7.88516e+11
7.88516e+11
7.88516e+11
7.88516e+11
7.88516e+11
7.88516e+11
7.88516e+11
7.88516e+11
7.88516e+11
7.88516e+11
7.70275e+11
7.65283e+11
7.65283e+11
7.65283e+11
7.65283e+11
7.65283e+11
7.65283e+11
7.65283e+11
7.65283e+11
7.65283e+11
7.65283e+11
7.65283e+11
7.65283e+11
7.65283e+11
7.65283e+11
7.65283e+11
7.65283e+11
7.65283e+11
7.65283e+11
7.65283e+11
7.51009e+11
7.50968e+11
7.50968e+11
7.50968e+11
7.50968e+11
7.50968e+11
7.50968e+11
7.50968e+11
7.50968e+11
7.50968e+11
7.50968e+11
7.50968e+11
7.50968e+11
7.50968e+11
7.50968e+11
7.50968e+11
7.50968e+11
7.50968e+11
7.50968e+11
7.50968e+11
7.50968e+11
7.50968e+11
7.50968e+11
7.50968e+11
7.47285e+11
7.47285e+11
7.47285e+11
7.47285e+11
7.47285e+11
7.47285e+11
7.47285e+11
7.47285e+11
7.47285e+11
7.47285e+11
7.47285e+11
7.47285e+11
7.47285e+11
7.47285e+11
7.47285e+11
7.47285e+11
7.47285e+11
7.47284e+11
7.47284e+11
7.47284e+11
7.47284e+11
7.47284e+11
7.47284e+11
7.47281e+11
7.4728e+11
7.4728e+11
7.4728e+11
7.4727e+11
7.4727e+11
7.4727e+11
7.4727e+11
7.4727e+11
7.4727e+11
7.4727e+11
7.4727e+11
7.4727e+11
7.4727e+11
7.4727e+11
7.4727e+11
7.4727e+11
7.4727e+11
7.4727e+11
7.4727e+11
7.4727e+11
7.4727e+11
7.4727e+11
7.4727e+11
7.4727e+11
7.4727e+11
7.4727e+11
7.4727e+11
