8.06442e+11
8.06442e+11
8.06442e+11
8.06442e+11
8.06442e+11
8.06442e+11
8.06442e+11
7.89289e+11
7.89289e+11
7.89289e+11
7.89289e+11
7.87592e+11
7.87592e+11
7.87592e+11
7.87592e+11
7.87592e+11
7.87592e+11
7.87591e+11
7.87591e+11
7.87591e+11
7.87591e+11
7.87591e+11
7.87591e+11
7.87591e+11
7.87591e+11
7.87591e+11
7.87591e+11
7.77356e+11
7.77356e+11
7.77356e+11
7.77356e+11
7.77356e+11
7.77356e+11
7.77356e+11
7.77356e+11
7.77356e+11
7.77356e+11
7.77356e+11
7.7452e+11
7.7452e+11
7.7452e+11
7.7452e+11
7.7452e+11
7.7452e+11
7.7452e+11
7.7452e+11
7.7452e+11
7.7452e+11
7.7452e+11
7.7452e+11
7.71983e+11
7.71983e+11
7.71983e+11
7.71983e+11
7.71982e+11
7.71982e+11
7.71982e+11
7.71982e+11
7.71982e+11
7.71981e+11
7.71981e+11
7.7198e+11
7.7198e+11
7.7198e+11
7.7198e+11
7.7198e+11
7.7198e+11
7.7198e+11
7.7198e+11
7.66988e+11
7.66988e+11
7.66988e+11
7.66988e+11
7.66988e+11
7.66988e+11
7.66846e+11
7.66445e+11
7.66445e+11
7.66445e+11
7.66445e+11
7.66445e+11
7.66445e+11
7.66445e+11
7.66445e+11
7.66445e+11
7.66445e+11
7.66445e+11
7.60674e+11
7.60674e+11
7.60674e+11
7.60674e+11
7.60674e+11
7.60674e+11
7.60674e+11
7.60674e+11
7.60674e+11
7.60674e+11
7.60674e+11
7.60674e+11
7.60674e+11
7.60674e+11
7.60674e+11
7.60674e+11
7.60674e+11
7.60674e+11
7.60674e+11
7.60674e+11
7.60674e+11
7.60674e+11
7.60674e+11
7.60674e+11
7.60674e+11
7.60674e+11
7.60674e+11
7.60674e+11
7.60674e+11
7.60674e+11
7.60674e+11
7.60674e+11
7.60674e+11
7.60674e+11
7.60674e+11
7.5958e+11
7.5958e+11
7.5958e+11
7.5958e+11
7.58651e+11
7.58651e+11
7.58651e+11
7.58651e+11
7.58651e+11
7.58651e+11
7.58651e+11
7.58651e+11
7.58651e+11
7.58651e+11
7.58651e+11
