4.50003e+11
4.13052e+11
3.73518e+11
3.73518e+11
3.73518e+11
3.73518e+11
3.73518e+11
3.73518e+11
3.73518e+11
3.73518e+11
3.73518e+11
3.73518e+11
3.73518e+11
3.73518e+11
3.73518e+11
3.73518e+11
3.51128e+11
3.51128e+11
3.51128e+11
3.51128e+11
3.51128e+11
3.51126e+11
3.51126e+11
3.51126e+11
3.51126e+11
3.51126e+11
3.51126e+11
3.51126e+11
3.51126e+11
3.51126e+11
3.51126e+11
3.51126e+11
3.51126e+11
3.51126e+11
3.51126e+11
3.51126e+11
3.4361e+11
3.4361e+11
3.4361e+11
3.4361e+11
3.4361e+11
3.4361e+11
3.4361e+11
3.4361e+11
3.4361e+11
3.4361e+11
3.4361e+11
3.4361e+11
3.4361e+11
3.4361e+11
3.4361e+11
3.4361e+11
3.4361e+11
3.4361e+11
3.4361e+11
3.4361e+11
3.4361e+11
3.4361e+11
3.4361e+11
3.4361e+11
3.4361e+11
3.4361e+11
3.4361e+11
3.4361e+11
3.4361e+11
3.4361e+11
3.4361e+11
3.4361e+11
3.4361e+11
3.4361e+11
3.4361e+11
3.4361e+11
3.4361e+11
3.4361e+11
3.4361e+11
3.4361e+11
3.4361e+11
3.4361e+11
3.4361e+11
3.4361e+11
3.4361e+11
3.4361e+11
3.4361e+11
3.4361e+11
3.4361e+11
3.4361e+11
3.4361e+11
3.4361e+11
3.4361e+11
3.4361e+11
3.4361e+11
3.4361e+11
3.4361e+11
3.4361e+11
3.4361e+11
3.4361e+11
3.4361e+11
3.4361e+11
3.4361e+11
3.4361e+11
3.4361e+11
3.4361e+11
3.4361e+11
3.4361e+11
3.4361e+11
3.4361e+11
3.4361e+11
3.4361e+11
3.4361e+11
3.4361e+11
3.4361e+11
3.4361e+11
3.4361e+11
3.4361e+11
3.4361e+11
3.4361e+11
3.4361e+11
3.4361e+11
