4.50003e+11
4.50003e+11
4.49978e+11
4.13047e+11
4.13047e+11
3.89118e+11
3.89118e+11
3.89118e+11
3.89118e+11
3.89118e+11
3.89117e+11
3.89117e+11
3.73515e+11
3.73515e+11
3.73515e+11
3.73515e+11
3.73515e+11
3.5324e+11
3.5324e+11
3.53239e+11
3.53239e+11
3.53239e+11
3.53239e+11
3.53239e+11
3.53239e+11
3.51136e+11
3.51136e+11
3.51136e+11
3.51136e+11
3.51136e+11
3.51136e+11
3.51136e+11
3.51136e+11
3.51136e+11
3.51136e+11
3.51136e+11
3.51136e+11
3.51136e+11
3.51136e+11
3.51136e+11
3.51136e+11
3.51136e+11
3.51136e+11
3.51136e+11
3.51136e+11
3.51136e+11
3.51136e+11
3.51136e+11
3.51136e+11
3.51136e+11
3.51136e+11
3.51136e+11
3.51136e+11
3.51136e+11
3.51136e+11
3.51136e+11
3.51136e+11
3.51136e+11
3.51136e+11
3.51136e+11
3.51136e+11
3.51136e+11
3.51136e+11
3.51136e+11
3.51136e+11
3.51136e+11
3.51136e+11
3.51136e+11
3.51136e+11
3.51136e+11
3.51136e+11
3.51136e+11
3.51136e+11
3.51136e+11
3.51136e+11
3.51136e+11
3.51136e+11
3.51136e+11
3.51136e+11
3.51136e+11
3.51136e+11
3.51136e+11
3.51136e+11
3.51136e+11
3.51136e+11
3.51136e+11
3.51136e+11
3.51136e+11
3.51136e+11
3.51136e+11
3.51136e+11
3.46496e+11
3.46496e+11
3.46496e+11
3.46496e+11
3.46496e+11
3.46496e+11
3.46496e+11
3.46496e+11
3.46496e+11
3.46496e+11
3.46495e+11
3.46495e+11
3.46495e+11
3.46495e+11
3.46495e+11
3.46495e+11
3.46495e+11
3.46495e+11
3.46495e+11
3.46495e+11
3.46495e+11
3.46495e+11
3.46495e+11
3.46495e+11
3.46277e+11
3.46277e+11
3.46277e+11
