4.50003e+11
4.50003e+11
4.50003e+11
4.49976e+11
3.73518e+11
3.73514e+11
3.73514e+11
3.73514e+11
3.73514e+11
3.73514e+11
3.73514e+11
3.73514e+11
3.73514e+11
3.73514e+11
3.73514e+11
3.73514e+11
3.73514e+11
3.73514e+11
3.73514e+11
3.73514e+11
3.73514e+11
3.73514e+11
3.73514e+11
3.73514e+11
3.73514e+11
3.73514e+11
3.73514e+11
3.73514e+11
3.73514e+11
3.73514e+11
3.73514e+11
3.73514e+11
3.73514e+11
3.73514e+11
3.73514e+11
3.73514e+11
3.73514e+11
3.73514e+11
3.73514e+11
3.73514e+11
3.73514e+11
3.73514e+11
3.73514e+11
3.73514e+11
3.73514e+11
3.73514e+11
3.73514e+11
3.73514e+11
3.73514e+11
3.73514e+11
3.73514e+11
3.73514e+11
3.73514e+11
3.73514e+11
3.73514e+11
3.73514e+11
3.73514e+11
3.51124e+11
3.51124e+11
3.51124e+11
3.51124e+11
3.51124e+11
3.51124e+11
3.51124e+11
3.51124e+11
3.51124e+11
3.51124e+11
3.51124e+11
3.51124e+11
3.51124e+11
3.51124e+11
3.51124e+11
3.51124e+11
3.51124e+11
3.51124e+11
3.51124e+11
3.51124e+11
3.51124e+11
3.51124e+11
3.51124e+11
3.51124e+11
3.51124e+11
3.51124e+11
3.51124e+11
3.51124e+11
3.51124e+11
3.51124e+11
3.51124e+11
3.51124e+11
3.51124e+11
3.51124e+11
3.51124e+11
3.51124e+11
3.51124e+11
3.51124e+11
3.51124e+11
3.51124e+11
3.51124e+11
3.51124e+11
3.51124e+11
3.51124e+11
3.51124e+11
3.51124e+11
3.51124e+11
3.51124e+11
3.51124e+11
3.51124e+11
3.51124e+11
3.51124e+11
3.51124e+11
3.51124e+11
3.51124e+11
3.51124e+11
3.51124e+11
3.51124e+11
3.51124e+11
3.51124e+11
3.51124e+11
