4.50003e+11
4.50003e+11
4.49978e+11
4.49978e+11
4.49978e+11
4.29703e+11
3.92772e+11
3.92772e+11
3.92772e+11
3.92772e+11
3.92772e+11
3.92772e+11
3.92772e+11
3.92772e+11
3.92772e+11
3.92772e+11
3.92772e+11
3.71041e+11
3.71041e+11
3.71041e+11
3.71041e+11
3.71041e+11
3.71041e+11
3.71041e+11
3.71041e+11
3.71041e+11
3.71041e+11
3.71041e+11
3.71041e+11
3.71041e+11
3.71041e+11
3.70812e+11
3.70812e+11
3.70812e+11
3.70812e+11
3.70794e+11
3.70794e+11
3.70794e+11
3.70767e+11
3.70767e+11
3.70767e+11
3.53253e+11
3.53238e+11
3.53238e+11
3.53238e+11
3.53238e+11
3.53238e+11
3.51685e+11
3.51685e+11
3.51685e+11
3.51685e+11
3.51685e+11
3.51685e+11
3.51685e+11
3.51685e+11
3.51685e+11
3.47114e+11
3.47114e+11
3.47114e+11
3.47114e+11
3.47114e+11
3.47114e+11
3.47114e+11
3.47114e+11
3.47114e+11
3.47114e+11
3.47114e+11
3.47114e+11
3.47114e+11
3.47114e+11
3.47114e+11
3.47114e+11
3.47114e+11
3.47114e+11
3.47114e+11
3.47114e+11
3.47114e+11
3.47114e+11
3.47114e+11
3.47114e+11
3.47114e+11
3.47114e+11
3.47114e+11
3.47114e+11
3.47114e+11
3.47114e+11
3.47114e+11
3.47114e+11
3.47114e+11
3.47114e+11
3.47114e+11
3.47114e+11
3.47114e+11
3.47114e+11
3.47114e+11
3.47114e+11
3.47114e+11
3.47114e+11
3.47114e+11
3.47114e+11
3.47114e+11
3.47114e+11
3.47114e+11
3.47114e+11
3.47114e+11
3.47114e+11
3.47114e+11
3.47114e+11
3.47114e+11
3.47114e+11
3.47114e+11
3.47114e+11
3.47114e+11
3.47114e+11
3.47114e+11
3.47114e+11
3.47114e+11
3.47114e+11
