4.50003e+11
4.49751e+11
4.1282e+11
4.1282e+11
4.1282e+11
4.1282e+11
4.1282e+11
3.89129e+11
3.89129e+11
3.89129e+11
3.89118e+11
3.89118e+11
3.89118e+11
3.89117e+11
3.89117e+11
3.89117e+11
3.89117e+11
3.89117e+11
3.89117e+11
3.89117e+11
3.89117e+11
3.89117e+11
3.89117e+11
3.89117e+11
3.89117e+11
3.89117e+11
3.89117e+11
3.89117e+11
3.89117e+11
3.89117e+11
3.89117e+11
3.89117e+11
3.89117e+11
3.51128e+11
3.51128e+11
3.51128e+11
3.51128e+11
3.51128e+11
3.51128e+11
3.51128e+11
3.51128e+11
3.51128e+11
3.51128e+11
3.51128e+11
3.51128e+11
3.51128e+11
3.51127e+11
3.51127e+11
3.51127e+11
3.51127e+11
3.51127e+11
3.51127e+11
3.51127e+11
3.51127e+11
3.51127e+11
3.51127e+11
3.51127e+11
3.51127e+11
3.51127e+11
3.51125e+11
3.51125e+11
3.51122e+11
3.51122e+11
3.51122e+11
3.51122e+11
3.51122e+11
3.51122e+11
3.51122e+11
3.51122e+11
3.51122e+11
3.51122e+11
3.51122e+11
3.51122e+11
3.51122e+11
3.51122e+11
3.51097e+11
3.51097e+11
3.51097e+11
3.51097e+11
3.51097e+11
3.51097e+11
3.51097e+11
3.51097e+11
3.51097e+11
3.51097e+11
3.51097e+11
3.51097e+11
3.51097e+11
3.51097e+11
3.51097e+11
3.51097e+11
3.51097e+11
3.51097e+11
3.51097e+11
3.51097e+11
3.51097e+11
3.51097e+11
3.51097e+11
3.51097e+11
3.51097e+11
3.51097e+11
3.51097e+11
3.51097e+11
3.51097e+11
3.51097e+11
3.51097e+11
3.51097e+11
3.51097e+11
3.51097e+11
3.51097e+11
3.51097e+11
3.51097e+11
3.51097e+11
3.51097e+11
3.51097e+11
3.51097e+11
3.51097e+11
3.51097e+11
