4.50003e+11
4.50003e+11
3.91314e+11
3.91314e+11
3.91314e+11
3.91314e+11
3.91314e+11
3.91314e+11
3.91314e+11
3.91314e+11
3.91314e+11
3.91314e+11
3.91314e+11
3.91314e+11
3.91314e+11
3.91314e+11
3.91314e+11
3.91314e+11
3.91314e+11
3.91314e+11
3.91083e+11
3.91064e+11
3.91064e+11
3.91064e+11
3.91064e+11
3.91064e+11
3.91064e+11
3.91064e+11
3.91064e+11
3.91064e+11
3.91044e+11
3.91044e+11
3.91044e+11
3.91044e+11
3.82364e+11
3.82364e+11
3.82364e+11
3.82364e+11
3.82364e+11
3.82364e+11
3.82364e+11
3.82364e+11
3.62071e+11
3.62071e+11
3.62071e+11
3.59999e+11
3.59999e+11
3.59999e+11
3.59999e+11
3.59999e+11
3.59999e+11
3.59999e+11
3.59999e+11
3.59999e+11
3.59999e+11
3.59999e+11
3.59999e+11
3.59999e+11
3.59999e+11
3.59999e+11
3.59999e+11
3.59999e+11
3.59999e+11
3.59999e+11
3.59999e+11
3.59999e+11
3.59999e+11
3.59999e+11
3.59999e+11
3.59999e+11
3.59999e+11
3.59999e+11
3.59999e+11
3.59999e+11
3.59999e+11
3.59999e+11
3.59999e+11
3.59999e+11
3.59999e+11
3.59999e+11
3.59999e+11
3.59999e+11
3.59999e+11
3.59999e+11
3.59999e+11
3.59999e+11
3.59999e+11
3.59999e+11
3.59999e+11
3.59999e+11
3.59999e+11
3.59999e+11
3.59999e+11
3.59999e+11
3.59999e+11
3.59999e+11
3.59999e+11
3.59999e+11
3.59999e+11
3.59999e+11
3.59999e+11
3.59999e+11
3.59999e+11
3.59999e+11
3.59999e+11
3.59999e+11
3.59999e+11
3.59999e+11
3.59999e+11
3.59999e+11
3.59999e+11
3.59999e+11
3.59999e+11
3.59999e+11
3.59999e+11
3.59999e+11
3.59999e+11
3.59999e+11
