4.50003e+11
4.49978e+11
4.49978e+11
4.49978e+11
4.26049e+11
4.26049e+11
4.26048e+11
4.26048e+11
4.26048e+11
3.89117e+11
3.89117e+11
3.89117e+11
3.89117e+11
3.89117e+11
3.89117e+11
3.89117e+11
3.89117e+11
3.89117e+11
3.89117e+11
3.89117e+11
3.89117e+11
3.89117e+11
3.89117e+11
3.67408e+11
3.67402e+11
3.67401e+11
3.6739e+11
3.6739e+11
3.6739e+11
3.6739e+11
3.6739e+11
3.6739e+11
3.6739e+11
3.6739e+11
3.6739e+11
3.6739e+11
3.6739e+11
3.6739e+11
3.6739e+11
3.6739e+11
3.6739e+11
3.6739e+11
3.6739e+11
3.6739e+11
3.6739e+11
3.6739e+11
3.6739e+11
3.6739e+11
3.6739e+11
3.6739e+11
3.6739e+11
3.6739e+11
3.6739e+11
3.6739e+11
3.6739e+11
3.6739e+11
3.6739e+11
3.6739e+11
3.6739e+11
3.6739e+11
3.6739e+11
3.6739e+11
3.6739e+11
3.6739e+11
3.6739e+11
3.45001e+11
3.45001e+11
3.45001e+11
3.45001e+11
3.45001e+11
3.45001e+11
3.45001e+11
3.45001e+11
3.45001e+11
3.45001e+11
3.45001e+11
3.44999e+11
3.44999e+11
3.44999e+11
3.44999e+11
3.44999e+11
3.44999e+11
3.44999e+11
3.44999e+11
3.44999e+11
3.44999e+11
3.44999e+11
3.44999e+11
3.44999e+11
3.44999e+11
3.44999e+11
3.44999e+11
3.44999e+11
3.44999e+11
3.44999e+11
3.44999e+11
3.44999e+11
3.44999e+11
3.44999e+11
3.44999e+11
3.44999e+11
3.44999e+11
3.44999e+11
3.44999e+11
3.44999e+11
3.44999e+11
3.44999e+11
3.44999e+11
3.44999e+11
3.44999e+11
3.44999e+11
3.44999e+11
3.44999e+11
3.44999e+11
3.44999e+11
3.44999e+11
3.44999e+11
3.44999e+11
