4.50003e+11
3.73526e+11
3.73518e+11
3.73518e+11
3.73518e+11
3.73518e+11
3.73518e+11
3.73518e+11
3.73518e+11
3.60964e+11
3.60964e+11
3.60964e+11
3.60964e+11
3.60964e+11
3.60964e+11
3.60964e+11
3.60964e+11
3.60964e+11
3.60964e+11
3.60964e+11
3.60964e+11
3.60964e+11
3.60964e+11
3.60964e+11
3.60964e+11
3.60964e+11
3.60964e+11
3.60964e+11
3.60964e+11
3.60964e+11
3.60964e+11
3.60964e+11
3.60964e+11
3.60964e+11
3.60964e+11
3.60964e+11
3.60964e+11
3.60964e+11
3.60964e+11
3.60964e+11
3.60964e+11
3.60964e+11
3.60964e+11
3.60964e+11
3.60964e+11
3.60941e+11
3.60929e+11
3.60929e+11
3.60929e+11
3.60929e+11
3.60929e+11
3.60929e+11
3.60929e+11
3.60929e+11
3.60929e+11
3.60929e+11
3.60929e+11
3.60929e+11
3.60929e+11
3.51092e+11
3.51092e+11
3.51092e+11
3.51092e+11
3.51092e+11
3.51092e+11
3.51092e+11
3.51092e+11
3.51092e+11
3.51092e+11
3.51092e+11
3.51092e+11
3.51092e+11
3.51092e+11
3.51092e+11
3.51092e+11
3.51092e+11
3.51092e+11
3.51092e+11
3.51092e+11
3.51092e+11
3.51092e+11
3.51092e+11
3.51059e+11
3.51059e+11
3.51059e+11
3.51059e+11
3.51059e+11
3.51059e+11
3.51059e+11
3.51059e+11
3.51059e+11
3.51058e+11
3.51058e+11
3.51058e+11
3.51058e+11
3.51058e+11
3.51058e+11
3.51058e+11
3.51058e+11
3.51058e+11
3.51058e+11
3.51058e+11
3.51058e+11
3.51058e+11
3.51058e+11
3.51058e+11
3.51058e+11
3.51058e+11
3.51058e+11
3.51058e+11
3.51058e+11
3.51058e+11
3.51058e+11
3.51058e+11
3.51058e+11
3.51058e+11
3.51058e+11
3.51058e+11
