4.50003e+11
4.50003e+11
4.50003e+11
3.73526e+11
3.73526e+11
3.73526e+11
3.73526e+11
3.73526e+11
3.73526e+11
3.73526e+11
3.73526e+11
3.73515e+11
3.73515e+11
3.73515e+11
3.73515e+11
3.73515e+11
3.73515e+11
3.73515e+11
3.51106e+11
3.51106e+11
3.51106e+11
3.51106e+11
3.51106e+11
3.51106e+11
3.51106e+11
3.51106e+11
3.51106e+11
3.51106e+11
3.51106e+11
3.51106e+11
3.51106e+11
3.51106e+11
3.51106e+11
3.51106e+11
3.51106e+11
3.51106e+11
3.51106e+11
3.51106e+11
3.51104e+11
3.51104e+11
3.51104e+11
3.51104e+11
3.51104e+11
3.51104e+11
3.51104e+11
3.51104e+11
3.51104e+11
3.51104e+11
3.51104e+11
3.51104e+11
3.51104e+11
3.51104e+11
3.51104e+11
3.51104e+11
3.51104e+11
3.51104e+11
3.51104e+11
3.51104e+11
3.51104e+11
3.51104e+11
3.51104e+11
3.51104e+11
3.51104e+11
3.51104e+11
3.51104e+11
3.51104e+11
3.51104e+11
3.51104e+11
3.51104e+11
3.51104e+11
3.51104e+11
3.51104e+11
3.51104e+11
3.51104e+11
3.51104e+11
3.51104e+11
3.51104e+11
3.51104e+11
3.51104e+11
3.51104e+11
3.51104e+11
3.51104e+11
3.51104e+11
3.51104e+11
3.51104e+11
3.51104e+11
3.51104e+11
3.51104e+11
3.51104e+11
3.51104e+11
3.51104e+11
3.51104e+11
3.51104e+11
3.51104e+11
3.51104e+11
3.51104e+11
3.51104e+11
3.51104e+11
3.51104e+11
3.51104e+11
3.51104e+11
3.51104e+11
3.51104e+11
3.51104e+11
3.51104e+11
3.51104e+11
3.51104e+11
3.51104e+11
3.51104e+11
3.51104e+11
3.51104e+11
3.51104e+11
3.51104e+11
3.51104e+11
3.51104e+11
3.51104e+11
3.51104e+11
3.51104e+11
