4.50003e+11
4.3702e+11
4.3702e+11
4.3702e+11
4.3702e+11
4.3702e+11
4.37018e+11
4.37018e+11
4.37018e+11
4.13071e+11
4.13071e+11
4.13071e+11
3.9133e+11
3.9133e+11
3.9133e+11
3.9133e+11
3.9106e+11
3.67386e+11
3.67386e+11
3.67386e+11
3.67386e+11
3.67386e+11
3.67386e+11
3.67386e+11
3.67386e+11
3.67386e+11
3.67386e+11
3.67386e+11
3.47093e+11
3.47093e+11
3.45021e+11
3.45021e+11
3.45021e+11
3.45021e+11
3.45021e+11
3.45021e+11
3.45021e+11
3.45021e+11
3.45021e+11
3.32478e+11
3.32478e+11
3.32478e+11
3.32478e+11
3.32478e+11
3.32478e+11
3.32478e+11
3.32478e+11
3.32478e+11
3.32478e+11
3.32478e+11
3.32478e+11
3.32478e+11
3.32478e+11
3.32478e+11
3.32478e+11
3.32478e+11
3.32478e+11
3.32478e+11
3.32478e+11
3.32478e+11
3.32478e+11
3.32478e+11
3.32478e+11
3.32478e+11
3.32478e+11
3.32478e+11
3.32478e+11
3.32478e+11
3.32478e+11
3.32478e+11
3.32478e+11
3.32478e+11
3.32478e+11
3.32478e+11
3.32478e+11
3.32478e+11
3.32478e+11
3.32478e+11
3.32478e+11
3.32478e+11
3.32478e+11
3.32478e+11
3.32478e+11
3.32478e+11
3.32478e+11
3.32478e+11
3.32478e+11
3.32478e+11
3.32478e+11
3.32478e+11
3.32478e+11
3.32478e+11
3.32478e+11
3.32478e+11
3.32478e+11
3.32478e+11
3.32478e+11
3.32478e+11
3.32478e+11
3.32478e+11
3.32478e+11
3.32478e+11
3.32478e+11
3.32478e+11
3.32478e+11
3.32478e+11
3.32478e+11
3.32478e+11
3.32478e+11
3.32478e+11
3.32478e+11
3.32478e+11
3.32478e+11
3.32478e+11
3.32478e+11
3.32478e+11
3.32478e+11
3.32478e+11
