4.50003e+11
4.37019e+11
4.37019e+11
4.13066e+11
4.13066e+11
4.13066e+11
3.91313e+11
3.9131e+11
3.9131e+11
3.9131e+11
3.9131e+11
3.9131e+11
3.9131e+11
3.9131e+11
3.9131e+11
3.9131e+11
3.9131e+11
3.9131e+11
3.91308e+11
3.91308e+11
3.91308e+11
3.91308e+11
3.91308e+11
3.91308e+11
3.91308e+11
3.91308e+11
3.91308e+11
3.91308e+11
3.91308e+11
3.91308e+11
3.91308e+11
3.91308e+11
3.91308e+11
3.91308e+11
3.91308e+11
3.91308e+11
3.91308e+11
3.91308e+11
3.91308e+11
3.91308e+11
3.91308e+11
3.91308e+11
3.91308e+11
3.91308e+11
3.91308e+11
3.91308e+11
3.91308e+11
3.91308e+11
3.91308e+11
3.91308e+11
3.91308e+11
3.91308e+11
3.91308e+11
3.91308e+11
3.91308e+11
3.91308e+11
3.91308e+11
3.91308e+11
3.91308e+11
3.91308e+11
3.91308e+11
3.91308e+11
3.91308e+11
3.91308e+11
3.91308e+11
3.91308e+11
3.91308e+11
3.91308e+11
3.91308e+11
3.91308e+11
3.91308e+11
3.91308e+11
3.91308e+11
3.91308e+11
3.91308e+11
3.91308e+11
3.91308e+11
3.91308e+11
3.91308e+11
3.91308e+11
3.91308e+11
3.91308e+11
3.91308e+11
3.91308e+11
3.91308e+11
3.91308e+11
3.68886e+11
3.68886e+11
3.68886e+11
3.68886e+11
3.68886e+11
3.68886e+11
3.68886e+11
3.68886e+11
3.68886e+11
3.68886e+11
3.68886e+11
3.68886e+11
3.68886e+11
3.68886e+11
3.68886e+11
3.68886e+11
3.68886e+11
3.68886e+11
3.68886e+11
3.68886e+11
3.68886e+11
3.68886e+11
3.68886e+11
3.68886e+11
3.68886e+11
3.68886e+11
3.68886e+11
3.68886e+11
3.68886e+11
3.68886e+11
3.68886e+11
3.68886e+11
