4.50003e+11
4.13066e+11
4.13051e+11
4.13051e+11
4.13051e+11
3.73517e+11
3.73517e+11
3.73517e+11
3.73517e+11
3.73517e+11
3.73517e+11
3.73517e+11
3.73517e+11
3.73517e+11
3.73514e+11
3.73514e+11
3.73514e+11
3.73514e+11
3.73514e+11
3.73514e+11
3.73514e+11
3.73514e+11
3.73514e+11
3.73514e+11
3.73514e+11
3.73514e+11
3.73514e+11
3.73514e+11
3.73514e+11
3.73514e+11
3.73514e+11
3.73514e+11
3.73514e+11
3.73514e+11
3.73514e+11
3.73514e+11
3.73514e+11
3.73514e+11
3.51124e+11
3.51124e+11
3.51124e+11
3.51124e+11
3.51124e+11
3.51124e+11
3.51124e+11
3.51124e+11
3.51124e+11
3.51124e+11
3.51124e+11
3.51124e+11
3.51124e+11
3.51124e+11
3.51124e+11
3.51124e+11
3.51124e+11
3.51124e+11
3.51124e+11
3.51124e+11
3.51124e+11
3.51124e+11
3.51124e+11
3.51124e+11
3.51124e+11
3.51124e+11
3.51124e+11
3.51124e+11
3.51124e+11
3.51124e+11
3.51124e+11
3.51124e+11
3.51124e+11
3.51124e+11
3.51124e+11
3.51124e+11
3.51124e+11
3.51124e+11
3.51124e+11
3.51124e+11
3.51124e+11
3.51124e+11
3.51124e+11
3.51124e+11
3.51124e+11
3.51124e+11
3.51124e+11
3.51124e+11
3.51124e+11
3.51124e+11
3.51124e+11
3.51124e+11
3.51124e+11
3.51124e+11
3.51124e+11
3.51124e+11
3.51124e+11
3.51124e+11
3.51124e+11
3.51124e+11
3.51124e+11
3.51124e+11
3.51124e+11
3.51124e+11
3.51124e+11
3.51124e+11
3.51124e+11
3.51124e+11
3.51124e+11
3.51124e+11
3.51124e+11
3.51124e+11
3.51124e+11
3.51124e+11
3.51124e+11
3.51124e+11
3.51124e+11
3.51124e+11
3.51124e+11
3.51124e+11
