4.50003e+11
4.37019e+11
4.37019e+11
4.37018e+11
4.14641e+11
4.14641e+11
3.90689e+11
3.90689e+11
3.90689e+11
3.90655e+11
3.90477e+11
3.90477e+11
3.79053e+11
3.79053e+11
3.79053e+11
3.79053e+11
3.74539e+11
3.65709e+11
3.65709e+11
3.65709e+11
3.65706e+11
3.65706e+11
3.65706e+11
3.65706e+11
3.65706e+11
3.65706e+11
3.65706e+11
3.65706e+11
3.65706e+11
3.65706e+11
3.65706e+11
3.65706e+11
3.65706e+11
3.65706e+11
3.65706e+11
3.65706e+11
3.65706e+11
3.65706e+11
3.65706e+11
3.65706e+11
3.65706e+11
3.65706e+11
3.65706e+11
3.65706e+11
3.65706e+11
3.65706e+11
3.65706e+11
3.65706e+11
3.65706e+11
3.65706e+11
3.65706e+11
3.65706e+11
3.65706e+11
3.65706e+11
3.65706e+11
3.65706e+11
3.65706e+11
3.65706e+11
3.65706e+11
3.65703e+11
3.65703e+11
3.65703e+11
3.65703e+11
3.65703e+11
3.65701e+11
3.65701e+11
3.65701e+11
3.65701e+11
3.65701e+11
3.65701e+11
3.65701e+11
3.65701e+11
3.65701e+11
3.65701e+11
3.65701e+11
3.65701e+11
3.65701e+11
3.65701e+11
3.65701e+11
3.65701e+11
3.65701e+11
3.65701e+11
3.65701e+11
3.657e+11
3.657e+11
3.657e+11
3.657e+11
3.657e+11
3.65684e+11
3.65684e+11
3.65684e+11
3.65684e+11
3.65684e+11
3.65684e+11
3.62571e+11
3.62571e+11
3.6257e+11
3.6257e+11
3.6257e+11
3.6257e+11
3.6257e+11
3.6257e+11
3.6257e+11
3.6257e+11
3.6257e+11
3.6257e+11
3.6257e+11
3.6257e+11
3.6257e+11
3.6257e+11
3.6257e+11
3.6257e+11
3.6257e+11
3.6257e+11
3.6257e+11
3.6257e+11
3.6257e+11
3.6257e+11
