4.50003e+11
4.49978e+11
4.36994e+11
4.36994e+11
4.36992e+11
4.36992e+11
4.13045e+11
3.89118e+11
3.68825e+11
3.68825e+11
3.68825e+11
3.68825e+11
3.68824e+11
3.68824e+11
3.66751e+11
3.66751e+11
3.66751e+11
3.66751e+11
3.51161e+11
3.51161e+11
3.51161e+11
3.51145e+11
3.51145e+11
3.51145e+11
3.51145e+11
3.51145e+11
3.51145e+11
3.51145e+11
3.51145e+11
3.51145e+11
3.51145e+11
3.51145e+11
3.51145e+11
3.51145e+11
3.51145e+11
3.51145e+11
3.51145e+11
3.51145e+11
3.51145e+11
3.51145e+11
3.45021e+11
3.45021e+11
3.45021e+11
3.45021e+11
3.45021e+11
3.45021e+11
3.45021e+11
3.45021e+11
3.45021e+11
3.45021e+11
3.45021e+11
3.45021e+11
3.45021e+11
3.45021e+11
3.45021e+11
3.45021e+11
3.45021e+11
3.45021e+11
3.45021e+11
3.45021e+11
3.45021e+11
3.45021e+11
3.45021e+11
3.45021e+11
3.45021e+11
3.45021e+11
3.45021e+11
3.45021e+11
3.45021e+11
3.45021e+11
3.45021e+11
3.45021e+11
3.45021e+11
3.45021e+11
3.45021e+11
3.45021e+11
3.45021e+11
3.45021e+11
3.45021e+11
3.45021e+11
3.45021e+11
3.45021e+11
3.45021e+11
3.45021e+11
3.45021e+11
3.45021e+11
3.45021e+11
3.45021e+11
3.45021e+11
3.45021e+11
3.45021e+11
3.45021e+11
3.45021e+11
3.45021e+11
3.45021e+11
3.45021e+11
3.45021e+11
3.45021e+11
3.45021e+11
3.45021e+11
3.45021e+11
3.45021e+11
3.45021e+11
3.45021e+11
3.12424e+11
3.12424e+11
3.1241e+11
3.00302e+11
3.00302e+11
3.00302e+11
3.00302e+11
3.00302e+11
3.00302e+11
3.00302e+11
3.00302e+11
3.00302e+11
3.00302e+11
3.00302e+11
