4.50003e+11
4.13065e+11
4.13065e+11
4.1305e+11
3.91308e+11
3.91308e+11
3.91308e+11
3.91308e+11
3.91308e+11
3.91308e+11
3.91308e+11
3.91308e+11
3.91308e+11
3.91308e+11
3.91308e+11
3.91308e+11
3.91308e+11
3.91308e+11
3.91308e+11
3.73515e+11
3.73515e+11
3.73515e+11
3.73515e+11
3.70108e+11
3.70108e+11
3.70106e+11
3.70078e+11
3.70078e+11
3.70078e+11
3.70078e+11
3.70078e+11
3.68003e+11
3.68003e+11
3.68003e+11
3.68003e+11
3.68003e+11
3.68003e+11
3.68003e+11
3.68003e+11
3.68003e+11
3.68003e+11
3.68003e+11
3.68003e+11
3.66654e+11
3.66653e+11
3.66653e+11
3.66653e+11
3.66653e+11
3.66653e+11
3.66653e+11
3.66653e+11
3.66653e+11
3.66653e+11
3.66653e+11
3.66653e+11
3.66653e+11
3.66653e+11
3.66653e+11
3.66653e+11
3.66653e+11
3.66653e+11
3.66653e+11
3.66653e+11
3.66653e+11
3.66653e+11
3.66653e+11
3.66653e+11
3.66653e+11
3.66653e+11
3.66653e+11
3.66653e+11
3.66653e+11
3.66653e+11
3.66653e+11
3.66653e+11
3.66653e+11
3.66653e+11
3.66653e+11
3.66653e+11
3.66653e+11
3.66653e+11
3.66653e+11
3.66653e+11
3.66653e+11
3.66653e+11
3.66653e+11
3.66653e+11
3.46387e+11
3.46387e+11
3.46387e+11
3.46387e+11
3.46387e+11
3.46387e+11
3.46387e+11
3.46387e+11
3.46387e+11
3.46387e+11
3.46387e+11
3.46387e+11
3.46387e+11
3.46387e+11
3.46387e+11
3.46387e+11
3.46387e+11
3.46387e+11
3.46387e+11
3.46387e+11
3.46387e+11
3.46387e+11
3.46387e+11
3.46387e+11
3.46387e+11
3.46387e+11
3.46387e+11
3.46387e+11
3.46387e+11
3.46387e+11
3.46387e+11
3.46387e+11
