4.50003e+11
4.3702e+11
4.1282e+11
4.12819e+11
4.12819e+11
4.12819e+11
3.93682e+11
3.93682e+11
3.93682e+11
3.67408e+11
3.67408e+11
3.67408e+11
3.67408e+11
3.67408e+11
3.67408e+11
3.67408e+11
3.67408e+11
3.67408e+11
3.67408e+11
3.67408e+11
3.67408e+11
3.67408e+11
3.67408e+11
3.67408e+11
3.67408e+11
3.67408e+11
3.67408e+11
3.67406e+11
3.67386e+11
3.67386e+11
3.67386e+11
3.67386e+11
3.67386e+11
3.67386e+11
3.67386e+11
3.67386e+11
3.67386e+11
3.67386e+11
3.67386e+11
3.67386e+11
3.67386e+11
3.67386e+11
3.67386e+11
3.67386e+11
3.67386e+11
3.67386e+11
3.67386e+11
3.67386e+11
3.67386e+11
3.67386e+11
3.67386e+11
3.67386e+11
3.67386e+11
3.67386e+11
3.67386e+11
3.67386e+11
3.67386e+11
3.67386e+11
3.67386e+11
3.67386e+11
3.67386e+11
3.67386e+11
3.67386e+11
3.67386e+11
3.67386e+11
3.67386e+11
3.67386e+11
3.67386e+11
3.67386e+11
3.67386e+11
3.67386e+11
3.67386e+11
3.67386e+11
3.67386e+11
3.67386e+11
3.67386e+11
3.67386e+11
3.67386e+11
3.67386e+11
3.67386e+11
3.67386e+11
3.67386e+11
3.67386e+11
3.67386e+11
3.67386e+11
3.67386e+11
3.67386e+11
3.67386e+11
3.67386e+11
3.67386e+11
3.44963e+11
3.44963e+11
3.44963e+11
3.34917e+11
3.34917e+11
3.34917e+11
3.34917e+11
3.34917e+11
3.34917e+11
3.2357e+11
3.2357e+11
3.2357e+11
3.2357e+11
3.2357e+11
3.2357e+11
3.2357e+11
3.2357e+11
3.2357e+11
3.2357e+11
3.21315e+11
3.21074e+11
3.21074e+11
3.21074e+11
3.21074e+11
3.21074e+11
3.21074e+11
3.21074e+11
3.21074e+11
3.21074e+11
