4.50003e+11
4.50003e+11
4.1282e+11
4.1282e+11
3.90397e+11
3.90397e+11
3.90397e+11
3.90397e+11
3.90397e+11
3.90397e+11
3.90397e+11
3.90397e+11
3.90397e+11
3.90378e+11
3.90378e+11
3.90378e+11
3.90378e+11
3.90378e+11
3.66721e+11
3.44969e+11
3.44969e+11
3.44969e+11
3.44969e+11
3.44969e+11
3.44969e+11
3.44969e+11
3.44969e+11
3.44969e+11
3.44969e+11
3.44969e+11
3.44969e+11
3.44969e+11
3.44969e+11
3.44969e+11
3.44969e+11
3.44969e+11
3.44969e+11
3.44969e+11
3.44969e+11
3.44969e+11
3.44969e+11
3.44969e+11
3.44969e+11
3.44969e+11
3.44969e+11
3.44969e+11
3.44969e+11
3.44969e+11
3.44969e+11
3.44969e+11
3.44969e+11
3.44969e+11
3.44969e+11
3.44969e+11
3.44969e+11
3.44969e+11
3.44969e+11
3.44969e+11
3.44969e+11
3.44969e+11
3.44969e+11
3.44969e+11
3.44969e+11
3.44969e+11
3.44969e+11
3.44969e+11
3.44969e+11
3.44969e+11
3.44969e+11
3.44969e+11
3.44969e+11
3.44969e+11
3.44969e+11
3.44969e+11
3.44969e+11
3.44969e+11
3.44969e+11
3.44969e+11
3.44969e+11
3.44969e+11
3.44969e+11
3.44969e+11
3.44969e+11
3.44969e+11
3.44969e+11
3.44969e+11
3.44969e+11
3.44969e+11
3.44969e+11
3.44969e+11
3.44969e+11
3.44969e+11
3.44969e+11
3.44969e+11
3.44969e+11
3.44969e+11
3.44969e+11
3.44969e+11
3.44969e+11
3.44969e+11
3.44969e+11
3.44969e+11
3.44969e+11
3.44969e+11
3.44969e+11
3.44969e+11
3.44969e+11
3.44969e+11
3.44969e+11
3.44969e+11
3.44969e+11
3.44969e+11
3.44969e+11
3.44969e+11
3.44969e+11
3.44969e+11
3.44969e+11
3.44969e+11
