4.50003e+11
4.50003e+11
4.13066e+11
4.13052e+11
4.13052e+11
4.13052e+11
4.13052e+11
4.13052e+11
3.73518e+11
3.73518e+11
3.73518e+11
3.73514e+11
3.71409e+11
3.66397e+11
3.66397e+11
3.66397e+11
3.66397e+11
3.66397e+11
3.66397e+11
3.66397e+11
3.66397e+11
3.66397e+11
3.66397e+11
3.66397e+11
3.66397e+11
3.51099e+11
3.51099e+11
3.51099e+11
3.51099e+11
3.51099e+11
3.51099e+11
3.51099e+11
3.51099e+11
3.51099e+11
3.51099e+11
3.51099e+11
3.51099e+11
3.51099e+11
3.51099e+11
3.51099e+11
3.51099e+11
3.51099e+11
3.51099e+11
3.51099e+11
3.51099e+11
3.51099e+11
3.51099e+11
3.51099e+11
3.51099e+11
3.51099e+11
3.51099e+11
3.51099e+11
3.51099e+11
3.51099e+11
3.51099e+11
3.51099e+11
3.51099e+11
3.51099e+11
3.51099e+11
3.51099e+11
3.51099e+11
3.51099e+11
3.51099e+11
3.51099e+11
3.51099e+11
3.51099e+11
3.51099e+11
3.51099e+11
3.51099e+11
3.51099e+11
3.51099e+11
3.51099e+11
3.51099e+11
3.51099e+11
3.51099e+11
3.51099e+11
3.51099e+11
3.51099e+11
3.51099e+11
3.51099e+11
3.51099e+11
3.51099e+11
3.51099e+11
3.51099e+11
3.51099e+11
3.51099e+11
3.51099e+11
3.51099e+11
3.51099e+11
3.51099e+11
3.51099e+11
3.51099e+11
3.51099e+11
3.51099e+11
3.51099e+11
3.51099e+11
3.51099e+11
3.51099e+11
3.51099e+11
3.51099e+11
3.51099e+11
3.51099e+11
3.51099e+11
3.51099e+11
3.51099e+11
3.51099e+11
3.51099e+11
3.51099e+11
3.51099e+11
3.51099e+11
3.51099e+11
3.51099e+11
3.51099e+11
3.51099e+11
3.51099e+11
3.51099e+11
3.51099e+11
3.51099e+11
