4.50003e+11
4.50003e+11
4.50003e+11
4.13071e+11
4.13071e+11
4.13047e+11
3.89118e+11
3.89118e+11
3.89117e+11
3.89117e+11
3.89117e+11
3.89117e+11
3.89117e+11
3.89117e+11
3.89117e+11
3.89117e+11
3.89117e+11
3.89117e+11
3.67408e+11
3.67408e+11
3.67408e+11
3.67408e+11
3.67391e+11
3.67391e+11
3.6739e+11
3.6739e+11
3.47098e+11
3.47098e+11
3.47098e+11
3.47098e+11
3.45027e+11
3.45027e+11
3.45027e+11
3.45027e+11
3.45027e+11
3.45027e+11
3.45027e+11
3.45027e+11
3.45027e+11
3.45027e+11
3.45027e+11
3.45027e+11
3.45027e+11
3.45027e+11
3.45027e+11
3.45027e+11
3.45027e+11
3.45027e+11
3.45027e+11
3.45027e+11
3.45027e+11
3.45027e+11
3.45027e+11
3.45027e+11
3.45027e+11
3.45027e+11
3.45027e+11
3.45027e+11
3.45027e+11
3.45027e+11
3.45027e+11
3.45027e+11
3.45027e+11
3.45027e+11
3.41622e+11
3.41622e+11
3.41622e+11
3.41622e+11
3.41622e+11
3.41622e+11
3.41622e+11
3.41622e+11
3.41622e+11
3.41622e+11
3.41622e+11
3.41622e+11
3.41622e+11
3.41622e+11
3.41622e+11
3.41622e+11
3.41622e+11
3.41622e+11
3.41622e+11
3.41622e+11
3.41622e+11
3.41622e+11
3.41622e+11
3.41622e+11
3.41622e+11
3.41622e+11
3.41622e+11
3.41622e+11
3.41622e+11
3.41622e+11
3.41622e+11
3.41622e+11
3.41622e+11
3.41622e+11
3.41622e+11
3.41622e+11
3.41622e+11
3.41622e+11
3.41622e+11
3.41622e+11
3.41622e+11
3.41622e+11
3.41622e+11
3.41622e+11
3.41622e+11
3.41622e+11
3.41622e+11
3.41622e+11
3.41622e+11
3.41622e+11
3.41622e+11
3.41622e+11
3.41622e+11
3.41622e+11
