4.50003e+11
4.27589e+11
3.68926e+11
3.68926e+11
3.68926e+11
3.68926e+11
3.68926e+11
3.68926e+11
3.68926e+11
3.68926e+11
3.68926e+11
3.68926e+11
3.68926e+11
3.68926e+11
3.68926e+11
3.68926e+11
3.68926e+11
3.68926e+11
3.68926e+11
3.68926e+11
3.68926e+11
3.68926e+11
3.68926e+11
3.68926e+11
3.68926e+11
3.68926e+11
3.68926e+11
3.68926e+11
3.68926e+11
3.68926e+11
3.68926e+11
3.68926e+11
3.68926e+11
3.68926e+11
3.68926e+11
3.68926e+11
3.68926e+11
3.68926e+11
3.68926e+11
3.68926e+11
3.68926e+11
3.68926e+11
3.68926e+11
3.68926e+11
3.68926e+11
3.68926e+11
3.68926e+11
3.68926e+11
3.68926e+11
3.68926e+11
3.68926e+11
3.68926e+11
3.68926e+11
3.68926e+11
3.68926e+11
3.68926e+11
3.68926e+11
3.68926e+11
3.68926e+11
3.68926e+11
3.68926e+11
3.68926e+11
3.68926e+11
3.68926e+11
3.68926e+11
3.68926e+11
3.68926e+11
3.68926e+11
3.68926e+11
3.68926e+11
3.68926e+11
3.68926e+11
3.68926e+11
3.68926e+11
3.68926e+11
3.68926e+11
3.68926e+11
3.68926e+11
3.68926e+11
3.68926e+11
3.68926e+11
3.68926e+11
3.68926e+11
3.68926e+11
3.68926e+11
3.68926e+11
3.68926e+11
3.68926e+11
3.68926e+11
3.68926e+11
3.689e+11
3.689e+11
3.689e+11
3.689e+11
3.689e+11
3.689e+11
3.689e+11
3.689e+11
3.689e+11
3.689e+11
3.68898e+11
3.68898e+11
3.68898e+11
3.68898e+11
3.68898e+11
3.68898e+11
3.68898e+11
3.68898e+11
3.68898e+11
3.68898e+11
3.68898e+11
3.68898e+11
3.51108e+11
3.51108e+11
3.51105e+11
3.51105e+11
3.51104e+11
3.51104e+11
