4.50003e+11
3.91331e+11
3.91331e+11
3.91331e+11
3.91329e+11
3.91329e+11
3.73526e+11
3.73523e+11
3.73523e+11
3.73523e+11
3.73523e+11
3.73522e+11
3.73522e+11
3.7196e+11
3.7196e+11
3.51685e+11
3.51685e+11
3.51685e+11
3.51685e+11
3.51685e+11
3.51685e+11
3.51685e+11
3.51685e+11
3.47117e+11
3.47117e+11
3.47117e+11
3.47117e+11
3.47117e+11
3.47117e+11
3.47117e+11
3.47117e+11
3.47117e+11
3.47117e+11
3.47117e+11
3.47116e+11
3.47115e+11
3.47115e+11
3.47115e+11
3.47115e+11
3.47115e+11
3.47115e+11
3.47115e+11
3.47115e+11
3.47115e+11
3.47115e+11
3.47115e+11
3.47115e+11
3.47115e+11
3.47115e+11
3.47115e+11
3.44986e+11
3.44986e+11
3.44986e+11
3.44986e+11
3.44986e+11
3.44986e+11
3.44986e+11
3.44986e+11
3.44986e+11
3.44986e+11
3.44986e+11
3.44986e+11
3.44986e+11
3.44986e+11
3.44986e+11
3.44986e+11
3.44986e+11
3.44986e+11
3.44986e+11
3.44986e+11
3.44986e+11
3.44986e+11
3.44986e+11
3.44986e+11
3.44986e+11
3.44986e+11
3.44986e+11
3.44986e+11
3.44986e+11
3.44986e+11
3.44986e+11
3.44986e+11
3.44986e+11
3.44986e+11
3.44986e+11
3.44986e+11
3.44986e+11
3.44986e+11
3.44986e+11
3.44986e+11
3.44986e+11
3.44986e+11
3.44986e+11
3.44986e+11
3.44986e+11
3.44986e+11
3.44986e+11
3.44986e+11
3.44986e+11
3.44986e+11
3.44986e+11
3.44986e+11
3.44986e+11
3.44986e+11
3.44986e+11
3.44986e+11
3.44986e+11
3.44986e+11
3.44986e+11
3.44986e+11
3.44986e+11
3.44986e+11
3.44986e+11
3.44986e+11
3.44986e+11
3.44986e+11
3.44986e+11
3.44986e+11
