4.50003e+11
4.49987e+11
4.13045e+11
4.13045e+11
4.13045e+11
4.13045e+11
4.13045e+11
4.13045e+11
3.89118e+11
3.89117e+11
3.89117e+11
3.89117e+11
3.89117e+11
3.89117e+11
3.89117e+11
3.89117e+11
3.73518e+11
3.73518e+11
3.73518e+11
3.73518e+11
3.73518e+11
3.51128e+11
3.51126e+11
3.51126e+11
3.51126e+11
3.51126e+11
3.51126e+11
3.51126e+11
3.51126e+11
3.51126e+11
3.51126e+11
3.51126e+11
3.46485e+11
3.46485e+11
3.46485e+11
3.46485e+11
3.46485e+11
3.46485e+11
3.46485e+11
3.46485e+11
3.46485e+11
3.46485e+11
3.46485e+11
3.46485e+11
3.46485e+11
3.46485e+11
3.46485e+11
3.46485e+11
3.46485e+11
3.46485e+11
3.46485e+11
3.46485e+11
3.46485e+11
3.46485e+11
3.46485e+11
3.46485e+11
3.46485e+11
3.46485e+11
3.46485e+11
3.46485e+11
3.46485e+11
3.46485e+11
3.46485e+11
3.46485e+11
3.46485e+11
3.46485e+11
3.46485e+11
3.46485e+11
3.46485e+11
3.46485e+11
3.46485e+11
3.46485e+11
3.46485e+11
3.46485e+11
3.46485e+11
3.46485e+11
3.46485e+11
3.46485e+11
3.46485e+11
3.46485e+11
3.46485e+11
3.46485e+11
3.46485e+11
3.46485e+11
3.46485e+11
3.46485e+11
3.46485e+11
3.46485e+11
3.46485e+11
3.46485e+11
3.46485e+11
3.46485e+11
3.46485e+11
3.46485e+11
3.46485e+11
3.46485e+11
3.46485e+11
3.46485e+11
3.46485e+11
3.46485e+11
3.46485e+11
3.46485e+11
3.46485e+11
3.46485e+11
3.46485e+11
3.46485e+11
3.46485e+11
3.46485e+11
3.46485e+11
3.46485e+11
3.46485e+11
3.46459e+11
3.46459e+11
3.46459e+11
3.46459e+11
3.46459e+11
3.46459e+11
3.46459e+11
