4.50003e+11
3.91331e+11
3.91314e+11
3.91314e+11
3.91314e+11
3.91314e+11
3.91314e+11
3.91314e+11
3.91314e+11
3.91314e+11
3.91314e+11
3.91314e+11
3.91314e+11
3.91314e+11
3.91314e+11
3.91314e+11
3.67391e+11
3.6739e+11
3.6739e+11
3.6739e+11
3.6739e+11
3.6739e+11
3.6739e+11
3.6739e+11
3.6739e+11
3.6739e+11
3.6739e+11
3.6739e+11
3.6739e+11
3.6739e+11
3.6739e+11
3.6739e+11
3.6739e+11
3.6739e+11
3.6739e+11
3.6739e+11
3.6739e+11
3.6739e+11
3.6739e+11
3.6739e+11
3.6739e+11
3.6739e+11
3.65257e+11
3.65257e+11
3.65257e+11
3.65257e+11
3.65257e+11
3.65257e+11
3.65257e+11
3.65257e+11
3.65257e+11
3.65257e+11
3.65257e+11
3.65257e+11
3.65257e+11
3.65257e+11
3.65257e+11
3.65257e+11
3.65257e+11
3.65257e+11
3.65257e+11
3.65257e+11
3.65257e+11
3.65257e+11
3.65257e+11
3.65257e+11
3.65257e+11
3.65257e+11
3.65257e+11
3.65257e+11
3.65257e+11
3.65257e+11
3.65257e+11
3.65257e+11
3.4497e+11
3.4497e+11
3.4497e+11
3.4497e+11
3.4497e+11
3.4497e+11
3.4497e+11
3.4497e+11
3.4497e+11
3.4497e+11
3.4497e+11
3.4497e+11
3.4497e+11
3.4497e+11
3.4497e+11
3.4497e+11
3.4497e+11
3.4497e+11
3.4497e+11
3.4497e+11
3.4497e+11
3.4497e+11
3.4497e+11
3.4497e+11
3.4497e+11
3.4497e+11
3.4497e+11
3.4497e+11
3.4497e+11
3.4497e+11
3.4497e+11
3.4497e+11
3.4497e+11
3.4497e+11
3.4497e+11
3.4497e+11
3.4497e+11
3.4497e+11
3.4497e+11
3.4497e+11
3.4497e+11
3.4497e+11
3.4497e+11
3.4497e+11
