4.50003e+11
3.91329e+11
3.91329e+11
3.91329e+11
3.91329e+11
3.91314e+11
3.91314e+11
3.91314e+11
3.91314e+11
3.6739e+11
3.6739e+11
3.6739e+11
3.6739e+11
3.6739e+11
3.6739e+11
3.6739e+11
3.6739e+11
3.6739e+11
3.6739e+11
3.6739e+11
3.6739e+11
3.6739e+11
3.6739e+11
3.6739e+11
3.6739e+11
3.6739e+11
3.6739e+11
3.6739e+11
3.6739e+11
3.6739e+11
3.6739e+11
3.6739e+11
3.6739e+11
3.6739e+11
3.47116e+11
3.47116e+11
3.47116e+11
3.47116e+11
3.47116e+11
3.47116e+11
3.47116e+11
3.47116e+11
3.47116e+11
3.47116e+11
3.47116e+11
3.47116e+11
3.47116e+11
3.47116e+11
3.47116e+11
3.47116e+11
3.47116e+11
3.47116e+11
3.47116e+11
3.47116e+11
3.47116e+11
3.47116e+11
3.47116e+11
3.47116e+11
3.47116e+11
3.47116e+11
3.47116e+11
3.47116e+11
3.47116e+11
3.47116e+11
3.47116e+11
3.47116e+11
3.47116e+11
3.47116e+11
3.47116e+11
3.47116e+11
3.47116e+11
3.47116e+11
3.47116e+11
3.47116e+11
3.47116e+11
3.47116e+11
3.47116e+11
3.47116e+11
3.47116e+11
3.47116e+11
3.47116e+11
3.47116e+11
3.47116e+11
3.47116e+11
3.47116e+11
3.47116e+11
3.47116e+11
3.47116e+11
3.47116e+11
3.47116e+11
3.47116e+11
3.47116e+11
3.47116e+11
3.47116e+11
3.47116e+11
3.47116e+11
3.47116e+11
3.47116e+11
3.47116e+11
3.47116e+11
3.47116e+11
3.47116e+11
3.47116e+11
3.47116e+11
3.47116e+11
3.47116e+11
3.47116e+11
3.47116e+11
3.47116e+11
3.47116e+11
3.47116e+11
3.47116e+11
3.47116e+11
3.47116e+11
3.47116e+11
3.44964e+11
3.44964e+11
3.44964e+11
3.44964e+11
