4.50003e+11
4.50003e+11
4.49987e+11
4.49987e+11
4.49987e+11
4.49987e+11
4.49976e+11
4.26049e+11
4.26049e+11
4.26049e+11
3.73518e+11
3.73518e+11
3.73517e+11
3.73517e+11
3.73517e+11
3.73517e+11
3.73517e+11
3.73517e+11
3.73517e+11
3.73517e+11
3.73517e+11
3.73514e+11
3.73514e+11
3.73514e+11
3.73514e+11
3.73514e+11
3.73514e+11
3.73514e+11
3.73514e+11
3.73514e+11
3.73514e+11
3.73514e+11
3.73514e+11
3.73514e+11
3.73514e+11
3.73514e+11
3.73514e+11
3.53239e+11
3.53239e+11
3.53239e+11
3.53239e+11
3.53239e+11
3.53239e+11
3.53239e+11
3.53239e+11
3.53239e+11
3.53239e+11
3.53239e+11
3.53239e+11
3.53239e+11
3.53239e+11
3.53239e+11
3.53239e+11
3.53239e+11
3.53239e+11
3.53239e+11
3.53239e+11
3.53239e+11
3.53239e+11
3.53239e+11
3.53239e+11
3.53239e+11
3.53239e+11
3.53239e+11
3.53239e+11
3.53239e+11
3.53239e+11
3.53239e+11
3.53239e+11
3.53239e+11
3.53239e+11
3.53239e+11
3.53239e+11
3.53239e+11
3.53239e+11
3.53239e+11
3.53239e+11
3.53239e+11
3.53239e+11
3.53239e+11
3.53239e+11
3.53239e+11
3.53239e+11
3.53239e+11
3.53239e+11
3.53239e+11
3.53239e+11
3.53239e+11
3.53239e+11
3.53239e+11
3.53239e+11
3.53239e+11
3.53239e+11
3.53239e+11
3.53239e+11
3.53239e+11
3.53239e+11
3.53239e+11
3.53239e+11
3.53239e+11
3.53239e+11
3.53239e+11
3.53239e+11
3.53239e+11
3.53239e+11
3.53239e+11
3.51087e+11
3.51087e+11
3.51087e+11
3.46451e+11
3.4645e+11
3.4645e+11
3.4645e+11
3.4645e+11
3.4645e+11
3.4645e+11
3.4645e+11
3.4645e+11
