4.50003e+11
4.49989e+11
4.49989e+11
4.49989e+11
4.49978e+11
4.49978e+11
4.49978e+11
3.91316e+11
3.91316e+11
3.91316e+11
3.91316e+11
3.91316e+11
3.91316e+11
3.91316e+11
3.91316e+11
3.91316e+11
3.91316e+11
3.91316e+11
3.91316e+11
3.91316e+11
3.91316e+11
3.91316e+11
3.91316e+11
3.91316e+11
3.91316e+11
3.91316e+11
3.91316e+11
3.91316e+11
3.91316e+11
3.91316e+11
3.73526e+11
3.73525e+11
3.73522e+11
3.73521e+11
3.51112e+11
3.5111e+11
3.5111e+11
3.51104e+11
3.51104e+11
3.49548e+11
3.49548e+11
3.49548e+11
3.49548e+11
3.49548e+11
3.49548e+11
3.49548e+11
3.49548e+11
3.49548e+11
3.49548e+11
3.44996e+11
2.89595e+11
2.89583e+11
2.89583e+11
2.89583e+11
2.89583e+11
2.89583e+11
2.89583e+11
2.89583e+11
2.89583e+11
2.89583e+11
2.89583e+11
2.89583e+11
2.89583e+11
2.89583e+11
2.89583e+11
2.89583e+11
2.89583e+11
2.89583e+11
2.89583e+11
2.89583e+11
2.89583e+11
2.89583e+11
2.89583e+11
2.89583e+11
2.89583e+11
2.89583e+11
2.89583e+11
2.89583e+11
2.89583e+11
2.89583e+11
2.89583e+11
2.89583e+11
2.89583e+11
2.89583e+11
2.89583e+11
2.89583e+11
2.89583e+11
2.89583e+11
2.89583e+11
2.89583e+11
2.89583e+11
2.89583e+11
2.89583e+11
2.89583e+11
2.89583e+11
2.89583e+11
2.89583e+11
2.89583e+11
2.89583e+11
2.89583e+11
2.89583e+11
2.89583e+11
2.89583e+11
2.89583e+11
2.89583e+11
2.89583e+11
2.89583e+11
2.89583e+11
2.89583e+11
2.89583e+11
2.89583e+11
2.89583e+11
2.89583e+11
2.89583e+11
2.89583e+11
2.89583e+11
2.89583e+11
2.89583e+11
2.89583e+11
