4.50003e+11
4.50003e+11
4.50003e+11
3.91329e+11
3.91329e+11
3.91329e+11
3.91329e+11
3.91329e+11
3.91302e+11
3.91299e+11
3.91299e+11
3.91299e+11
3.91299e+11
3.91299e+11
3.91299e+11
3.91299e+11
3.91154e+11
3.91135e+11
3.91135e+11
3.91135e+11
3.91135e+11
3.91135e+11
3.91135e+11
3.91135e+11
3.91135e+11
3.91135e+11
3.7196e+11
3.71955e+11
3.71955e+11
3.71955e+11
3.71955e+11
3.71955e+11
3.71955e+11
3.71955e+11
3.71955e+11
3.71955e+11
3.71955e+11
3.49573e+11
3.49573e+11
3.49571e+11
3.49571e+11
3.45003e+11
3.45003e+11
3.45003e+11
3.45002e+11
3.45002e+11
3.45e+11
3.45e+11
3.45e+11
3.45e+11
3.45e+11
3.45e+11
3.45e+11
3.45e+11
3.45e+11
3.45e+11
3.45e+11
3.45e+11
3.45e+11
3.45e+11
3.45e+11
3.45e+11
3.45e+11
3.45e+11
3.45e+11
3.45e+11
3.45e+11
3.45e+11
3.45e+11
3.45e+11
3.45e+11
3.45e+11
3.45e+11
3.45e+11
3.45e+11
3.45e+11
3.45e+11
3.45e+11
3.45e+11
3.45e+11
3.45e+11
3.45e+11
3.45e+11
3.45e+11
3.45e+11
3.45e+11
3.45e+11
3.45e+11
3.45e+11
3.45e+11
3.45e+11
3.45e+11
3.45e+11
3.45e+11
3.45e+11
3.45e+11
3.45e+11
3.45e+11
3.45e+11
3.45e+11
3.45e+11
3.45e+11
3.45e+11
3.45e+11
3.45e+11
3.45e+11
3.45e+11
3.45e+11
3.45e+11
3.44947e+11
3.44947e+11
3.44947e+11
3.44947e+11
3.44947e+11
3.44947e+11
3.44947e+11
3.44947e+11
3.44947e+11
3.44947e+11
