4.50003e+11
4.13072e+11
3.73526e+11
3.73526e+11
3.73526e+11
3.73526e+11
3.73526e+11
3.73526e+11
3.73518e+11
3.73518e+11
3.73518e+11
3.73518e+11
3.73518e+11
3.73518e+11
3.73518e+11
3.73518e+11
3.73518e+11
3.73518e+11
3.73518e+11
3.73518e+11
3.73518e+11
3.73518e+11
3.73515e+11
3.73515e+11
3.73515e+11
3.73515e+11
3.73515e+11
3.73515e+11
3.73515e+11
3.73515e+11
3.73515e+11
3.73515e+11
3.73515e+11
3.73515e+11
3.73515e+11
3.73514e+11
3.73514e+11
3.73514e+11
3.73514e+11
3.73514e+11
3.73514e+11
3.73514e+11
3.73514e+11
3.73514e+11
3.73514e+11
3.73514e+11
3.73514e+11
3.73514e+11
3.73514e+11
3.73514e+11
3.73514e+11
3.73514e+11
3.73514e+11
3.73514e+11
3.73514e+11
3.73514e+11
3.73514e+11
3.73514e+11
3.73514e+11
3.73514e+11
3.73514e+11
3.73514e+11
3.73514e+11
3.73514e+11
3.73514e+11
3.73514e+11
3.73514e+11
3.73514e+11
3.73514e+11
3.73514e+11
3.73514e+11
3.73514e+11
3.73514e+11
3.73514e+11
3.73514e+11
3.73514e+11
3.73514e+11
3.73514e+11
3.73514e+11
3.73514e+11
3.73514e+11
3.51091e+11
3.51091e+11
3.51091e+11
3.51091e+11
3.51091e+11
3.51091e+11
3.51091e+11
3.51091e+11
3.51091e+11
3.51091e+11
3.51091e+11
3.51091e+11
3.51091e+11
3.51091e+11
3.51091e+11
3.51091e+11
3.51091e+11
3.51091e+11
3.51091e+11
3.51091e+11
3.51091e+11
3.51091e+11
3.51091e+11
3.51091e+11
3.51091e+11
3.51091e+11
3.51091e+11
3.51091e+11
3.51091e+11
3.51091e+11
3.51091e+11
3.51091e+11
3.51091e+11
3.51091e+11
3.51091e+11
3.51091e+11
3.51091e+11
