4.50003e+11
4.50002e+11
4.50002e+11
4.27593e+11
4.27593e+11
4.27593e+11
3.51117e+11
3.51115e+11
3.51115e+11
3.51115e+11
3.51115e+11
3.51115e+11
3.51115e+11
3.51115e+11
3.51115e+11
3.51115e+11
3.51115e+11
3.51115e+11
3.51115e+11
3.51115e+11
3.51115e+11
3.51115e+11
3.51115e+11
3.51115e+11
3.51115e+11
3.51115e+11
3.51115e+11
3.51115e+11
3.51115e+11
3.51115e+11
3.51115e+11
3.51115e+11
3.51115e+11
3.51115e+11
3.51115e+11
3.51115e+11
3.51115e+11
3.51115e+11
3.51115e+11
3.51115e+11
3.51115e+11
3.51115e+11
3.51115e+11
3.51115e+11
3.51115e+11
3.51115e+11
3.51115e+11
3.51115e+11
3.51115e+11
3.51115e+11
3.51115e+11
3.51115e+11
3.51115e+11
3.51115e+11
3.51115e+11
3.51115e+11
3.51115e+11
3.51115e+11
3.51115e+11
3.51115e+11
3.51115e+11
3.51115e+11
3.51115e+11
3.51115e+11
3.51115e+11
3.51115e+11
3.51115e+11
3.51115e+11
3.51115e+11
3.51115e+11
3.51115e+11
3.51115e+11
3.51115e+11
3.51115e+11
3.51115e+11
3.51115e+11
3.51115e+11
3.51115e+11
3.51115e+11
3.51115e+11
3.51115e+11
3.51115e+11
3.51115e+11
3.51115e+11
3.51115e+11
3.51115e+11
3.51115e+11
3.51115e+11
3.51115e+11
3.51115e+11
3.51115e+11
3.51115e+11
3.51115e+11
3.51115e+11
3.51115e+11
3.51115e+11
3.51115e+11
3.51115e+11
3.51115e+11
3.51115e+11
3.51115e+11
3.51115e+11
3.51115e+11
3.51115e+11
3.51115e+11
3.51115e+11
3.51115e+11
3.51115e+11
3.51115e+11
3.51115e+11
3.51115e+11
3.51115e+11
3.51115e+11
3.51115e+11
3.51115e+11
3.51115e+11
3.51115e+11
3.51115e+11
