4.50003e+11
4.50003e+11
4.49978e+11
4.49978e+11
4.49978e+11
4.49978e+11
4.49978e+11
4.49976e+11
3.91315e+11
3.91315e+11
3.91315e+11
3.91315e+11
3.91315e+11
3.91315e+11
3.91315e+11
3.91315e+11
3.91315e+11
3.68925e+11
3.68925e+11
3.68925e+11
3.68925e+11
3.68925e+11
3.68925e+11
3.68925e+11
3.68925e+11
3.68925e+11
3.68925e+11
3.68925e+11
3.68925e+11
3.68925e+11
3.68925e+11
3.68925e+11
3.68925e+11
3.68925e+11
3.68925e+11
3.68925e+11
3.68925e+11
3.68925e+11
3.68925e+11
3.68925e+11
3.68925e+11
3.68925e+11
3.68925e+11
3.68925e+11
3.68925e+11
3.68925e+11
3.68925e+11
3.68925e+11
3.68925e+11
3.68925e+11
3.68925e+11
3.68925e+11
3.68925e+11
3.68925e+11
3.68925e+11
3.68925e+11
3.68925e+11
3.68925e+11
3.68925e+11
3.68925e+11
3.68925e+11
3.68925e+11
3.68925e+11
3.68925e+11
3.68925e+11
3.68925e+11
3.68925e+11
3.68925e+11
3.68925e+11
3.68925e+11
3.68925e+11
3.68925e+11
3.68925e+11
3.68925e+11
3.68925e+11
3.68925e+11
3.68925e+11
3.68925e+11
3.68925e+11
3.68925e+11
3.68925e+11
3.68925e+11
3.68925e+11
3.68925e+11
3.68925e+11
3.68925e+11
3.68925e+11
3.68925e+11
3.68925e+11
3.68925e+11
3.68925e+11
3.68925e+11
3.68925e+11
3.68925e+11
3.68925e+11
3.68925e+11
3.68925e+11
3.68925e+11
3.68925e+11
3.68925e+11
3.68925e+11
3.68925e+11
3.68925e+11
3.68925e+11
3.68925e+11
3.68925e+11
3.68925e+11
3.68925e+11
3.68925e+11
3.68925e+11
3.68925e+11
3.68925e+11
3.68925e+11
3.68925e+11
3.68925e+11
3.68925e+11
3.68925e+11
3.68925e+11
