2.87205e+07
2.87205e+07
1.45248e+07
1.45248e+07
1.45248e+07
1.45248e+07
1.45248e+07
1.45248e+07
1.45248e+07
1.45248e+07
1.45248e+07
1.45248e+07
1.45248e+07
1.45248e+07
1.45248e+07
1.45248e+07
1.45248e+07
1.45248e+07
1.45248e+07
1.45248e+07
1.45248e+07
1.45248e+07
1.45248e+07
1.45248e+07
1.45248e+07
1.45248e+07
1.45248e+07
1.45248e+07
1.45248e+07
1.45248e+07
1.45248e+07
1.45248e+07
1.45248e+07
1.45248e+07
1.45248e+07
1.45248e+07
1.45248e+07
1.45248e+07
1.45248e+07
1.45248e+07
1.45248e+07
1.45248e+07
1.45248e+07
1.45248e+07
