8.45109e+11
8.45109e+11
8.45109e+11
8.45108e+11
8.45108e+11
8.45108e+11
8.45108e+11
8.45108e+11
8.45108e+11
8.45108e+11
8.45108e+11
8.45108e+11
8.45108e+11
8.45108e+11
8.45108e+11
8.45108e+11
8.45108e+11
8.45108e+11
8.45108e+11
8.45108e+11
8.4196e+11
8.4196e+11
8.4196e+11
8.4196e+11
8.4196e+11
8.4196e+11
8.4196e+11
8.4196e+11
8.4196e+11
8.4196e+11
8.4196e+11
8.4196e+11
8.4196e+11
8.4196e+11
8.4196e+11
8.4196e+11
8.4196e+11
8.4196e+11
8.4196e+11
8.4196e+11
8.4196e+11
8.4196e+11
8.4196e+11
8.4196e+11
8.4196e+11
8.4196e+11
8.4196e+11
8.4196e+11
8.4196e+11
8.4196e+11
8.4196e+11
8.4196e+11
8.4196e+11
8.4196e+11
8.4196e+11
8.4196e+11
8.4196e+11
8.4196e+11
8.4196e+11
8.4196e+11
8.4196e+11
8.41929e+11
8.41929e+11
8.41929e+11
8.41929e+11
8.41929e+11
8.41929e+11
8.41929e+11
8.41929e+11
8.41929e+11
8.41929e+11
8.41929e+11
8.41929e+11
8.41929e+11
8.41929e+11
8.41929e+11
8.41929e+11
8.41929e+11
8.41929e+11
8.41929e+11
8.41929e+11
8.41929e+11
8.41929e+11
8.41929e+11
8.41929e+11
8.41929e+11
8.41929e+11
8.41929e+11
8.41929e+11
8.41929e+11
8.41929e+11
8.41929e+11
8.41929e+11
8.41929e+11
8.41929e+11
8.41929e+11
8.41929e+11
8.27981e+11
8.27981e+11
8.27981e+11
8.27981e+11
8.27981e+11
8.27981e+11
8.27981e+11
8.27981e+11
8.27981e+11
8.27981e+11
8.27981e+11
8.27981e+11
8.27981e+11
8.27981e+11
8.27981e+11
8.27981e+11
8.27981e+11
8.27981e+11
8.27981e+11
8.27981e+11
8.27981e+11
8.27981e+11
8.27981e+11
8.27981e+11
8.27981e+11
8.27981e+11
8.27981e+11
8.27981e+11
8.27981e+11
