8.45109e+11
8.45109e+11
8.45109e+11
8.45109e+11
8.45109e+11
8.45109e+11
8.45109e+11
8.45109e+11
8.45109e+11
8.45109e+11
8.45109e+11
8.45109e+11
8.45109e+11
8.45109e+11
8.45109e+11
8.45109e+11
8.45109e+11
8.45109e+11
8.45109e+11
8.45109e+11
8.45109e+11
8.45109e+11
8.45109e+11
8.45109e+11
8.26286e+11
8.26286e+11
8.26286e+11
8.26286e+11
8.26286e+11
8.26286e+11
8.26286e+11
8.26286e+11
8.26286e+11
8.26286e+11
8.26286e+11
8.26286e+11
8.26286e+11
8.26286e+11
8.26286e+11
8.26286e+11
8.26286e+11
8.26286e+11
8.26286e+11
8.26286e+11
8.26286e+11
8.26286e+11
8.26286e+11
8.26286e+11
8.26286e+11
8.26286e+11
8.26286e+11
8.26286e+11
8.26286e+11
8.26286e+11
8.26286e+11
8.26286e+11
8.26286e+11
8.26286e+11
8.26286e+11
8.26286e+11
8.26286e+11
8.26286e+11
8.26286e+11
8.26286e+11
8.26286e+11
8.26286e+11
8.26286e+11
8.26286e+11
8.26286e+11
8.26286e+11
8.26286e+11
8.26286e+11
8.26286e+11
8.26286e+11
8.26286e+11
8.26286e+11
8.26286e+11
8.26286e+11
8.26286e+11
8.26286e+11
8.26285e+11
8.26285e+11
8.26285e+11
8.26285e+11
8.26285e+11
8.26285e+11
8.26285e+11
8.26285e+11
8.26285e+11
8.26285e+11
8.26285e+11
8.26285e+11
8.26285e+11
8.26285e+11
8.26285e+11
8.26285e+11
8.26285e+11
8.26285e+11
8.26285e+11
8.26285e+11
8.26285e+11
8.26285e+11
8.26285e+11
8.26285e+11
8.26285e+11
8.26285e+11
8.26285e+11
8.26285e+11
8.26285e+11
8.26285e+11
8.26285e+11
8.26285e+11
8.26285e+11
8.26285e+11
8.26285e+11
8.26285e+11
8.26285e+11
8.26285e+11
8.26285e+11
8.26285e+11
8.26285e+11
8.26285e+11
8.26285e+11
8.26285e+11
8.26285e+11
8.26285e+11
8.26285e+11
8.26285e+11
8.26285e+11
8.26285e+11
8.26285e+11
