8.45109e+11
8.45109e+11
8.45109e+11
8.45109e+11
8.45109e+11
8.45109e+11
8.45109e+11
8.45109e+11
8.45109e+11
8.45109e+11
8.45109e+11
8.45109e+11
8.45109e+11
8.45109e+11
8.45109e+11
8.45109e+11
8.45109e+11
8.45109e+11
8.45109e+11
8.45109e+11
8.45109e+11
8.45109e+11
8.45109e+11
8.45109e+11
8.45109e+11
8.45109e+11
8.45109e+11
8.45109e+11
8.45109e+11
8.45109e+11
8.45109e+11
8.45109e+11
8.45109e+11
8.26286e+11
8.26286e+11
8.26286e+11
8.26286e+11
8.26286e+11
8.26286e+11
8.26286e+11
8.26286e+11
8.26286e+11
8.26286e+11
8.26286e+11
8.26286e+11
8.26286e+11
8.26286e+11
8.26286e+11
8.26286e+11
8.26286e+11
8.26286e+11
8.26286e+11
8.26244e+11
8.26244e+11
8.26244e+11
8.26244e+11
8.26244e+11
8.26243e+11
8.26243e+11
8.26243e+11
8.26243e+11
8.26243e+11
8.26243e+11
8.26243e+11
8.26243e+11
8.26243e+11
8.26243e+11
8.26243e+11
8.26243e+11
8.26243e+11
8.26243e+11
8.26243e+11
8.26243e+11
8.26243e+11
8.26243e+11
8.26243e+11
8.26243e+11
8.26243e+11
8.26243e+11
8.26243e+11
8.26243e+11
8.26243e+11
8.26243e+11
8.26243e+11
8.26243e+11
8.26243e+11
8.26243e+11
8.26243e+11
8.26243e+11
8.26243e+11
8.26243e+11
8.26243e+11
8.26243e+11
8.26243e+11
8.26243e+11
8.26243e+11
8.26243e+11
8.26243e+11
8.26243e+11
8.26243e+11
8.26243e+11
8.26243e+11
8.26243e+11
8.26243e+11
8.26243e+11
8.26243e+11
8.26243e+11
8.26243e+11
8.26243e+11
8.26243e+11
8.26243e+11
8.26243e+11
8.26243e+11
8.26243e+11
8.26243e+11
8.26243e+11
8.26243e+11
8.26243e+11
8.26243e+11
8.26243e+11
8.26243e+11
8.26243e+11
8.26243e+11
8.26243e+11
8.26243e+11
8.26243e+11
8.26243e+11
8.26243e+11
8.26243e+11
8.26243e+11
8.26243e+11
8.26243e+11
8.26243e+11
