8.45109e+11
8.45109e+11
8.45109e+11
8.45109e+11
8.45109e+11
8.45109e+11
8.45109e+11
8.45109e+11
8.45109e+11
8.45109e+11
8.45109e+11
8.45109e+11
8.45109e+11
8.45109e+11
8.45109e+11
8.45109e+11
8.45109e+11
8.45109e+11
8.45109e+11
8.45109e+11
8.45109e+11
8.45109e+11
8.45109e+11
8.45109e+11
8.45109e+11
8.45109e+11
8.45109e+11
8.45109e+11
8.45109e+11
8.45109e+11
8.45109e+11
8.45109e+11
8.45109e+11
8.45109e+11
8.45109e+11
8.45109e+11
8.45109e+11
8.45109e+11
8.45109e+11
8.45109e+11
8.45102e+11
8.45102e+11
8.45102e+11
8.45102e+11
8.45102e+11
8.45102e+11
8.45102e+11
8.45102e+11
8.45102e+11
8.45102e+11
8.45102e+11
8.45102e+11
8.45102e+11
8.45102e+11
8.45102e+11
8.45102e+11
8.45102e+11
8.45102e+11
8.45102e+11
8.45102e+11
8.45102e+11
8.45102e+11
8.45102e+11
8.45102e+11
8.45102e+11
8.45102e+11
8.45102e+11
8.45102e+11
8.45102e+11
8.45102e+11
8.45102e+11
8.45102e+11
8.45102e+11
8.45102e+11
8.45102e+11
8.45102e+11
8.45102e+11
8.45102e+11
8.45102e+11
8.45102e+11
8.45102e+11
8.45102e+11
8.45102e+11
8.45102e+11
8.45102e+11
8.45102e+11
8.45102e+11
8.45102e+11
8.45102e+11
8.45102e+11
8.45102e+11
8.45102e+11
8.45102e+11
8.45102e+11
8.45102e+11
8.45102e+11
8.45102e+11
8.41281e+11
8.23756e+11
8.23756e+11
8.23756e+11
8.23756e+11
8.23756e+11
8.23756e+11
8.23756e+11
8.23756e+11
8.23756e+11
8.23756e+11
8.23756e+11
8.23756e+11
8.23756e+11
8.23756e+11
8.23756e+11
8.23756e+11
8.23756e+11
8.23756e+11
8.23756e+11
8.23756e+11
8.23756e+11
8.23756e+11
8.23756e+11
8.23756e+11
8.23756e+11
8.23756e+11
8.23756e+11
8.23756e+11
8.23756e+11
8.23756e+11
8.23756e+11
8.23756e+11
8.23756e+11
8.23756e+11
8.23756e+11
8.23756e+11
8.23756e+11
8.23756e+11
