8.45109e+11
8.45109e+11
8.45109e+11
8.45109e+11
8.45109e+11
8.45109e+11
8.45109e+11
8.45109e+11
8.45109e+11
8.45109e+11
8.45109e+11
8.45109e+11
8.45109e+11
8.45109e+11
8.45109e+11
8.45109e+11
8.45109e+11
8.45109e+11
8.45109e+11
8.45109e+11
8.45109e+11
8.45109e+11
8.45109e+11
8.45109e+11
8.45109e+11
8.45109e+11
8.45108e+11
8.45108e+11
8.45108e+11
8.45108e+11
8.45108e+11
8.45108e+11
8.45108e+11
8.45108e+11
8.4196e+11
8.4196e+11
8.4196e+11
8.4196e+11
8.4196e+11
8.4196e+11
8.4196e+11
8.4196e+11
8.4196e+11
8.4196e+11
8.4196e+11
8.4196e+11
8.4196e+11
8.4196e+11
8.4196e+11
8.4196e+11
8.4196e+11
8.4196e+11
8.4196e+11
8.4196e+11
8.4196e+11
8.4196e+11
8.39875e+11
8.39875e+11
8.39875e+11
8.39875e+11
8.39875e+11
8.34422e+11
8.34422e+11
8.34422e+11
8.34422e+11
8.34422e+11
8.34422e+11
8.34422e+11
8.34422e+11
8.34422e+11
8.34422e+11
8.34422e+11
8.34422e+11
8.34422e+11
8.34422e+11
8.34422e+11
8.34422e+11
8.34422e+11
8.34422e+11
8.34422e+11
8.34422e+11
8.16694e+11
8.16694e+11
8.16694e+11
8.16694e+11
8.16694e+11
8.16694e+11
8.16694e+11
8.16694e+11
8.16694e+11
8.16694e+11
8.16694e+11
8.16694e+11
8.16694e+11
8.16694e+11
8.16694e+11
8.16694e+11
8.16694e+11
8.16694e+11
8.16694e+11
8.16694e+11
8.16694e+11
8.16694e+11
8.16694e+11
8.16694e+11
8.16694e+11
8.16694e+11
8.16694e+11
8.16694e+11
8.16694e+11
8.16694e+11
8.16694e+11
8.16694e+11
8.16694e+11
8.16694e+11
8.16694e+11
8.16694e+11
8.16694e+11
8.16694e+11
8.16694e+11
8.16694e+11
8.16694e+11
8.16694e+11
8.16694e+11
8.16694e+11
8.16694e+11
8.16694e+11
8.16694e+11
8.16694e+11
8.16694e+11
8.16694e+11
8.16694e+11
8.16694e+11
8.16694e+11
8.16694e+11
