8.45109e+11
8.45109e+11
8.45109e+11
8.45109e+11
8.45109e+11
8.45109e+11
8.45109e+11
8.45109e+11
8.45109e+11
8.45109e+11
8.45109e+11
8.45109e+11
8.45109e+11
8.45109e+11
8.45109e+11
8.45109e+11
8.45109e+11
8.45109e+11
8.45109e+11
8.45109e+11
8.45109e+11
8.45109e+11
8.45109e+11
8.45109e+11
8.45109e+11
8.45109e+11
8.45109e+11
8.45109e+11
8.45109e+11
8.45109e+11
8.45109e+11
8.45109e+11
8.45109e+11
8.45109e+11
8.45109e+11
8.41288e+11
8.41288e+11
8.41288e+11
8.41288e+11
8.41288e+11
8.41288e+11
8.41288e+11
8.41288e+11
8.41288e+11
8.41288e+11
8.41288e+11
8.41288e+11
8.41288e+11
8.41288e+11
8.41288e+11
8.41288e+11
8.41288e+11
8.41288e+11
8.41288e+11
8.41288e+11
8.41288e+11
8.27339e+11
8.27339e+11
8.27339e+11
8.27339e+11
8.27339e+11
8.27339e+11
8.27339e+11
8.27339e+11
8.27339e+11
8.27339e+11
8.27339e+11
8.27339e+11
8.27339e+11
8.27339e+11
8.27339e+11
8.27339e+11
8.27339e+11
8.27339e+11
8.27339e+11
8.27339e+11
8.27339e+11
8.27339e+11
8.27339e+11
8.27339e+11
8.27339e+11
8.27339e+11
8.27339e+11
8.27339e+11
8.27339e+11
8.27339e+11
8.27339e+11
8.27339e+11
8.27339e+11
8.27339e+11
8.27339e+11
8.27339e+11
8.27339e+11
8.27339e+11
8.27339e+11
8.27339e+11
8.27339e+11
8.27339e+11
8.27339e+11
8.27339e+11
8.27339e+11
8.27339e+11
8.27339e+11
8.27339e+11
8.27339e+11
8.27339e+11
8.27339e+11
8.27339e+11
8.27339e+11
8.27339e+11
8.27339e+11
8.27339e+11
8.27297e+11
8.27297e+11
8.27297e+11
8.27297e+11
8.27297e+11
8.27297e+11
8.27297e+11
8.27297e+11
8.27297e+11
8.27297e+11
8.27297e+11
8.27297e+11
8.27297e+11
8.27297e+11
8.27297e+11
8.27297e+11
8.27297e+11
