8.45109e+11
8.45109e+11
8.45109e+11
8.45109e+11
8.45109e+11
8.45109e+11
8.45109e+11
8.45109e+11
8.45109e+11
8.45109e+11
8.26286e+11
8.26286e+11
8.26286e+11
8.26286e+11
8.26286e+11
8.26286e+11
8.26286e+11
8.26286e+11
8.26286e+11
8.26286e+11
8.26286e+11
8.25776e+11
8.25776e+11
8.25776e+11
8.25776e+11
8.25776e+11
8.25776e+11
8.25776e+11
8.25776e+11
8.25776e+11
8.25776e+11
8.25776e+11
8.25776e+11
8.25776e+11
8.25776e+11
8.25776e+11
8.25776e+11
8.25776e+11
8.25776e+11
8.25776e+11
8.25776e+11
8.25776e+11
8.25776e+11
8.25776e+11
8.25776e+11
8.25776e+11
8.25776e+11
8.25776e+11
8.25776e+11
8.25776e+11
8.25776e+11
8.25776e+11
8.25776e+11
8.25776e+11
8.25776e+11
8.25776e+11
8.25776e+11
8.25776e+11
8.25776e+11
8.25776e+11
8.25776e+11
8.25776e+11
8.25776e+11
8.25776e+11
8.25776e+11
8.25776e+11
8.25776e+11
8.25776e+11
8.25776e+11
8.25776e+11
8.25776e+11
8.25776e+11
8.25776e+11
8.25776e+11
8.25776e+11
8.25776e+11
8.25776e+11
8.25776e+11
8.25776e+11
8.25776e+11
8.25776e+11
8.25776e+11
8.25776e+11
8.25776e+11
8.25776e+11
8.25776e+11
8.25776e+11
8.25776e+11
8.25776e+11
8.25776e+11
8.25776e+11
8.25776e+11
8.25776e+11
8.25776e+11
8.25776e+11
8.25776e+11
8.25776e+11
8.25776e+11
8.25776e+11
8.25776e+11
8.25776e+11
8.25776e+11
8.25776e+11
8.25776e+11
8.25776e+11
8.25776e+11
8.25776e+11
8.25776e+11
8.25776e+11
8.25776e+11
8.25776e+11
8.25776e+11
8.25776e+11
8.25776e+11
8.25776e+11
8.25776e+11
8.25776e+11
8.25776e+11
8.25776e+11
8.25776e+11
8.25776e+11
8.25776e+11
8.25776e+11
8.25776e+11
8.25776e+11
8.25776e+11
8.25776e+11
8.25776e+11
8.25776e+11
8.25776e+11
8.25776e+11
8.25776e+11
8.25776e+11
8.25776e+11
8.25776e+11
8.25776e+11
8.25776e+11
8.25776e+11
8.25776e+11
8.25776e+11
8.25776e+11
8.25776e+11
