8.45109e+11
8.45109e+11
8.45109e+11
8.45109e+11
8.45109e+11
8.45109e+11
8.45109e+11
8.45109e+11
8.45109e+11
8.45109e+11
8.45109e+11
8.45109e+11
8.45109e+11
8.45109e+11
8.45109e+11
8.45109e+11
8.45109e+11
8.45109e+11
8.45109e+11
8.45109e+11
8.45109e+11
8.45109e+11
8.45109e+11
8.45109e+11
8.45109e+11
8.45109e+11
8.45109e+11
8.45109e+11
8.45109e+11
8.45109e+11
8.45109e+11
8.45109e+11
8.45109e+11
8.45109e+11
8.45109e+11
8.45109e+11
8.45109e+11
8.45109e+11
8.45109e+11
8.45109e+11
8.45109e+11
8.45109e+11
8.45109e+11
8.45109e+11
8.45109e+11
8.45109e+11
8.45109e+11
8.45109e+11
8.45109e+11
8.45109e+11
8.45109e+11
8.45109e+11
8.45109e+11
8.45109e+11
8.45109e+11
8.45109e+11
8.45109e+11
8.45109e+11
8.45109e+11
8.45109e+11
8.45109e+11
8.45109e+11
8.45109e+11
8.45109e+11
8.45109e+11
8.45109e+11
8.45109e+11
8.45109e+11
8.45109e+11
8.45109e+11
8.45109e+11
8.45109e+11
8.45109e+11
8.45109e+11
8.45109e+11
8.45109e+11
8.45109e+11
8.45109e+11
8.45109e+11
8.45109e+11
8.27583e+11
8.27583e+11
8.27583e+11
8.27583e+11
8.27583e+11
8.27583e+11
8.27583e+11
8.27583e+11
8.27583e+11
8.27583e+11
8.27583e+11
8.27578e+11
8.27578e+11
8.27578e+11
8.27578e+11
8.27578e+11
8.27578e+11
8.27578e+11
8.26281e+11
8.26281e+11
8.26281e+11
8.26281e+11
8.26281e+11
8.26281e+11
8.26281e+11
8.26281e+11
8.26281e+11
8.26281e+11
8.26281e+11
8.26281e+11
8.26281e+11
8.26281e+11
8.26281e+11
8.26281e+11
8.26281e+11
8.26281e+11
8.26281e+11
8.26281e+11
8.26281e+11
8.26281e+11
8.26281e+11
8.26281e+11
8.26281e+11
8.26281e+11
8.26281e+11
8.26281e+11
8.26281e+11
8.26281e+11
8.26281e+11
8.26281e+11
8.26281e+11
8.26281e+11
8.26281e+11
8.26281e+11
8.26281e+11
8.25772e+11
8.25772e+11
8.25772e+11
8.25772e+11
8.25772e+11
8.25772e+11
8.25772e+11
