8.45109e+11
8.45109e+11
8.45109e+11
8.45109e+11
8.45109e+11
8.45109e+11
8.45109e+11
8.45109e+11
8.45109e+11
8.45109e+11
8.45109e+11
8.45109e+11
8.45109e+11
8.45109e+11
8.45109e+11
8.45109e+11
8.45109e+11
8.45109e+11
8.45109e+11
8.45109e+11
8.45109e+11
8.45109e+11
8.45109e+11
8.45109e+11
8.45109e+11
8.45109e+11
8.45109e+11
8.45109e+11
8.45109e+11
8.45109e+11
8.45109e+11
8.45109e+11
8.45109e+11
8.45109e+11
8.45109e+11
8.45109e+11
8.45109e+11
8.45109e+11
8.45109e+11
8.45109e+11
8.45109e+11
8.45109e+11
8.41267e+11
8.41267e+11
8.41267e+11
8.41267e+11
8.41267e+11
8.41267e+11
8.41267e+11
8.41267e+11
8.41267e+11
8.41267e+11
8.41267e+11
8.41267e+11
8.41267e+11
8.41267e+11
8.41267e+11
8.41267e+11
8.41267e+11
8.41267e+11
8.41267e+11
8.41267e+11
8.41267e+11
8.41267e+11
8.41267e+11
8.41267e+11
8.41267e+11
8.41267e+11
8.41267e+11
8.41267e+11
8.41267e+11
8.41267e+11
8.41267e+11
8.41267e+11
8.41267e+11
8.41267e+11
8.41267e+11
8.41267e+11
8.41267e+11
8.41267e+11
8.41267e+11
8.41267e+11
8.41267e+11
8.41267e+11
8.41267e+11
8.41267e+11
8.41267e+11
8.41267e+11
8.41267e+11
8.41267e+11
8.41267e+11
8.41267e+11
8.41267e+11
8.41267e+11
8.41267e+11
8.41267e+11
8.41267e+11
8.41267e+11
8.41267e+11
8.41267e+11
8.41267e+11
8.41267e+11
8.41267e+11
8.41267e+11
8.41267e+11
8.41267e+11
8.41267e+11
8.41267e+11
8.41267e+11
8.41267e+11
8.41267e+11
8.41267e+11
8.41267e+11
8.41267e+11
8.41267e+11
8.41267e+11
8.41267e+11
8.41267e+11
8.41267e+11
8.41267e+11
8.41267e+11
8.41267e+11
8.41267e+11
8.41267e+11
8.41267e+11
8.41267e+11
8.41267e+11
8.41267e+11
8.41267e+11
8.41267e+11
8.41267e+11
8.41267e+11
8.41267e+11
8.41267e+11
8.41265e+11
