8.45109e+11
8.45109e+11
8.45109e+11
8.45109e+11
8.45109e+11
8.45109e+11
8.45109e+11
8.45109e+11
8.45109e+11
8.45109e+11
8.45109e+11
8.45109e+11
8.45109e+11
8.45109e+11
8.45109e+11
8.45109e+11
8.41288e+11
8.41288e+11
8.41288e+11
8.41288e+11
8.41288e+11
8.41288e+11
8.41288e+11
8.41288e+11
8.41288e+11
8.41288e+11
8.41288e+11
8.41288e+11
8.41288e+11
8.41288e+11
8.41288e+11
8.41288e+11
8.41288e+11
8.41288e+11
8.41288e+11
8.41288e+11
8.41288e+11
8.41288e+11
8.41288e+11
8.41288e+11
8.41288e+11
8.41288e+11
8.41288e+11
8.41288e+11
8.41288e+11
8.41288e+11
8.41288e+11
8.41288e+11
8.41288e+11
8.41288e+11
8.41288e+11
8.41288e+11
8.41288e+11
8.41288e+11
8.41288e+11
8.41288e+11
8.41288e+11
8.41288e+11
8.41288e+11
8.41288e+11
8.41288e+11
8.41288e+11
8.41288e+11
8.41288e+11
8.41288e+11
8.41246e+11
8.41245e+11
8.41245e+11
8.41245e+11
8.41245e+11
8.41245e+11
8.41245e+11
8.41245e+11
8.41245e+11
8.41245e+11
8.41245e+11
8.41245e+11
8.41245e+11
8.41245e+11
8.41245e+11
8.41245e+11
8.41245e+11
8.41245e+11
8.41245e+11
8.41245e+11
8.41245e+11
8.41245e+11
8.41245e+11
8.41245e+11
8.41245e+11
8.41245e+11
8.41245e+11
8.41245e+11
8.41245e+11
8.41245e+11
8.41245e+11
8.41245e+11
8.41245e+11
8.41245e+11
8.41245e+11
8.41245e+11
8.41245e+11
8.41245e+11
8.41245e+11
8.41245e+11
8.41245e+11
8.41245e+11
8.41245e+11
8.41245e+11
8.41245e+11
8.41245e+11
8.41245e+11
8.41245e+11
8.41245e+11
8.41245e+11
8.41245e+11
8.41245e+11
8.41245e+11
8.41245e+11
8.41245e+11
8.41245e+11
8.41245e+11
8.41245e+11
8.41245e+11
8.41245e+11
8.41245e+11
