8.45109e+11
8.45109e+11
8.45109e+11
8.45109e+11
8.45109e+11
8.45109e+11
8.45109e+11
8.45109e+11
8.45109e+11
8.45109e+11
8.45109e+11
8.45109e+11
8.45109e+11
8.45109e+11
8.45109e+11
8.45109e+11
8.45109e+11
8.45109e+11
8.45109e+11
8.45109e+11
8.45109e+11
8.45109e+11
8.45109e+11
8.45109e+11
8.45109e+11
8.45109e+11
8.45109e+11
8.45109e+11
8.45109e+11
8.45109e+11
8.45109e+11
8.45109e+11
8.45109e+11
8.45109e+11
8.45109e+11
8.45108e+11
8.45108e+11
8.45108e+11
8.45108e+11
8.45108e+11
8.45108e+11
8.45108e+11
8.45108e+11
8.45108e+11
8.45108e+11
8.45108e+11
8.45108e+11
8.45108e+11
8.45108e+11
8.45108e+11
8.45108e+11
8.45108e+11
8.45108e+11
8.45108e+11
8.45108e+11
8.45108e+11
8.45108e+11
8.45108e+11
8.45108e+11
8.45108e+11
8.45108e+11
8.45108e+11
8.45108e+11
8.45108e+11
8.45108e+11
8.45108e+11
8.45108e+11
8.45108e+11
8.45108e+11
8.45108e+11
8.45108e+11
8.45108e+11
8.45108e+11
8.45108e+11
8.45108e+11
8.45108e+11
8.45108e+11
8.45108e+11
8.45108e+11
8.45108e+11
8.45108e+11
8.45108e+11
8.45108e+11
8.45108e+11
8.45108e+11
8.45108e+11
8.45108e+11
8.45108e+11
8.45108e+11
8.45108e+11
8.45108e+11
8.45108e+11
8.45108e+11
8.45108e+11
8.45108e+11
8.45108e+11
8.45108e+11
8.45108e+11
8.45108e+11
8.45108e+11
8.45108e+11
8.45108e+11
8.45108e+11
8.45108e+11
8.45108e+11
8.45108e+11
8.45108e+11
8.45108e+11
8.45108e+11
8.45108e+11
8.45108e+11
8.45108e+11
8.45108e+11
8.45108e+11
8.4196e+11
8.4196e+11
8.4196e+11
8.4196e+11
8.4196e+11
8.4196e+11
8.4196e+11
8.24232e+11
8.24232e+11
8.24232e+11
8.24232e+11
8.24232e+11
8.24232e+11
8.24232e+11
8.24232e+11
8.24232e+11
8.24232e+11
