8.45109e+11
8.45109e+11
8.45109e+11
8.45109e+11
8.41961e+11
8.41961e+11
8.41961e+11
8.41961e+11
8.41961e+11
8.41961e+11
8.41961e+11
8.41961e+11
8.41961e+11
8.41961e+11
8.41961e+11
8.41961e+11
8.41961e+11
8.41961e+11
8.41961e+11
8.41961e+11
8.41961e+11
8.41961e+11
8.41961e+11
8.41961e+11
8.41961e+11
8.41961e+11
8.41961e+11
8.41961e+11
8.41961e+11
8.41961e+11
8.41961e+11
8.41961e+11
8.41961e+11
8.41961e+11
8.41961e+11
8.41961e+11
8.41961e+11
8.41961e+11
8.41961e+11
8.41961e+11
8.41961e+11
8.41961e+11
8.41961e+11
8.41961e+11
8.41961e+11
8.41961e+11
8.41961e+11
8.41961e+11
8.41961e+11
8.41961e+11
8.41961e+11
8.41961e+11
8.41961e+11
8.41961e+11
8.41961e+11
8.41961e+11
8.41961e+11
8.41961e+11
8.41961e+11
8.4196e+11
8.4196e+11
8.4196e+11
8.4196e+11
8.4196e+11
8.4196e+11
8.4196e+11
8.4196e+11
8.4196e+11
8.4196e+11
8.41958e+11
8.41958e+11
8.41958e+11
8.41958e+11
8.41958e+11
8.41954e+11
8.41954e+11
8.24225e+11
8.24225e+11
8.24225e+11
8.24225e+11
8.24225e+11
8.24225e+11
8.24225e+11
8.24225e+11
8.24225e+11
8.24225e+11
8.24225e+11
8.24225e+11
8.24225e+11
8.24225e+11
8.24225e+11
8.24225e+11
8.24225e+11
8.24225e+11
8.24225e+11
8.24225e+11
8.24225e+11
8.24225e+11
8.24225e+11
8.24225e+11
8.24225e+11
8.24225e+11
8.24225e+11
8.24225e+11
8.24225e+11
8.24225e+11
8.24225e+11
8.24225e+11
8.24225e+11
8.24225e+11
8.24225e+11
8.24225e+11
8.24225e+11
8.24225e+11
8.24225e+11
8.24225e+11
8.24225e+11
8.24225e+11
8.24225e+11
8.24225e+11
8.24225e+11
8.24225e+11
8.24225e+11
8.24225e+11
8.24225e+11
8.24225e+11
8.24225e+11
8.24225e+11
8.24225e+11
8.24225e+11
8.24225e+11
8.24225e+11
8.24225e+11
8.24225e+11
8.24225e+11
8.24225e+11
8.24225e+11
8.24225e+11
