8.45109e+11
8.45109e+11
8.45109e+11
8.45109e+11
8.41961e+11
8.41961e+11
8.41961e+11
8.41961e+11
8.41961e+11
8.41961e+11
8.41961e+11
8.41961e+11
8.41961e+11
8.41961e+11
8.41961e+11
8.23138e+11
8.23138e+11
8.23138e+11
8.23138e+11
8.23138e+11
8.23138e+11
8.23138e+11
8.23138e+11
8.23138e+11
8.23138e+11
8.23138e+11
8.23138e+11
8.23138e+11
8.23138e+11
8.23138e+11
8.23138e+11
8.23138e+11
8.23138e+11
8.23138e+11
8.23138e+11
8.23138e+11
8.23138e+11
8.23138e+11
8.23138e+11
8.23131e+11
8.23131e+11
8.23131e+11
8.23131e+11
8.23131e+11
8.23131e+11
8.23131e+11
8.23131e+11
8.23131e+11
8.23131e+11
8.23131e+11
8.23131e+11
8.23131e+11
8.23131e+11
8.23131e+11
8.23131e+11
8.23131e+11
8.23131e+11
8.23131e+11
8.23131e+11
8.23131e+11
8.23131e+11
8.23131e+11
8.23131e+11
8.23131e+11
8.23131e+11
8.23131e+11
8.23131e+11
8.23131e+11
8.23131e+11
8.23131e+11
8.23131e+11
8.23131e+11
8.23131e+11
8.23131e+11
8.23131e+11
8.23131e+11
8.23131e+11
8.23131e+11
8.23131e+11
8.23131e+11
8.23131e+11
8.23131e+11
8.23131e+11
8.23131e+11
8.23131e+11
8.23107e+11
8.23107e+11
8.23107e+11
8.23107e+11
8.23107e+11
8.23107e+11
8.23107e+11
8.23107e+11
8.23107e+11
8.23107e+11
8.23107e+11
8.23107e+11
8.23107e+11
8.23107e+11
8.23107e+11
8.23107e+11
8.23107e+11
8.23107e+11
8.23107e+11
8.23107e+11
8.23107e+11
8.23107e+11
8.23107e+11
8.23107e+11
8.23107e+11
8.23107e+11
8.23107e+11
8.23107e+11
8.23107e+11
8.23107e+11
8.23107e+11
8.23107e+11
8.23107e+11
8.23107e+11
8.23107e+11
8.23107e+11
8.23107e+11
8.23107e+11
8.23107e+11
8.23107e+11
8.23107e+11
8.23107e+11
8.23107e+11
8.23107e+11
8.23107e+11
8.23107e+11
8.23107e+11
8.23107e+11
8.23107e+11
8.23107e+11
8.23107e+11
8.23107e+11
8.23107e+11
8.23107e+11
8.23107e+11
8.23107e+11
8.23107e+11
