8.45109e+11
8.45109e+11
8.45109e+11
8.45109e+11
8.45109e+11
8.45109e+11
8.45109e+11
8.45109e+11
8.45109e+11
8.45109e+11
8.45109e+11
8.45109e+11
8.45109e+11
8.45109e+11
8.45109e+11
8.45109e+11
8.45109e+11
8.45109e+11
8.45109e+11
8.45109e+11
8.45109e+11
8.45109e+11
8.45109e+11
8.45109e+11
8.45109e+11
8.45109e+11
8.45109e+11
8.45109e+11
8.45109e+11
8.45109e+11
8.45109e+11
8.45109e+11
8.45109e+11
8.45109e+11
8.45109e+11
8.45109e+11
8.45109e+11
8.45109e+11
8.45109e+11
8.45109e+11
8.45109e+11
8.45109e+11
8.45109e+11
8.45109e+11
8.45109e+11
8.45109e+11
8.45109e+11
8.45109e+11
8.45109e+11
8.45109e+11
8.45109e+11
8.45109e+11
8.45109e+11
8.45109e+11
8.45109e+11
8.45109e+11
8.45109e+11
8.45109e+11
8.45109e+11
8.45109e+11
8.45109e+11
8.45109e+11
8.45109e+11
8.45109e+11
8.45109e+11
8.45109e+11
8.45109e+11
8.45109e+11
8.45109e+11
8.45109e+11
8.45109e+11
8.45109e+11
8.45109e+11
8.45109e+11
8.45109e+11
8.45109e+11
8.45109e+11
8.45109e+11
8.45109e+11
8.45109e+11
8.45109e+11
8.4443e+11
8.4443e+11
8.4443e+11
8.4443e+11
8.4443e+11
8.4443e+11
8.4443e+11
8.4443e+11
8.4443e+11
8.4443e+11
8.4443e+11
8.4443e+11
8.4443e+11
8.4443e+11
8.4443e+11
8.4443e+11
8.4443e+11
8.4443e+11
8.4443e+11
8.4443e+11
8.4443e+11
8.4443e+11
8.4443e+11
8.4443e+11
8.4443e+11
8.4443e+11
8.4443e+11
8.4443e+11
8.4443e+11
8.4443e+11
8.4443e+11
8.4443e+11
8.4443e+11
8.4443e+11
8.4443e+11
8.4443e+11
8.4443e+11
8.4443e+11
8.4443e+11
8.4443e+11
8.4443e+11
8.4443e+11
8.4443e+11
8.4443e+11
8.4443e+11
8.4443e+11
8.4443e+11
8.4443e+11
8.4443e+11
8.4443e+11
8.4443e+11
8.4443e+11
8.4443e+11
8.4443e+11
8.41282e+11
8.41282e+11
8.41282e+11
8.41282e+11
8.41282e+11
8.4128e+11
