8.45109e+11
8.45109e+11
8.45109e+11
8.45109e+11
8.45109e+11
8.45109e+11
8.45109e+11
8.45109e+11
8.45109e+11
8.45109e+11
8.45109e+11
8.45109e+11
8.45109e+11
8.45109e+11
8.45109e+11
8.45109e+11
8.45109e+11
8.45109e+11
8.45109e+11
8.45109e+11
8.45109e+11
8.45109e+11
8.45109e+11
8.45109e+11
8.45109e+11
8.45109e+11
8.45109e+11
8.45109e+11
8.45109e+11
8.45109e+11
8.45109e+11
8.45109e+11
8.45109e+11
8.45109e+11
8.45109e+11
8.45109e+11
8.45109e+11
8.45109e+11
8.45109e+11
8.45109e+11
8.45109e+11
8.45109e+11
8.45109e+11
8.45109e+11
8.45109e+11
8.45109e+11
8.45109e+11
8.45109e+11
8.45109e+11
8.45109e+11
8.45109e+11
8.45109e+11
8.45109e+11
8.45109e+11
8.45109e+11
8.45109e+11
8.45109e+11
8.45109e+11
8.45109e+11
8.45109e+11
8.45109e+11
8.45094e+11
8.45094e+11
8.45094e+11
8.45094e+11
8.45094e+11
8.45094e+11
8.45094e+11
8.45094e+11
8.45094e+11
8.45094e+11
8.45094e+11
8.45094e+11
8.45094e+11
8.45094e+11
8.45094e+11
8.45094e+11
8.45094e+11
8.45094e+11
8.45094e+11
8.45094e+11
8.45094e+11
8.45094e+11
8.45094e+11
8.45094e+11
8.45094e+11
8.45094e+11
8.45094e+11
8.45094e+11
8.45094e+11
8.45094e+11
8.45094e+11
8.45094e+11
8.45094e+11
8.45094e+11
8.45094e+11
8.45094e+11
8.45094e+11
8.45094e+11
8.45094e+11
8.45094e+11
8.45094e+11
8.27568e+11
8.27568e+11
8.27568e+11
8.27568e+11
8.27568e+11
8.27568e+11
8.27568e+11
8.27568e+11
8.27568e+11
8.27568e+11
8.27568e+11
8.27568e+11
8.27568e+11
8.27568e+11
8.27568e+11
8.27568e+11
8.27568e+11
8.27568e+11
8.27568e+11
8.27568e+11
8.27568e+11
8.27568e+11
8.27568e+11
8.27568e+11
8.27568e+11
8.27568e+11
8.27568e+11
8.27568e+11
8.27568e+11
8.27568e+11
8.27568e+11
8.27568e+11
8.27568e+11
