8.45109e+11
8.45109e+11
8.45109e+11
8.45109e+11
8.45109e+11
8.45109e+11
8.45109e+11
8.45109e+11
8.45109e+11
8.45109e+11
8.45109e+11
8.45109e+11
8.45109e+11
8.45109e+11
8.45109e+11
8.45109e+11
8.45109e+11
8.45109e+11
8.45109e+11
8.45109e+11
8.45109e+11
8.45109e+11
8.45109e+11
8.45109e+11
8.45109e+11
8.45109e+11
8.45109e+11
8.45109e+11
8.45109e+11
8.45109e+11
8.45109e+11
8.45109e+11
8.45109e+11
8.45109e+11
8.45109e+11
8.45109e+11
8.45109e+11
8.45109e+11
8.45109e+11
8.45109e+11
8.45109e+11
8.45109e+11
8.45109e+11
8.45109e+11
8.45109e+11
8.45109e+11
8.45109e+11
8.45109e+11
8.45109e+11
8.45109e+11
8.45109e+11
8.45109e+11
8.45109e+11
8.45109e+11
8.45109e+11
8.45109e+11
8.45109e+11
8.45109e+11
8.45109e+11
8.45109e+11
8.45109e+11
8.45109e+11
8.45109e+11
8.45109e+11
8.45109e+11
8.45109e+11
8.45109e+11
8.45109e+11
8.45078e+11
8.45078e+11
8.45078e+11
8.45078e+11
8.45078e+11
8.45078e+11
8.45078e+11
8.45078e+11
8.45077e+11
8.45077e+11
8.45077e+11
8.45077e+11
8.45077e+11
8.45077e+11
8.45077e+11
8.45077e+11
8.45077e+11
8.45077e+11
8.45077e+11
8.45077e+11
8.45077e+11
8.45077e+11
8.45077e+11
8.45077e+11
8.45077e+11
8.45077e+11
8.45077e+11
8.45077e+11
8.45077e+11
8.45077e+11
8.45077e+11
8.45077e+11
8.45077e+11
8.45077e+11
8.45077e+11
8.45077e+11
8.45077e+11
8.45077e+11
8.45077e+11
8.45077e+11
8.45077e+11
8.45077e+11
8.45077e+11
8.45077e+11
8.45077e+11
8.45077e+11
8.45077e+11
8.45077e+11
8.45077e+11
8.45077e+11
8.45077e+11
8.45077e+11
8.45077e+11
8.45077e+11
8.45077e+11
8.45077e+11
8.45077e+11
8.45077e+11
8.45077e+11
8.45077e+11
8.45077e+11
8.45077e+11
8.45077e+11
8.45077e+11
8.45077e+11
