8.45109e+11
8.45109e+11
8.45109e+11
8.45109e+11
8.45109e+11
8.45109e+11
8.45109e+11
8.45109e+11
8.45109e+11
8.45109e+11
8.45109e+11
8.45109e+11
8.45109e+11
8.45109e+11
8.45109e+11
8.45109e+11
8.45109e+11
8.45109e+11
8.45109e+11
8.45109e+11
8.45109e+11
8.45109e+11
8.45109e+11
8.45109e+11
8.45109e+11
8.45109e+11
8.45109e+11
8.45109e+11
8.45109e+11
8.45109e+11
8.45109e+11
8.45109e+11
8.45109e+11
8.45109e+11
8.45109e+11
8.45109e+11
8.45109e+11
8.45109e+11
8.45109e+11
8.45109e+11
8.45109e+11
8.45109e+11
8.45109e+11
8.45109e+11
8.45109e+11
8.45109e+11
8.45109e+11
8.45109e+11
8.45109e+11
8.45109e+11
8.45109e+11
8.45109e+11
8.45109e+11
8.45109e+11
8.45109e+11
8.45109e+11
8.45109e+11
8.45109e+11
8.45109e+11
8.45109e+11
8.45109e+11
8.45109e+11
8.45109e+11
8.45109e+11
8.45109e+11
8.45109e+11
8.45109e+11
8.45109e+11
8.45109e+11
8.45109e+11
8.45109e+11
8.45109e+11
8.45109e+11
8.45109e+11
8.45109e+11
8.45109e+11
8.45109e+11
8.45109e+11
8.41288e+11
8.41288e+11
8.41288e+11
8.41288e+11
8.41288e+11
8.41288e+11
8.41288e+11
8.41288e+11
8.41288e+11
8.41288e+11
8.41288e+11
8.41288e+11
8.41288e+11
8.41288e+11
8.41288e+11
8.41288e+11
8.41288e+11
8.41288e+11
8.41288e+11
8.41288e+11
8.41288e+11
8.41288e+11
8.41288e+11
8.41288e+11
8.22466e+11
8.22466e+11
8.22466e+11
8.22466e+11
8.22466e+11
8.22466e+11
8.22466e+11
8.22466e+11
8.22466e+11
8.22466e+11
8.22466e+11
8.22466e+11
8.22466e+11
8.22466e+11
8.22466e+11
8.22466e+11
8.22466e+11
8.22466e+11
8.22466e+11
8.22466e+11
8.22466e+11
8.22466e+11
