8.45109e+11
8.45108e+11
8.45108e+11
8.45108e+11
8.45108e+11
8.45108e+11
8.45108e+11
8.45108e+11
8.45108e+11
8.45108e+11
8.45108e+11
8.45108e+11
8.45108e+11
8.45108e+11
8.45108e+11
8.45108e+11
8.45108e+11
8.45108e+11
8.45108e+11
8.45108e+11
8.45108e+11
8.45108e+11
8.45108e+11
8.45108e+11
8.45108e+11
8.45108e+11
8.45108e+11
8.45108e+11
8.45108e+11
8.45108e+11
8.45108e+11
8.45108e+11
8.45108e+11
8.45108e+11
8.45108e+11
8.45108e+11
8.45108e+11
8.45108e+11
8.45108e+11
8.44066e+11
8.44066e+11
8.44066e+11
8.44066e+11
8.44066e+11
8.44066e+11
8.44066e+11
8.44066e+11
8.44004e+11
8.44004e+11
8.44004e+11
8.44004e+11
8.44004e+11
8.44004e+11
8.44004e+11
8.44004e+11
8.44004e+11
8.44004e+11
8.44004e+11
8.44004e+11
8.44004e+11
8.44004e+11
8.44004e+11
8.44004e+11
8.44004e+11
8.44004e+11
8.44004e+11
8.44004e+11
8.44004e+11
8.44004e+11
8.44004e+11
8.44001e+11
8.44001e+11
8.44001e+11
8.44001e+11
8.44001e+11
8.44001e+11
8.44001e+11
8.44001e+11
8.44001e+11
8.44001e+11
8.44001e+11
8.44001e+11
8.44001e+11
8.44001e+11
8.44001e+11
8.44001e+11
8.44001e+11
8.44001e+11
8.44001e+11
8.44001e+11
8.44001e+11
8.44001e+11
8.44001e+11
8.44001e+11
8.44001e+11
8.44001e+11
8.44001e+11
8.44001e+11
8.44001e+11
8.44001e+11
8.44001e+11
8.44001e+11
8.44001e+11
8.44001e+11
8.44001e+11
8.44001e+11
8.44001e+11
8.44001e+11
8.44001e+11
8.44001e+11
8.44001e+11
8.44001e+11
8.44001e+11
8.44001e+11
8.44001e+11
8.44001e+11
8.44001e+11
8.44001e+11
8.44001e+11
8.44001e+11
8.44001e+11
8.44001e+11
8.44001e+11
