8.45109e+11
8.45109e+11
8.45109e+11
8.45109e+11
8.45109e+11
8.45109e+11
8.45109e+11
8.45109e+11
8.45109e+11
8.45109e+11
8.2738e+11
8.2738e+11
8.2738e+11
8.2738e+11
8.2738e+11
8.2738e+11
8.2738e+11
8.2738e+11
8.2738e+11
8.2738e+11
8.2738e+11
8.27376e+11
8.27376e+11
8.27376e+11
8.27376e+11
8.27376e+11
8.27376e+11
8.27376e+11
8.27376e+11
8.27376e+11
8.27376e+11
8.27376e+11
8.27376e+11
8.27376e+11
8.27376e+11
8.27376e+11
8.27376e+11
8.27376e+11
8.27376e+11
8.27376e+11
8.27376e+11
8.27376e+11
8.27376e+11
8.27376e+11
8.27376e+11
8.27376e+11
8.27376e+11
8.27376e+11
8.27376e+11
8.27376e+11
8.27376e+11
8.27376e+11
8.27376e+11
8.27376e+11
8.27376e+11
8.27376e+11
8.27376e+11
8.27376e+11
8.27376e+11
8.27376e+11
8.27376e+11
8.27376e+11
8.27376e+11
8.27376e+11
8.27376e+11
8.27376e+11
8.27376e+11
8.27376e+11
8.27376e+11
8.27376e+11
8.27376e+11
8.27376e+11
8.27376e+11
8.27376e+11
8.27376e+11
8.27376e+11
8.27376e+11
8.27376e+11
8.27376e+11
8.27376e+11
8.27376e+11
8.27376e+11
8.27376e+11
8.27376e+11
8.27376e+11
8.27376e+11
8.27376e+11
8.27376e+11
8.27376e+11
8.27376e+11
8.27376e+11
8.27376e+11
8.27376e+11
8.27376e+11
8.27376e+11
8.27376e+11
8.27376e+11
8.27376e+11
8.27376e+11
8.27376e+11
8.27376e+11
8.27376e+11
8.27376e+11
8.27376e+11
8.27376e+11
8.27376e+11
8.27376e+11
8.27376e+11
8.27376e+11
8.27376e+11
8.27376e+11
8.27375e+11
8.27375e+11
8.27375e+11
8.27375e+11
8.27375e+11
8.27375e+11
8.27375e+11
8.27375e+11
8.27375e+11
8.27375e+11
