8.45109e+11
8.45109e+11
8.45109e+11
8.45109e+11
8.45109e+11
8.45109e+11
8.45109e+11
8.45109e+11
8.45109e+11
8.45109e+11
8.45109e+11
8.45109e+11
8.45109e+11
8.45109e+11
8.45109e+11
8.45109e+11
8.45109e+11
8.45109e+11
8.45109e+11
8.45109e+11
8.45109e+11
8.45109e+11
8.45109e+11
8.45109e+11
8.45109e+11
8.45109e+11
8.45109e+11
8.45109e+11
8.45109e+11
8.45109e+11
8.45109e+11
8.45109e+11
8.45109e+11
8.45109e+11
8.45109e+11
8.45109e+11
8.45109e+11
8.45109e+11
8.45109e+11
8.45109e+11
8.45109e+11
8.45109e+11
8.45109e+11
8.45109e+11
8.45109e+11
8.45109e+11
8.45109e+11
8.45109e+11
8.45109e+11
8.45109e+11
8.45109e+11
8.45109e+11
8.45109e+11
8.45109e+11
8.45109e+11
8.45109e+11
8.45109e+11
8.45109e+11
8.45109e+11
8.45109e+11
8.45109e+11
8.45109e+11
8.45109e+11
8.45109e+11
8.45109e+11
8.45109e+11
8.45109e+11
8.45109e+11
8.45109e+11
8.45109e+11
8.45109e+11
8.45109e+11
8.45109e+11
8.45109e+11
8.45109e+11
8.45109e+11
8.45108e+11
8.45108e+11
8.45108e+11
8.45108e+11
8.45108e+11
8.45108e+11
8.45108e+11
8.45108e+11
8.45108e+11
8.45108e+11
8.45108e+11
8.45108e+11
8.45108e+11
8.45108e+11
8.45108e+11
8.45108e+11
8.45108e+11
8.45108e+11
8.45108e+11
8.45108e+11
8.45108e+11
8.45108e+11
8.45108e+11
8.45108e+11
8.45108e+11
8.45108e+11
8.30481e+11
8.30481e+11
8.30481e+11
8.30481e+11
8.30481e+11
8.30481e+11
8.30481e+11
8.30481e+11
8.30481e+11
8.30481e+11
8.30481e+11
8.30481e+11
8.30481e+11
8.30481e+11
8.30481e+11
8.30481e+11
8.30481e+11
8.30481e+11
8.30481e+11
8.30481e+11
8.30481e+11
8.30481e+11
8.30481e+11
8.30481e+11
8.30481e+11
