8.45109e+11
8.45109e+11
8.45109e+11
8.45109e+11
8.45109e+11
8.45109e+11
8.45109e+11
8.45109e+11
8.45109e+11
8.45109e+11
8.45109e+11
8.45109e+11
8.45109e+11
8.45109e+11
8.45109e+11
8.45109e+11
8.45109e+11
8.45109e+11
8.45109e+11
8.45109e+11
8.45109e+11
8.45109e+11
8.45109e+11
8.45109e+11
8.45109e+11
8.45109e+11
8.45109e+11
8.45109e+11
8.45109e+11
8.45109e+11
8.45109e+11
8.45109e+11
8.45109e+11
8.45109e+11
8.45109e+11
8.45109e+11
8.45109e+11
8.45109e+11
8.45109e+11
8.4443e+11
8.4443e+11
8.4443e+11
8.4443e+11
8.4443e+11
8.4443e+11
8.4443e+11
8.4443e+11
8.4443e+11
8.4443e+11
8.4443e+11
8.4443e+11
8.4443e+11
8.4443e+11
8.4443e+11
8.4443e+11
8.4443e+11
8.4443e+11
8.4443e+11
8.4443e+11
8.4443e+11
8.4443e+11
8.4443e+11
8.4443e+11
8.4443e+11
8.4443e+11
8.4443e+11
8.4443e+11
8.4443e+11
8.4443e+11
8.4443e+11
8.4443e+11
8.4443e+11
8.4443e+11
8.4443e+11
8.4443e+11
8.4443e+11
8.4061e+11
8.4061e+11
8.4061e+11
8.4061e+11
8.4061e+11
8.4061e+11
8.4061e+11
8.4061e+11
8.4061e+11
8.4061e+11
8.40427e+11
8.40427e+11
8.40427e+11
8.40427e+11
8.40427e+11
8.40427e+11
8.40427e+11
8.40427e+11
8.40427e+11
8.40427e+11
8.40427e+11
8.40427e+11
8.40427e+11
8.40427e+11
8.40427e+11
8.40427e+11
8.40427e+11
8.40427e+11
8.40427e+11
8.40427e+11
8.40427e+11
8.40427e+11
8.40427e+11
8.40427e+11
8.40427e+11
8.40427e+11
8.40427e+11
8.40427e+11
8.40427e+11
8.40427e+11
8.40427e+11
8.40427e+11
8.40427e+11
8.40427e+11
8.40427e+11
8.40427e+11
8.40427e+11
