1.16971e+08
1.16824e+08
1.16824e+08
1.16824e+08
1.16824e+08
1.16824e+08
1.16824e+08
1.05479e+08
9.04218e+07
9.04218e+07
9.04218e+07
9.04218e+07
9.04218e+07
9.04218e+07
9.04218e+07
9.04218e+07
9.04218e+07
9.04218e+07
9.04218e+07
9.04218e+07
9.04218e+07
9.04218e+07
9.04218e+07
9.04218e+07
9.04218e+07
9.04218e+07
9.04218e+07
9.04218e+07
9.04218e+07
9.04218e+07
9.04218e+07
9.04218e+07
9.04218e+07
9.04218e+07
9.04218e+07
9.04218e+07
9.04218e+07
9.04218e+07
9.04218e+07
9.04218e+07
9.04218e+07
9.04218e+07
9.04218e+07
9.04218e+07
9.04218e+07
9.04218e+07
9.04218e+07
9.04218e+07
9.04218e+07
9.04218e+07
9.04218e+07
9.04218e+07
9.04218e+07
9.04218e+07
9.04218e+07
9.04218e+07
9.04218e+07
9.04218e+07
9.04218e+07
9.04218e+07
9.04218e+07
9.04218e+07
9.04218e+07
9.04218e+07
9.04218e+07
9.04218e+07
9.04218e+07
9.04218e+07
9.04218e+07
9.04218e+07
9.04218e+07
9.04218e+07
9.04218e+07
9.04218e+07
9.04218e+07
9.04218e+07
9.04218e+07
9.04218e+07
9.04218e+07
9.04218e+07
9.04218e+07
9.04218e+07
9.04218e+07
9.04218e+07
9.04218e+07
9.04218e+07
9.04218e+07
9.04218e+07
9.04218e+07
9.04218e+07
9.04218e+07
9.04218e+07
9.04218e+07
9.04218e+07
9.04218e+07
9.04218e+07
9.04218e+07
9.04218e+07
9.04218e+07
9.04218e+07
9.04218e+07
9.04218e+07
9.04218e+07
9.04218e+07
9.04218e+07
9.04218e+07
9.04218e+07
9.04218e+07
9.04218e+07
9.04218e+07
9.04218e+07
9.04218e+07
9.04218e+07
9.04218e+07
9.04218e+07
9.04218e+07
9.04218e+07
9.04218e+07
9.04218e+07
9.04218e+07
