1.16971e+08
1.16824e+08
1.16047e+08
1.16047e+08
1.16034e+08
1.16034e+08
1.16034e+08
1.16034e+08
1.16034e+08
1.16034e+08
9.91684e+07
9.90636e+07
9.90636e+07
9.90636e+07
9.90636e+07
9.90636e+07
9.90636e+07
9.90636e+07
9.90636e+07
9.90636e+07
9.90636e+07
9.90636e+07
9.90636e+07
9.90636e+07
9.79712e+07
9.70577e+07
9.70577e+07
9.70577e+07
9.70577e+07
8.78037e+07
8.78037e+07
8.78037e+07
8.78037e+07
7.30641e+07
7.30641e+07
7.30641e+07
7.30641e+07
7.30641e+07
7.30641e+07
7.30641e+07
7.30641e+07
7.30641e+07
7.30641e+07
7.30641e+07
7.30641e+07
7.30641e+07
7.30641e+07
7.30641e+07
7.30641e+07
7.30641e+07
7.30641e+07
7.30641e+07
7.30641e+07
7.30641e+07
7.30641e+07
7.30641e+07
7.30641e+07
7.30641e+07
7.30641e+07
7.30641e+07
7.30641e+07
7.30641e+07
7.30641e+07
7.30641e+07
7.30641e+07
7.30641e+07
7.30641e+07
7.30641e+07
7.30641e+07
7.30641e+07
7.30641e+07
7.30641e+07
7.30641e+07
7.30641e+07
7.30641e+07
7.30641e+07
7.30641e+07
7.30641e+07
7.30641e+07
7.30641e+07
7.30641e+07
7.30641e+07
7.30641e+07
7.30641e+07
7.30641e+07
7.30641e+07
7.30641e+07
7.30641e+07
7.30641e+07
7.30641e+07
7.30641e+07
7.30641e+07
7.30641e+07
7.30641e+07
7.30641e+07
7.30641e+07
7.30641e+07
7.30641e+07
7.30641e+07
7.30641e+07
7.30641e+07
7.30641e+07
7.30641e+07
7.30641e+07
7.30641e+07
7.30641e+07
7.30641e+07
7.30641e+07
7.30641e+07
7.30641e+07
7.30641e+07
7.30641e+07
7.30641e+07
7.30641e+07
7.30641e+07
7.30641e+07
7.30641e+07
7.30641e+07
7.30641e+07
