1.16971e+08
1.04605e+08
1.04552e+08
1.04552e+08
1.04552e+08
8.78159e+07
8.78159e+07
8.78159e+07
8.78159e+07
7.30762e+07
7.30762e+07
7.30762e+07
7.30762e+07
7.30762e+07
7.30762e+07
7.30762e+07
7.30762e+07
7.30762e+07
7.30762e+07
7.30762e+07
7.30762e+07
7.30762e+07
7.30762e+07
7.30762e+07
7.30762e+07
7.30762e+07
7.30762e+07
7.30762e+07
7.30762e+07
7.30762e+07
7.30762e+07
7.30762e+07
7.30762e+07
7.30762e+07
7.30762e+07
7.30762e+07
7.30762e+07
7.30762e+07
7.30762e+07
7.30762e+07
7.30762e+07
7.30762e+07
7.30762e+07
7.30762e+07
7.30762e+07
7.30762e+07
7.30762e+07
7.30762e+07
7.30762e+07
7.30762e+07
7.30762e+07
7.30762e+07
7.30762e+07
7.30762e+07
7.30762e+07
7.30762e+07
7.30762e+07
7.30762e+07
7.30762e+07
7.30762e+07
7.30762e+07
7.30762e+07
7.30762e+07
7.30762e+07
7.30762e+07
7.30762e+07
7.30762e+07
7.30762e+07
7.30762e+07
7.30762e+07
7.30762e+07
7.30762e+07
7.30762e+07
7.30762e+07
7.30762e+07
7.30762e+07
7.30762e+07
7.30762e+07
7.30762e+07
7.30762e+07
7.30762e+07
7.30762e+07
7.30762e+07
7.30762e+07
7.30762e+07
7.30762e+07
7.30762e+07
7.30762e+07
7.30762e+07
7.30762e+07
7.30762e+07
7.30762e+07
7.30762e+07
7.30762e+07
7.30762e+07
7.30762e+07
7.30762e+07
7.30762e+07
7.30762e+07
7.30762e+07
7.30762e+07
7.30762e+07
7.30762e+07
7.30762e+07
7.30762e+07
7.30762e+07
7.30762e+07
7.30762e+07
7.30762e+07
7.30762e+07
7.30762e+07
7.30762e+07
7.30762e+07
7.30762e+07
7.30762e+07
7.30762e+07
7.30762e+07
7.30762e+07
7.30762e+07
7.30762e+07
