1.16971e+08
1.05627e+08
1.05627e+08
1.05627e+08
1.04985e+08
1.04985e+08
1.04985e+08
1.04985e+08
9.00031e+07
9.00031e+07
9.00031e+07
8.83476e+07
8.83476e+07
8.83476e+07
8.83476e+07
8.83476e+07
8.83476e+07
8.83476e+07
8.83476e+07
8.83476e+07
7.41396e+07
7.41396e+07
7.41396e+07
7.41396e+07
7.41396e+07
7.41396e+07
7.41396e+07
7.41396e+07
7.41396e+07
7.41396e+07
7.41396e+07
7.41396e+07
7.41396e+07
7.41396e+07
7.41396e+07
7.41396e+07
7.41396e+07
7.41396e+07
7.41396e+07
7.41396e+07
7.41396e+07
7.41396e+07
7.41396e+07
7.41396e+07
7.41396e+07
7.41396e+07
7.41396e+07
7.41396e+07
7.41396e+07
7.41396e+07
7.41396e+07
7.41396e+07
7.41396e+07
7.41396e+07
7.41396e+07
7.41396e+07
7.41396e+07
7.41396e+07
7.41396e+07
7.41396e+07
7.41396e+07
7.41396e+07
7.41396e+07
7.41396e+07
7.41396e+07
7.41396e+07
7.41396e+07
7.41396e+07
7.41396e+07
7.41396e+07
7.41396e+07
7.41396e+07
7.41396e+07
7.41396e+07
7.41396e+07
7.41396e+07
7.41396e+07
7.41396e+07
7.41396e+07
7.41396e+07
7.41396e+07
7.41396e+07
7.41396e+07
7.41396e+07
7.41396e+07
7.41396e+07
7.41396e+07
7.41396e+07
7.41396e+07
7.41396e+07
7.41396e+07
7.41396e+07
7.41396e+07
7.41396e+07
7.41396e+07
7.41396e+07
7.41396e+07
7.41396e+07
7.41396e+07
7.41396e+07
7.41396e+07
7.41396e+07
7.41396e+07
7.41396e+07
7.41396e+07
7.41396e+07
7.41396e+07
7.41396e+07
7.41396e+07
7.41396e+07
7.41396e+07
7.41396e+07
7.41396e+07
7.41396e+07
7.41396e+07
7.41396e+07
7.41396e+07
7.41396e+07
7.41396e+07
7.41396e+07
