1.16971e+08
1.14397e+08
9.92938e+07
8.79489e+07
8.79489e+07
8.79489e+07
8.79489e+07
8.79489e+07
8.79489e+07
7.32093e+07
7.32093e+07
7.32093e+07
7.32093e+07
7.32093e+07
7.32093e+07
7.32093e+07
7.32093e+07
7.32093e+07
7.32093e+07
7.32093e+07
7.32093e+07
7.32093e+07
7.32093e+07
7.32093e+07
7.32093e+07
7.32093e+07
7.32093e+07
7.32093e+07
7.32093e+07
7.32093e+07
7.32093e+07
7.32093e+07
7.32093e+07
7.32093e+07
7.32093e+07
7.32093e+07
7.32093e+07
7.32093e+07
7.32093e+07
7.32093e+07
7.32093e+07
7.32093e+07
7.32093e+07
7.32093e+07
7.32093e+07
7.32093e+07
7.32093e+07
7.32093e+07
7.32093e+07
7.32093e+07
7.32093e+07
7.32093e+07
7.32093e+07
7.32093e+07
7.32093e+07
7.32093e+07
7.32093e+07
7.32093e+07
7.32093e+07
7.32093e+07
7.32093e+07
7.32093e+07
7.32093e+07
7.32093e+07
7.32093e+07
7.32093e+07
7.32093e+07
7.32093e+07
7.32093e+07
7.32093e+07
7.32093e+07
7.32093e+07
7.32093e+07
7.32093e+07
7.32093e+07
7.32093e+07
7.32093e+07
7.32093e+07
7.32093e+07
7.32093e+07
7.32093e+07
7.32093e+07
7.32093e+07
7.32093e+07
7.32093e+07
7.32093e+07
7.32093e+07
7.32093e+07
7.32093e+07
7.32093e+07
7.32093e+07
7.32093e+07
7.32093e+07
7.32093e+07
7.32093e+07
7.32093e+07
7.32093e+07
7.32093e+07
7.32093e+07
7.32093e+07
7.32093e+07
7.32093e+07
7.32093e+07
7.32093e+07
7.32093e+07
7.32093e+07
7.32093e+07
7.32093e+07
7.32093e+07
7.32093e+07
7.32093e+07
7.32093e+07
7.32093e+07
7.32093e+07
7.32093e+07
7.32093e+07
7.32093e+07
7.32093e+07
7.32093e+07
7.32093e+07
