1.16971e+08
1.05627e+08
1.05627e+08
1.05627e+08
1.05627e+08
1.05627e+08
1.05627e+08
9.05693e+07
8.89285e+07
8.89285e+07
8.89285e+07
8.89285e+07
8.89285e+07
8.89285e+07
8.89285e+07
8.89285e+07
8.89285e+07
8.89285e+07
8.89285e+07
8.89285e+07
8.89285e+07
8.83519e+07
8.83519e+07
8.83519e+07
8.83519e+07
8.83519e+07
8.83519e+07
8.83519e+07
8.83519e+07
8.83519e+07
8.83519e+07
8.83519e+07
8.83519e+07
8.83519e+07
8.83519e+07
8.83519e+07
7.4314e+07
7.4314e+07
7.4314e+07
7.4314e+07
7.4314e+07
7.4314e+07
7.4314e+07
7.4314e+07
7.4314e+07
7.4314e+07
7.4314e+07
7.4314e+07
7.4314e+07
7.4314e+07
7.4314e+07
7.4314e+07
7.4314e+07
7.4314e+07
7.4314e+07
7.4314e+07
7.4314e+07
7.4314e+07
7.4314e+07
7.4314e+07
7.4314e+07
7.4314e+07
7.4314e+07
7.4314e+07
7.4314e+07
7.4314e+07
7.4314e+07
7.4314e+07
7.4314e+07
7.4314e+07
7.4314e+07
7.4314e+07
7.4314e+07
7.4314e+07
7.4314e+07
7.4314e+07
7.4314e+07
7.4314e+07
7.4314e+07
7.4314e+07
7.4314e+07
7.4314e+07
7.4314e+07
7.4314e+07
7.4314e+07
7.4314e+07
7.4314e+07
7.4314e+07
7.4314e+07
7.4314e+07
7.4314e+07
7.4314e+07
7.4314e+07
7.4314e+07
7.4314e+07
7.4314e+07
7.4314e+07
7.4314e+07
7.4314e+07
7.4314e+07
7.4314e+07
7.4314e+07
7.4314e+07
7.4314e+07
7.4314e+07
7.4314e+07
7.4314e+07
7.4314e+07
7.4314e+07
7.4314e+07
7.4314e+07
7.4314e+07
7.4314e+07
7.4314e+07
7.4314e+07
7.4314e+07
7.4314e+07
7.4314e+07
7.4314e+07
7.4314e+07
