1.16971e+08
1.16971e+08
1.16971e+08
1.16971e+08
9.97269e+07
9.97269e+07
9.97269e+07
9.97269e+07
9.97269e+07
9.97269e+07
9.97269e+07
9.97269e+07
9.97269e+07
9.97269e+07
8.83821e+07
8.83821e+07
8.83821e+07
8.83821e+07
8.83821e+07
8.83821e+07
8.83821e+07
8.83821e+07
8.83821e+07
8.83821e+07
8.83821e+07
8.77889e+07
8.77889e+07
8.77889e+07
8.77889e+07
8.77889e+07
8.77889e+07
8.77889e+07
8.77889e+07
7.32211e+07
7.32211e+07
7.32211e+07
7.32211e+07
7.32211e+07
7.32211e+07
7.32211e+07
7.32211e+07
7.32211e+07
7.32211e+07
7.32211e+07
7.32211e+07
7.32211e+07
7.32211e+07
7.32211e+07
7.32211e+07
7.32211e+07
7.32211e+07
7.32211e+07
7.32211e+07
7.32211e+07
7.32211e+07
7.32211e+07
7.32211e+07
7.32211e+07
7.32211e+07
7.32211e+07
7.32211e+07
7.32211e+07
7.32211e+07
7.32211e+07
7.32211e+07
7.32211e+07
7.32211e+07
7.32211e+07
7.32211e+07
7.32211e+07
7.32211e+07
7.32211e+07
7.32211e+07
7.32211e+07
7.32211e+07
7.32211e+07
7.32211e+07
7.32211e+07
7.32211e+07
7.32211e+07
7.32211e+07
7.32211e+07
7.32211e+07
7.32211e+07
7.32211e+07
7.32211e+07
7.32211e+07
7.32211e+07
7.32211e+07
7.32211e+07
7.32211e+07
7.32211e+07
7.32211e+07
7.32211e+07
7.32211e+07
7.32211e+07
7.32211e+07
7.32211e+07
7.32211e+07
7.32211e+07
7.32211e+07
7.32211e+07
7.32211e+07
7.32211e+07
7.32211e+07
7.32211e+07
7.32211e+07
7.32211e+07
7.32211e+07
7.32211e+07
7.32211e+07
7.32211e+07
7.32211e+07
7.32211e+07
7.32211e+07
7.32211e+07
7.32211e+07
7.32211e+07
7.32211e+07
