1.16971e+08
1.16971e+08
1.05627e+08
1.05627e+08
1.05627e+08
1.05627e+08
1.05627e+08
1.05627e+08
9.05693e+07
9.05693e+07
9.05693e+07
9.05693e+07
9.05693e+07
9.05693e+07
9.05693e+07
9.05693e+07
9.05693e+07
9.05693e+07
9.05693e+07
9.05693e+07
9.05693e+07
9.05693e+07
9.05693e+07
9.05693e+07
9.05693e+07
9.05693e+07
9.05693e+07
9.05693e+07
9.05693e+07
9.05693e+07
9.05693e+07
9.05693e+07
9.05693e+07
9.05693e+07
9.05693e+07
9.05693e+07
9.05693e+07
9.05693e+07
9.05693e+07
9.05693e+07
9.05693e+07
9.05693e+07
9.05693e+07
9.05693e+07
9.05693e+07
9.05693e+07
9.05693e+07
9.05693e+07
9.05693e+07
9.05693e+07
9.05693e+07
9.05693e+07
9.05693e+07
9.05693e+07
9.05693e+07
9.05693e+07
9.05693e+07
9.05693e+07
9.05693e+07
9.05693e+07
9.05693e+07
9.05693e+07
9.05693e+07
9.05693e+07
9.05693e+07
9.05693e+07
9.05693e+07
9.05693e+07
9.05693e+07
9.05693e+07
9.05693e+07
9.05693e+07
9.05693e+07
9.05693e+07
9.05693e+07
9.05693e+07
9.05693e+07
9.05693e+07
9.05693e+07
9.05693e+07
9.05693e+07
9.05693e+07
9.05693e+07
9.05693e+07
9.05693e+07
9.05693e+07
9.05693e+07
9.05693e+07
9.05693e+07
9.05693e+07
9.05693e+07
9.05693e+07
9.05693e+07
9.05693e+07
9.05693e+07
9.05693e+07
9.05693e+07
9.05693e+07
9.05693e+07
9.05693e+07
9.05693e+07
9.05693e+07
9.05693e+07
9.05693e+07
9.05693e+07
9.05693e+07
9.05693e+07
9.05693e+07
9.05693e+07
9.05693e+07
9.05693e+07
9.05693e+07
9.05693e+07
9.05693e+07
9.05693e+07
9.05693e+07
9.05693e+07
9.05693e+07
9.05693e+07
9.05693e+07
