1.16971e+08
1.16971e+08
1.16971e+08
9.97269e+07
9.97269e+07
9.97269e+07
9.97269e+07
9.97269e+07
9.97269e+07
9.97269e+07
9.97269e+07
9.97269e+07
9.95794e+07
9.95794e+07
9.95794e+07
9.95794e+07
8.82346e+07
8.82346e+07
8.82346e+07
8.82346e+07
8.82346e+07
8.82346e+07
8.82346e+07
7.34949e+07
7.34949e+07
7.34949e+07
7.34949e+07
7.34949e+07
7.34949e+07
7.34949e+07
7.34949e+07
7.34949e+07
7.34949e+07
7.34949e+07
7.34949e+07
7.34949e+07
7.34949e+07
7.34949e+07
7.34949e+07
7.34949e+07
7.34949e+07
7.34949e+07
7.34949e+07
7.34949e+07
7.34949e+07
7.34949e+07
7.34949e+07
7.34949e+07
7.34949e+07
7.34949e+07
7.34949e+07
7.34949e+07
7.34949e+07
7.34949e+07
7.34949e+07
7.34949e+07
7.34949e+07
7.34949e+07
7.34949e+07
7.34949e+07
7.34949e+07
7.34949e+07
7.34949e+07
7.34949e+07
7.34949e+07
7.34949e+07
7.34949e+07
7.34949e+07
7.34949e+07
7.34949e+07
7.34949e+07
7.34949e+07
7.34949e+07
7.34949e+07
7.34949e+07
7.34949e+07
7.34949e+07
7.34949e+07
7.34949e+07
7.34949e+07
7.34949e+07
7.34949e+07
7.34949e+07
7.34949e+07
7.34949e+07
7.34949e+07
7.34949e+07
7.34949e+07
7.34949e+07
7.34949e+07
7.34949e+07
7.34949e+07
7.34949e+07
7.34949e+07
7.34949e+07
7.34949e+07
7.34949e+07
7.34949e+07
7.34949e+07
7.34949e+07
7.34949e+07
7.34949e+07
7.34949e+07
7.34949e+07
7.34949e+07
7.34949e+07
7.34949e+07
7.34949e+07
7.34949e+07
7.34949e+07
7.34949e+07
7.34949e+07
7.34949e+07
7.34949e+07
7.34949e+07
7.34949e+07
7.34949e+07
7.34949e+07
7.34949e+07
7.34949e+07
