1.16971e+08
1.16824e+08
1.16824e+08
1.15732e+08
1.15732e+08
1.15732e+08
1.15732e+08
1.15732e+08
1.15732e+08
1.15732e+08
1.05521e+08
1.05521e+08
9.04639e+07
9.04639e+07
9.04639e+07
9.04639e+07
9.04639e+07
9.04639e+07
9.04639e+07
9.04639e+07
9.04639e+07
9.04639e+07
9.04639e+07
9.04639e+07
9.04639e+07
9.04639e+07
9.04639e+07
9.04639e+07
9.04639e+07
9.04639e+07
9.04639e+07
9.04639e+07
9.04639e+07
9.04639e+07
9.04639e+07
9.04639e+07
9.04639e+07
9.04639e+07
9.04639e+07
9.04639e+07
9.04639e+07
9.04639e+07
9.04639e+07
9.04639e+07
9.04639e+07
9.04639e+07
9.04639e+07
9.04639e+07
9.04639e+07
9.04639e+07
9.04639e+07
9.04639e+07
9.04639e+07
9.04639e+07
9.04639e+07
9.04639e+07
9.04639e+07
9.04639e+07
9.04639e+07
9.04639e+07
9.04639e+07
9.04639e+07
9.04639e+07
9.04639e+07
9.04639e+07
9.04639e+07
9.04639e+07
9.04639e+07
9.04639e+07
9.04639e+07
9.04639e+07
9.04639e+07
9.04639e+07
9.04639e+07
9.04639e+07
9.04639e+07
9.04639e+07
9.04639e+07
9.04639e+07
9.04639e+07
9.04639e+07
9.04639e+07
9.04639e+07
9.04639e+07
9.04639e+07
9.04639e+07
9.04639e+07
9.04639e+07
9.04639e+07
9.04639e+07
9.04639e+07
9.04639e+07
9.04639e+07
9.04639e+07
9.04639e+07
9.04639e+07
9.04639e+07
9.04639e+07
9.04639e+07
9.04639e+07
9.04639e+07
9.04639e+07
9.04639e+07
9.04639e+07
9.04639e+07
9.04639e+07
9.04639e+07
9.04639e+07
9.04639e+07
9.04639e+07
9.04639e+07
9.04639e+07
9.04639e+07
9.04639e+07
9.04639e+07
9.04639e+07
9.04639e+07
9.04639e+07
9.04639e+07
9.04639e+07
