1.16971e+08
1.05627e+08
1.05627e+08
1.05627e+08
1.05627e+08
9.05693e+07
9.05693e+07
9.0265e+07
9.0265e+07
9.0265e+07
9.01176e+07
9.01176e+07
9.01176e+07
7.69509e+07
7.69509e+07
7.69509e+07
7.69509e+07
7.69509e+07
7.69509e+07
7.69509e+07
7.69509e+07
7.69509e+07
7.69509e+07
7.69509e+07
7.69509e+07
7.69509e+07
7.69509e+07
7.69509e+07
7.69509e+07
7.69509e+07
7.69509e+07
7.69509e+07
7.69509e+07
7.69509e+07
7.69509e+07
7.69509e+07
7.69509e+07
7.69509e+07
7.69509e+07
7.69509e+07
7.69509e+07
7.69509e+07
7.69509e+07
7.69509e+07
7.69509e+07
7.69509e+07
7.69509e+07
7.69509e+07
7.69509e+07
7.69509e+07
7.69509e+07
7.69509e+07
7.69509e+07
7.69509e+07
7.69509e+07
7.69509e+07
7.69509e+07
7.69509e+07
7.69509e+07
7.69509e+07
7.69509e+07
7.69509e+07
7.69509e+07
7.69509e+07
7.69509e+07
7.69509e+07
7.69509e+07
7.69509e+07
7.69509e+07
7.69509e+07
7.69509e+07
7.69509e+07
7.69509e+07
7.69509e+07
7.69509e+07
7.69509e+07
7.69509e+07
7.69509e+07
7.69509e+07
7.69509e+07
7.69509e+07
7.69509e+07
7.69509e+07
7.69509e+07
7.69509e+07
7.69509e+07
7.69509e+07
7.69509e+07
7.69509e+07
7.69509e+07
7.69509e+07
7.69509e+07
7.69509e+07
7.69509e+07
7.69509e+07
7.69509e+07
7.69509e+07
7.69509e+07
7.69509e+07
7.69509e+07
7.69509e+07
7.69509e+07
7.69509e+07
7.69509e+07
7.69509e+07
7.69509e+07
7.69509e+07
7.69509e+07
7.69509e+07
7.69509e+07
7.69509e+07
7.69509e+07
7.69509e+07
7.69509e+07
7.69509e+07
7.69509e+07
7.69509e+07
7.69509e+07
7.69509e+07
