1.16971e+08
1.05627e+08
8.83821e+07
8.83821e+07
8.83821e+07
8.83821e+07
8.83821e+07
8.83821e+07
7.36424e+07
7.36424e+07
7.36424e+07
7.36424e+07
7.36424e+07
7.36424e+07
7.36424e+07
7.36424e+07
7.36424e+07
7.36424e+07
7.36424e+07
7.36424e+07
7.36424e+07
7.36424e+07
7.36424e+07
7.36424e+07
7.36424e+07
7.36424e+07
7.36424e+07
7.36424e+07
7.36424e+07
7.36424e+07
7.36424e+07
7.36424e+07
7.36424e+07
7.36424e+07
7.36424e+07
7.36424e+07
7.36424e+07
7.36424e+07
7.36424e+07
7.36424e+07
7.36424e+07
7.36424e+07
7.36424e+07
7.36424e+07
7.36424e+07
7.36424e+07
7.36424e+07
7.36424e+07
7.36424e+07
7.36424e+07
7.36424e+07
7.36424e+07
7.36424e+07
7.36424e+07
7.36424e+07
7.36424e+07
7.36424e+07
7.36424e+07
7.36424e+07
7.36424e+07
7.36424e+07
7.36424e+07
7.36424e+07
7.36424e+07
7.36424e+07
7.36424e+07
7.36424e+07
7.36424e+07
7.36424e+07
7.36424e+07
7.36424e+07
7.36424e+07
7.36424e+07
7.36424e+07
7.36424e+07
7.36424e+07
7.36424e+07
7.36424e+07
7.36424e+07
7.36424e+07
7.36424e+07
7.36424e+07
7.36424e+07
7.36424e+07
7.36424e+07
7.36424e+07
7.36424e+07
7.36424e+07
7.36424e+07
7.36424e+07
7.36424e+07
7.36424e+07
7.36424e+07
7.36424e+07
7.36424e+07
7.36424e+07
7.36424e+07
7.36424e+07
7.36424e+07
7.36424e+07
7.36424e+07
7.36424e+07
7.36424e+07
7.36424e+07
7.36424e+07
7.36424e+07
7.36424e+07
7.36424e+07
7.36424e+07
7.36424e+07
7.36424e+07
7.36424e+07
7.36424e+07
7.36424e+07
7.36424e+07
7.36424e+07
7.36424e+07
7.36424e+07
7.36424e+07
7.36424e+07
