1.16971e+08
1.16971e+08
1.16971e+08
1.16971e+08
1.16971e+08
1.16971e+08
9.90999e+07
9.90999e+07
9.90999e+07
9.90999e+07
9.90999e+07
9.90999e+07
9.90999e+07
9.90999e+07
9.90999e+07
9.90999e+07
9.90999e+07
9.90999e+07
9.90999e+07
9.90999e+07
9.90999e+07
9.90999e+07
9.90999e+07
9.90999e+07
9.90999e+07
9.90999e+07
9.90999e+07
9.90999e+07
9.90999e+07
9.90999e+07
9.90999e+07
9.90999e+07
9.90999e+07
9.90999e+07
8.79608e+07
8.79608e+07
7.32211e+07
7.32211e+07
7.32211e+07
7.32211e+07
7.32211e+07
7.32211e+07
7.32211e+07
7.32211e+07
7.32211e+07
7.32211e+07
7.32211e+07
7.32211e+07
7.32211e+07
7.32211e+07
7.32211e+07
7.32211e+07
7.32211e+07
7.32211e+07
7.32211e+07
7.32211e+07
7.32211e+07
7.32211e+07
7.32211e+07
7.32211e+07
7.32211e+07
7.32211e+07
7.32211e+07
7.32211e+07
7.32211e+07
7.32211e+07
7.32211e+07
7.32211e+07
7.32211e+07
7.32211e+07
7.32211e+07
7.32211e+07
7.32211e+07
7.32211e+07
7.32211e+07
7.32211e+07
7.32211e+07
7.32211e+07
7.32211e+07
7.32211e+07
7.32211e+07
7.32211e+07
7.32211e+07
7.32211e+07
7.32211e+07
7.32211e+07
7.32211e+07
7.32211e+07
7.32211e+07
7.32211e+07
7.32211e+07
7.32211e+07
7.32211e+07
7.32211e+07
7.32211e+07
7.32211e+07
7.32211e+07
7.32211e+07
7.32211e+07
7.32211e+07
7.32211e+07
7.32211e+07
7.32211e+07
7.32211e+07
7.32211e+07
7.32211e+07
7.32211e+07
7.32211e+07
7.32211e+07
7.32211e+07
7.32211e+07
7.32211e+07
7.32211e+07
7.32211e+07
7.32211e+07
7.32211e+07
7.32211e+07
7.32211e+07
7.32211e+07
7.32211e+07
