1.16971e+08
1.16395e+08
1.05205e+08
8.79608e+07
8.79608e+07
8.79608e+07
8.78133e+07
8.78133e+07
8.78133e+07
8.78133e+07
8.78133e+07
8.78133e+07
8.78133e+07
8.78133e+07
8.78133e+07
8.78133e+07
7.30737e+07
7.30737e+07
7.30737e+07
7.30737e+07
7.30737e+07
7.30737e+07
7.30737e+07
7.30737e+07
7.30737e+07
7.30737e+07
7.30737e+07
7.30737e+07
7.30737e+07
7.30737e+07
7.30737e+07
7.30737e+07
7.30737e+07
7.30737e+07
7.30737e+07
7.30737e+07
7.30737e+07
7.30737e+07
7.30737e+07
7.30737e+07
7.30737e+07
7.30737e+07
7.30737e+07
7.30737e+07
7.30737e+07
7.30737e+07
7.30737e+07
7.30737e+07
7.30737e+07
7.30737e+07
7.30737e+07
7.30737e+07
7.30737e+07
7.30737e+07
7.30737e+07
7.30737e+07
7.30737e+07
7.30737e+07
7.30737e+07
7.30737e+07
7.30737e+07
7.30737e+07
7.30737e+07
7.30737e+07
7.30737e+07
7.30737e+07
7.30737e+07
7.30737e+07
7.30737e+07
7.30737e+07
7.30737e+07
7.30737e+07
7.30737e+07
7.30737e+07
7.30737e+07
7.30737e+07
7.30737e+07
7.30737e+07
7.30737e+07
7.30737e+07
7.30737e+07
7.30737e+07
7.30737e+07
7.30737e+07
7.30737e+07
7.30737e+07
7.30737e+07
7.30737e+07
7.30737e+07
7.30737e+07
7.30737e+07
7.30737e+07
7.30737e+07
7.30737e+07
7.30737e+07
7.30737e+07
7.30737e+07
7.30737e+07
7.30737e+07
7.30737e+07
7.30737e+07
7.30737e+07
7.30737e+07
7.30737e+07
7.30737e+07
7.30737e+07
7.30737e+07
7.30737e+07
7.30737e+07
7.30737e+07
7.30737e+07
7.30737e+07
7.30737e+07
7.30737e+07
7.30737e+07
7.30737e+07
7.30737e+07
7.30737e+07
7.30737e+07
