1.16971e+08
1.16824e+08
1.16824e+08
1.16824e+08
1.16824e+08
1.05479e+08
8.82346e+07
8.72129e+07
8.72129e+07
8.72129e+07
8.72129e+07
8.72129e+07
8.72129e+07
8.72129e+07
8.72129e+07
8.72129e+07
8.72129e+07
8.72129e+07
8.72129e+07
8.72129e+07
8.72129e+07
8.72129e+07
7.29288e+07
7.29288e+07
7.29288e+07
7.29288e+07
7.29288e+07
7.29288e+07
7.29288e+07
7.29288e+07
7.29288e+07
7.29288e+07
7.29288e+07
7.29288e+07
7.29288e+07
7.29288e+07
7.29288e+07
7.29288e+07
7.29288e+07
7.29288e+07
7.29288e+07
7.29288e+07
7.29288e+07
7.29288e+07
7.29288e+07
7.29288e+07
7.29288e+07
7.29288e+07
7.29288e+07
7.29288e+07
7.29288e+07
7.29288e+07
7.29288e+07
7.29288e+07
7.29288e+07
7.29288e+07
7.29288e+07
7.29288e+07
7.29288e+07
7.29288e+07
7.29288e+07
7.29288e+07
7.29288e+07
7.29288e+07
7.29288e+07
7.29288e+07
7.29288e+07
7.29288e+07
7.29288e+07
7.29288e+07
7.29288e+07
7.29288e+07
7.29288e+07
7.29288e+07
7.29288e+07
7.29288e+07
7.29288e+07
7.29288e+07
7.29288e+07
7.29288e+07
7.29288e+07
7.29288e+07
7.29288e+07
7.29288e+07
7.29288e+07
7.29288e+07
7.29288e+07
7.29288e+07
7.29288e+07
7.29288e+07
7.29288e+07
7.29288e+07
7.29288e+07
7.29288e+07
7.29288e+07
7.29288e+07
7.29288e+07
7.29288e+07
7.29288e+07
7.29288e+07
7.29288e+07
7.29288e+07
7.29288e+07
7.29288e+07
7.29288e+07
7.29288e+07
7.29288e+07
7.29288e+07
7.29288e+07
7.29288e+07
7.29288e+07
7.29288e+07
7.29288e+07
7.29288e+07
7.29288e+07
7.29288e+07
7.29288e+07
7.29288e+07
7.29288e+07
