1.16971e+08
1.16971e+08
9.97269e+07
9.97269e+07
9.97269e+07
9.97269e+07
9.97269e+07
9.97269e+07
9.97269e+07
9.97269e+07
9.97269e+07
9.97269e+07
9.91012e+07
9.91012e+07
9.91012e+07
9.91012e+07
9.91012e+07
9.91012e+07
9.91012e+07
9.91012e+07
9.91012e+07
9.91012e+07
9.91012e+07
9.91012e+07
8.79608e+07
8.79608e+07
8.79608e+07
8.79608e+07
7.32211e+07
7.32211e+07
7.32211e+07
7.32211e+07
7.32211e+07
7.32211e+07
7.32211e+07
7.32211e+07
7.32211e+07
7.32211e+07
7.32211e+07
7.32211e+07
7.32211e+07
7.32211e+07
7.32211e+07
7.32211e+07
7.32211e+07
7.32211e+07
7.32211e+07
7.32211e+07
7.32211e+07
7.32211e+07
7.32211e+07
7.32211e+07
7.32211e+07
7.32211e+07
7.32211e+07
7.32211e+07
7.32211e+07
7.32211e+07
7.32211e+07
7.32211e+07
7.32211e+07
7.32211e+07
7.32211e+07
7.32211e+07
7.32211e+07
7.32211e+07
7.32211e+07
7.32211e+07
7.32211e+07
7.32211e+07
7.32211e+07
7.32211e+07
7.32211e+07
7.32211e+07
7.32211e+07
7.32211e+07
7.32211e+07
7.32211e+07
7.32211e+07
7.32211e+07
7.32211e+07
7.32211e+07
7.32211e+07
7.32211e+07
7.32211e+07
7.32211e+07
7.32211e+07
7.32211e+07
7.32211e+07
7.32211e+07
7.32211e+07
7.32211e+07
7.32211e+07
7.32211e+07
7.32211e+07
7.32211e+07
7.32211e+07
7.32211e+07
7.32211e+07
7.32211e+07
7.32211e+07
7.32211e+07
7.32211e+07
7.32211e+07
7.32211e+07
7.32211e+07
7.32211e+07
7.32211e+07
7.32211e+07
7.32211e+07
7.32211e+07
7.32211e+07
7.32211e+07
7.32211e+07
7.32211e+07
7.32211e+07
7.32211e+07
7.32211e+07
7.32211e+07
7.32211e+07
