1.16971e+08
1.16971e+08
1.16971e+08
1.16971e+08
1.16971e+08
1.16971e+08
1.16395e+08
1.16395e+08
1.16395e+08
1.16395e+08
9.93056e+07
9.93056e+07
9.93056e+07
9.93056e+07
9.93056e+07
9.93056e+07
9.93056e+07
9.93056e+07
9.93056e+07
9.93056e+07
9.91581e+07
9.91581e+07
9.91581e+07
9.91581e+07
8.78245e+07
8.78245e+07
8.78245e+07
8.78245e+07
7.30849e+07
7.30849e+07
7.30849e+07
7.30849e+07
7.30849e+07
7.30849e+07
7.30849e+07
7.30849e+07
7.30849e+07
7.30849e+07
7.30849e+07
7.30849e+07
7.30849e+07
7.30849e+07
7.30849e+07
7.30849e+07
7.30849e+07
7.30849e+07
7.30849e+07
7.30849e+07
7.30849e+07
7.30849e+07
7.30849e+07
7.30849e+07
7.30849e+07
7.30849e+07
7.30849e+07
7.30849e+07
7.30849e+07
7.30849e+07
7.30849e+07
7.30849e+07
7.30849e+07
7.30849e+07
7.30849e+07
7.30849e+07
7.30849e+07
7.30849e+07
7.30849e+07
7.30849e+07
7.30849e+07
7.30849e+07
7.30849e+07
7.30849e+07
7.30849e+07
7.30849e+07
7.30849e+07
7.30849e+07
7.30849e+07
7.30849e+07
7.30849e+07
7.30849e+07
7.30849e+07
7.30849e+07
7.30849e+07
7.30849e+07
7.30849e+07
7.30849e+07
7.30849e+07
7.30849e+07
7.30849e+07
7.30849e+07
7.30849e+07
7.30849e+07
7.30849e+07
7.30849e+07
7.30849e+07
7.30849e+07
7.30849e+07
7.30849e+07
7.30849e+07
7.30849e+07
7.30849e+07
7.30849e+07
7.30849e+07
7.30849e+07
7.30849e+07
7.30849e+07
7.30849e+07
7.30849e+07
7.30849e+07
7.30849e+07
7.30849e+07
7.30849e+07
7.30849e+07
7.30849e+07
7.30849e+07
7.30849e+07
7.30849e+07
7.30849e+07
7.30849e+07
