1.16971e+08
1.16273e+08
1.16273e+08
1.16273e+08
1.16273e+08
9.92613e+07
8.79165e+07
8.79165e+07
8.79165e+07
8.79165e+07
8.79165e+07
8.79165e+07
8.79165e+07
8.79165e+07
8.79165e+07
8.79165e+07
8.79165e+07
8.79165e+07
8.79165e+07
8.79165e+07
8.79165e+07
8.79165e+07
8.79165e+07
8.79165e+07
8.79165e+07
8.79165e+07
7.31768e+07
7.31768e+07
7.31768e+07
7.31768e+07
7.31768e+07
7.31768e+07
7.31768e+07
7.31768e+07
7.31768e+07
7.31768e+07
7.31768e+07
7.31768e+07
7.31768e+07
7.31768e+07
7.31768e+07
7.31768e+07
7.31768e+07
7.31768e+07
7.31768e+07
7.31768e+07
7.31768e+07
7.31768e+07
7.31768e+07
7.31768e+07
7.31768e+07
7.31768e+07
7.31768e+07
7.31768e+07
7.31768e+07
7.31768e+07
7.31768e+07
7.31768e+07
7.31768e+07
7.31768e+07
7.31768e+07
7.31768e+07
7.31768e+07
7.31768e+07
7.31768e+07
7.31768e+07
7.31768e+07
7.31768e+07
7.31768e+07
7.31768e+07
7.31768e+07
7.31768e+07
7.31768e+07
7.31768e+07
7.31768e+07
7.31768e+07
7.31768e+07
7.31768e+07
7.31768e+07
7.31768e+07
7.31768e+07
7.31768e+07
7.31768e+07
7.31768e+07
7.31768e+07
7.31768e+07
7.31768e+07
7.31768e+07
7.31768e+07
7.31768e+07
7.31768e+07
7.31768e+07
7.31768e+07
7.31768e+07
7.31768e+07
7.31768e+07
7.31768e+07
7.31768e+07
7.31768e+07
7.31768e+07
7.31768e+07
7.31768e+07
7.31768e+07
7.31768e+07
7.31768e+07
7.31768e+07
7.31768e+07
7.31768e+07
7.31768e+07
7.31768e+07
7.31768e+07
7.31768e+07
7.31768e+07
7.31768e+07
7.31768e+07
7.31768e+07
7.31768e+07
7.31768e+07
7.31768e+07
7.31768e+07
