1.16971e+08
9.97269e+07
9.97269e+07
8.83821e+07
8.83821e+07
8.83821e+07
8.83821e+07
8.83821e+07
8.83821e+07
8.83821e+07
8.83821e+07
7.36424e+07
7.36424e+07
7.36424e+07
7.36424e+07
7.36424e+07
7.36424e+07
7.36424e+07
7.36424e+07
7.36424e+07
7.36424e+07
7.36424e+07
7.36424e+07
7.36424e+07
7.36424e+07
7.36424e+07
7.36424e+07
7.36424e+07
7.36424e+07
7.36424e+07
7.36424e+07
7.36424e+07
7.36424e+07
7.36424e+07
7.36424e+07
7.36424e+07
7.36424e+07
7.36424e+07
7.36424e+07
7.36424e+07
7.36424e+07
7.36424e+07
7.36424e+07
7.36424e+07
7.36424e+07
7.36424e+07
7.36424e+07
7.36424e+07
7.36424e+07
7.36424e+07
7.36424e+07
7.36424e+07
7.36424e+07
7.36424e+07
7.36424e+07
7.36424e+07
7.36424e+07
7.36424e+07
7.36424e+07
7.36424e+07
7.36424e+07
7.36424e+07
7.36424e+07
7.36424e+07
7.36424e+07
7.36424e+07
7.36424e+07
7.36424e+07
7.36424e+07
7.36424e+07
7.36424e+07
7.36424e+07
7.36424e+07
7.36424e+07
7.36424e+07
7.36424e+07
7.36424e+07
7.36424e+07
7.36424e+07
7.36424e+07
7.36424e+07
7.36424e+07
7.36424e+07
7.36424e+07
7.36424e+07
7.36424e+07
7.36424e+07
7.36424e+07
7.36424e+07
7.36424e+07
7.36424e+07
7.36424e+07
7.36424e+07
7.36424e+07
7.36424e+07
7.36424e+07
7.36424e+07
7.36424e+07
7.36424e+07
7.36424e+07
7.36424e+07
7.36424e+07
7.36424e+07
7.36424e+07
7.36424e+07
7.36424e+07
7.36424e+07
7.36424e+07
7.36424e+07
7.36424e+07
7.36424e+07
7.36424e+07
7.36424e+07
7.36424e+07
7.36424e+07
7.36424e+07
7.36424e+07
7.36424e+07
7.36424e+07
