1.16971e+08
9.97269e+07
9.97269e+07
9.97269e+07
9.91502e+07
9.91502e+07
9.90266e+07
9.90266e+07
9.90266e+07
9.90266e+07
9.90266e+07
9.90266e+07
9.90266e+07
8.78133e+07
8.78133e+07
8.78133e+07
8.78133e+07
7.30737e+07
7.30737e+07
7.30737e+07
7.30737e+07
7.30737e+07
7.30737e+07
7.30737e+07
7.30737e+07
7.30737e+07
7.30737e+07
7.30737e+07
7.30737e+07
7.30737e+07
7.30737e+07
7.30737e+07
7.30737e+07
7.30737e+07
7.30737e+07
7.30737e+07
7.30737e+07
7.30737e+07
7.30737e+07
7.30737e+07
7.30737e+07
7.30737e+07
7.30737e+07
7.30737e+07
7.30737e+07
7.30737e+07
7.30737e+07
7.30737e+07
7.30737e+07
7.30737e+07
7.30737e+07
7.30737e+07
7.30737e+07
7.30737e+07
7.30737e+07
7.30737e+07
7.30737e+07
7.30737e+07
7.30737e+07
7.30737e+07
7.30737e+07
7.30737e+07
7.30737e+07
7.30737e+07
7.30737e+07
7.30737e+07
7.30737e+07
7.30737e+07
7.30737e+07
7.30737e+07
7.30737e+07
7.30737e+07
7.30737e+07
7.30737e+07
7.30737e+07
7.30737e+07
7.30737e+07
7.30737e+07
7.30737e+07
7.30737e+07
7.30737e+07
7.30737e+07
7.30737e+07
7.30737e+07
7.30737e+07
7.30737e+07
7.30737e+07
7.30737e+07
7.30737e+07
7.30737e+07
7.30737e+07
7.30737e+07
7.30737e+07
7.30737e+07
7.30737e+07
7.30737e+07
7.30737e+07
7.30737e+07
7.30737e+07
7.30737e+07
7.30737e+07
7.30737e+07
7.30737e+07
7.30737e+07
7.30737e+07
7.30737e+07
7.30737e+07
7.30737e+07
7.30737e+07
7.30737e+07
7.30737e+07
7.30737e+07
7.30737e+07
7.30737e+07
7.30737e+07
7.30737e+07
7.30737e+07
7.30737e+07
7.30737e+07
