4.59218e+11
4.59218e+11
4.59218e+11
4.59194e+11
4.59194e+11
4.59194e+11
4.59194e+11
4.54257e+11
4.42148e+11
2.95474e+11
2.95474e+11
2.95474e+11
2.95474e+11
2.95474e+11
2.95474e+11
2.95474e+11
2.95474e+11
2.95474e+11
2.95474e+11
2.95474e+11
2.95474e+11
2.95474e+11
2.95474e+11
2.95471e+11
2.95471e+11
2.95471e+11
2.95471e+11
2.95471e+11
1.61329e+11
1.61329e+11
1.61329e+11
1.61329e+11
1.61329e+11
1.61329e+11
1.61329e+11
1.61329e+11
1.61329e+11
1.61329e+11
1.61329e+11
1.61329e+11
1.61329e+11
1.61329e+11
1.61329e+11
1.61329e+11
1.61329e+11
1.61329e+11
1.61329e+11
1.61329e+11
1.61329e+11
1.61329e+11
1.61329e+11
1.61329e+11
1.61329e+11
1.61329e+11
1.61329e+11
1.61329e+11
1.61329e+11
1.61329e+11
1.61329e+11
1.61329e+11
1.61325e+11
1.61325e+11
1.61322e+11
1.61322e+11
1.61322e+11
1.61322e+11
1.61322e+11
1.61322e+11
1.61322e+11
1.61322e+11
1.61322e+11
1.61322e+11
1.61322e+11
1.61322e+11
1.61322e+11
1.61322e+11
1.61322e+11
1.61322e+11
1.61322e+11
1.61322e+11
1.61322e+11
1.61322e+11
1.61322e+11
1.61322e+11
1.61322e+11
1.61322e+11
1.61322e+11
1.61322e+11
1.61322e+11
1.61322e+11
1.61322e+11
1.61322e+11
1.61322e+11
1.61322e+11
1.61322e+11
1.61322e+11
1.61322e+11
1.61322e+11
1.61322e+11
1.61322e+11
1.61322e+11
1.61322e+11
1.61322e+11
1.61322e+11
1.61322e+11
1.61322e+11
1.61322e+11
1.61322e+11
1.61322e+11
1.61322e+11
1.61322e+11
1.61322e+11
1.51769e+11
1.51769e+11
1.51769e+11
1.51769e+11
1.51769e+11
1.51769e+11
1.51769e+11
