4.59218e+11
4.59218e+11
3.00431e+11
3.00431e+11
3.00409e+11
3.00409e+11
1.61328e+11
1.61328e+11
1.61328e+11
1.61328e+11
1.61328e+11
1.61328e+11
1.61328e+11
1.61328e+11
1.61328e+11
1.61328e+11
1.61328e+11
1.61328e+11
1.61328e+11
1.61328e+11
1.61328e+11
1.61328e+11
1.61328e+11
1.61324e+11
1.61324e+11
1.61324e+11
1.61324e+11
1.61324e+11
1.61324e+11
1.61324e+11
1.61324e+11
1.61324e+11
1.61324e+11
1.61324e+11
1.61324e+11
1.61324e+11
1.61324e+11
1.61324e+11
1.61324e+11
1.61324e+11
1.6026e+11
1.6026e+11
1.6026e+11
1.6026e+11
1.6026e+11
1.6026e+11
1.6026e+11
1.6026e+11
1.6026e+11
1.6026e+11
1.6026e+11
1.6026e+11
1.6026e+11
1.6026e+11
1.6026e+11
1.6026e+11
1.6026e+11
1.6026e+11
1.6026e+11
1.6026e+11
1.6026e+11
1.6026e+11
1.6026e+11
1.6026e+11
1.6026e+11
1.6026e+11
1.6026e+11
1.6026e+11
1.6026e+11
1.6026e+11
1.6026e+11
1.6026e+11
1.6026e+11
1.6026e+11
1.6026e+11
1.6026e+11
1.6026e+11
1.6026e+11
1.6026e+11
1.6026e+11
1.6026e+11
1.6026e+11
1.6026e+11
1.6026e+11
1.6026e+11
1.6026e+11
1.6026e+11
1.6026e+11
1.6026e+11
1.6026e+11
1.6026e+11
1.6026e+11
1.6026e+11
1.6026e+11
1.6026e+11
1.60251e+11
1.60251e+11
1.60251e+11
1.60251e+11
1.60251e+11
1.60251e+11
1.60251e+11
1.60251e+11
1.60251e+11
1.60251e+11
1.60251e+11
1.60251e+11
1.60251e+11
1.60251e+11
1.60251e+11
1.60251e+11
1.60251e+11
1.60251e+11
1.60251e+11
1.60251e+11
1.60251e+11
1.60251e+11
1.60184e+11
1.60183e+11
