4.59218e+11
3.10605e+11
3.10605e+11
3.10598e+11
3.10591e+11
3.09513e+11
3.09513e+11
3.09509e+11
3.09508e+11
3.09508e+11
3.09508e+11
3.09508e+11
3.09508e+11
3.09508e+11
3.09508e+11
3.09508e+11
3.09508e+11
3.09508e+11
3.09508e+11
3.09508e+11
3.09508e+11
3.09508e+11
3.09508e+11
3.09508e+11
3.09508e+11
3.09508e+11
3.09508e+11
3.09508e+11
3.09508e+11
3.09508e+11
3.09508e+11
3.09508e+11
3.09508e+11
3.09508e+11
3.09508e+11
3.09508e+11
3.09508e+11
3.09508e+11
3.09508e+11
3.09508e+11
3.09508e+11
3.09508e+11
3.09508e+11
3.09508e+11
3.09508e+11
3.09508e+11
3.09508e+11
3.09508e+11
3.09508e+11
3.09508e+11
3.09508e+11
3.09508e+11
3.09508e+11
3.09508e+11
3.09508e+11
3.09508e+11
3.09508e+11
3.09508e+11
3.09508e+11
3.09508e+11
3.09508e+11
3.09508e+11
3.09508e+11
3.09508e+11
3.09508e+11
3.09508e+11
3.09508e+11
3.09508e+11
3.09508e+11
3.09508e+11
3.09508e+11
3.09508e+11
3.09508e+11
3.09508e+11
3.09508e+11
3.09508e+11
3.09508e+11
3.09508e+11
3.09508e+11
3.09508e+11
3.09508e+11
3.09508e+11
3.03199e+11
3.03199e+11
3.03199e+11
3.03199e+11
3.03199e+11
3.03199e+11
3.03199e+11
3.03199e+11
3.03199e+11
3.03199e+11
3.03199e+11
3.03199e+11
3.03199e+11
3.03199e+11
3.03199e+11
3.03199e+11
3.03199e+11
3.01073e+11
3.01073e+11
3.01063e+11
3.01063e+11
3.01063e+11
3.01063e+11
3.01063e+11
3.01063e+11
3.01063e+11
3.01063e+11
3.01063e+11
3.01063e+11
3.01063e+11
3.01063e+11
3.01063e+11
3.01063e+11
3.01063e+11
3.01063e+11
3.01063e+11
3.01063e+11
