4.59218e+11
4.59216e+11
4.59216e+11
4.573e+11
4.573e+11
3.13215e+11
3.13191e+11
3.13191e+11
3.13191e+11
3.13191e+11
3.13191e+11
3.13191e+11
3.13191e+11
3.13191e+11
3.13185e+11
3.13185e+11
3.07509e+11
3.07509e+11
3.04258e+11
3.04258e+11
3.04258e+11
3.04258e+11
3.04258e+11
3.04258e+11
3.04258e+11
3.04258e+11
3.04258e+11
3.04258e+11
3.04258e+11
3.04258e+11
3.04258e+11
3.04258e+11
3.04258e+11
3.04258e+11
3.04258e+11
3.04258e+11
3.04258e+11
3.04258e+11
3.04258e+11
3.04258e+11
3.04258e+11
3.04258e+11
3.04258e+11
3.04258e+11
3.04258e+11
3.04258e+11
3.04258e+11
3.04258e+11
3.04258e+11
3.04258e+11
3.04258e+11
3.04258e+11
3.04258e+11
3.04258e+11
3.04258e+11
3.04258e+11
3.04258e+11
3.04258e+11
3.04258e+11
3.04258e+11
2.97993e+11
2.97993e+11
2.97993e+11
2.97993e+11
2.97992e+11
2.97992e+11
2.97992e+11
2.97992e+11
2.97992e+11
2.97992e+11
2.97992e+11
2.97992e+11
2.97992e+11
2.97992e+11
2.97992e+11
2.87798e+11
2.87798e+11
2.87798e+11
2.87798e+11
2.87798e+11
2.87798e+11
2.87798e+11
2.87798e+11
2.87798e+11
2.87798e+11
2.87798e+11
2.87798e+11
2.87798e+11
2.87798e+11
2.87798e+11
2.87798e+11
2.87798e+11
2.87798e+11
2.87798e+11
2.87798e+11
2.87798e+11
2.87798e+11
2.87798e+11
2.87798e+11
2.87798e+11
2.87798e+11
2.79632e+11
2.79632e+11
2.79632e+11
2.79632e+11
1.45485e+11
1.45485e+11
1.45485e+11
1.45485e+11
1.45485e+11
1.45485e+11
1.45485e+11
1.45485e+11
1.45485e+11
1.45485e+11
1.45485e+11
1.45485e+11
1.45485e+11
1.45485e+11
