4.59218e+11
4.59208e+11
4.59208e+11
4.59208e+11
4.59208e+11
4.57296e+11
3.20831e+11
3.20831e+11
3.20831e+11
3.20831e+11
3.20831e+11
3.20831e+11
3.20831e+11
3.20831e+11
3.08006e+11
3.08006e+11
3.08006e+11
3.08006e+11
3.08006e+11
3.08006e+11
3.08003e+11
3.08003e+11
3.08003e+11
3.08003e+11
3.08003e+11
3.08003e+11
3.08003e+11
3.08003e+11
3.08003e+11
3.08003e+11
3.08003e+11
3.08003e+11
3.08003e+11
3.08003e+11
3.08003e+11
3.08003e+11
3.08003e+11
3.08003e+11
3.08003e+11
3.08003e+11
3.08003e+11
3.08003e+11
3.08003e+11
3.08003e+11
3.08003e+11
3.08003e+11
3.08003e+11
3.08003e+11
3.08003e+11
3.08003e+11
3.08003e+11
3.08003e+11
3.08003e+11
3.08003e+11
3.08003e+11
3.08003e+11
3.08003e+11
3.08003e+11
3.08003e+11
3.08003e+11
2.16674e+11
2.16674e+11
2.16674e+11
2.16674e+11
2.16674e+11
2.16672e+11
2.16672e+11
2.16672e+11
2.16672e+11
2.16672e+11
2.16672e+11
2.16672e+11
2.16672e+11
2.16672e+11
2.16672e+11
2.16672e+11
2.16672e+11
2.16672e+11
2.16672e+11
2.16672e+11
2.16672e+11
2.16672e+11
2.16672e+11
2.16672e+11
2.16672e+11
2.16672e+11
2.16672e+11
2.16672e+11
2.16672e+11
2.16672e+11
2.16672e+11
2.16672e+11
2.16672e+11
2.16672e+11
2.16672e+11
2.16672e+11
2.16672e+11
2.16672e+11
2.16672e+11
2.16672e+11
2.16672e+11
2.16672e+11
2.16672e+11
2.16672e+11
2.16672e+11
2.16672e+11
2.16672e+11
2.16672e+11
2.16672e+11
2.16672e+11
2.16672e+11
2.16672e+11
2.16672e+11
2.16672e+11
2.16672e+11
2.16672e+11
2.16672e+11
2.16672e+11
2.16672e+11
