4.59218e+11
3.00412e+11
3.00412e+11
3.00411e+11
3.00411e+11
1.6626e+11
1.6626e+11
1.6626e+11
1.61331e+11
1.61331e+11
1.61331e+11
1.61331e+11
1.61331e+11
1.61324e+11
1.61324e+11
1.61324e+11
1.61324e+11
1.61324e+11
1.61324e+11
1.61324e+11
1.61324e+11
1.61324e+11
1.61324e+11
1.61324e+11
1.61324e+11
1.61324e+11
1.61324e+11
1.61324e+11
1.61324e+11
1.61324e+11
1.61324e+11
1.61324e+11
1.61319e+11
1.61319e+11
1.61319e+11
1.61319e+11
1.61319e+11
1.61319e+11
1.61319e+11
1.61319e+11
1.61319e+11
1.61319e+11
1.61319e+11
1.61319e+11
1.61319e+11
1.61319e+11
1.61319e+11
1.61319e+11
1.61319e+11
1.61319e+11
1.61319e+11
1.61319e+11
1.61319e+11
1.61319e+11
1.61319e+11
1.61319e+11
1.61319e+11
1.61319e+11
1.61319e+11
1.61319e+11
1.61319e+11
1.61319e+11
1.61319e+11
1.61319e+11
1.61319e+11
1.61319e+11
1.61319e+11
1.61319e+11
1.61319e+11
1.61319e+11
1.61319e+11
1.61319e+11
1.61319e+11
1.61319e+11
1.61319e+11
1.61319e+11
1.61319e+11
1.61319e+11
1.61319e+11
1.61319e+11
1.61319e+11
1.61319e+11
1.61319e+11
1.61319e+11
1.61319e+11
1.61319e+11
1.61319e+11
1.61319e+11
1.61319e+11
1.61319e+11
1.61319e+11
1.61319e+11
1.61319e+11
1.61319e+11
1.61319e+11
1.61319e+11
1.61319e+11
1.61319e+11
1.61319e+11
1.61319e+11
1.61319e+11
1.61319e+11
1.61319e+11
1.61319e+11
1.61319e+11
1.61319e+11
1.61319e+11
1.61319e+11
1.60268e+11
1.60268e+11
1.60268e+11
1.60268e+11
1.60268e+11
1.60268e+11
1.60268e+11
1.60268e+11
1.60268e+11
1.60268e+11
1.60268e+11
