4.59218e+11
4.56626e+11
4.56594e+11
4.41466e+11
4.41464e+11
4.41464e+11
4.41464e+11
2.95465e+11
2.95465e+11
2.95465e+11
2.95465e+11
2.95465e+11
2.95465e+11
2.95465e+11
2.95465e+11
2.95465e+11
2.9546e+11
2.9546e+11
2.9441e+11
2.9441e+11
2.9441e+11
2.9441e+11
1.60274e+11
1.60274e+11
1.60274e+11
1.60274e+11
1.60274e+11
1.60274e+11
1.60274e+11
1.60274e+11
1.60274e+11
1.60274e+11
1.60274e+11
1.60274e+11
1.60274e+11
1.60274e+11
1.60274e+11
1.60274e+11
1.60274e+11
1.56176e+11
1.56176e+11
1.56176e+11
1.56176e+11
1.56176e+11
1.56176e+11
1.56176e+11
1.56176e+11
1.56176e+11
1.56176e+11
1.56176e+11
1.56176e+11
1.56176e+11
1.56176e+11
1.56176e+11
1.56171e+11
1.56171e+11
1.56171e+11
1.56171e+11
1.56171e+11
1.56171e+11
1.56171e+11
1.56171e+11
1.56171e+11
1.56171e+11
1.56171e+11
1.56171e+11
1.56171e+11
1.56171e+11
1.56171e+11
1.56171e+11
1.56171e+11
1.56171e+11
1.56171e+11
1.56171e+11
1.56171e+11
1.56171e+11
1.56171e+11
1.56171e+11
1.56171e+11
1.56165e+11
1.56165e+11
1.56165e+11
1.56165e+11
1.56165e+11
1.56165e+11
1.56165e+11
1.56165e+11
1.56165e+11
1.56165e+11
1.56165e+11
1.56165e+11
1.56165e+11
1.56165e+11
1.56165e+11
1.56165e+11
1.56165e+11
1.56165e+11
1.56156e+11
1.56156e+11
1.56156e+11
1.56156e+11
1.56156e+11
1.56156e+11
1.56156e+11
1.56156e+11
1.56156e+11
1.56156e+11
1.56156e+11
1.56156e+11
1.56156e+11
1.56156e+11
1.56156e+11
1.56156e+11
1.56156e+11
1.56156e+11
1.56156e+11
1.56156e+11
1.56156e+11
