4.59218e+11
4.59218e+11
4.47109e+11
4.47109e+11
4.47086e+11
4.47086e+11
4.47086e+11
4.47086e+11
4.47086e+11
4.42148e+11
4.42148e+11
2.95474e+11
2.95474e+11
2.95474e+11
2.95474e+11
2.95474e+11
2.95474e+11
2.9442e+11
2.9441e+11
2.9441e+11
2.9441e+11
2.9441e+11
2.9441e+11
2.9441e+11
2.9441e+11
2.9441e+11
2.94404e+11
2.94404e+11
2.94404e+11
2.94404e+11
2.94404e+11
2.94402e+11
2.94402e+11
2.94402e+11
2.94402e+11
2.94402e+11
2.94397e+11
2.94397e+11
2.94397e+11
2.94397e+11
2.94397e+11
2.94397e+11
2.94397e+11
2.94397e+11
2.94397e+11
2.94397e+11
2.94397e+11
2.94392e+11
2.94392e+11
2.94392e+11
2.94392e+11
2.92548e+11
2.92548e+11
2.92548e+11
2.92548e+11
2.92548e+11
2.92548e+11
2.92548e+11
2.92548e+11
2.92548e+11
2.92548e+11
2.92548e+11
2.92548e+11
2.92548e+11
2.92548e+11
2.92548e+11
2.92548e+11
2.92548e+11
2.92548e+11
2.92548e+11
2.92548e+11
2.92548e+11
2.92548e+11
2.92548e+11
2.92548e+11
2.92548e+11
2.92548e+11
2.92548e+11
2.92548e+11
2.92548e+11
2.92548e+11
2.92548e+11
2.92548e+11
2.92548e+11
2.92548e+11
2.92548e+11
2.92548e+11
2.92548e+11
2.92548e+11
2.92548e+11
2.92548e+11
2.92548e+11
2.92548e+11
2.92548e+11
2.92548e+11
2.92548e+11
2.92548e+11
2.92548e+11
2.92548e+11
2.92548e+11
2.92548e+11
2.92548e+11
2.92548e+11
2.92548e+11
2.92548e+11
2.92548e+11
2.92548e+11
2.92548e+11
2.92548e+11
2.92548e+11
2.92548e+11
2.92548e+11
2.92548e+11
2.92548e+11
2.92548e+11
2.92548e+11
2.92548e+11
2.92548e+11
