4.59218e+11
4.59208e+11
4.59208e+11
4.47103e+11
4.47103e+11
2.98584e+11
2.98584e+11
2.98581e+11
1.66258e+11
1.66258e+11
1.66258e+11
1.66258e+11
1.66252e+11
1.66252e+11
1.66252e+11
1.66252e+11
1.66252e+11
1.66252e+11
1.66252e+11
1.66252e+11
1.66252e+11
1.66252e+11
1.66252e+11
1.61323e+11
1.61323e+11
1.61323e+11
1.61323e+11
1.61323e+11
1.60269e+11
1.60269e+11
1.60268e+11
1.60268e+11
1.60268e+11
1.60268e+11
1.60268e+11
1.60268e+11
1.60268e+11
1.60268e+11
1.60268e+11
1.60268e+11
1.60268e+11
1.60268e+11
1.60268e+11
1.60268e+11
1.60268e+11
1.60268e+11
1.60268e+11
1.60268e+11
1.60268e+11
1.60268e+11
1.60268e+11
1.60268e+11
1.60268e+11
1.60268e+11
1.60268e+11
1.60268e+11
1.60268e+11
1.60268e+11
1.60268e+11
1.60268e+11
1.60268e+11
1.60268e+11
1.60268e+11
1.60268e+11
1.60268e+11
1.60268e+11
1.60268e+11
1.50715e+11
1.50715e+11
1.50715e+11
1.50715e+11
1.50715e+11
1.50715e+11
1.50715e+11
1.50715e+11
1.50715e+11
1.50715e+11
1.50715e+11
1.50715e+11
1.50715e+11
1.50715e+11
1.50715e+11
1.50715e+11
1.50715e+11
1.50715e+11
1.50715e+11
1.50715e+11
1.50715e+11
1.50715e+11
1.50715e+11
1.50715e+11
1.50715e+11
1.50715e+11
1.50715e+11
1.50715e+11
1.50715e+11
1.50715e+11
1.50715e+11
1.50715e+11
1.50713e+11
1.50713e+11
1.50713e+11
1.50713e+11
1.50713e+11
1.50713e+11
1.50713e+11
1.50713e+11
1.50713e+11
1.50713e+11
1.50713e+11
1.50713e+11
1.50706e+11
1.50706e+11
1.50706e+11
1.50706e+11
1.50706e+11
1.50706e+11
1.50706e+11
1.50706e+11
