4.59218e+11
4.59218e+11
4.59218e+11
3.13218e+11
3.13218e+11
3.13195e+11
3.13185e+11
3.13185e+11
3.08263e+11
3.08263e+11
3.08263e+11
3.08263e+11
3.08263e+11
3.08263e+11
3.07197e+11
3.07197e+11
3.07197e+11
3.07197e+11
3.07197e+11
3.07187e+11
3.07187e+11
3.07187e+11
3.07187e+11
3.07187e+11
3.07187e+11
3.07187e+11
3.07187e+11
3.07187e+11
3.07187e+11
3.07183e+11
3.07183e+11
3.07183e+11
3.07183e+11
3.07183e+11
3.07183e+11
3.07183e+11
3.07183e+11
3.07183e+11
3.07183e+11
2.88093e+11
2.88093e+11
2.88093e+11
2.88093e+11
2.88093e+11
2.88093e+11
2.88093e+11
2.88093e+11
2.88093e+11
2.88093e+11
2.88093e+11
2.88093e+11
2.88093e+11
2.88093e+11
2.88093e+11
2.88093e+11
2.88093e+11
2.88093e+11
2.88093e+11
2.88093e+11
2.88093e+11
2.88093e+11
2.88093e+11
2.8809e+11
2.8809e+11
2.8809e+11
2.8809e+11
2.8809e+11
2.8809e+11
2.8809e+11
2.8809e+11
2.8809e+11
2.8809e+11
2.8809e+11
2.8809e+11
2.8809e+11
2.8809e+11
2.8809e+11
2.8809e+11
2.8809e+11
2.8809e+11
2.8809e+11
2.8809e+11
2.8809e+11
2.8809e+11
2.8809e+11
2.8809e+11
2.8809e+11
2.8809e+11
2.8809e+11
2.8809e+11
2.78578e+11
2.78578e+11
2.78578e+11
2.78578e+11
2.78578e+11
2.78578e+11
2.78578e+11
2.78578e+11
2.78578e+11
2.76734e+11
2.76734e+11
2.76734e+11
2.76734e+11
2.76734e+11
2.76734e+11
2.76734e+11
2.76734e+11
2.76734e+11
2.76734e+11
2.76734e+11
2.76734e+11
2.76734e+11
2.76734e+11
2.76734e+11
2.76734e+11
2.76734e+11
2.76734e+11
2.76734e+11
2.76734e+11
