4.59218e+11
4.59218e+11
4.59218e+11
4.59218e+11
4.59218e+11
4.59218e+11
3.13218e+11
3.13207e+11
3.13207e+11
3.13207e+11
3.08267e+11
3.08254e+11
3.08254e+11
3.08254e+11
3.08254e+11
3.08254e+11
3.08254e+11
3.08254e+11
3.08253e+11
3.08253e+11
3.08253e+11
3.08253e+11
3.08253e+11
3.08253e+11
3.08253e+11
3.08253e+11
3.08253e+11
3.08253e+11
3.08253e+11
3.08253e+11
3.08253e+11
3.08253e+11
3.0719e+11
3.0719e+11
3.0719e+11
3.0719e+11
3.0719e+11
3.0719e+11
3.07183e+11
3.07183e+11
3.07177e+11
3.07177e+11
3.07177e+11
3.07177e+11
3.07177e+11
3.07177e+11
3.07177e+11
3.07177e+11
3.07177e+11
3.07177e+11
3.07177e+11
3.07177e+11
3.07177e+11
3.07177e+11
3.07177e+11
3.06791e+11
3.06791e+11
3.06791e+11
3.06791e+11
3.06791e+11
3.06791e+11
3.06789e+11
3.06789e+11
3.06789e+11
3.06789e+11
3.06789e+11
3.06789e+11
3.06789e+11
3.06789e+11
3.06789e+11
3.06789e+11
3.06789e+11
3.06789e+11
3.06789e+11
3.06789e+11
3.06789e+11
3.06789e+11
3.06789e+11
3.06789e+11
3.06789e+11
3.06789e+11
3.06789e+11
3.06789e+11
3.06789e+11
3.06789e+11
3.06789e+11
3.06789e+11
3.06789e+11
3.06789e+11
3.06789e+11
3.06789e+11
3.06789e+11
3.06789e+11
3.06789e+11
3.06789e+11
3.06789e+11
3.06789e+11
3.06789e+11
3.06789e+11
3.06789e+11
3.06789e+11
3.06789e+11
3.06789e+11
3.06789e+11
3.06789e+11
3.06789e+11
3.06789e+11
3.06789e+11
3.06789e+11
3.06789e+11
3.06789e+11
3.06789e+11
3.06789e+11
3.06789e+11
3.06789e+11
3.06789e+11
3.06789e+11
3.06789e+11
3.06789e+11
