4.59218e+11
4.59218e+11
4.59192e+11
4.59192e+11
3.10602e+11
3.10501e+11
3.1049e+11
3.1049e+11
3.1049e+11
3.1049e+11
3.1049e+11
3.1049e+11
3.1049e+11
3.1049e+11
3.08646e+11
3.08646e+11
3.08646e+11
3.08646e+11
2.98452e+11
2.98452e+11
2.98443e+11
2.98443e+11
2.98443e+11
2.98443e+11
2.98443e+11
2.98443e+11
2.98443e+11
2.98443e+11
2.98443e+11
1.64552e+11
1.64552e+11
1.64552e+11
1.64552e+11
1.64552e+11
1.64552e+11
1.55639e+11
1.55639e+11
1.55639e+11
1.55634e+11
1.55634e+11
1.55634e+11
1.55634e+11
1.55634e+11
1.55634e+11
1.55634e+11
1.55634e+11
1.55634e+11
1.55634e+11
1.5563e+11
1.5563e+11
1.5563e+11
1.5563e+11
1.5563e+11
1.5563e+11
1.5563e+11
1.5563e+11
1.5563e+11
1.5563e+11
1.5563e+11
1.5563e+11
1.5563e+11
1.5563e+11
1.5563e+11
1.5563e+11
1.5563e+11
1.5563e+11
1.5563e+11
1.5563e+11
1.5563e+11
1.5563e+11
1.5563e+11
1.5563e+11
1.5563e+11
1.5563e+11
1.5563e+11
1.5563e+11
1.5563e+11
1.5563e+11
1.5563e+11
1.5563e+11
1.5563e+11
1.5563e+11
1.5563e+11
1.5563e+11
1.5563e+11
1.5563e+11
1.5563e+11
1.5563e+11
1.5563e+11
1.5563e+11
1.5563e+11
1.5563e+11
1.5563e+11
1.5563e+11
1.5563e+11
1.5563e+11
1.5563e+11
1.5563e+11
1.5563e+11
1.5563e+11
1.5563e+11
1.5563e+11
1.5563e+11
1.5563e+11
1.5563e+11
1.5563e+11
1.5563e+11
1.5563e+11
1.5563e+11
1.5563e+11
1.5563e+11
1.5563e+11
1.5563e+11
1.5563e+11
1.5563e+11
1.5563e+11
1.5563e+11
1.5563e+11
1.5563e+11
