4.59218e+11
4.59218e+11
4.59218e+11
4.59218e+11
4.59218e+11
4.56596e+11
4.44475e+11
4.44475e+11
4.44475e+11
4.44475e+11
4.44475e+11
4.44475e+11
4.44475e+11
4.44475e+11
3.10584e+11
3.10584e+11
3.08287e+11
3.08287e+11
2.91477e+11
2.91477e+11
2.91477e+11
2.91477e+11
2.91477e+11
2.91477e+11
2.91477e+11
2.91477e+11
2.91477e+11
2.91477e+11
2.91477e+11
2.91477e+11
2.91477e+11
2.91477e+11
2.91477e+11
2.91477e+11
2.91477e+11
2.91477e+11
2.91477e+11
2.91477e+11
2.91477e+11
2.91477e+11
2.91475e+11
2.91475e+11
2.91475e+11
2.91475e+11
2.91475e+11
2.91475e+11
2.91475e+11
2.91475e+11
2.91475e+11
2.91475e+11
2.91475e+11
2.91475e+11
2.91475e+11
2.91475e+11
2.91475e+11
2.91475e+11
2.91475e+11
2.91475e+11
2.91475e+11
2.91475e+11
2.91475e+11
2.91475e+11
2.91475e+11
2.91475e+11
2.91475e+11
2.91475e+11
2.91475e+11
2.91475e+11
2.91475e+11
2.91475e+11
2.91475e+11
2.91475e+11
2.91475e+11
2.91475e+11
2.91475e+11
2.91475e+11
2.91475e+11
2.91475e+11
2.91475e+11
2.91475e+11
2.91475e+11
2.91475e+11
2.91475e+11
2.91475e+11
2.91475e+11
2.91475e+11
2.91475e+11
2.91475e+11
2.91475e+11
2.91475e+11
2.91475e+11
2.91475e+11
2.91475e+11
2.91475e+11
2.91475e+11
2.91475e+11
2.91475e+11
2.91475e+11
2.91475e+11
2.91475e+11
2.91475e+11
2.91475e+11
2.91475e+11
2.91475e+11
2.91475e+11
2.91475e+11
2.91475e+11
2.91475e+11
2.91475e+11
2.91475e+11
2.91475e+11
2.91475e+11
2.91475e+11
2.91475e+11
2.91475e+11
2.91475e+11
2.91475e+11
2.91475e+11
2.91475e+11
