4.59218e+11
4.59208e+11
4.59208e+11
4.59208e+11
4.59208e+11
4.59208e+11
4.59206e+11
3.13209e+11
3.13195e+11
3.13195e+11
3.13195e+11
3.13195e+11
3.13195e+11
3.13195e+11
3.13195e+11
3.13195e+11
3.08245e+11
3.08244e+11
3.08244e+11
3.08244e+11
3.08244e+11
3.08244e+11
3.08244e+11
3.08244e+11
3.08244e+11
3.08244e+11
3.08244e+11
3.08244e+11
3.08244e+11
3.08244e+11
3.08244e+11
3.08244e+11
3.08244e+11
3.08244e+11
3.08244e+11
3.08244e+11
3.08244e+11
3.08244e+11
3.08244e+11
3.08238e+11
3.08238e+11
3.08238e+11
3.08238e+11
3.08238e+11
3.08238e+11
3.08238e+11
3.08238e+11
3.08238e+11
3.08238e+11
3.08238e+11
3.08238e+11
3.08238e+11
3.08238e+11
3.08238e+11
3.08238e+11
3.08238e+11
3.08238e+11
3.08238e+11
2.98645e+11
2.98645e+11
2.98645e+11
2.98645e+11
2.98645e+11
2.98645e+11
2.98645e+11
2.98645e+11
2.98645e+11
2.82486e+11
2.82486e+11
2.82486e+11
2.82486e+11
2.82486e+11
2.82486e+11
2.82486e+11
2.82486e+11
2.82486e+11
2.82486e+11
2.82486e+11
2.82475e+11
2.82475e+11
2.82475e+11
2.82475e+11
2.82475e+11
2.82475e+11
2.82475e+11
2.82475e+11
2.82475e+11
2.82475e+11
2.82475e+11
2.82475e+11
2.82475e+11
2.82475e+11
2.82475e+11
2.82475e+11
2.82475e+11
2.82475e+11
2.82475e+11
2.82475e+11
2.82475e+11
2.82475e+11
2.82475e+11
2.82475e+11
2.82475e+11
2.82475e+11
2.82475e+11
2.82475e+11
2.82475e+11
2.82475e+11
2.82475e+11
2.82475e+11
2.82475e+11
2.82475e+11
2.82475e+11
2.82475e+11
2.82475e+11
2.82475e+11
2.82475e+11
2.82475e+11
2.82475e+11
