4.59218e+11
3.13184e+11
3.13173e+11
3.01347e+11
3.01347e+11
3.01347e+11
3.01347e+11
2.96416e+11
2.96416e+11
2.96416e+11
2.96416e+11
2.96416e+11
2.96416e+11
2.96416e+11
2.96416e+11
2.96416e+11
2.96416e+11
2.96416e+11
2.96416e+11
2.96416e+11
2.96416e+11
2.96416e+11
2.96416e+11
2.96416e+11
2.96416e+11
2.96416e+11
2.96416e+11
2.96416e+11
2.96416e+11
2.96416e+11
2.96416e+11
2.96416e+11
2.96416e+11
2.96416e+11
2.96416e+11
2.96416e+11
2.96416e+11
2.96416e+11
2.96416e+11
2.96416e+11
2.96416e+11
2.96416e+11
2.96413e+11
2.96413e+11
2.96413e+11
2.96413e+11
2.96413e+11
2.96413e+11
2.96413e+11
2.96413e+11
2.96413e+11
2.96413e+11
2.96413e+11
2.96413e+11
2.96413e+11
2.96413e+11
2.96413e+11
2.96413e+11
2.96413e+11
2.96413e+11
2.96413e+11
2.96413e+11
2.96413e+11
2.96413e+11
2.96413e+11
2.9526e+11
2.9526e+11
2.9526e+11
2.9526e+11
2.9526e+11
2.9526e+11
2.9526e+11
2.9526e+11
2.9526e+11
2.9526e+11
2.9526e+11
2.9526e+11
2.9526e+11
2.9526e+11
2.9526e+11
2.9526e+11
2.9526e+11
2.9526e+11
2.9526e+11
2.9526e+11
2.9526e+11
2.9526e+11
2.9526e+11
2.9526e+11
2.9526e+11
2.9526e+11
2.9526e+11
2.9526e+11
2.9526e+11
2.9526e+11
2.9526e+11
2.9526e+11
2.9526e+11
2.9526e+11
2.9526e+11
2.9526e+11
2.9526e+11
2.9526e+11
2.9526e+11
2.9526e+11
2.9526e+11
2.9526e+11
2.9526e+11
2.9526e+11
2.9526e+11
2.9526e+11
2.9526e+11
2.9526e+11
2.9526e+11
2.9526e+11
2.9526e+11
2.9526e+11
2.9526e+11
