4.59218e+11
4.59216e+11
4.59216e+11
4.4642e+11
4.44472e+11
4.44472e+11
4.44472e+11
4.44472e+11
4.44472e+11
4.44472e+11
4.44472e+11
3.97092e+11
2.95462e+11
2.95462e+11
2.95462e+11
2.95462e+11
2.95461e+11
2.95461e+11
2.95461e+11
2.95461e+11
2.95461e+11
2.94398e+11
2.94398e+11
2.94398e+11
2.94398e+11
2.94398e+11
2.94398e+11
2.94398e+11
2.94398e+11
2.94398e+11
2.94398e+11
2.94398e+11
2.94394e+11
2.94394e+11
2.94391e+11
2.94391e+11
2.94391e+11
2.94391e+11
2.94391e+11
2.94391e+11
2.94391e+11
2.94391e+11
2.94391e+11
2.94391e+11
2.94391e+11
2.94391e+11
2.94391e+11
2.94391e+11
2.94391e+11
2.94391e+11
2.94391e+11
2.84836e+11
2.84836e+11
2.84836e+11
2.84836e+11
2.84836e+11
2.84836e+11
2.84836e+11
2.84836e+11
2.8476e+11
2.8476e+11
2.8476e+11
2.8476e+11
2.8476e+11
2.8476e+11
2.8476e+11
2.8476e+11
2.8476e+11
2.8476e+11
2.8476e+11
2.8476e+11
2.8476e+11
2.8476e+11
2.8476e+11
2.8476e+11
2.8476e+11
2.8476e+11
2.8476e+11
2.8476e+11
2.8476e+11
2.8476e+11
2.8476e+11
2.8476e+11
2.8476e+11
2.8476e+11
2.8476e+11
2.8476e+11
2.8476e+11
2.8476e+11
2.8476e+11
2.8476e+11
2.8476e+11
2.8476e+11
2.8476e+11
2.8476e+11
2.8476e+11
2.8476e+11
2.8476e+11
2.8476e+11
2.8476e+11
2.8476e+11
2.8476e+11
2.8476e+11
2.8476e+11
2.8476e+11
2.8476e+11
2.8476e+11
2.8476e+11
2.8476e+11
2.8476e+11
2.8476e+11
2.8476e+11
2.8476e+11
2.8476e+11
2.8476e+11
2.8476e+11
2.8476e+11
2.8476e+11
2.8476e+11
