4.59218e+11
4.59218e+11
4.59194e+11
4.46409e+11
4.46409e+11
4.46409e+11
4.46409e+11
4.46409e+11
4.46407e+11
4.46407e+11
4.46407e+11
4.44494e+11
4.44487e+11
3.10596e+11
3.10596e+11
3.10596e+11
3.10596e+11
3.10596e+11
3.10596e+11
3.10596e+11
3.10596e+11
3.10596e+11
3.10596e+11
3.10589e+11
3.10589e+11
3.10589e+11
3.10589e+11
3.10589e+11
3.10589e+11
3.10589e+11
3.10589e+11
3.10589e+11
3.10589e+11
3.10589e+11
3.10589e+11
3.10589e+11
3.10589e+11
3.10589e+11
3.10589e+11
3.10589e+11
3.10589e+11
3.10589e+11
3.10589e+11
3.10589e+11
3.10589e+11
3.10589e+11
3.10589e+11
3.10589e+11
3.10589e+11
3.10589e+11
3.10589e+11
3.10589e+11
3.10589e+11
3.10589e+11
3.10589e+11
3.10589e+11
3.10589e+11
3.10589e+11
3.10589e+11
3.10589e+11
3.10589e+11
3.10589e+11
3.10589e+11
3.10589e+11
3.10589e+11
3.10589e+11
3.10589e+11
3.10589e+11
3.10589e+11
3.10589e+11
3.10589e+11
3.10589e+11
3.10589e+11
3.10589e+11
3.10589e+11
3.10589e+11
3.10589e+11
3.10589e+11
3.10589e+11
3.10589e+11
3.10589e+11
3.10589e+11
3.10589e+11
3.10589e+11
3.10589e+11
3.10589e+11
3.10589e+11
3.10589e+11
3.10589e+11
3.10589e+11
3.10589e+11
3.10589e+11
3.10589e+11
3.10589e+11
3.10583e+11
3.10583e+11
3.10583e+11
3.10583e+11
3.10583e+11
3.10583e+11
3.10583e+11
3.10583e+11
3.10583e+11
3.10583e+11
3.10583e+11
3.10583e+11
3.10583e+11
3.10583e+11
3.10583e+11
3.10583e+11
3.10583e+11
3.10583e+11
3.10583e+11
3.10583e+11
3.10583e+11
3.10583e+11
3.10583e+11
3.10583e+11
3.10583e+11
