4.59218e+11
4.59216e+11
4.59216e+11
4.4643e+11
4.4643e+11
4.46398e+11
4.46387e+11
4.46387e+11
4.46387e+11
4.46387e+11
4.46387e+11
4.46387e+11
4.46387e+11
4.44473e+11
4.44473e+11
4.44473e+11
4.44473e+11
4.44473e+11
4.44473e+11
4.44473e+11
4.44473e+11
4.44473e+11
4.44473e+11
4.44473e+11
4.44473e+11
4.44473e+11
4.44473e+11
4.44473e+11
4.44473e+11
4.44473e+11
4.44473e+11
4.44473e+11
4.43393e+11
4.43393e+11
4.43393e+11
4.43393e+11
4.43393e+11
4.43393e+11
4.43393e+11
4.43393e+11
4.43393e+11
4.43393e+11
4.43393e+11
3.09502e+11
3.09502e+11
3.09502e+11
3.09502e+11
3.09502e+11
3.09502e+11
3.09502e+11
3.09502e+11
3.09502e+11
3.09502e+11
3.095e+11
3.095e+11
3.095e+11
3.095e+11
3.095e+11
3.095e+11
3.095e+11
3.095e+11
3.095e+11
3.095e+11
3.095e+11
3.095e+11
3.095e+11
3.095e+11
3.095e+11
3.095e+11
3.095e+11
3.095e+11
3.095e+11
3.095e+11
3.095e+11
3.095e+11
3.095e+11
3.095e+11
3.095e+11
3.095e+11
3.095e+11
3.095e+11
3.095e+11
3.095e+11
3.095e+11
3.095e+11
3.095e+11
2.90393e+11
2.90393e+11
2.90393e+11
2.90393e+11
2.90393e+11
2.90393e+11
2.90393e+11
2.90393e+11
2.90393e+11
2.90393e+11
2.90393e+11
2.90393e+11
2.90393e+11
2.90393e+11
2.90393e+11
2.90393e+11
2.90393e+11
2.90393e+11
2.90393e+11
2.90393e+11
2.90393e+11
2.90393e+11
2.90393e+11
2.90393e+11
2.90393e+11
2.90393e+11
2.90393e+11
2.90393e+11
2.90393e+11
2.90393e+11
2.90393e+11
2.90393e+11
2.90393e+11
