4.59218e+11
4.59218e+11
4.59218e+11
4.46409e+11
4.46407e+11
4.46407e+11
4.44494e+11
4.44494e+11
3.10603e+11
3.10603e+11
3.10603e+11
3.10603e+11
3.10603e+11
3.10603e+11
3.10603e+11
3.10603e+11
3.10603e+11
3.10603e+11
3.10603e+11
3.10603e+11
3.10603e+11
3.10603e+11
3.10603e+11
3.10603e+11
3.10603e+11
3.10502e+11
3.10502e+11
3.10502e+11
3.10502e+11
3.10502e+11
3.10502e+11
3.10502e+11
3.10502e+11
3.10502e+11
3.10502e+11
3.10502e+11
3.10502e+11
3.10502e+11
3.10502e+11
3.10502e+11
3.10502e+11
3.10502e+11
3.10502e+11
3.10502e+11
3.10502e+11
3.10502e+11
3.10502e+11
3.10502e+11
3.10502e+11
3.10502e+11
3.10502e+11
3.10502e+11
3.10502e+11
3.10502e+11
3.10502e+11
3.10502e+11
3.10502e+11
3.10502e+11
3.10502e+11
3.10502e+11
3.10502e+11
3.10502e+11
3.10502e+11
3.10502e+11
3.10498e+11
3.10498e+11
3.10498e+11
3.10498e+11
3.10498e+11
3.10498e+11
3.10498e+11
3.10498e+11
3.10498e+11
3.10498e+11
3.10498e+11
3.10498e+11
3.10498e+11
3.10498e+11
1.76368e+11
1.76368e+11
1.76368e+11
1.76368e+11
1.76368e+11
1.76368e+11
1.76368e+11
1.76368e+11
1.76368e+11
1.74068e+11
1.74068e+11
1.71206e+11
1.71206e+11
1.71206e+11
1.71206e+11
1.71206e+11
1.71206e+11
1.71206e+11
1.71206e+11
1.61231e+11
1.61231e+11
1.60169e+11
1.60169e+11
1.60169e+11
1.60169e+11
1.60169e+11
1.60169e+11
1.60169e+11
1.60169e+11
1.60169e+11
1.60169e+11
1.60169e+11
1.60169e+11
1.50574e+11
1.50574e+11
1.50574e+11
1.50574e+11
1.50574e+11
1.50574e+11
1.50574e+11
1.50574e+11
