4.59218e+11
4.59208e+11
4.59208e+11
4.59208e+11
4.59194e+11
4.59194e+11
4.54257e+11
4.54257e+11
4.54257e+11
4.41472e+11
4.41472e+11
4.40409e+11
4.40404e+11
4.40404e+11
4.40404e+11
4.40403e+11
4.40403e+11
4.40401e+11
4.40401e+11
4.40401e+11
4.40401e+11
4.40401e+11
4.40401e+11
4.40401e+11
4.40401e+11
4.40401e+11
4.40401e+11
4.40401e+11
4.40401e+11
2.94404e+11
2.94404e+11
2.94404e+11
2.94404e+11
2.94404e+11
2.94404e+11
2.94404e+11
2.94404e+11
2.94404e+11
2.94404e+11
2.94404e+11
2.94404e+11
2.94404e+11
2.94404e+11
2.94404e+11
2.94404e+11
2.94404e+11
2.94404e+11
2.94404e+11
2.94404e+11
2.94404e+11
2.944e+11
2.944e+11
2.944e+11
2.944e+11
2.944e+11
2.944e+11
2.944e+11
2.94398e+11
2.94398e+11
2.94398e+11
2.94398e+11
2.94398e+11
2.94398e+11
2.94398e+11
2.94398e+11
2.94398e+11
2.94398e+11
2.94398e+11
2.94398e+11
2.94398e+11
2.94398e+11
2.94398e+11
2.94398e+11
2.94398e+11
2.94398e+11
2.94398e+11
2.94398e+11
2.94398e+11
2.94398e+11
2.94398e+11
2.94398e+11
2.94398e+11
2.94398e+11
2.94398e+11
2.94398e+11
2.94398e+11
2.94398e+11
2.94398e+11
2.94398e+11
2.94398e+11
2.94398e+11
2.94398e+11
2.94398e+11
2.94398e+11
2.94398e+11
2.94398e+11
2.94398e+11
2.94398e+11
2.94398e+11
2.94398e+11
2.94398e+11
2.94398e+11
2.94398e+11
2.94398e+11
2.94398e+11
2.94398e+11
2.94398e+11
2.94398e+11
2.94398e+11
2.94398e+11
2.94398e+11
2.94398e+11
2.94398e+11
2.94398e+11
2.94398e+11
2.94398e+11
2.94398e+11
2.94398e+11
2.94398e+11
