4.59218e+11
3.13218e+11
3.13195e+11
3.13195e+11
3.13195e+11
3.13195e+11
3.13195e+11
3.08256e+11
3.08256e+11
3.08256e+11
3.08256e+11
3.08256e+11
3.08256e+11
3.08256e+11
3.08256e+11
3.08256e+11
3.08256e+11
3.08254e+11
3.08254e+11
3.08254e+11
3.08254e+11
3.08254e+11
3.08254e+11
3.08254e+11
3.08254e+11
3.08254e+11
3.08254e+11
3.08254e+11
3.08254e+11
3.08188e+11
3.08188e+11
3.08188e+11
3.08188e+11
3.08188e+11
3.08188e+11
3.08188e+11
3.08188e+11
3.08188e+11
3.08188e+11
3.08188e+11
3.08188e+11
3.08188e+11
3.08188e+11
3.08188e+11
3.08188e+11
3.08188e+11
3.08188e+11
3.08188e+11
3.08188e+11
2.96387e+11
2.96387e+11
2.96387e+11
2.96387e+11
2.96387e+11
2.96387e+11
2.96387e+11
2.96387e+11
2.96387e+11
2.96387e+11
2.96387e+11
2.96387e+11
2.96387e+11
2.96387e+11
2.96387e+11
2.96387e+11
2.96387e+11
2.96387e+11
2.96387e+11
2.96387e+11
2.96387e+11
2.96387e+11
2.96387e+11
2.96387e+11
2.96387e+11
2.96387e+11
2.96387e+11
2.96387e+11
2.96387e+11
2.96387e+11
2.96387e+11
2.96387e+11
2.96387e+11
2.96387e+11
2.96387e+11
2.96387e+11
2.96387e+11
2.96387e+11
2.96387e+11
2.96387e+11
2.96387e+11
2.96387e+11
2.96387e+11
2.96387e+11
2.96387e+11
2.96387e+11
2.96387e+11
2.96387e+11
2.96387e+11
2.96387e+11
2.96387e+11
2.96387e+11
2.96387e+11
2.96387e+11
2.96387e+11
2.96387e+11
2.96387e+11
2.96387e+11
2.96387e+11
2.96387e+11
2.96387e+11
2.96387e+11
2.96387e+11
2.96385e+11
2.96385e+11
2.96385e+11
2.96385e+11
2.96385e+11
2.96385e+11
2.96385e+11
