4.59218e+11
4.59208e+11
4.57282e+11
3.10593e+11
3.10593e+11
3.10593e+11
3.10593e+11
3.083e+11
2.91478e+11
2.91478e+11
2.91476e+11
2.91476e+11
2.91476e+11
2.91476e+11
2.91476e+11
2.91476e+11
2.91476e+11
2.91476e+11
2.91476e+11
2.91476e+11
2.91476e+11
2.91476e+11
2.91476e+11
2.91476e+11
2.91476e+11
2.91473e+11
2.91473e+11
2.91473e+11
2.91473e+11
2.91473e+11
2.91473e+11
2.91473e+11
2.91473e+11
2.91473e+11
2.91473e+11
2.91473e+11
2.91473e+11
2.91473e+11
2.91473e+11
2.91473e+11
2.91473e+11
2.91473e+11
2.91473e+11
2.91473e+11
2.91473e+11
2.91473e+11
2.91473e+11
2.91473e+11
2.91473e+11
2.91473e+11
2.91473e+11
2.91473e+11
2.91473e+11
2.91473e+11
2.91473e+11
2.91473e+11
2.91473e+11
2.91473e+11
2.91473e+11
2.91473e+11
2.91473e+11
2.91473e+11
2.91473e+11
2.91473e+11
2.91473e+11
2.91473e+11
2.91473e+11
2.91473e+11
2.91473e+11
2.91473e+11
2.91473e+11
2.91473e+11
2.91473e+11
2.91473e+11
2.91473e+11
2.91473e+11
2.91473e+11
2.91473e+11
2.91473e+11
2.91473e+11
2.91469e+11
2.91469e+11
2.91469e+11
2.91469e+11
2.91469e+11
2.91469e+11
2.91469e+11
2.91469e+11
2.91469e+11
2.91469e+11
2.91469e+11
2.91469e+11
2.91469e+11
2.91469e+11
2.91469e+11
2.91469e+11
2.91469e+11
2.91469e+11
2.91469e+11
2.91469e+11
2.91469e+11
2.91469e+11
2.91469e+11
2.91469e+11
2.91469e+11
2.91469e+11
2.91469e+11
2.91469e+11
2.91469e+11
2.91469e+11
2.91469e+11
2.91469e+11
2.91469e+11
2.91469e+11
2.91469e+11
2.91469e+11
2.91469e+11
2.91469e+11
2.91469e+11
