4.59218e+11
4.4639e+11
4.4639e+11
4.4639e+11
4.4639e+11
3.0039e+11
3.0039e+11
3.0039e+11
3.0039e+11
3.00388e+11
3.00388e+11
3.00287e+11
3.00287e+11
3.00283e+11
3.00283e+11
3.00283e+11
3.00283e+11
3.00283e+11
3.00283e+11
3.00283e+11
3.00283e+11
3.00283e+11
3.00283e+11
3.00283e+11
2.90771e+11
2.90771e+11
2.90771e+11
2.90771e+11
2.90771e+11
2.90771e+11
2.90771e+11
2.90771e+11
2.90771e+11
2.90771e+11
2.90771e+11
2.90771e+11
2.90771e+11
2.90771e+11
2.90771e+11
2.90771e+11
2.90771e+11
2.90771e+11
2.90771e+11
2.90771e+11
2.85845e+11
2.85845e+11
2.85845e+11
2.85845e+11
2.85845e+11
2.85845e+11
2.85845e+11
2.85845e+11
2.85845e+11
2.85845e+11
2.8584e+11
2.8584e+11
2.8584e+11
2.8584e+11
2.8584e+11
2.8584e+11
2.8584e+11
2.8584e+11
2.8584e+11
2.8584e+11
2.8584e+11
2.8584e+11
2.8584e+11
2.8584e+11
2.8584e+11
2.8584e+11
2.8584e+11
2.8584e+11
2.8584e+11
2.8584e+11
2.8584e+11
2.8584e+11
2.8584e+11
2.8584e+11
2.8584e+11
2.8584e+11
2.8584e+11
2.8584e+11
2.8584e+11
2.8584e+11
2.8584e+11
2.8584e+11
2.8584e+11
2.8584e+11
2.8584e+11
2.8584e+11
2.8584e+11
2.8584e+11
2.8584e+11
2.8584e+11
2.8584e+11
2.8584e+11
2.8584e+11
2.8584e+11
2.8584e+11
2.8584e+11
2.8584e+11
2.8584e+11
2.8584e+11
2.8584e+11
2.8584e+11
2.8584e+11
2.8584e+11
2.8584e+11
2.8584e+11
2.8584e+11
2.8584e+11
2.8584e+11
2.8584e+11
2.8584e+11
2.8584e+11
2.8584e+11
2.8584e+11
2.8584e+11
