4.59218e+11
4.59218e+11
4.4643e+11
4.46421e+11
4.46421e+11
4.46407e+11
4.46407e+11
3.00405e+11
3.00405e+11
3.00405e+11
3.00405e+11
3.00405e+11
3.00405e+11
3.00405e+11
3.00405e+11
3.00405e+11
3.00405e+11
3.00405e+11
3.00405e+11
3.00405e+11
3.00405e+11
3.00405e+11
3.00405e+11
3.00405e+11
3.00388e+11
3.00388e+11
3.00388e+11
3.00388e+11
3.00388e+11
3.00388e+11
3.00388e+11
3.00388e+11
2.95462e+11
2.95462e+11
2.95462e+11
2.95462e+11
2.95462e+11
2.95462e+11
2.95462e+11
2.95456e+11
2.95456e+11
2.95456e+11
2.95456e+11
2.95456e+11
2.95456e+11
2.95456e+11
2.95456e+11
2.95456e+11
2.95456e+11
2.95456e+11
2.95456e+11
2.95456e+11
2.95456e+11
2.95456e+11
2.95456e+11
2.95456e+11
2.95456e+11
2.95456e+11
2.95456e+11
2.95456e+11
2.95456e+11
2.95456e+11
2.95456e+11
2.95456e+11
2.94405e+11
2.94405e+11
2.94405e+11
2.94405e+11
2.94405e+11
2.94405e+11
2.84852e+11
2.84852e+11
2.84852e+11
2.84852e+11
2.84852e+11
2.84852e+11
2.84852e+11
2.84852e+11
2.84852e+11
2.84852e+11
2.84852e+11
2.84852e+11
2.84852e+11
2.84852e+11
2.84852e+11
2.84852e+11
2.84852e+11
2.84843e+11
2.84843e+11
2.84843e+11
2.84843e+11
2.84843e+11
2.84843e+11
2.84843e+11
2.84843e+11
2.84843e+11
2.84843e+11
2.84843e+11
2.84843e+11
2.84843e+11
2.84843e+11
2.84843e+11
2.84843e+11
2.84843e+11
2.84843e+11
2.84843e+11
2.84843e+11
2.84843e+11
2.84843e+11
2.84843e+11
2.8476e+11
2.8476e+11
2.8476e+11
2.8476e+11
2.8476e+11
2.8476e+11
2.8476e+11
2.8476e+11
