4.59218e+11
4.5427e+11
4.54257e+11
4.54256e+11
4.54256e+11
4.54256e+11
4.54252e+11
4.5425e+11
4.5425e+11
4.53198e+11
4.53198e+11
4.53198e+11
3.07195e+11
3.07192e+11
3.07192e+11
3.07192e+11
3.07189e+11
3.07189e+11
3.07189e+11
3.07189e+11
3.07189e+11
3.07189e+11
3.07189e+11
3.07189e+11
3.07189e+11
3.07189e+11
3.07189e+11
3.07189e+11
3.07189e+11
3.07189e+11
3.07189e+11
3.07189e+11
3.07189e+11
3.07189e+11
3.07189e+11
3.07189e+11
3.07189e+11
3.07189e+11
3.07189e+11
3.07189e+11
3.07189e+11
3.07189e+11
3.07189e+11
3.07189e+11
3.07189e+11
3.07189e+11
3.07189e+11
3.07189e+11
3.07189e+11
3.07189e+11
3.07189e+11
3.07189e+11
3.07189e+11
3.07189e+11
3.07189e+11
3.07189e+11
3.07189e+11
3.07189e+11
3.07189e+11
3.07189e+11
3.07189e+11
3.07189e+11
3.07189e+11
3.07189e+11
3.07189e+11
3.07189e+11
3.07189e+11
3.07189e+11
3.07189e+11
3.07189e+11
3.07189e+11
3.07189e+11
3.07189e+11
3.07189e+11
3.07189e+11
3.07189e+11
3.07189e+11
3.07189e+11
3.07189e+11
3.07189e+11
3.07189e+11
3.07189e+11
3.07189e+11
3.07189e+11
3.07189e+11
3.07189e+11
3.07189e+11
3.07189e+11
3.07189e+11
3.07189e+11
3.07189e+11
3.07189e+11
3.07189e+11
3.07189e+11
3.07189e+11
3.07189e+11
3.07189e+11
3.07189e+11
3.07189e+11
3.07189e+11
3.07189e+11
3.07189e+11
3.07189e+11
3.07189e+11
3.07189e+11
3.07189e+11
3.07189e+11
3.07189e+11
3.07189e+11
3.07189e+11
3.07189e+11
3.07189e+11
3.07189e+11
3.07189e+11
3.07189e+11
3.07189e+11
3.07189e+11
3.07189e+11
3.07189e+11
