4.59218e+11
4.57303e+11
3.13211e+11
3.13211e+11
3.13209e+11
3.13209e+11
3.13209e+11
3.13195e+11
3.13195e+11
3.08258e+11
3.08258e+11
3.08258e+11
3.08258e+11
3.08258e+11
3.08254e+11
3.08254e+11
3.08254e+11
3.08254e+11
3.08254e+11
3.08254e+11
3.08254e+11
3.08254e+11
3.08254e+11
3.08254e+11
3.08254e+11
2.89146e+11
2.89146e+11
2.89146e+11
2.88093e+11
2.88092e+11
2.88092e+11
2.88092e+11
2.88092e+11
2.88092e+11
2.88092e+11
2.88092e+11
2.88092e+11
2.88092e+11
2.88092e+11
2.88092e+11
2.88092e+11
2.88092e+11
2.88092e+11
2.88092e+11
2.88092e+11
2.88092e+11
2.88092e+11
2.88092e+11
2.88092e+11
2.88089e+11
2.88089e+11
2.88089e+11
2.88089e+11
2.88089e+11
2.88089e+11
2.88089e+11
2.88089e+11
2.88089e+11
2.88089e+11
2.88089e+11
2.88089e+11
2.88089e+11
2.88089e+11
2.88089e+11
2.88089e+11
2.88089e+11
2.88089e+11
2.88089e+11
2.88089e+11
2.88089e+11
2.88089e+11
2.88089e+11
2.88089e+11
2.88089e+11
2.88089e+11
2.88089e+11
2.88089e+11
2.88089e+11
2.88089e+11
2.88089e+11
2.88089e+11
2.88089e+11
2.88089e+11
2.88089e+11
2.88089e+11
2.88089e+11
2.88089e+11
2.88089e+11
2.88089e+11
2.88089e+11
2.88089e+11
2.83978e+11
2.83978e+11
2.83978e+11
2.83978e+11
2.83978e+11
2.83978e+11
2.83978e+11
2.83978e+11
2.83978e+11
2.83978e+11
2.83978e+11
2.83978e+11
2.83978e+11
2.83978e+11
2.83978e+11
2.83978e+11
2.83978e+11
2.83978e+11
2.83978e+11
2.83976e+11
2.83976e+11
2.83976e+11
2.83976e+11
2.83976e+11
2.83976e+11
2.83976e+11
2.83976e+11
2.83976e+11
