4.59218e+11
4.57303e+11
4.44487e+11
4.44487e+11
4.44475e+11
4.44475e+11
4.44475e+11
4.44475e+11
3.10583e+11
3.10583e+11
3.10581e+11
3.10581e+11
3.10581e+11
3.10581e+11
3.10581e+11
3.10581e+11
3.10581e+11
3.10581e+11
3.10581e+11
3.10581e+11
3.10581e+11
3.10581e+11
3.10581e+11
3.10581e+11
3.10581e+11
3.10581e+11
3.10581e+11
3.10581e+11
3.10581e+11
3.10581e+11
3.10581e+11
3.10581e+11
3.10581e+11
3.10581e+11
3.10581e+11
3.10581e+11
3.10581e+11
3.10581e+11
3.10581e+11
3.10581e+11
3.10581e+11
3.10581e+11
3.10581e+11
3.00387e+11
3.00387e+11
3.00387e+11
3.00387e+11
2.95461e+11
2.95461e+11
2.95461e+11
2.95461e+11
2.95461e+11
2.95461e+11
2.95461e+11
2.95461e+11
2.95461e+11
2.95461e+11
2.95461e+11
2.95461e+11
2.95461e+11
2.95461e+11
2.95461e+11
2.95461e+11
2.95461e+11
2.95461e+11
2.95456e+11
2.95456e+11
2.95456e+11
2.95456e+11
2.95456e+11
2.94405e+11
2.94405e+11
2.94405e+11
2.94405e+11
2.94405e+11
2.94405e+11
2.94405e+11
2.94405e+11
2.94405e+11
2.94405e+11
2.94405e+11
2.94405e+11
2.94405e+11
2.94405e+11
2.94405e+11
2.94405e+11
2.94405e+11
2.94405e+11
2.94405e+11
2.94405e+11
2.94405e+11
2.94405e+11
2.94405e+11
2.94405e+11
2.94405e+11
2.94405e+11
2.94405e+11
2.94405e+11
2.94405e+11
2.94405e+11
2.94405e+11
2.94405e+11
2.94405e+11
2.94405e+11
2.94405e+11
2.94405e+11
2.94404e+11
2.94395e+11
2.94395e+11
2.94395e+11
2.94395e+11
2.94395e+11
2.94395e+11
2.94395e+11
2.94395e+11
2.94395e+11
2.94395e+11
2.94395e+11
