4.59218e+11
4.59216e+11
4.59205e+11
4.59205e+11
4.54257e+11
2.95475e+11
2.95475e+11
2.95468e+11
2.95468e+11
2.95468e+11
2.95468e+11
2.95456e+11
2.95456e+11
2.95456e+11
2.95456e+11
2.95456e+11
2.95456e+11
2.95456e+11
2.95456e+11
2.95456e+11
2.95456e+11
2.95456e+11
2.95456e+11
2.95456e+11
2.95456e+11
2.95456e+11
2.95456e+11
2.95456e+11
2.95456e+11
2.95456e+11
2.95456e+11
2.95456e+11
2.9545e+11
2.9545e+11
2.9545e+11
2.9545e+11
2.9545e+11
2.9545e+11
2.9545e+11
2.94399e+11
2.94399e+11
2.94399e+11
2.94399e+11
2.94399e+11
2.94399e+11
2.94393e+11
2.94393e+11
2.94393e+11
2.94393e+11
2.94393e+11
2.94393e+11
2.94393e+11
2.94393e+11
2.94393e+11
2.94393e+11
2.94393e+11
2.94393e+11
2.94389e+11
2.94389e+11
2.94389e+11
2.94389e+11
2.94389e+11
2.94389e+11
2.94389e+11
2.94389e+11
2.94389e+11
2.94389e+11
2.94389e+11
2.94389e+11
2.94389e+11
2.94389e+11
2.94389e+11
2.94389e+11
2.94389e+11
2.94389e+11
2.94389e+11
2.94389e+11
2.94389e+11
2.94389e+11
2.94389e+11
2.94389e+11
2.94389e+11
2.94389e+11
2.94389e+11
2.94389e+11
2.94389e+11
2.94389e+11
2.94389e+11
2.94389e+11
2.94389e+11
2.94389e+11
2.94389e+11
2.94389e+11
2.94389e+11
2.94389e+11
2.94389e+11
2.94389e+11
2.94389e+11
2.94389e+11
2.94389e+11
2.94389e+11
2.94389e+11
2.94389e+11
2.94389e+11
2.94389e+11
2.94389e+11
2.94389e+11
2.94389e+11
2.94389e+11
2.94389e+11
2.94389e+11
2.94389e+11
2.94389e+11
2.94389e+11
2.94389e+11
2.94389e+11
2.94389e+11
2.94389e+11
