4.59218e+11
4.59205e+11
3.13209e+11
3.13209e+11
3.13209e+11
3.13209e+11
3.13209e+11
3.13209e+11
3.13209e+11
3.13209e+11
3.13209e+11
3.13209e+11
3.13209e+11
3.13209e+11
3.13209e+11
3.08259e+11
3.08259e+11
3.08259e+11
3.08259e+11
3.08259e+11
3.08259e+11
3.08259e+11
3.08254e+11
3.08254e+11
3.08254e+11
3.08254e+11
3.08254e+11
3.08254e+11
3.08254e+11
3.08254e+11
3.08254e+11
3.08254e+11
3.08254e+11
3.08254e+11
3.08254e+11
3.08254e+11
3.08254e+11
3.08254e+11
3.08254e+11
3.08254e+11
3.08254e+11
3.08254e+11
3.08254e+11
3.08254e+11
3.08254e+11
3.08254e+11
3.08254e+11
3.08254e+11
3.08254e+11
3.08254e+11
3.08254e+11
3.08254e+11
3.08254e+11
3.08254e+11
3.08254e+11
3.08254e+11
3.08254e+11
3.08254e+11
3.08254e+11
3.08254e+11
3.08254e+11
3.08254e+11
3.08254e+11
3.08254e+11
3.08254e+11
3.08254e+11
3.08254e+11
3.08254e+11
3.08254e+11
3.08254e+11
3.08254e+11
3.08254e+11
3.08254e+11
3.08254e+11
3.08254e+11
3.08254e+11
3.08254e+11
3.08254e+11
3.08254e+11
3.08254e+11
3.08254e+11
3.08254e+11
3.08254e+11
3.08254e+11
3.08254e+11
3.08254e+11
3.08254e+11
3.08254e+11
3.08254e+11
3.08254e+11
3.08254e+11
3.08254e+11
3.08254e+11
3.08254e+11
3.08254e+11
3.08254e+11
3.08254e+11
3.08254e+11
3.08254e+11
3.08254e+11
3.08254e+11
3.08254e+11
3.08254e+11
3.08254e+11
3.08254e+11
3.08254e+11
3.08254e+11
3.08254e+11
3.08254e+11
3.08254e+11
3.08254e+11
3.08254e+11
3.08254e+11
3.08254e+11
3.08254e+11
3.08254e+11
3.08254e+11
3.08254e+11
3.08254e+11
