4.59218e+11
4.59218e+11
4.59218e+11
4.47103e+11
4.47103e+11
4.47103e+11
4.42153e+11
4.42153e+11
4.42139e+11
4.42139e+11
4.42139e+11
4.42139e+11
4.42139e+11
3.08247e+11
3.08247e+11
3.08247e+11
3.08247e+11
3.08247e+11
3.08247e+11
3.08247e+11
3.08247e+11
3.08247e+11
3.08245e+11
3.08245e+11
3.08245e+11
3.08245e+11
3.08239e+11
3.08239e+11
3.08239e+11
3.08239e+11
3.07187e+11
3.07187e+11
3.07187e+11
3.07187e+11
3.07187e+11
3.07187e+11
3.07187e+11
3.07187e+11
3.07187e+11
3.07187e+11
3.07185e+11
3.07185e+11
3.07181e+11
3.07181e+11
3.07181e+11
3.07181e+11
3.07181e+11
3.07181e+11
3.07181e+11
3.07181e+11
3.07181e+11
3.07181e+11
3.07181e+11
3.07181e+11
3.07181e+11
3.07181e+11
3.07181e+11
3.07181e+11
3.07181e+11
3.07181e+11
3.07181e+11
3.07181e+11
3.07181e+11
3.07181e+11
3.07181e+11
3.07181e+11
3.07181e+11
3.07181e+11
3.07181e+11
3.07181e+11
3.07181e+11
3.07181e+11
3.07181e+11
3.07181e+11
3.07181e+11
3.07181e+11
3.07181e+11
3.07181e+11
3.07181e+11
3.07181e+11
3.07181e+11
3.07181e+11
3.07181e+11
3.07181e+11
3.07181e+11
3.07181e+11
3.07181e+11
3.07181e+11
3.07181e+11
3.07181e+11
3.07181e+11
3.07181e+11
3.07181e+11
3.07181e+11
3.07181e+11
3.07181e+11
3.07179e+11
3.07179e+11
3.07179e+11
3.07179e+11
3.07179e+11
3.07179e+11
3.07179e+11
3.07179e+11
3.07179e+11
3.07179e+11
3.07179e+11
3.07179e+11
3.07179e+11
3.07179e+11
3.07167e+11
3.07167e+11
3.07167e+11
3.07167e+11
3.07167e+11
3.07167e+11
3.07167e+11
3.07167e+11
3.07167e+11
