1.28545e+12
1.28541e+12
1.28541e+12
1.28541e+12
1.26451e+12
1.26451e+12
1.26448e+12
1.26448e+12
1.26448e+12
1.26448e+12
1.26448e+12
1.26448e+12
1.26448e+12
1.25592e+12
1.25592e+12
1.25592e+12
1.25592e+12
1.25592e+12
1.25592e+12
1.25592e+12
1.25592e+12
1.25592e+12
1.25592e+12
1.25592e+12
1.25592e+12
1.25592e+12
1.25592e+12
1.25592e+12
1.25592e+12
1.25592e+12
1.25592e+12
1.25592e+12
1.25592e+12
1.25592e+12
1.25592e+12
1.25592e+12
1.25592e+12
1.25592e+12
1.25592e+12
1.25592e+12
1.25592e+12
1.25592e+12
1.25592e+12
1.25592e+12
1.25592e+12
1.25592e+12
1.25592e+12
1.25592e+12
1.25592e+12
1.25592e+12
1.25592e+12
1.25592e+12
1.25592e+12
1.25592e+12
1.25592e+12
1.25592e+12
1.25592e+12
1.25592e+12
1.25592e+12
1.25592e+12
1.25592e+12
1.25592e+12
1.25592e+12
1.25592e+12
1.25592e+12
1.25592e+12
1.25592e+12
1.25592e+12
1.25592e+12
1.25592e+12
1.25592e+12
1.25592e+12
1.25592e+12
1.25592e+12
1.25592e+12
1.25592e+12
1.25592e+12
1.25592e+12
1.25592e+12
1.25592e+12
1.25592e+12
1.25592e+12
1.25592e+12
1.25592e+12
1.25592e+12
1.25592e+12
1.25592e+12
1.25592e+12
1.25592e+12
1.25592e+12
1.25592e+12
1.25592e+12
1.25592e+12
1.25592e+12
1.25592e+12
1.25592e+12
1.25592e+12
1.25592e+12
1.25592e+12
1.25592e+12
1.25592e+12
1.25592e+12
1.25592e+12
1.25592e+12
1.25592e+12
1.25592e+12
1.25592e+12
1.25592e+12
1.25592e+12
1.25592e+12
1.25592e+12
1.25592e+12
1.25592e+12
1.25592e+12
1.25592e+12
1.25592e+12
1.25592e+12
1.25592e+12
1.25592e+12
1.25592e+12
1.25592e+12
1.25592e+12
1.25592e+12
1.25592e+12
1.25592e+12
1.25592e+12
1.25592e+12
1.25592e+12
1.25592e+12
1.25592e+12
1.25592e+12
1.25592e+12
1.25592e+12
1.25592e+12
1.25592e+12
1.25592e+12
1.25592e+12
1.25592e+12
1.25592e+12
1.25592e+12
1.25592e+12
1.25592e+12
1.25592e+12
1.25592e+12
1.25592e+12
1.25592e+12
1.25592e+12
1.25592e+12
1.25592e+12
1.25592e+12
1.25592e+12
1.25592e+12
1.25592e+12
1.25592e+12
1.25592e+12
1.25592e+12
1.25592e+12
1.25592e+12
1.25592e+12
1.25592e+12
1.25592e+12
1.25592e+12
1.25592e+12
1.25592e+12
1.25592e+12
1.25592e+12
1.25592e+12
1.25592e+12
1.25592e+12
1.25592e+12
1.25592e+12
1.25592e+12
1.25592e+12
