1.28545e+12
1.28545e+12
1.28543e+12
1.28543e+12
1.28543e+12
1.28543e+12
1.28543e+12
1.28543e+12
1.28154e+12
1.28154e+12
1.28154e+12
1.28154e+12
1.28154e+12
1.28154e+12
1.28154e+12
1.28154e+12
1.28154e+12
1.28154e+12
1.28154e+12
1.28154e+12
1.28154e+12
1.28154e+12
1.28154e+12
1.28154e+12
1.27298e+12
1.27298e+12
1.27298e+12
1.27297e+12
1.27297e+12
1.27295e+12
1.27295e+12
1.27295e+12
1.27295e+12
1.27295e+12
1.27295e+12
1.27295e+12
1.27295e+12
1.27294e+12
1.27294e+12
1.27294e+12
1.27294e+12
1.27294e+12
1.27294e+12
1.27294e+12
1.27294e+12
1.27294e+12
1.27294e+12
1.2504e+12
1.2504e+12
1.2504e+12
1.2504e+12
1.2504e+12
1.2504e+12
1.2504e+12
1.2504e+12
1.2504e+12
1.2504e+12
1.2504e+12
1.2504e+12
1.2504e+12
1.2504e+12
1.2504e+12
1.2504e+12
1.2504e+12
1.2504e+12
1.2504e+12
1.2504e+12
1.2504e+12
1.2504e+12
1.2504e+12
1.2504e+12
1.2504e+12
1.2504e+12
1.2504e+12
1.2504e+12
1.24802e+12
1.24802e+12
1.24802e+12
1.24802e+12
1.24802e+12
1.24802e+12
1.24802e+12
1.24802e+12
1.24802e+12
1.24802e+12
1.24802e+12
1.24802e+12
1.24801e+12
1.24616e+12
1.24616e+12
1.24609e+12
1.24609e+12
1.24609e+12
1.24609e+12
1.24609e+12
1.24609e+12
1.24609e+12
1.24609e+12
1.24609e+12
1.24609e+12
1.24609e+12
1.24609e+12
1.24609e+12
1.24609e+12
1.24609e+12
1.24609e+12
1.24609e+12
1.24609e+12
1.24609e+12
1.24609e+12
1.24609e+12
1.24609e+12
1.24609e+12
1.24609e+12
1.24609e+12
1.24609e+12
1.24609e+12
1.24609e+12
1.24609e+12
1.24609e+12
1.24609e+12
1.24609e+12
1.24609e+12
1.24609e+12
1.24609e+12
1.24609e+12
1.24609e+12
1.24609e+12
1.24609e+12
1.24609e+12
1.24609e+12
1.24609e+12
1.24609e+12
1.24609e+12
1.24609e+12
1.24609e+12
1.24609e+12
1.24609e+12
1.24609e+12
1.24609e+12
1.24609e+12
1.24609e+12
1.24609e+12
1.24609e+12
1.24609e+12
1.24609e+12
1.24609e+12
1.24609e+12
1.24609e+12
1.24609e+12
1.24609e+12
1.24609e+12
1.24609e+12
1.24609e+12
1.24609e+12
1.24609e+12
1.24609e+12
1.24609e+12
1.24609e+12
1.24609e+12
1.24609e+12
1.24609e+12
1.24609e+12
1.24609e+12
1.24609e+12
1.24609e+12
1.24609e+12
1.24609e+12
1.24609e+12
1.24609e+12
1.24609e+12
1.24609e+12
