1.28545e+12
1.28545e+12
1.28545e+12
1.28545e+12
1.26449e+12
1.26446e+12
1.26446e+12
1.26446e+12
1.26446e+12
1.26446e+12
1.26446e+12
1.26446e+12
1.26446e+12
1.26446e+12
1.26446e+12
1.26446e+12
1.2559e+12
1.25589e+12
1.25589e+12
1.25589e+12
1.25589e+12
1.25589e+12
1.25589e+12
1.25589e+12
1.25589e+12
1.25589e+12
1.25589e+12
1.25589e+12
1.25589e+12
1.25588e+12
1.25588e+12
1.25588e+12
1.25584e+12
1.25584e+12
1.25584e+12
1.25584e+12
1.25584e+12
1.25584e+12
1.25584e+12
1.25584e+12
1.25584e+12
1.25584e+12
1.25584e+12
1.25584e+12
1.25584e+12
1.25584e+12
1.25584e+12
1.25584e+12
1.25584e+12
1.25584e+12
1.25584e+12
1.25584e+12
1.25584e+12
1.25584e+12
1.25584e+12
1.25584e+12
1.25584e+12
1.25584e+12
1.25584e+12
1.25584e+12
1.25422e+12
1.25422e+12
1.25422e+12
1.25422e+12
1.25422e+12
1.25422e+12
1.25422e+12
1.25422e+12
1.25179e+12
1.25179e+12
1.25179e+12
1.25177e+12
1.25177e+12
1.25177e+12
1.25177e+12
1.25177e+12
1.25177e+12
1.25177e+12
1.25177e+12
1.25177e+12
1.25177e+12
1.25177e+12
1.25177e+12
1.25177e+12
1.25177e+12
1.25177e+12
1.25177e+12
1.25177e+12
1.25177e+12
1.25177e+12
1.25177e+12
1.25177e+12
1.25177e+12
1.25177e+12
1.25177e+12
1.25177e+12
1.25177e+12
1.25177e+12
1.25177e+12
1.25177e+12
1.25177e+12
1.25177e+12
1.25177e+12
1.25177e+12
1.25177e+12
1.25177e+12
1.25177e+12
1.25177e+12
1.25177e+12
1.25177e+12
1.25177e+12
1.25177e+12
1.25177e+12
1.25177e+12
1.25177e+12
1.25177e+12
1.25177e+12
1.25177e+12
1.25177e+12
1.25177e+12
1.25177e+12
1.25177e+12
1.25177e+12
1.25177e+12
1.25177e+12
1.25177e+12
1.25177e+12
1.25177e+12
1.25177e+12
1.25177e+12
1.25177e+12
1.25177e+12
1.25177e+12
1.25177e+12
1.25177e+12
1.25177e+12
1.25177e+12
1.25177e+12
1.25177e+12
1.25177e+12
1.25177e+12
1.25177e+12
1.25177e+12
1.25177e+12
1.25177e+12
1.25177e+12
1.25177e+12
1.25177e+12
1.25177e+12
1.25177e+12
1.25177e+12
1.25177e+12
1.25177e+12
1.25177e+12
1.25177e+12
1.25177e+12
1.25177e+12
1.25177e+12
1.25177e+12
1.25177e+12
1.25177e+12
1.25177e+12
1.25177e+12
1.25177e+12
1.25177e+12
1.25177e+12
1.25177e+12
1.25177e+12
