1.28545e+12
1.28545e+12
1.28545e+12
1.28541e+12
1.28541e+12
1.28541e+12
1.28541e+12
1.28541e+12
1.28541e+12
1.27686e+12
1.27686e+12
1.27686e+12
1.27686e+12
1.27686e+12
1.27686e+12
1.27685e+12
1.27685e+12
1.27685e+12
1.27685e+12
1.27685e+12
1.27685e+12
1.27685e+12
1.27685e+12
1.27685e+12
1.27685e+12
1.27685e+12
1.27685e+12
1.27685e+12
1.27685e+12
1.27685e+12
1.27685e+12
1.27685e+12
1.27685e+12
1.27685e+12
1.27685e+12
1.27685e+12
1.27685e+12
1.27685e+12
1.27685e+12
1.27685e+12
1.27685e+12
1.27685e+12
1.27685e+12
1.27685e+12
1.27685e+12
1.27685e+12
1.27685e+12
1.2679e+12
1.25585e+12
1.25582e+12
1.25582e+12
1.25582e+12
1.25582e+12
1.25582e+12
1.25582e+12
1.25582e+12
1.25582e+12
1.25582e+12
1.25582e+12
1.25582e+12
1.25582e+12
1.25582e+12
1.25582e+12
1.25582e+12
1.25582e+12
1.25582e+12
1.25582e+12
1.25582e+12
1.25582e+12
1.25582e+12
1.25582e+12
1.25582e+12
1.25582e+12
1.25582e+12
1.25582e+12
1.25582e+12
1.25582e+12
1.25582e+12
1.25582e+12
1.25582e+12
1.25582e+12
1.25582e+12
1.25582e+12
1.25582e+12
1.25582e+12
1.25582e+12
1.25582e+12
1.25582e+12
1.25582e+12
1.25582e+12
1.25582e+12
1.25582e+12
1.25582e+12
1.25582e+12
1.25582e+12
1.25582e+12
1.25582e+12
1.25582e+12
1.25582e+12
1.25582e+12
1.25582e+12
1.25582e+12
1.25582e+12
1.25582e+12
1.25582e+12
1.25582e+12
1.25582e+12
1.25582e+12
1.25582e+12
1.25582e+12
1.25582e+12
1.25582e+12
1.25582e+12
1.25582e+12
1.25582e+12
1.25582e+12
1.25582e+12
1.25582e+12
1.25582e+12
1.25582e+12
1.25582e+12
1.25582e+12
1.25582e+12
1.25582e+12
1.25582e+12
1.25582e+12
1.25582e+12
1.25582e+12
1.25582e+12
1.25582e+12
1.25582e+12
1.25582e+12
1.25582e+12
1.25582e+12
1.25582e+12
1.25582e+12
1.25582e+12
1.25582e+12
1.25582e+12
1.25582e+12
1.25582e+12
1.25582e+12
1.25582e+12
1.25582e+12
1.25582e+12
1.25582e+12
1.25582e+12
1.25582e+12
1.25582e+12
1.25582e+12
1.25582e+12
1.25582e+12
1.25582e+12
1.25582e+12
1.25582e+12
1.25582e+12
1.25582e+12
1.25582e+12
1.25582e+12
1.25582e+12
1.25582e+12
1.25582e+12
1.25582e+12
1.25582e+12
1.25582e+12
1.25582e+12
1.25582e+12
1.25582e+12
1.25582e+12
