1.28545e+12
1.28542e+12
1.28542e+12
1.28542e+12
1.28542e+12
1.28542e+12
1.28542e+12
1.28542e+12
1.28542e+12
1.28542e+12
1.28542e+12
1.2854e+12
1.2854e+12
1.28492e+12
1.28492e+12
1.28492e+12
1.28492e+12
1.27638e+12
1.27638e+12
1.27638e+12
1.27638e+12
1.27638e+12
1.27638e+12
1.27638e+12
1.27638e+12
1.27638e+12
1.25545e+12
1.25545e+12
1.25545e+12
1.25545e+12
1.25545e+12
1.25545e+12
1.25545e+12
1.25545e+12
1.25545e+12
1.25545e+12
1.25545e+12
1.25545e+12
1.25545e+12
1.25545e+12
1.25527e+12
1.25527e+12
1.25527e+12
1.25524e+12
1.25524e+12
1.25524e+12
1.25524e+12
1.25524e+12
1.25524e+12
1.25522e+12
1.25522e+12
1.25522e+12
1.25522e+12
1.25522e+12
1.25519e+12
1.25519e+12
1.25519e+12
1.25519e+12
1.25519e+12
1.25519e+12
1.25519e+12
1.25519e+12
1.25519e+12
1.25519e+12
1.25519e+12
1.25519e+12
1.25519e+12
1.25519e+12
1.25519e+12
1.25519e+12
1.25519e+12
1.25519e+12
1.25519e+12
1.25518e+12
1.25518e+12
1.25518e+12
1.25518e+12
1.25518e+12
1.25518e+12
1.25518e+12
1.25518e+12
1.25518e+12
1.25518e+12
1.25518e+12
1.25518e+12
1.25518e+12
1.25518e+12
1.25518e+12
1.25518e+12
1.25518e+12
1.25518e+12
1.25518e+12
1.25518e+12
1.25518e+12
1.25518e+12
1.25518e+12
1.25518e+12
1.25518e+12
1.25518e+12
1.25518e+12
1.25518e+12
1.25518e+12
1.25518e+12
1.25518e+12
1.25518e+12
1.25518e+12
1.25518e+12
1.25518e+12
1.25518e+12
1.25518e+12
1.25518e+12
1.25518e+12
1.25518e+12
1.25518e+12
1.25518e+12
1.25518e+12
1.25518e+12
1.25518e+12
1.23838e+12
1.23838e+12
1.23838e+12
1.23838e+12
1.23838e+12
1.23838e+12
1.23838e+12
1.23838e+12
1.23838e+12
1.23838e+12
1.23838e+12
1.23838e+12
1.23838e+12
1.23803e+12
1.23803e+12
1.23803e+12
1.23803e+12
1.23803e+12
1.23803e+12
1.23803e+12
1.23803e+12
1.23803e+12
1.23803e+12
1.23803e+12
1.23803e+12
1.23803e+12
1.23802e+12
1.23431e+12
1.23431e+12
1.23431e+12
1.23431e+12
1.23431e+12
1.23431e+12
1.23431e+12
1.23431e+12
1.23431e+12
1.23431e+12
1.23431e+12
1.23431e+12
1.23431e+12
1.23431e+12
1.23431e+12
1.23431e+12
1.23431e+12
1.23431e+12
1.23431e+12
1.23431e+12
1.23431e+12
1.23431e+12
1.23431e+12
