1.28545e+12
1.28545e+12
1.28545e+12
1.28545e+12
1.28545e+12
1.28545e+12
1.28545e+12
1.28545e+12
1.28545e+12
1.28545e+12
1.2854e+12
1.2854e+12
1.2854e+12
1.2854e+12
1.2854e+12
1.2854e+12
1.2854e+12
1.2854e+12
1.2854e+12
1.2854e+12
1.2854e+12
1.2854e+12
1.2854e+12
1.2854e+12
1.2854e+12
1.2854e+12
1.2854e+12
1.2854e+12
1.2854e+12
1.28539e+12
1.28539e+12
1.28539e+12
1.28539e+12
1.28539e+12
1.27683e+12
1.27683e+12
1.27683e+12
1.27683e+12
1.27683e+12
1.27683e+12
1.27683e+12
1.27683e+12
1.27683e+12
1.27683e+12
1.27683e+12
1.27683e+12
1.27683e+12
1.27683e+12
1.27683e+12
1.27683e+12
1.27683e+12
1.27683e+12
1.27683e+12
1.27683e+12
1.27683e+12
1.27683e+12
1.27683e+12
1.27683e+12
1.27683e+12
1.27683e+12
1.27683e+12
1.27683e+12
1.27683e+12
1.27683e+12
1.27683e+12
1.27683e+12
1.27683e+12
1.27683e+12
1.27683e+12
1.27683e+12
1.27683e+12
1.27683e+12
1.27683e+12
1.27683e+12
1.27683e+12
1.27683e+12
1.25747e+12
1.25747e+12
1.25747e+12
1.25747e+12
1.25747e+12
1.25747e+12
1.25747e+12
1.25747e+12
1.25747e+12
1.25747e+12
1.25747e+12
1.25747e+12
1.25747e+12
1.25747e+12
1.25747e+12
1.25747e+12
1.25747e+12
1.23651e+12
1.21397e+12
1.21396e+12
1.21396e+12
1.21396e+12
1.21396e+12
1.21395e+12
1.21395e+12
1.21395e+12
1.21395e+12
1.21395e+12
1.21395e+12
1.21395e+12
1.21395e+12
1.21395e+12
1.21395e+12
1.21395e+12
1.21395e+12
1.21395e+12
1.21395e+12
1.21395e+12
1.21395e+12
1.21395e+12
1.21395e+12
1.21395e+12
1.21395e+12
1.21395e+12
1.21395e+12
1.21395e+12
1.21395e+12
1.21395e+12
1.21395e+12
1.21395e+12
1.21395e+12
1.21395e+12
1.21395e+12
1.21395e+12
1.21395e+12
1.21395e+12
1.21395e+12
1.21395e+12
1.21395e+12
1.21395e+12
1.21395e+12
1.21395e+12
1.21395e+12
1.21395e+12
1.21395e+12
1.21395e+12
1.21395e+12
1.21395e+12
1.21395e+12
1.21395e+12
1.21395e+12
1.21395e+12
1.21395e+12
1.21395e+12
1.21395e+12
1.21395e+12
1.21395e+12
1.21395e+12
1.21395e+12
1.21395e+12
1.21395e+12
1.21395e+12
1.21395e+12
1.21395e+12
1.21395e+12
1.21395e+12
1.21395e+12
1.21395e+12
1.21395e+12
1.21395e+12
1.21395e+12
