1.28545e+12
1.28545e+12
1.28545e+12
1.27689e+12
1.27689e+12
1.27689e+12
1.27689e+12
1.27689e+12
1.27689e+12
1.27689e+12
1.27689e+12
1.27689e+12
1.27689e+12
1.27689e+12
1.27689e+12
1.27689e+12
1.27689e+12
1.27689e+12
1.27689e+12
1.27689e+12
1.27689e+12
1.27689e+12
1.27689e+12
1.27689e+12
1.27689e+12
1.27689e+12
1.27689e+12
1.27689e+12
1.27689e+12
1.27689e+12
1.27689e+12
1.27689e+12
1.27689e+12
1.27689e+12
1.27689e+12
1.27689e+12
1.27689e+12
1.27689e+12
1.27689e+12
1.27689e+12
1.27689e+12
1.27689e+12
1.27689e+12
1.27688e+12
1.27688e+12
1.27688e+12
1.27688e+12
1.27688e+12
1.27688e+12
1.27688e+12
1.27688e+12
1.27688e+12
1.27688e+12
1.27688e+12
1.27688e+12
1.27688e+12
1.27688e+12
1.27688e+12
1.27688e+12
1.27688e+12
1.27688e+12
1.27688e+12
1.27688e+12
1.27688e+12
1.27688e+12
1.27688e+12
1.27688e+12
1.27688e+12
1.27688e+12
1.27688e+12
1.27688e+12
1.27688e+12
1.27688e+12
1.27688e+12
1.27688e+12
1.27688e+12
1.27688e+12
1.27688e+12
1.27688e+12
1.27688e+12
1.27688e+12
1.27688e+12
1.27688e+12
1.27688e+12
1.27686e+12
1.27685e+12
1.27685e+12
1.27685e+12
1.27683e+12
1.27683e+12
1.27683e+12
1.27683e+12
1.27683e+12
1.27683e+12
1.27683e+12
1.27683e+12
1.27683e+12
1.27683e+12
1.27683e+12
1.27683e+12
1.27683e+12
1.27683e+12
1.27683e+12
1.27683e+12
1.27681e+12
1.27681e+12
1.25591e+12
1.25591e+12
1.25591e+12
1.2554e+12
1.2554e+12
1.2554e+12
1.2554e+12
1.2554e+12
1.2554e+12
1.2554e+12
1.2554e+12
1.2554e+12
1.2554e+12
1.2554e+12
1.2554e+12
1.2554e+12
1.2554e+12
1.2554e+12
1.2554e+12
1.2554e+12
1.2554e+12
1.2554e+12
1.25535e+12
1.25535e+12
1.25535e+12
1.25535e+12
1.25535e+12
1.25535e+12
1.25535e+12
1.25533e+12
1.25533e+12
1.25533e+12
1.25533e+12
1.25533e+12
1.25533e+12
1.25533e+12
1.25533e+12
1.25533e+12
1.25533e+12
1.25533e+12
1.25533e+12
1.25533e+12
1.25533e+12
1.25533e+12
1.25533e+12
1.25533e+12
1.25533e+12
1.25533e+12
1.25533e+12
1.25533e+12
1.25533e+12
1.25533e+12
1.25533e+12
1.25533e+12
1.25533e+12
1.25533e+12
1.25533e+12
1.25533e+12
1.25533e+12
1.25533e+12
1.25533e+12
