1.28545e+12
1.28545e+12
1.28545e+12
1.28545e+12
1.28545e+12
1.28545e+12
1.28545e+12
1.27687e+12
1.27687e+12
1.27685e+12
1.27685e+12
1.27685e+12
1.27685e+12
1.27684e+12
1.27684e+12
1.27684e+12
1.2768e+12
1.25589e+12
1.25588e+12
1.25588e+12
1.25588e+12
1.25588e+12
1.25588e+12
1.25588e+12
1.25588e+12
1.25588e+12
1.25588e+12
1.25588e+12
1.25588e+12
1.25588e+12
1.25588e+12
1.25588e+12
1.25588e+12
1.25588e+12
1.25588e+12
1.25588e+12
1.25588e+12
1.25588e+12
1.25588e+12
1.25588e+12
1.25588e+12
1.25588e+12
1.25588e+12
1.25588e+12
1.25583e+12
1.25583e+12
1.25583e+12
1.25583e+12
1.25583e+12
1.25583e+12
1.25583e+12
1.25582e+12
1.25582e+12
1.25582e+12
1.25582e+12
1.25582e+12
1.25582e+12
1.25582e+12
1.25582e+12
1.25582e+12
1.25582e+12
1.25582e+12
1.25582e+12
1.25582e+12
1.25582e+12
1.25582e+12
1.25582e+12
1.25582e+12
1.25582e+12
1.25582e+12
1.25582e+12
1.25582e+12
1.25582e+12
1.25582e+12
1.25582e+12
1.25582e+12
1.25582e+12
1.25582e+12
1.25582e+12
1.25582e+12
1.25582e+12
1.25582e+12
1.25582e+12
1.25582e+12
1.25582e+12
1.25582e+12
1.25582e+12
1.25582e+12
1.25582e+12
1.25582e+12
1.25582e+12
1.25582e+12
1.25582e+12
1.25582e+12
1.25582e+12
1.25582e+12
1.25582e+12
1.25582e+12
1.25582e+12
1.25582e+12
1.25582e+12
1.25582e+12
1.25582e+12
1.25582e+12
1.25582e+12
1.25582e+12
1.25582e+12
1.25582e+12
1.25582e+12
1.25582e+12
1.25582e+12
1.25582e+12
1.25582e+12
1.25582e+12
1.25582e+12
1.25582e+12
1.25582e+12
1.25582e+12
1.25582e+12
1.25582e+12
1.25582e+12
1.25582e+12
1.25582e+12
1.25582e+12
1.25582e+12
1.25582e+12
1.25582e+12
1.25582e+12
1.25582e+12
1.25582e+12
1.25582e+12
1.25582e+12
1.25582e+12
1.25582e+12
1.25582e+12
1.25582e+12
1.25582e+12
1.25582e+12
1.25582e+12
1.25582e+12
1.25582e+12
1.25582e+12
1.25582e+12
1.25582e+12
1.25582e+12
1.25582e+12
1.25582e+12
1.25582e+12
1.25582e+12
1.25582e+12
1.25582e+12
1.25582e+12
1.25582e+12
1.25582e+12
1.25582e+12
1.25582e+12
1.25338e+12
1.25338e+12
1.25337e+12
1.25337e+12
1.25337e+12
1.25337e+12
1.25336e+12
1.25336e+12
1.25336e+12
1.25336e+12
1.25336e+12
1.25336e+12
