1.28545e+12
1.28545e+12
1.28545e+12
1.28545e+12
1.28545e+12
1.28544e+12
1.28544e+12
1.28544e+12
1.28544e+12
1.28544e+12
1.28544e+12
1.28544e+12
1.28544e+12
1.2854e+12
1.2854e+12
1.2854e+12
1.2854e+12
1.2854e+12
1.2854e+12
1.2854e+12
1.2854e+12
1.2854e+12
1.26453e+12
1.26453e+12
1.26453e+12
1.26453e+12
1.26453e+12
1.26453e+12
1.26453e+12
1.25598e+12
1.25598e+12
1.25598e+12
1.25597e+12
1.25597e+12
1.25597e+12
1.25597e+12
1.25597e+12
1.25597e+12
1.25597e+12
1.25594e+12
1.25593e+12
1.25593e+12
1.25593e+12
1.25593e+12
1.25593e+12
1.25593e+12
1.25593e+12
1.25593e+12
1.25593e+12
1.25593e+12
1.25593e+12
1.25593e+12
1.25593e+12
1.25593e+12
1.25593e+12
1.25593e+12
1.25593e+12
1.25593e+12
1.25593e+12
1.25593e+12
1.25593e+12
1.25593e+12
1.25593e+12
1.25593e+12
1.25593e+12
1.25593e+12
1.25593e+12
1.25593e+12
1.25593e+12
1.25593e+12
1.25593e+12
1.25205e+12
1.25198e+12
1.25198e+12
1.25198e+12
1.25198e+12
1.25198e+12
1.25198e+12
1.25198e+12
1.25198e+12
1.25198e+12
1.25198e+12
1.25198e+12
1.25198e+12
1.25198e+12
1.25198e+12
1.25198e+12
1.25198e+12
1.25198e+12
1.25198e+12
1.25198e+12
1.25198e+12
1.25198e+12
1.25198e+12
1.25198e+12
1.25198e+12
1.25198e+12
1.25198e+12
1.25198e+12
1.25198e+12
1.25198e+12
1.25198e+12
1.25198e+12
1.25198e+12
1.25198e+12
1.25198e+12
1.25198e+12
1.25198e+12
1.25198e+12
1.25198e+12
1.25198e+12
1.25198e+12
1.23237e+12
1.23237e+12
1.23237e+12
1.23237e+12
1.23237e+12
1.23237e+12
1.23237e+12
1.23237e+12
1.23237e+12
1.23237e+12
1.23237e+12
1.23237e+12
1.23237e+12
1.23237e+12
1.23237e+12
1.23237e+12
1.23237e+12
1.23237e+12
1.23237e+12
1.23237e+12
1.23237e+12
1.23237e+12
1.23237e+12
1.23237e+12
1.23237e+12
1.23237e+12
1.23237e+12
1.23237e+12
1.23237e+12
1.23237e+12
1.23237e+12
1.23237e+12
1.23237e+12
1.23237e+12
1.23237e+12
1.23237e+12
1.23237e+12
1.23237e+12
1.23237e+12
1.23237e+12
1.23237e+12
1.23237e+12
1.23237e+12
1.23237e+12
1.23237e+12
1.23237e+12
1.23237e+12
1.23237e+12
1.23237e+12
1.23237e+12
1.23237e+12
1.23237e+12
1.23237e+12
1.23237e+12
1.23237e+12
1.23237e+12
1.23237e+12
