1.28545e+12
1.28545e+12
1.27689e+12
1.27684e+12
1.27684e+12
1.27684e+12
1.27684e+12
1.27684e+12
1.25592e+12
1.25592e+12
1.25592e+12
1.25592e+12
1.25592e+12
1.25591e+12
1.25591e+12
1.25591e+12
1.25591e+12
1.25591e+12
1.25586e+12
1.25586e+12
1.25586e+12
1.25586e+12
1.25586e+12
1.25586e+12
1.25586e+12
1.25586e+12
1.25586e+12
1.25586e+12
1.25586e+12
1.25586e+12
1.25586e+12
1.25586e+12
1.25586e+12
1.25586e+12
1.25586e+12
1.25586e+12
1.25586e+12
1.25586e+12
1.25586e+12
1.25586e+12
1.25586e+12
1.25586e+12
1.25586e+12
1.25586e+12
1.25585e+12
1.25585e+12
1.25585e+12
1.25585e+12
1.25585e+12
1.25585e+12
1.25585e+12
1.25585e+12
1.25585e+12
1.25585e+12
1.25585e+12
1.25585e+12
1.25585e+12
1.25585e+12
1.25585e+12
1.25585e+12
1.25585e+12
1.25585e+12
1.25585e+12
1.25584e+12
1.25584e+12
1.25584e+12
1.25584e+12
1.25584e+12
1.25584e+12
1.25584e+12
1.25584e+12
1.25584e+12
1.25584e+12
1.25584e+12
1.25584e+12
1.25584e+12
1.25584e+12
1.25584e+12
1.25584e+12
1.25584e+12
1.25584e+12
1.25584e+12
1.25584e+12
1.25584e+12
1.25584e+12
1.25584e+12
1.25584e+12
1.25584e+12
1.25584e+12
1.25584e+12
1.25584e+12
1.25584e+12
1.25584e+12
1.25584e+12
1.25584e+12
1.25584e+12
1.25584e+12
1.25584e+12
1.25584e+12
1.25584e+12
1.25584e+12
1.25584e+12
1.25584e+12
1.25584e+12
1.25584e+12
1.25584e+12
1.25584e+12
1.25584e+12
1.25584e+12
1.25584e+12
1.25584e+12
1.25584e+12
1.25584e+12
1.25584e+12
1.25584e+12
1.25584e+12
1.25584e+12
1.25584e+12
1.25584e+12
1.25584e+12
1.25584e+12
1.25584e+12
1.25584e+12
1.25584e+12
1.25584e+12
1.25584e+12
1.25584e+12
1.25584e+12
1.25584e+12
1.25584e+12
1.25584e+12
1.25584e+12
1.25584e+12
1.25584e+12
1.25584e+12
1.25584e+12
1.25584e+12
1.25584e+12
1.25403e+12
1.25403e+12
1.25403e+12
1.25403e+12
1.25403e+12
1.25403e+12
1.25403e+12
1.25403e+12
1.25403e+12
1.25403e+12
1.25403e+12
1.25403e+12
1.25403e+12
1.254e+12
1.254e+12
1.254e+12
1.254e+12
1.254e+12
1.25395e+12
1.25395e+12
1.25395e+12
1.25395e+12
1.25395e+12
1.25395e+12
1.25395e+12
1.25395e+12
1.25395e+12
1.25395e+12
1.25395e+12
