1.28545e+12
1.28541e+12
1.28541e+12
1.28541e+12
1.28541e+12
1.28541e+12
1.28541e+12
1.28541e+12
1.28541e+12
1.26449e+12
1.26449e+12
1.26449e+12
1.26449e+12
1.26449e+12
1.26449e+12
1.26449e+12
1.26448e+12
1.26448e+12
1.26448e+12
1.26448e+12
1.26448e+12
1.26448e+12
1.26448e+12
1.26448e+12
1.26446e+12
1.26446e+12
1.26446e+12
1.26446e+12
1.26446e+12
1.26446e+12
1.26446e+12
1.26446e+12
1.26446e+12
1.26446e+12
1.26446e+12
1.26446e+12
1.26446e+12
1.26446e+12
1.26446e+12
1.26446e+12
1.26446e+12
1.26446e+12
1.26446e+12
1.26446e+12
1.26446e+12
1.26446e+12
1.26446e+12
1.26446e+12
1.26446e+12
1.26446e+12
1.26446e+12
1.26446e+12
1.26446e+12
1.26446e+12
1.2606e+12
1.2606e+12
1.2606e+12
1.2606e+12
1.2606e+12
1.2606e+12
1.2606e+12
1.2606e+12
1.2606e+12
1.2606e+12
1.2606e+12
1.2606e+12
1.2606e+12
1.2606e+12
1.25202e+12
1.25202e+12
1.25202e+12
1.25202e+12
1.25202e+12
1.25202e+12
1.25202e+12
1.25202e+12
1.25202e+12
1.25202e+12
1.25202e+12
1.25202e+12
1.25202e+12
1.25202e+12
1.25202e+12
1.25202e+12
1.25202e+12
1.25202e+12
1.25202e+12
1.25202e+12
1.25202e+12
1.25202e+12
1.25202e+12
1.25202e+12
1.25202e+12
1.25202e+12
1.25202e+12
1.25202e+12
1.25202e+12
1.25202e+12
1.25202e+12
1.25202e+12
1.25202e+12
1.25202e+12
1.25202e+12
1.25202e+12
1.25202e+12
1.25202e+12
1.25202e+12
1.25202e+12
1.25202e+12
1.25202e+12
1.25202e+12
1.25202e+12
1.25202e+12
1.25202e+12
1.25202e+12
1.25202e+12
1.25202e+12
1.25202e+12
1.25202e+12
1.25202e+12
1.25202e+12
1.25202e+12
1.25202e+12
1.25202e+12
1.25202e+12
1.25202e+12
1.25202e+12
1.25202e+12
1.25202e+12
1.25202e+12
1.25202e+12
1.25202e+12
1.25202e+12
1.25202e+12
1.25202e+12
1.25202e+12
1.25202e+12
1.25202e+12
1.25202e+12
1.25202e+12
1.25202e+12
1.25202e+12
1.25202e+12
1.25202e+12
1.25202e+12
1.25202e+12
1.25202e+12
1.25202e+12
1.25202e+12
1.25202e+12
1.25202e+12
1.25202e+12
1.25202e+12
1.25202e+12
1.25202e+12
1.25202e+12
1.25202e+12
1.25202e+12
1.25202e+12
1.25202e+12
1.25202e+12
1.25202e+12
1.25202e+12
1.25202e+12
1.25202e+12
1.25202e+12
1.25202e+12
1.25202e+12
1.25202e+12
