1.28545e+12
1.28545e+12
1.28545e+12
1.28545e+12
1.28545e+12
1.28545e+12
1.28491e+12
1.28491e+12
1.28491e+12
1.28491e+12
1.28491e+12
1.28486e+12
1.28486e+12
1.28486e+12
1.28486e+12
1.28486e+12
1.28486e+12
1.28486e+12
1.26396e+12
1.25538e+12
1.25538e+12
1.25538e+12
1.25538e+12
1.25538e+12
1.25538e+12
1.25538e+12
1.25537e+12
1.25537e+12
1.25537e+12
1.25537e+12
1.25537e+12
1.25537e+12
1.25537e+12
1.25537e+12
1.25537e+12
1.25537e+12
1.25537e+12
1.25537e+12
1.25537e+12
1.25537e+12
1.25537e+12
1.25537e+12
1.25537e+12
1.25537e+12
1.25537e+12
1.25537e+12
1.25535e+12
1.25535e+12
1.25535e+12
1.25535e+12
1.25535e+12
1.25535e+12
1.25535e+12
1.25292e+12
1.25292e+12
1.25292e+12
1.25292e+12
1.25292e+12
1.25291e+12
1.25291e+12
1.25291e+12
1.25291e+12
1.25291e+12
1.25291e+12
1.25291e+12
1.25291e+12
1.25291e+12
1.25291e+12
1.25291e+12
1.25286e+12
1.25286e+12
1.25286e+12
1.25285e+12
1.25285e+12
1.25285e+12
1.25285e+12
1.25285e+12
1.25285e+12
1.25285e+12
1.25285e+12
1.25285e+12
1.25285e+12
1.25285e+12
1.25285e+12
1.25285e+12
1.25285e+12
1.25285e+12
1.25285e+12
1.25285e+12
1.25285e+12
1.25285e+12
1.25285e+12
1.25285e+12
1.25285e+12
1.25285e+12
1.25285e+12
1.25285e+12
1.25285e+12
1.25285e+12
1.25285e+12
1.25285e+12
1.25285e+12
1.25285e+12
1.25285e+12
1.25285e+12
1.25285e+12
1.25285e+12
1.25285e+12
1.25285e+12
1.25285e+12
1.25285e+12
1.25285e+12
1.25285e+12
1.25285e+12
1.25285e+12
1.25285e+12
1.25285e+12
1.25285e+12
1.25285e+12
1.25285e+12
1.25285e+12
1.25285e+12
1.25285e+12
1.25285e+12
1.25285e+12
1.25285e+12
1.25285e+12
1.25285e+12
1.25285e+12
1.25285e+12
1.25285e+12
1.25285e+12
1.25285e+12
1.25285e+12
1.25285e+12
1.25285e+12
1.25285e+12
1.25285e+12
1.25285e+12
1.25285e+12
1.25285e+12
1.25285e+12
1.25285e+12
1.25285e+12
1.25285e+12
1.25285e+12
1.25285e+12
1.25285e+12
1.25285e+12
1.25285e+12
1.25285e+12
1.25285e+12
1.25285e+12
1.25285e+12
1.25285e+12
1.25285e+12
1.25285e+12
1.25285e+12
1.25285e+12
1.25285e+12
1.25285e+12
1.25285e+12
1.25285e+12
1.25285e+12
1.25285e+12
1.25285e+12
1.25285e+12
1.25285e+12
1.25285e+12
