1.28545e+12
1.28545e+12
1.28545e+12
1.28545e+12
1.2854e+12
1.2854e+12
1.2854e+12
1.2854e+12
1.28539e+12
1.28539e+12
1.28539e+12
1.28539e+12
1.28539e+12
1.28539e+12
1.28539e+12
1.28539e+12
1.28539e+12
1.28539e+12
1.28539e+12
1.28539e+12
1.28539e+12
1.28539e+12
1.28539e+12
1.28539e+12
1.28539e+12
1.28539e+12
1.28539e+12
1.28539e+12
1.28539e+12
1.28539e+12
1.28539e+12
1.28539e+12
1.26445e+12
1.26445e+12
1.26445e+12
1.26445e+12
1.26445e+12
1.26445e+12
1.26445e+12
1.26445e+12
1.26445e+12
1.26445e+12
1.26445e+12
1.26445e+12
1.26445e+12
1.26445e+12
1.26445e+12
1.26445e+12
1.26445e+12
1.26445e+12
1.26445e+12
1.26445e+12
1.26445e+12
1.26445e+12
1.26445e+12
1.26445e+12
1.26445e+12
1.25766e+12
1.25766e+12
1.25766e+12
1.25766e+12
1.25766e+12
1.25766e+12
1.25766e+12
1.25766e+12
1.25766e+12
1.25764e+12
1.25764e+12
1.25764e+12
1.25764e+12
1.25764e+12
1.25764e+12
1.25764e+12
1.25764e+12
1.25764e+12
1.25764e+12
1.25764e+12
1.25764e+12
1.25764e+12
1.25764e+12
1.25764e+12
1.25764e+12
1.25764e+12
1.25764e+12
1.25763e+12
1.25763e+12
1.25763e+12
1.25763e+12
1.25763e+12
1.25763e+12
1.25763e+12
1.25763e+12
1.25763e+12
1.25763e+12
1.25763e+12
1.25763e+12
1.25763e+12
1.25763e+12
1.25763e+12
1.25763e+12
1.25763e+12
1.25763e+12
1.25763e+12
1.25763e+12
1.25763e+12
1.25763e+12
1.25763e+12
1.25763e+12
1.25763e+12
1.25763e+12
1.25763e+12
1.25763e+12
1.25763e+12
1.25763e+12
1.25763e+12
1.25763e+12
1.25763e+12
1.25763e+12
1.25763e+12
1.25763e+12
1.25763e+12
1.25763e+12
1.25763e+12
1.25763e+12
1.25763e+12
1.25763e+12
1.25763e+12
1.25763e+12
1.25763e+12
1.25763e+12
1.25763e+12
1.25763e+12
1.25763e+12
1.25763e+12
1.25763e+12
1.25763e+12
1.25763e+12
1.25763e+12
1.25763e+12
1.25763e+12
1.25763e+12
1.25763e+12
1.25763e+12
1.25763e+12
1.25763e+12
1.25763e+12
1.25763e+12
1.25763e+12
1.25763e+12
1.25763e+12
1.25763e+12
1.25762e+12
1.25762e+12
1.25762e+12
1.25762e+12
1.25762e+12
1.25762e+12
1.25762e+12
1.25761e+12
1.25761e+12
1.25761e+12
1.25761e+12
1.25761e+12
1.25761e+12
1.25761e+12
1.25761e+12
1.25761e+12
1.25761e+12
1.25761e+12
1.25761e+12
