1.28545e+12
1.28545e+12
1.28545e+12
1.28545e+12
1.28545e+12
1.28545e+12
1.28545e+12
1.28545e+12
1.28542e+12
1.28542e+12
1.28542e+12
1.28542e+12
1.28542e+12
1.28542e+12
1.28542e+12
1.28542e+12
1.28542e+12
1.28542e+12
1.28542e+12
1.28542e+12
1.28542e+12
1.28542e+12
1.28542e+12
1.28542e+12
1.26453e+12
1.26452e+12
1.26452e+12
1.26452e+12
1.26451e+12
1.26451e+12
1.26451e+12
1.26451e+12
1.26451e+12
1.26451e+12
1.26451e+12
1.26451e+12
1.25601e+12
1.25601e+12
1.25601e+12
1.25601e+12
1.25601e+12
1.25601e+12
1.25601e+12
1.25601e+12
1.25601e+12
1.25601e+12
1.25601e+12
1.25597e+12
1.25597e+12
1.25597e+12
1.25597e+12
1.25597e+12
1.25597e+12
1.25591e+12
1.25591e+12
1.25591e+12
1.25591e+12
1.25591e+12
1.25591e+12
1.25591e+12
1.25591e+12
1.25591e+12
1.25591e+12
1.25591e+12
1.25591e+12
1.25591e+12
1.25591e+12
1.25591e+12
1.25591e+12
1.25591e+12
1.25591e+12
1.25591e+12
1.25591e+12
1.25591e+12
1.2559e+12
1.2559e+12
1.2559e+12
1.2559e+12
1.2559e+12
1.2559e+12
1.2559e+12
1.2559e+12
1.2559e+12
1.2559e+12
1.2559e+12
1.2559e+12
1.2559e+12
1.2559e+12
1.2559e+12
1.2559e+12
1.2559e+12
1.2559e+12
1.2559e+12
1.2559e+12
1.2559e+12
1.2559e+12
1.2559e+12
1.2559e+12
1.2559e+12
1.2559e+12
1.2559e+12
1.2559e+12
1.2559e+12
1.2559e+12
1.2559e+12
1.2559e+12
1.2559e+12
1.2559e+12
1.2559e+12
1.2559e+12
1.2559e+12
1.2559e+12
1.2559e+12
1.2559e+12
1.2559e+12
1.2559e+12
1.2559e+12
1.2559e+12
1.2559e+12
1.2559e+12
1.2559e+12
1.2559e+12
1.2559e+12
1.2559e+12
1.2559e+12
1.2559e+12
1.2559e+12
1.2559e+12
1.2559e+12
1.2559e+12
1.2559e+12
1.2559e+12
1.2559e+12
1.2559e+12
1.2559e+12
1.2559e+12
1.2559e+12
1.2559e+12
1.2559e+12
1.2559e+12
1.25404e+12
1.25404e+12
1.25404e+12
1.25404e+12
1.25404e+12
1.25404e+12
1.25404e+12
1.25404e+12
1.25403e+12
1.25403e+12
1.25403e+12
1.25403e+12
1.25403e+12
1.25403e+12
1.25403e+12
1.25403e+12
1.25403e+12
1.25403e+12
1.25403e+12
1.25403e+12
1.25403e+12
1.25403e+12
1.25403e+12
1.25403e+12
1.25403e+12
1.25403e+12
1.25403e+12
1.25403e+12
