1.28545e+12
1.28491e+12
1.28491e+12
1.28491e+12
1.28491e+12
1.28491e+12
1.27634e+12
1.27634e+12
1.27634e+12
1.27634e+12
1.27634e+12
1.27634e+12
1.27634e+12
1.27634e+12
1.2763e+12
1.2763e+12
1.2763e+12
1.2763e+12
1.2554e+12
1.2554e+12
1.2554e+12
1.25532e+12
1.25532e+12
1.25289e+12
1.25289e+12
1.25289e+12
1.25289e+12
1.25288e+12
1.25288e+12
1.25288e+12
1.25288e+12
1.25288e+12
1.25288e+12
1.25288e+12
1.25288e+12
1.25288e+12
1.25288e+12
1.25288e+12
1.25288e+12
1.25246e+12
1.25246e+12
1.25246e+12
1.25246e+12
1.25246e+12
1.25246e+12
1.25246e+12
1.25246e+12
1.25246e+12
1.25246e+12
1.25246e+12
1.25246e+12
1.25246e+12
1.25246e+12
1.25246e+12
1.25246e+12
1.25246e+12
1.25246e+12
1.25246e+12
1.25246e+12
1.25246e+12
1.25246e+12
1.25246e+12
1.25246e+12
1.25246e+12
1.25246e+12
1.25246e+12
1.25246e+12
1.25246e+12
1.25246e+12
1.25246e+12
1.25246e+12
1.25246e+12
1.25246e+12
1.25246e+12
1.25246e+12
1.25246e+12
1.25246e+12
1.25246e+12
1.25246e+12
1.25246e+12
1.25246e+12
1.25246e+12
1.25246e+12
1.25246e+12
1.25246e+12
1.25246e+12
1.25246e+12
1.25246e+12
1.25246e+12
1.25246e+12
1.25246e+12
1.25246e+12
1.25246e+12
1.25246e+12
1.25246e+12
1.25246e+12
1.25246e+12
1.25078e+12
1.25078e+12
1.25078e+12
1.25078e+12
1.25078e+12
1.25078e+12
1.25078e+12
1.25078e+12
1.25078e+12
1.25078e+12
1.25078e+12
1.25078e+12
1.25078e+12
1.25078e+12
1.25078e+12
1.25078e+12
1.25078e+12
1.25078e+12
1.25078e+12
1.25078e+12
1.25078e+12
1.25078e+12
1.25078e+12
1.25078e+12
1.25078e+12
1.25078e+12
1.25078e+12
1.25078e+12
1.25078e+12
1.25078e+12
1.25078e+12
1.25078e+12
1.25078e+12
1.25078e+12
1.25078e+12
1.25078e+12
1.25076e+12
1.25076e+12
1.25076e+12
1.25076e+12
1.25076e+12
1.25076e+12
1.24366e+12
1.24366e+12
1.24366e+12
1.24366e+12
1.24366e+12
1.24364e+12
1.24364e+12
1.24364e+12
1.24364e+12
1.24364e+12
1.24364e+12
1.24364e+12
1.24364e+12
1.24364e+12
1.24364e+12
1.24364e+12
1.24364e+12
1.24364e+12
1.24364e+12
1.24364e+12
1.24364e+12
1.24364e+12
1.24364e+12
1.24364e+12
1.24364e+12
1.24364e+12
1.24364e+12
1.24364e+12
1.24364e+12
