1.28545e+12
1.28545e+12
1.28545e+12
1.28545e+12
1.28545e+12
1.28545e+12
1.28545e+12
1.28545e+12
1.28545e+12
1.28545e+12
1.28545e+12
1.28545e+12
1.28545e+12
1.28545e+12
1.28545e+12
1.28545e+12
1.28545e+12
1.28545e+12
1.28545e+12
1.28545e+12
1.28545e+12
1.28545e+12
1.2854e+12
1.2854e+12
1.2854e+12
1.27683e+12
1.27683e+12
1.27683e+12
1.27683e+12
1.27683e+12
1.27683e+12
1.27683e+12
1.27683e+12
1.27683e+12
1.27683e+12
1.27683e+12
1.27683e+12
1.27683e+12
1.27683e+12
1.27683e+12
1.27683e+12
1.27683e+12
1.25591e+12
1.25591e+12
1.25591e+12
1.25591e+12
1.25591e+12
1.25286e+12
1.25286e+12
1.25286e+12
1.25286e+12
1.25286e+12
1.25283e+12
1.25283e+12
1.25283e+12
1.25283e+12
1.25283e+12
1.25283e+12
1.25283e+12
1.25283e+12
1.25283e+12
1.25283e+12
1.25283e+12
1.25283e+12
1.25283e+12
1.25283e+12
1.25283e+12
1.25283e+12
1.25283e+12
1.25283e+12
1.25283e+12
1.25283e+12
1.25283e+12
1.25283e+12
1.25283e+12
1.25283e+12
1.25283e+12
1.25283e+12
1.25283e+12
1.25283e+12
1.25283e+12
1.25283e+12
1.25283e+12
1.25283e+12
1.25283e+12
1.25283e+12
1.25283e+12
1.25283e+12
1.25283e+12
1.25283e+12
1.25283e+12
1.25283e+12
1.25283e+12
1.25283e+12
1.25283e+12
1.25283e+12
1.25283e+12
1.25283e+12
1.25283e+12
1.25283e+12
1.25283e+12
1.25283e+12
1.25283e+12
1.25283e+12
1.25283e+12
1.25283e+12
1.25283e+12
1.25283e+12
1.25283e+12
1.25283e+12
1.25283e+12
1.25283e+12
1.25283e+12
1.25283e+12
1.25283e+12
1.25283e+12
1.25283e+12
1.25283e+12
1.25283e+12
1.25283e+12
1.25283e+12
1.25283e+12
1.25283e+12
1.25283e+12
1.25283e+12
1.25283e+12
1.25283e+12
1.25283e+12
1.25283e+12
1.25283e+12
1.25283e+12
1.25283e+12
1.25283e+12
1.25283e+12
1.25283e+12
1.25283e+12
1.25283e+12
1.25283e+12
1.25283e+12
1.25283e+12
1.25283e+12
1.25283e+12
1.25283e+12
1.25283e+12
1.25283e+12
1.25283e+12
1.25283e+12
1.25283e+12
1.25283e+12
1.25283e+12
1.25283e+12
1.25283e+12
1.25283e+12
1.25283e+12
1.25283e+12
1.25283e+12
1.25283e+12
1.25283e+12
1.25283e+12
1.25283e+12
1.25283e+12
1.25283e+12
1.25283e+12
1.25283e+12
1.25283e+12
1.25283e+12
1.25283e+12
1.25283e+12
1.25283e+12
