1.28545e+12
1.28545e+12
1.28545e+12
1.28545e+12
1.28544e+12
1.28544e+12
1.27688e+12
1.27688e+12
1.27688e+12
1.27688e+12
1.27688e+12
1.27688e+12
1.27688e+12
1.27688e+12
1.27688e+12
1.27688e+12
1.27683e+12
1.27683e+12
1.27683e+12
1.27683e+12
1.27678e+12
1.27678e+12
1.27678e+12
1.27678e+12
1.27678e+12
1.27678e+12
1.25588e+12
1.25588e+12
1.25588e+12
1.25588e+12
1.25588e+12
1.25588e+12
1.25588e+12
1.252e+12
1.252e+12
1.252e+12
1.252e+12
1.252e+12
1.252e+12
1.252e+12
1.252e+12
1.25196e+12
1.25196e+12
1.25195e+12
1.25195e+12
1.25195e+12
1.25195e+12
1.25195e+12
1.25195e+12
1.25195e+12
1.25195e+12
1.25195e+12
1.25195e+12
1.25195e+12
1.25195e+12
1.25195e+12
1.25195e+12
1.25195e+12
1.25195e+12
1.25195e+12
1.25195e+12
1.25195e+12
1.25195e+12
1.25195e+12
1.25195e+12
1.25195e+12
1.25195e+12
1.25195e+12
1.25195e+12
1.25195e+12
1.25195e+12
1.25195e+12
1.25195e+12
1.25195e+12
1.25195e+12
1.25195e+12
1.25195e+12
1.25195e+12
1.25195e+12
1.25195e+12
1.25195e+12
1.25195e+12
1.25195e+12
1.25195e+12
1.25195e+12
1.25195e+12
1.25195e+12
1.25195e+12
1.25195e+12
1.25195e+12
1.25195e+12
1.25195e+12
1.25195e+12
1.25195e+12
1.25195e+12
1.25195e+12
1.25195e+12
1.25195e+12
1.25195e+12
1.25195e+12
1.25195e+12
1.25195e+12
1.25195e+12
1.25195e+12
1.25195e+12
1.25195e+12
1.25195e+12
1.25195e+12
1.25195e+12
1.25195e+12
1.25195e+12
1.25195e+12
1.25195e+12
1.25195e+12
1.25195e+12
1.25195e+12
1.25195e+12
1.25195e+12
1.25195e+12
1.25195e+12
1.25195e+12
1.25195e+12
1.25195e+12
1.25195e+12
1.25195e+12
1.25195e+12
1.25195e+12
1.25195e+12
1.25195e+12
1.25195e+12
1.25195e+12
1.25195e+12
1.25195e+12
1.25195e+12
1.25195e+12
1.25195e+12
1.25195e+12
1.25195e+12
1.25195e+12
1.25195e+12
1.25195e+12
1.25195e+12
1.25195e+12
1.25195e+12
1.25195e+12
1.25195e+12
1.25195e+12
1.25195e+12
1.25195e+12
1.25195e+12
1.25195e+12
1.25195e+12
1.25195e+12
1.25195e+12
1.25195e+12
1.25195e+12
1.25195e+12
1.25195e+12
1.25195e+12
1.25195e+12
1.25195e+12
1.25195e+12
1.25195e+12
1.25195e+12
1.25195e+12
1.25195e+12
1.25195e+12
