1.28545e+12
1.28545e+12
1.28545e+12
1.28545e+12
1.28545e+12
1.28545e+12
1.28545e+12
1.28545e+12
1.28545e+12
1.28545e+12
1.28545e+12
1.28545e+12
1.28545e+12
1.28545e+12
1.28545e+12
1.27689e+12
1.27686e+12
1.27686e+12
1.27686e+12
1.27686e+12
1.27686e+12
1.27686e+12
1.27686e+12
1.27686e+12
1.27686e+12
1.27686e+12
1.27681e+12
1.2559e+12
1.2559e+12
1.2559e+12
1.2559e+12
1.2559e+12
1.2559e+12
1.2559e+12
1.2559e+12
1.2559e+12
1.25582e+12
1.25582e+12
1.25582e+12
1.25582e+12
1.25582e+12
1.25582e+12
1.25582e+12
1.25582e+12
1.25582e+12
1.25582e+12
1.25582e+12
1.25582e+12
1.25582e+12
1.25582e+12
1.25582e+12
1.25582e+12
1.25582e+12
1.25582e+12
1.25582e+12
1.25582e+12
1.25582e+12
1.25582e+12
1.25582e+12
1.25582e+12
1.25582e+12
1.25582e+12
1.25582e+12
1.25582e+12
1.25582e+12
1.25582e+12
1.25582e+12
1.25582e+12
1.25582e+12
1.25582e+12
1.25582e+12
1.25582e+12
1.25582e+12
1.25582e+12
1.25582e+12
1.25582e+12
1.25582e+12
1.25582e+12
1.25582e+12
1.25582e+12
1.25582e+12
1.25582e+12
1.25582e+12
1.25582e+12
1.25582e+12
1.25582e+12
1.25582e+12
1.25582e+12
1.25582e+12
1.25582e+12
1.25582e+12
1.25582e+12
1.25582e+12
1.25582e+12
1.25582e+12
1.25582e+12
1.25582e+12
1.25582e+12
1.25582e+12
1.25582e+12
1.25582e+12
1.25582e+12
1.25582e+12
1.25582e+12
1.25582e+12
1.25582e+12
1.25582e+12
1.25582e+12
1.25582e+12
1.25582e+12
1.25582e+12
1.25582e+12
1.25582e+12
1.25582e+12
1.25582e+12
1.25582e+12
1.25582e+12
1.25582e+12
1.25582e+12
1.25582e+12
1.25582e+12
1.25582e+12
1.25582e+12
1.25582e+12
1.25582e+12
1.25582e+12
1.25582e+12
1.25582e+12
1.25582e+12
1.25582e+12
1.25582e+12
1.25582e+12
1.25582e+12
1.25582e+12
1.25582e+12
1.25582e+12
1.25582e+12
1.25582e+12
1.25582e+12
1.25582e+12
1.25582e+12
1.25582e+12
1.25582e+12
1.25582e+12
1.25582e+12
1.25582e+12
1.25582e+12
1.25582e+12
1.25582e+12
1.25582e+12
1.25582e+12
1.25582e+12
1.25582e+12
1.25582e+12
1.25582e+12
1.25582e+12
1.25582e+12
1.25582e+12
1.25582e+12
1.25582e+12
1.25582e+12
1.25582e+12
1.25582e+12
1.25582e+12
1.25582e+12
1.25582e+12
1.25582e+12
1.25582e+12
