1.28545e+12
1.28545e+12
1.28545e+12
1.28545e+12
1.28545e+12
1.28545e+12
1.28545e+12
1.28545e+12
1.28545e+12
1.28545e+12
1.28545e+12
1.28545e+12
1.28545e+12
1.28545e+12
1.28545e+12
1.27692e+12
1.27692e+12
1.27692e+12
1.27692e+12
1.27692e+12
1.27692e+12
1.27692e+12
1.27691e+12
1.27691e+12
1.2769e+12
1.2769e+12
1.2769e+12
1.27689e+12
1.27689e+12
1.27689e+12
1.27689e+12
1.27689e+12
1.27689e+12
1.27689e+12
1.27689e+12
1.27689e+12
1.27689e+12
1.27689e+12
1.27689e+12
1.27685e+12
1.27685e+12
1.27685e+12
1.27685e+12
1.27685e+12
1.27685e+12
1.27685e+12
1.27685e+12
1.27685e+12
1.27685e+12
1.27685e+12
1.27685e+12
1.27685e+12
1.27685e+12
1.27685e+12
1.27685e+12
1.27685e+12
1.27685e+12
1.27685e+12
1.27685e+12
1.27685e+12
1.27685e+12
1.27685e+12
1.27685e+12
1.27685e+12
1.27685e+12
1.27685e+12
1.27685e+12
1.27685e+12
1.27685e+12
1.27685e+12
1.27685e+12
1.27685e+12
1.27685e+12
1.27685e+12
1.27685e+12
1.27685e+12
1.27685e+12
1.27685e+12
1.27685e+12
1.27685e+12
1.27685e+12
1.27685e+12
1.27685e+12
1.27685e+12
1.27685e+12
1.27685e+12
1.27685e+12
1.27685e+12
1.27685e+12
1.27685e+12
1.27685e+12
1.27685e+12
1.27685e+12
1.27685e+12
1.27685e+12
1.27685e+12
1.27685e+12
1.27685e+12
1.27685e+12
1.27685e+12
1.27685e+12
1.27685e+12
1.27685e+12
1.27685e+12
1.27685e+12
1.27685e+12
1.27685e+12
1.27685e+12
1.27685e+12
1.27685e+12
1.27685e+12
1.27685e+12
1.27685e+12
1.27685e+12
1.27685e+12
1.27685e+12
1.27685e+12
1.27685e+12
1.27685e+12
1.27685e+12
1.27685e+12
1.27685e+12
1.27685e+12
1.27685e+12
1.27685e+12
1.27685e+12
1.27685e+12
1.27685e+12
1.27685e+12
1.27685e+12
1.27685e+12
1.27685e+12
1.27685e+12
1.27685e+12
1.27685e+12
1.27685e+12
1.27685e+12
1.27685e+12
1.27685e+12
1.27685e+12
1.27685e+12
1.27685e+12
1.27685e+12
1.27685e+12
1.27685e+12
1.27685e+12
1.27685e+12
1.27685e+12
1.27685e+12
1.27685e+12
1.27685e+12
1.27685e+12
1.27685e+12
1.27685e+12
1.27685e+12
1.27685e+12
1.27685e+12
1.27685e+12
1.27685e+12
1.27685e+12
1.27685e+12
1.27685e+12
1.27685e+12
1.27685e+12
1.27685e+12
1.27685e+12
1.27685e+12
1.27685e+12
