1.28545e+12
1.28545e+12
1.28545e+12
1.28545e+12
1.28545e+12
1.28545e+12
1.28545e+12
1.28545e+12
1.27684e+12
1.27684e+12
1.27684e+12
1.27684e+12
1.27684e+12
1.27684e+12
1.27684e+12
1.27679e+12
1.27679e+12
1.27679e+12
1.27679e+12
1.27679e+12
1.27679e+12
1.27679e+12
1.25588e+12
1.25588e+12
1.25588e+12
1.25588e+12
1.25588e+12
1.25588e+12
1.25588e+12
1.25588e+12
1.25588e+12
1.25588e+12
1.25588e+12
1.25588e+12
1.25588e+12
1.25588e+12
1.25588e+12
1.2558e+12
1.2558e+12
1.2558e+12
1.2558e+12
1.2558e+12
1.2558e+12
1.2558e+12
1.2558e+12
1.2558e+12
1.2558e+12
1.2558e+12
1.2558e+12
1.25578e+12
1.25578e+12
1.25578e+12
1.25578e+12
1.25578e+12
1.25578e+12
1.25578e+12
1.25578e+12
1.25578e+12
1.25578e+12
1.25578e+12
1.25578e+12
1.25578e+12
1.25578e+12
1.25578e+12
1.25578e+12
1.25578e+12
1.25578e+12
1.25578e+12
1.25578e+12
1.25578e+12
1.25578e+12
1.25578e+12
1.25578e+12
1.25578e+12
1.25578e+12
1.25578e+12
1.25578e+12
1.25578e+12
1.25578e+12
1.25578e+12
1.25578e+12
1.25578e+12
1.25578e+12
1.25578e+12
1.25578e+12
1.25578e+12
1.25578e+12
1.25578e+12
1.25578e+12
1.25578e+12
1.25578e+12
1.25578e+12
1.25578e+12
1.25578e+12
1.25578e+12
1.25578e+12
1.25578e+12
1.25578e+12
1.25578e+12
1.25578e+12
1.25578e+12
1.25578e+12
1.25578e+12
1.25578e+12
1.25578e+12
1.25578e+12
1.25578e+12
1.25578e+12
1.25578e+12
1.25578e+12
1.25578e+12
1.25578e+12
1.25578e+12
1.25578e+12
1.25578e+12
1.25578e+12
1.25578e+12
1.25578e+12
1.25578e+12
1.25578e+12
1.25578e+12
1.25578e+12
1.25578e+12
1.25578e+12
1.25578e+12
1.25578e+12
1.25578e+12
1.25578e+12
1.25578e+12
1.25578e+12
1.25578e+12
1.25578e+12
1.25578e+12
1.25578e+12
1.25578e+12
1.25578e+12
1.25578e+12
1.25578e+12
1.25578e+12
1.25578e+12
1.25578e+12
1.25578e+12
1.25578e+12
1.25578e+12
1.25578e+12
1.25578e+12
1.25578e+12
1.25578e+12
1.25578e+12
1.25578e+12
1.25578e+12
1.25578e+12
1.25578e+12
1.25578e+12
1.25578e+12
1.25578e+12
1.25578e+12
1.25578e+12
1.25578e+12
1.25578e+12
1.25578e+12
1.25578e+12
1.25578e+12
1.25578e+12
1.25578e+12
1.25578e+12
1.25578e+12
