1.28545e+12
1.28545e+12
1.28543e+12
1.28543e+12
1.28543e+12
1.28543e+12
1.28543e+12
1.28543e+12
1.28543e+12
1.28543e+12
1.28543e+12
1.28543e+12
1.28543e+12
1.28543e+12
1.28543e+12
1.27689e+12
1.27689e+12
1.27689e+12
1.27689e+12
1.27689e+12
1.27689e+12
1.27689e+12
1.27686e+12
1.27686e+12
1.27686e+12
1.27683e+12
1.27683e+12
1.27683e+12
1.27683e+12
1.27683e+12
1.27683e+12
1.27683e+12
1.27683e+12
1.27683e+12
1.27683e+12
1.27682e+12
1.27682e+12
1.27682e+12
1.27682e+12
1.2768e+12
1.2768e+12
1.2768e+12
1.2768e+12
1.2768e+12
1.2768e+12
1.2768e+12
1.27654e+12
1.27654e+12
1.27654e+12
1.27654e+12
1.27654e+12
1.27654e+12
1.27654e+12
1.27654e+12
1.27654e+12
1.27654e+12
1.27654e+12
1.27654e+12
1.27654e+12
1.27654e+12
1.27654e+12
1.27654e+12
1.27654e+12
1.27654e+12
1.27654e+12
1.27654e+12
1.27654e+12
1.27654e+12
1.27654e+12
1.27654e+12
1.27654e+12
1.27652e+12
1.27652e+12
1.27652e+12
1.27652e+12
1.27652e+12
1.27652e+12
1.27652e+12
1.27652e+12
1.27652e+12
1.27652e+12
1.27652e+12
1.27652e+12
1.27652e+12
1.27652e+12
1.27652e+12
1.27652e+12
1.25559e+12
1.25559e+12
1.25559e+12
1.25559e+12
1.25559e+12
1.25559e+12
1.25559e+12
1.25559e+12
1.25559e+12
1.25554e+12
1.25554e+12
1.25554e+12
1.25554e+12
1.25554e+12
1.25554e+12
1.25554e+12
1.25554e+12
1.25554e+12
1.25554e+12
1.25554e+12
1.25554e+12
1.25554e+12
1.25554e+12
1.25554e+12
1.25554e+12
1.25554e+12
1.25554e+12
1.25554e+12
1.25554e+12
1.25554e+12
1.25554e+12
1.25554e+12
1.25554e+12
1.25554e+12
1.25554e+12
1.25554e+12
1.25554e+12
1.25554e+12
1.25554e+12
1.25554e+12
1.25554e+12
1.25554e+12
1.25554e+12
1.25554e+12
1.25554e+12
1.25554e+12
1.25554e+12
1.25554e+12
1.25554e+12
1.25554e+12
1.25554e+12
1.25554e+12
1.25554e+12
1.25554e+12
1.25554e+12
1.25554e+12
1.25554e+12
1.25554e+12
1.25554e+12
1.25554e+12
1.25554e+12
1.25554e+12
1.25554e+12
1.25554e+12
1.25554e+12
1.25554e+12
1.25554e+12
1.25554e+12
1.25554e+12
1.25554e+12
1.25554e+12
1.25554e+12
1.25554e+12
1.25554e+12
1.25554e+12
1.25554e+12
1.25554e+12
1.25554e+12
1.25554e+12
1.25554e+12
