1.28545e+12
1.28545e+12
1.27689e+12
1.27689e+12
1.27689e+12
1.27689e+12
1.27689e+12
1.27689e+12
1.27689e+12
1.27689e+12
1.27689e+12
1.27689e+12
1.27689e+12
1.27689e+12
1.27689e+12
1.27689e+12
1.27689e+12
1.27689e+12
1.27689e+12
1.27689e+12
1.27686e+12
1.27685e+12
1.27685e+12
1.27685e+12
1.27685e+12
1.27685e+12
1.27685e+12
1.27685e+12
1.27685e+12
1.27685e+12
1.27685e+12
1.27685e+12
1.27685e+12
1.27685e+12
1.27684e+12
1.27684e+12
1.27684e+12
1.27684e+12
1.27684e+12
1.27684e+12
1.27684e+12
1.27684e+12
1.27684e+12
1.27684e+12
1.27684e+12
1.27684e+12
1.27684e+12
1.27684e+12
1.27684e+12
1.27684e+12
1.27684e+12
1.27683e+12
1.276e+12
1.276e+12
1.276e+12
1.276e+12
1.276e+12
1.276e+12
1.276e+12
1.27596e+12
1.27596e+12
1.27596e+12
1.27596e+12
1.27596e+12
1.27596e+12
1.27596e+12
1.27596e+12
1.27596e+12
1.27596e+12
1.27596e+12
1.27596e+12
1.27596e+12
1.27596e+12
1.27596e+12
1.27596e+12
1.27596e+12
1.27596e+12
1.27596e+12
1.27596e+12
1.27596e+12
1.27596e+12
1.27596e+12
1.27596e+12
1.27596e+12
1.27596e+12
1.27596e+12
1.27596e+12
1.27596e+12
1.27596e+12
1.27596e+12
1.27596e+12
1.27596e+12
1.27596e+12
1.27596e+12
1.27596e+12
1.27596e+12
1.27596e+12
1.27596e+12
1.27596e+12
1.27596e+12
1.27596e+12
1.27596e+12
1.27596e+12
1.27596e+12
1.27596e+12
1.27548e+12
1.27548e+12
1.27548e+12
1.27548e+12
1.27548e+12
1.27548e+12
1.27548e+12
1.27548e+12
1.27548e+12
1.27548e+12
1.27548e+12
1.27548e+12
1.27548e+12
1.27548e+12
1.27548e+12
1.27546e+12
1.27546e+12
1.27303e+12
1.27303e+12
1.27303e+12
1.27303e+12
1.27303e+12
1.27303e+12
1.27303e+12
1.27303e+12
1.27303e+12
1.27303e+12
1.27303e+12
1.27303e+12
1.27303e+12
1.27303e+12
1.27303e+12
1.27303e+12
1.27303e+12
1.27303e+12
1.27303e+12
1.27303e+12
1.27303e+12
1.27303e+12
1.27303e+12
1.27303e+12
1.27303e+12
1.27303e+12
1.27303e+12
1.27303e+12
1.27303e+12
1.27303e+12
1.27303e+12
1.27303e+12
1.25342e+12
1.25342e+12
1.25341e+12
1.25341e+12
1.25341e+12
1.25341e+12
1.25341e+12
1.25341e+12
1.25341e+12
1.25341e+12
1.25341e+12
1.25341e+12
1.25341e+12
