1.28545e+12
1.28545e+12
1.28545e+12
1.28541e+12
1.28541e+12
1.28541e+12
1.28541e+12
1.28541e+12
1.28541e+12
1.28541e+12
1.28541e+12
1.2854e+12
1.2854e+12
1.2854e+12
1.28539e+12
1.28539e+12
1.28539e+12
1.28539e+12
1.28539e+12
1.28539e+12
1.26449e+12
1.26449e+12
1.26449e+12
1.25595e+12
1.25595e+12
1.25595e+12
1.25588e+12
1.25588e+12
1.25588e+12
1.25588e+12
1.25588e+12
1.25588e+12
1.25588e+12
1.25344e+12
1.25344e+12
1.25344e+12
1.25344e+12
1.25342e+12
1.25342e+12
1.25342e+12
1.25342e+12
1.25342e+12
1.25342e+12
1.25342e+12
1.25342e+12
1.25342e+12
1.25342e+12
1.25342e+12
1.25342e+12
1.25342e+12
1.25342e+12
1.25342e+12
1.25342e+12
1.25342e+12
1.25342e+12
1.25342e+12
1.25342e+12
1.25342e+12
1.25342e+12
1.25342e+12
1.25342e+12
1.25342e+12
1.25342e+12
1.25342e+12
1.25342e+12
1.25342e+12
1.25342e+12
1.25342e+12
1.25342e+12
1.25342e+12
1.25342e+12
1.25342e+12
1.25342e+12
1.25342e+12
1.25342e+12
1.25342e+12
1.25342e+12
1.25342e+12
1.25342e+12
1.25342e+12
1.25342e+12
1.25342e+12
1.25342e+12
1.25342e+12
1.25342e+12
1.25342e+12
1.25342e+12
1.25342e+12
1.25342e+12
1.25342e+12
1.25342e+12
1.25342e+12
1.25342e+12
1.25342e+12
1.25342e+12
1.25342e+12
1.25342e+12
1.25342e+12
1.25342e+12
1.25342e+12
1.25342e+12
1.25342e+12
1.25342e+12
1.25342e+12
1.25342e+12
1.25342e+12
1.25342e+12
1.25342e+12
1.25342e+12
1.25342e+12
1.25342e+12
1.25342e+12
1.25342e+12
1.25342e+12
1.25342e+12
1.25342e+12
1.25342e+12
1.25342e+12
1.25342e+12
1.25342e+12
1.25342e+12
1.25342e+12
1.25342e+12
1.25342e+12
1.25342e+12
1.25342e+12
1.25342e+12
1.25342e+12
1.25342e+12
1.25342e+12
1.25342e+12
1.25342e+12
1.25342e+12
1.25342e+12
1.25342e+12
1.25342e+12
1.25342e+12
1.25342e+12
1.25342e+12
1.25342e+12
1.25342e+12
1.25342e+12
1.25342e+12
1.25342e+12
1.25342e+12
1.25342e+12
1.25342e+12
1.25342e+12
1.25342e+12
1.25342e+12
1.25342e+12
1.25342e+12
1.25342e+12
1.25342e+12
1.25342e+12
1.25342e+12
1.25342e+12
1.25342e+12
1.25342e+12
1.25342e+12
1.25342e+12
1.25342e+12
1.25342e+12
1.25342e+12
1.25342e+12
1.25342e+12
1.25342e+12
1.25342e+12
1.25342e+12
