1.28545e+12
1.28545e+12
1.2851e+12
1.2851e+12
1.2851e+12
1.2851e+12
1.2851e+12
1.2851e+12
1.2851e+12
1.27653e+12
1.27653e+12
1.27653e+12
1.27653e+12
1.27653e+12
1.27653e+12
1.27653e+12
1.27653e+12
1.27653e+12
1.27653e+12
1.27653e+12
1.27653e+12
1.27652e+12
1.27652e+12
1.27652e+12
1.27652e+12
1.27652e+12
1.27652e+12
1.27652e+12
1.27652e+12
1.27652e+12
1.27652e+12
1.27652e+12
1.27652e+12
1.27652e+12
1.27652e+12
1.27652e+12
1.27652e+12
1.27652e+12
1.27652e+12
1.27652e+12
1.27652e+12
1.27652e+12
1.27652e+12
1.27652e+12
1.27652e+12
1.27652e+12
1.27652e+12
1.27652e+12
1.27652e+12
1.27652e+12
1.27652e+12
1.27652e+12
1.27652e+12
1.27652e+12
1.27652e+12
1.27652e+12
1.27652e+12
1.27652e+12
1.27652e+12
1.27652e+12
1.27652e+12
1.27652e+12
1.27652e+12
1.27652e+12
1.27652e+12
1.27651e+12
1.27651e+12
1.27651e+12
1.27651e+12
1.27651e+12
1.27651e+12
1.27651e+12
1.27651e+12
1.27651e+12
1.27651e+12
1.27651e+12
1.27651e+12
1.27651e+12
1.27651e+12
1.27651e+12
1.27651e+12
1.27651e+12
1.27651e+12
1.27651e+12
1.27651e+12
1.27651e+12
1.27651e+12
1.27651e+12
1.27651e+12
1.27651e+12
1.27651e+12
1.27651e+12
1.27651e+12
1.27651e+12
1.27651e+12
1.27651e+12
1.27651e+12
1.27651e+12
1.27651e+12
1.27651e+12
1.27651e+12
1.27184e+12
1.27181e+12
1.27181e+12
1.27181e+12
1.27178e+12
1.27178e+12
1.27149e+12
1.27149e+12
1.27145e+12
1.27145e+12
1.27145e+12
1.27145e+12
1.27145e+12
1.27145e+12
1.27143e+12
1.27143e+12
1.27143e+12
1.27143e+12
1.27143e+12
1.27143e+12
1.27143e+12
1.27143e+12
1.2714e+12
1.27139e+12
1.27139e+12
1.27139e+12
1.27139e+12
1.27138e+12
1.27138e+12
1.27138e+12
1.27138e+12
1.27138e+12
1.27078e+12
1.27078e+12
1.27078e+12
1.27078e+12
1.27078e+12
1.27078e+12
1.27078e+12
1.27078e+12
1.27078e+12
1.27078e+12
1.24274e+12
1.24274e+12
1.24274e+12
1.24274e+12
1.24274e+12
1.24274e+12
1.24274e+12
1.24274e+12
1.24274e+12
1.24273e+12
1.23997e+12
1.23997e+12
1.23997e+12
1.23997e+12
1.23997e+12
1.23997e+12
1.23997e+12
1.23997e+12
1.23997e+12
1.23997e+12
1.23997e+12
1.23997e+12
1.23997e+12
1.23997e+12
1.23997e+12
1.23997e+12
1.23997e+12
1.23997e+12
1.23997e+12
1.23997e+12
1.23997e+12
1.23997e+12
