1.28545e+12
1.28545e+12
1.28545e+12
1.28545e+12
1.28545e+12
1.28545e+12
1.28545e+12
1.28545e+12
1.28545e+12
1.28545e+12
1.28545e+12
1.28545e+12
1.28543e+12
1.26452e+12
1.26452e+12
1.26452e+12
1.26452e+12
1.26452e+12
1.26452e+12
1.26452e+12
1.26452e+12
1.26452e+12
1.26452e+12
1.26452e+12
1.25596e+12
1.25596e+12
1.25596e+12
1.25596e+12
1.25596e+12
1.25594e+12
1.25594e+12
1.25594e+12
1.25594e+12
1.25594e+12
1.25594e+12
1.25593e+12
1.25593e+12
1.25593e+12
1.2559e+12
1.2559e+12
1.2559e+12
1.2559e+12
1.2559e+12
1.2559e+12
1.2559e+12
1.2559e+12
1.2559e+12
1.2559e+12
1.2559e+12
1.2559e+12
1.2559e+12
1.2559e+12
1.2559e+12
1.25583e+12
1.25583e+12
1.25583e+12
1.25583e+12
1.25583e+12
1.25583e+12
1.25583e+12
1.25583e+12
1.25583e+12
1.25583e+12
1.25583e+12
1.25583e+12
1.25583e+12
1.25583e+12
1.25583e+12
1.25583e+12
1.25583e+12
1.25583e+12
1.25583e+12
1.25583e+12
1.25583e+12
1.25583e+12
1.25583e+12
1.25583e+12
1.25583e+12
1.25583e+12
1.25583e+12
1.25583e+12
1.25583e+12
1.25583e+12
1.25583e+12
1.25583e+12
1.25583e+12
1.25583e+12
1.25583e+12
1.25583e+12
1.25583e+12
1.25583e+12
1.25583e+12
1.25583e+12
1.25583e+12
1.25583e+12
1.25583e+12
1.25583e+12
1.25583e+12
1.25583e+12
1.25583e+12
1.25583e+12
1.25583e+12
1.25583e+12
1.25583e+12
1.25583e+12
1.25583e+12
1.25583e+12
1.25583e+12
1.25583e+12
1.25583e+12
1.25583e+12
1.25583e+12
1.25583e+12
1.25583e+12
1.25583e+12
1.25583e+12
1.25583e+12
1.25583e+12
1.25583e+12
1.25583e+12
1.25583e+12
1.25583e+12
1.25583e+12
1.25583e+12
1.25583e+12
1.25583e+12
1.25583e+12
1.25583e+12
1.25583e+12
1.25583e+12
1.25583e+12
1.25583e+12
1.25583e+12
1.25583e+12
1.25583e+12
1.25583e+12
1.25583e+12
1.25583e+12
1.25583e+12
1.25583e+12
1.25583e+12
1.25583e+12
1.25583e+12
1.25583e+12
1.25583e+12
1.25583e+12
1.25583e+12
1.25583e+12
1.25583e+12
1.25583e+12
1.25583e+12
1.25583e+12
1.25583e+12
1.25583e+12
1.25583e+12
1.25583e+12
1.25583e+12
1.25583e+12
1.25583e+12
1.25583e+12
1.25583e+12
1.25583e+12
1.25583e+12
1.25583e+12
1.25583e+12
1.25583e+12
1.25583e+12
1.25583e+12
1.25583e+12
1.25583e+12
1.25583e+12
1.25583e+12
