1.28545e+12
1.28543e+12
1.28543e+12
1.28543e+12
1.28543e+12
1.28543e+12
1.28543e+12
1.28543e+12
1.28543e+12
1.28543e+12
1.28543e+12
1.28543e+12
1.28543e+12
1.28543e+12
1.28543e+12
1.28543e+12
1.28543e+12
1.28538e+12
1.28538e+12
1.28538e+12
1.28538e+12
1.28538e+12
1.27681e+12
1.27681e+12
1.27681e+12
1.27681e+12
1.27681e+12
1.27681e+12
1.27681e+12
1.27681e+12
1.27681e+12
1.27681e+12
1.27681e+12
1.27681e+12
1.27681e+12
1.27681e+12
1.27681e+12
1.27681e+12
1.27681e+12
1.27681e+12
1.25592e+12
1.25592e+12
1.25592e+12
1.25592e+12
1.25592e+12
1.25592e+12
1.25592e+12
1.25592e+12
1.25592e+12
1.25592e+12
1.25592e+12
1.25592e+12
1.25592e+12
1.25592e+12
1.25592e+12
1.25592e+12
1.25592e+12
1.25592e+12
1.25592e+12
1.25592e+12
1.25592e+12
1.25592e+12
1.25592e+12
1.25592e+12
1.25592e+12
1.25592e+12
1.25592e+12
1.25592e+12
1.25592e+12
1.25592e+12
1.25592e+12
1.25592e+12
1.25592e+12
1.25592e+12
1.25592e+12
1.25592e+12
1.25592e+12
1.25592e+12
1.25592e+12
1.25592e+12
1.25592e+12
1.25592e+12
1.25592e+12
1.25592e+12
1.25592e+12
1.25592e+12
1.25592e+12
1.25592e+12
1.25592e+12
1.25592e+12
1.25592e+12
1.25592e+12
1.25272e+12
1.25272e+12
1.25272e+12
1.25272e+12
1.25272e+12
1.25272e+12
1.25272e+12
1.25272e+12
1.25272e+12
1.25272e+12
1.25272e+12
1.25272e+12
1.25272e+12
1.25272e+12
1.25272e+12
1.25272e+12
1.25272e+12
1.25272e+12
1.24998e+12
1.24378e+12
1.24378e+12
1.24378e+12
1.24378e+12
1.24378e+12
1.24378e+12
1.24378e+12
1.24378e+12
1.24378e+12
1.24378e+12
1.24378e+12
1.24378e+12
1.24378e+12
1.24378e+12
1.24378e+12
1.24378e+12
1.24378e+12
1.24378e+12
1.24378e+12
1.24378e+12
1.24378e+12
1.24378e+12
1.24378e+12
1.24378e+12
1.24378e+12
1.24378e+12
1.24378e+12
1.24378e+12
1.24378e+12
1.24378e+12
1.24378e+12
1.24378e+12
1.24378e+12
1.24378e+12
1.24378e+12
1.24378e+12
1.24378e+12
1.24378e+12
1.24378e+12
1.24378e+12
1.24378e+12
1.24378e+12
1.24378e+12
1.24378e+12
1.24378e+12
1.24378e+12
1.24378e+12
1.24378e+12
1.24378e+12
1.24378e+12
1.24378e+12
1.24378e+12
1.24378e+12
1.24378e+12
1.24378e+12
1.24378e+12
1.24378e+12
1.24378e+12
1.24201e+12
1.24201e+12
