1.28545e+12
1.28545e+12
1.28545e+12
1.28545e+12
1.28545e+12
1.28545e+12
1.28545e+12
1.28545e+12
1.28545e+12
1.28545e+12
1.27691e+12
1.27691e+12
1.27691e+12
1.27691e+12
1.27691e+12
1.27691e+12
1.27689e+12
1.27689e+12
1.27689e+12
1.27687e+12
1.27687e+12
1.27687e+12
1.25594e+12
1.25594e+12
1.25594e+12
1.25594e+12
1.25594e+12
1.25594e+12
1.25594e+12
1.25594e+12
1.25594e+12
1.25594e+12
1.25585e+12
1.25585e+12
1.25585e+12
1.25585e+12
1.25585e+12
1.25585e+12
1.25585e+12
1.25585e+12
1.25585e+12
1.25585e+12
1.25585e+12
1.25585e+12
1.25585e+12
1.25585e+12
1.25585e+12
1.25585e+12
1.25585e+12
1.25585e+12
1.25585e+12
1.25585e+12
1.25585e+12
1.25585e+12
1.25585e+12
1.25585e+12
1.25585e+12
1.25585e+12
1.25585e+12
1.25585e+12
1.25585e+12
1.25585e+12
1.25585e+12
1.25585e+12
1.25585e+12
1.25585e+12
1.25585e+12
1.25585e+12
1.25585e+12
1.25585e+12
1.25585e+12
1.25585e+12
1.25585e+12
1.25585e+12
1.25585e+12
1.25585e+12
1.25585e+12
1.25585e+12
1.25585e+12
1.25585e+12
1.25585e+12
1.25585e+12
1.25585e+12
1.25585e+12
1.25585e+12
1.25585e+12
1.25585e+12
1.25585e+12
1.25585e+12
1.25585e+12
1.25585e+12
1.25585e+12
1.25585e+12
1.25585e+12
1.25585e+12
1.25585e+12
1.25585e+12
1.25585e+12
1.25585e+12
1.25585e+12
1.25585e+12
1.25585e+12
1.25585e+12
1.25585e+12
1.25585e+12
1.25585e+12
1.25585e+12
1.25585e+12
1.25585e+12
1.25585e+12
1.25585e+12
1.25585e+12
1.25585e+12
1.25585e+12
1.25585e+12
1.25585e+12
1.25585e+12
1.25585e+12
1.25585e+12
1.25585e+12
1.25585e+12
1.25585e+12
1.25585e+12
1.25585e+12
1.25585e+12
1.25585e+12
1.25585e+12
1.25585e+12
1.25585e+12
1.25585e+12
1.25585e+12
1.25585e+12
1.25585e+12
1.25585e+12
1.25585e+12
1.25585e+12
1.25585e+12
1.25585e+12
1.25585e+12
1.25585e+12
1.25585e+12
1.25585e+12
1.25585e+12
1.25585e+12
1.25585e+12
1.25585e+12
1.25585e+12
1.25585e+12
1.25585e+12
1.25585e+12
1.25585e+12
1.25585e+12
1.25585e+12
1.25585e+12
1.25585e+12
1.25585e+12
1.25585e+12
1.25585e+12
1.25585e+12
1.25585e+12
1.25585e+12
1.25585e+12
1.25585e+12
1.25585e+12
1.25585e+12
1.25585e+12
1.25585e+12
1.25585e+12
1.25585e+12
1.25585e+12
1.25585e+12
1.25585e+12
1.25585e+12
