1.28545e+12
1.28545e+12
1.28545e+12
1.28545e+12
1.27689e+12
1.27685e+12
1.27685e+12
1.27685e+12
1.27685e+12
1.27296e+12
1.27296e+12
1.27296e+12
1.27296e+12
1.27296e+12
1.27296e+12
1.27296e+12
1.27296e+12
1.27296e+12
1.27296e+12
1.27296e+12
1.27296e+12
1.27296e+12
1.27296e+12
1.27296e+12
1.27296e+12
1.27296e+12
1.27296e+12
1.27296e+12
1.27296e+12
1.27296e+12
1.27296e+12
1.27294e+12
1.25201e+12
1.25201e+12
1.25201e+12
1.25201e+12
1.25201e+12
1.24957e+12
1.24957e+12
1.24957e+12
1.24957e+12
1.24955e+12
1.24955e+12
1.24955e+12
1.24955e+12
1.24955e+12
1.24955e+12
1.24955e+12
1.24955e+12
1.24955e+12
1.24955e+12
1.24955e+12
1.24897e+12
1.24897e+12
1.24897e+12
1.24897e+12
1.24897e+12
1.24897e+12
1.24897e+12
1.24897e+12
1.24895e+12
1.24895e+12
1.24895e+12
1.24895e+12
1.24895e+12
1.24895e+12
1.24895e+12
1.24895e+12
1.24895e+12
1.22643e+12
1.22643e+12
1.22643e+12
1.22643e+12
1.22643e+12
1.22643e+12
1.22643e+12
1.22643e+12
1.22643e+12
1.22643e+12
1.22643e+12
1.22643e+12
1.22643e+12
1.22643e+12
1.22643e+12
1.22643e+12
1.22643e+12
1.22643e+12
1.22643e+12
1.22643e+12
1.22643e+12
1.22643e+12
1.22643e+12
1.22643e+12
1.22643e+12
1.22643e+12
1.22643e+12
1.22643e+12
1.22643e+12
1.22643e+12
1.22643e+12
1.22643e+12
1.22643e+12
1.22643e+12
1.22643e+12
1.22643e+12
1.22643e+12
1.22643e+12
1.22643e+12
1.22643e+12
1.22643e+12
1.22643e+12
1.22643e+12
1.22643e+12
1.22643e+12
1.22643e+12
1.22643e+12
1.22643e+12
1.22643e+12
1.22643e+12
1.22643e+12
1.22643e+12
1.22643e+12
1.22643e+12
1.22643e+12
1.22643e+12
1.22643e+12
1.22643e+12
1.22643e+12
1.22643e+12
1.22643e+12
1.22643e+12
1.22643e+12
1.22643e+12
1.22643e+12
1.22643e+12
1.22643e+12
1.22643e+12
1.22643e+12
1.22643e+12
1.22643e+12
1.22643e+12
1.22643e+12
1.22643e+12
1.22643e+12
1.22643e+12
1.22643e+12
1.22643e+12
1.22643e+12
1.22643e+12
1.22643e+12
1.22643e+12
1.22643e+12
1.22643e+12
1.22643e+12
1.22643e+12
1.22643e+12
1.22643e+12
1.22643e+12
1.22643e+12
1.22643e+12
1.22643e+12
1.22643e+12
1.22643e+12
1.22643e+12
1.22643e+12
1.22643e+12
1.22643e+12
1.22643e+12
1.22643e+12
1.22643e+12
1.22643e+12
1.22643e+12
1.22643e+12
1.22643e+12
