1.28545e+12
1.28545e+12
1.28545e+12
1.28545e+12
1.28545e+12
1.28545e+12
1.28544e+12
1.28544e+12
1.28544e+12
1.28544e+12
1.27688e+12
1.27688e+12
1.27688e+12
1.27688e+12
1.27688e+12
1.27688e+12
1.27688e+12
1.27688e+12
1.27688e+12
1.27688e+12
1.27688e+12
1.27688e+12
1.27688e+12
1.27688e+12
1.27688e+12
1.27688e+12
1.27688e+12
1.27688e+12
1.27688e+12
1.27688e+12
1.25726e+12
1.25725e+12
1.25725e+12
1.25725e+12
1.25725e+12
1.25725e+12
1.25725e+12
1.25725e+12
1.25724e+12
1.25724e+12
1.25724e+12
1.25724e+12
1.25724e+12
1.25724e+12
1.25724e+12
1.25724e+12
1.25724e+12
1.25724e+12
1.25724e+12
1.25724e+12
1.25724e+12
1.25724e+12
1.25724e+12
1.25723e+12
1.25723e+12
1.25723e+12
1.25723e+12
1.25723e+12
1.25723e+12
1.25723e+12
1.25723e+12
1.25723e+12
1.25723e+12
1.25723e+12
1.25723e+12
1.25723e+12
1.25723e+12
1.25723e+12
1.25723e+12
1.25723e+12
1.25723e+12
1.253e+12
1.253e+12
1.253e+12
1.253e+12
1.253e+12
1.253e+12
1.253e+12
1.253e+12
1.253e+12
1.253e+12
1.253e+12
1.253e+12
1.253e+12
1.253e+12
1.253e+12
1.253e+12
1.253e+12
1.253e+12
1.253e+12
1.253e+12
1.253e+12
1.2513e+12
1.2513e+12
1.2513e+12
1.2513e+12
1.25124e+12
1.25124e+12
1.25124e+12
1.25124e+12
1.25124e+12
1.25124e+12
1.25124e+12
1.25124e+12
1.25124e+12
1.25124e+12
1.25124e+12
1.25115e+12
1.25115e+12
1.25115e+12
1.25115e+12
1.22863e+12
1.22861e+12
1.22861e+12
1.22857e+12
1.22585e+12
1.22583e+12
1.22583e+12
1.22583e+12
1.22583e+12
1.22583e+12
1.22583e+12
1.22583e+12
1.22583e+12
1.22583e+12
1.22583e+12
1.22583e+12
1.22583e+12
1.22583e+12
1.22583e+12
1.22583e+12
1.22339e+12
1.22339e+12
1.22339e+12
1.22339e+12
1.22339e+12
1.22262e+12
1.22262e+12
1.22262e+12
1.22262e+12
1.22262e+12
1.2222e+12
1.2222e+12
1.2222e+12
1.2222e+12
1.2222e+12
1.2222e+12
1.22219e+12
1.22219e+12
1.22219e+12
1.22219e+12
1.21887e+12
1.21879e+12
1.21879e+12
1.21879e+12
1.21879e+12
1.21879e+12
1.21879e+12
1.21879e+12
1.21879e+12
1.21879e+12
1.21879e+12
1.21875e+12
1.21875e+12
1.21875e+12
1.21875e+12
1.21875e+12
1.21874e+12
1.21874e+12
1.21848e+12
1.21847e+12
1.21847e+12
