1.28545e+12
1.2854e+12
1.2854e+12
1.2854e+12
1.2854e+12
1.2854e+12
1.2854e+12
1.2854e+12
1.2854e+12
1.2854e+12
1.2854e+12
1.2854e+12
1.2854e+12
1.2854e+12
1.2854e+12
1.2854e+12
1.2854e+12
1.26469e+12
1.26469e+12
1.26469e+12
1.26469e+12
1.26468e+12
1.26468e+12
1.26468e+12
1.26468e+12
1.26298e+12
1.26298e+12
1.26298e+12
1.26298e+12
1.26298e+12
1.26298e+12
1.26298e+12
1.26298e+12
1.26298e+12
1.26295e+12
1.26295e+12
1.26295e+12
1.26295e+12
1.26295e+12
1.26295e+12
1.26295e+12
1.26295e+12
1.26295e+12
1.26295e+12
1.26295e+12
1.26295e+12
1.26295e+12
1.26295e+12
1.26295e+12
1.26295e+12
1.26295e+12
1.26295e+12
1.26295e+12
1.26295e+12
1.25451e+12
1.25451e+12
1.25451e+12
1.25451e+12
1.25451e+12
1.25451e+12
1.25451e+12
1.25448e+12
1.25438e+12
1.25438e+12
1.25438e+12
1.25438e+12
1.25438e+12
1.25438e+12
1.25438e+12
1.25438e+12
1.25438e+12
1.25438e+12
1.25438e+12
1.25438e+12
1.25438e+12
1.23477e+12
1.23477e+12
1.23477e+12
1.23476e+12
1.23476e+12
1.23476e+12
1.23476e+12
1.23476e+12
1.23476e+12
1.23476e+12
1.23476e+12
1.23476e+12
1.23476e+12
1.23476e+12
1.23476e+12
1.23476e+12
1.23476e+12
1.23476e+12
1.23476e+12
1.23476e+12
1.23476e+12
1.23476e+12
1.23476e+12
1.23476e+12
1.23476e+12
1.23476e+12
1.23476e+12
1.23476e+12
1.23476e+12
1.23476e+12
1.23476e+12
1.23476e+12
1.23476e+12
1.23476e+12
1.23476e+12
1.23476e+12
1.23476e+12
1.23476e+12
1.23476e+12
1.23476e+12
1.23476e+12
1.23476e+12
1.23476e+12
1.23476e+12
1.23476e+12
1.23476e+12
1.23476e+12
1.23476e+12
1.23476e+12
1.23476e+12
1.23476e+12
1.23476e+12
1.23476e+12
1.23476e+12
1.23476e+12
1.23476e+12
1.23476e+12
1.23476e+12
1.23476e+12
1.23476e+12
1.23476e+12
1.23476e+12
1.23476e+12
1.23476e+12
1.23476e+12
1.23476e+12
1.23476e+12
1.23476e+12
1.23476e+12
1.23476e+12
1.23476e+12
1.23476e+12
1.23476e+12
1.23476e+12
1.23476e+12
1.23476e+12
1.23476e+12
1.23476e+12
1.23476e+12
1.23476e+12
1.23476e+12
1.23476e+12
1.23476e+12
1.23476e+12
1.23476e+12
1.23476e+12
1.23476e+12
1.23476e+12
1.23476e+12
1.23476e+12
1.23476e+12
1.23476e+12
1.23476e+12
1.23476e+12
1.23476e+12
1.23476e+12
1.23476e+12
