1.46108e+10
1.46005e+10
1.46005e+10
1.46005e+10
1.46005e+10
1.46005e+10
1.46005e+10
1.46005e+10
1.46005e+10
1.46005e+10
1.46005e+10
1.46005e+10
1.46005e+10
1.46005e+10
1.46005e+10
1.46005e+10
1.46005e+10
1.46005e+10
1.46005e+10
1.45854e+10
1.45854e+10
1.4112e+10
1.4112e+10
1.4112e+10
1.4112e+10
8.00825e+08
8.00825e+08
8.00825e+08
8.00825e+08
8.00825e+08
8.00825e+08
8.00825e+08
8.00825e+08
8.00825e+08
8.00825e+08
8.00825e+08
8.00825e+08
8.00825e+08
8.00825e+08
8.00825e+08
8.00825e+08
8.00825e+08
8.00825e+08
8.00825e+08
8.00825e+08
8.00825e+08
8.00825e+08
7.86605e+08
7.86605e+08
7.86605e+08
7.86605e+08
7.86605e+08
7.86605e+08
7.86605e+08
7.86605e+08
7.86605e+08
7.86605e+08
7.86605e+08
7.86605e+08
7.86605e+08
7.86605e+08
7.86605e+08
7.86605e+08
7.86605e+08
7.86605e+08
7.86605e+08
7.86605e+08
7.86605e+08
7.86605e+08
7.86605e+08
7.86605e+08
7.86605e+08
7.86605e+08
7.86605e+08
7.86605e+08
7.86605e+08
7.86605e+08
7.86605e+08
7.86605e+08
7.86605e+08
7.86605e+08
7.86605e+08
7.86605e+08
7.86605e+08
7.86605e+08
7.86605e+08
7.86605e+08
7.86605e+08
7.86605e+08
7.86605e+08
7.86605e+08
7.86605e+08
7.86605e+08
7.86605e+08
7.86605e+08
7.86605e+08
7.86605e+08
7.86605e+08
7.86605e+08
7.86605e+08
7.86605e+08
7.86605e+08
7.86605e+08
7.86605e+08
7.86605e+08
7.86605e+08
7.86605e+08
7.86605e+08
7.86605e+08
7.86605e+08
7.86605e+08
7.86605e+08
7.86605e+08
7.86605e+08
7.86605e+08
7.86605e+08
7.86605e+08
7.86605e+08
7.86605e+08
