1.46108e+10
1.46108e+10
1.45962e+10
1.4596e+10
1.4596e+10
1.4596e+10
1.4596e+10
1.4596e+10
1.4596e+10
1.4596e+10
1.4596e+10
1.4596e+10
1.4596e+10
1.4596e+10
1.4596e+10
1.4596e+10
1.4596e+10
1.4596e+10
1.41126e+10
8.00588e+08
8.00588e+08
8.00588e+08
8.00588e+08
8.00588e+08
8.00588e+08
7.84863e+08
7.84863e+08
7.84863e+08
7.84863e+08
7.84863e+08
7.84863e+08
7.84863e+08
7.84863e+08
7.84863e+08
7.84863e+08
7.84863e+08
7.84863e+08
7.84863e+08
7.84863e+08
7.84863e+08
7.84863e+08
7.84863e+08
7.84863e+08
7.84863e+08
7.84863e+08
7.84863e+08
7.84863e+08
7.84863e+08
7.84863e+08
7.84863e+08
7.84863e+08
7.84863e+08
7.84863e+08
7.84863e+08
7.84863e+08
7.84863e+08
7.84863e+08
7.84863e+08
7.84863e+08
7.84863e+08
7.84863e+08
7.84863e+08
7.84863e+08
7.84863e+08
7.84863e+08
7.84863e+08
7.84863e+08
7.84863e+08
7.84863e+08
7.84863e+08
7.84863e+08
7.84863e+08
7.84863e+08
7.84863e+08
7.84863e+08
7.84863e+08
7.84863e+08
7.84863e+08
7.84863e+08
7.84863e+08
7.84863e+08
7.84863e+08
7.84863e+08
7.84863e+08
7.84863e+08
7.84863e+08
7.84863e+08
7.84863e+08
7.84863e+08
7.84863e+08
7.84863e+08
7.84863e+08
7.84863e+08
7.84863e+08
7.84863e+08
7.84863e+08
7.84863e+08
7.84863e+08
7.84863e+08
7.84863e+08
7.84863e+08
7.84863e+08
7.84863e+08
7.84863e+08
7.84863e+08
7.84863e+08
7.84863e+08
7.84863e+08
7.84863e+08
7.84863e+08
7.84863e+08
7.84863e+08
7.84863e+08
7.84863e+08
7.84863e+08
7.84863e+08
7.84863e+08
7.84863e+08
7.84863e+08
