1.46108e+10
1.45967e+10
1.45967e+10
7.97223e+08
7.76527e+08
7.76527e+08
7.76527e+08
7.76527e+08
7.76527e+08
7.76527e+08
7.76527e+08
7.76527e+08
7.76527e+08
7.76527e+08
7.76527e+08
7.76527e+08
7.76527e+08
7.76527e+08
7.76527e+08
7.76527e+08
7.76527e+08
7.76527e+08
7.76527e+08
7.76527e+08
7.76527e+08
7.76527e+08
7.76527e+08
7.76527e+08
7.76527e+08
7.76527e+08
7.76527e+08
7.76527e+08
7.76527e+08
7.76527e+08
7.76527e+08
7.76527e+08
7.76527e+08
7.76527e+08
7.76527e+08
7.76527e+08
7.76527e+08
7.76527e+08
7.76527e+08
7.76527e+08
7.76527e+08
7.76527e+08
7.76527e+08
7.76527e+08
7.76527e+08
7.76527e+08
7.76527e+08
7.76527e+08
7.76527e+08
7.76527e+08
7.76527e+08
7.76527e+08
7.76527e+08
7.76527e+08
7.76527e+08
7.76527e+08
7.76527e+08
7.76527e+08
7.76527e+08
7.76527e+08
7.76527e+08
7.76527e+08
7.76527e+08
7.76527e+08
7.76527e+08
7.76527e+08
7.76527e+08
7.76527e+08
7.76527e+08
7.76527e+08
7.76527e+08
7.76527e+08
7.76527e+08
7.76527e+08
7.76527e+08
7.76527e+08
7.76527e+08
7.76527e+08
7.76527e+08
7.76527e+08
7.76527e+08
7.76527e+08
7.76527e+08
7.76527e+08
7.76527e+08
7.76527e+08
7.76527e+08
7.76527e+08
7.76527e+08
7.76527e+08
7.76527e+08
7.76527e+08
7.76527e+08
7.76527e+08
7.76527e+08
7.76527e+08
7.76527e+08
7.76527e+08
7.76527e+08
7.76527e+08
7.76527e+08
7.76527e+08
7.76527e+08
7.76527e+08
7.76527e+08
7.76527e+08
7.76527e+08
7.76527e+08
7.76527e+08
7.76527e+08
7.76527e+08
7.76527e+08
7.76527e+08
7.76527e+08
7.76527e+08
