1.46108e+10
1.46108e+10
1.46108e+10
1.46108e+10
1.46108e+10
1.46108e+10
1.46108e+10
1.46108e+10
1.46108e+10
1.46108e+10
1.46108e+10
1.46108e+10
1.46108e+10
1.46108e+10
1.46108e+10
1.46108e+10
1.46108e+10
1.46108e+10
1.46108e+10
1.45971e+10
8.08467e+08
8.08467e+08
8.08467e+08
8.08467e+08
8.08467e+08
8.08467e+08
8.08467e+08
8.08467e+08
8.08467e+08
7.98119e+08
7.98119e+08
7.98119e+08
7.77423e+08
7.77423e+08
7.77423e+08
7.77423e+08
7.77423e+08
7.77423e+08
7.77423e+08
7.77423e+08
7.77423e+08
7.77423e+08
7.77423e+08
7.77423e+08
7.77423e+08
7.77423e+08
7.77423e+08
7.77423e+08
7.77423e+08
7.77423e+08
7.77423e+08
7.77423e+08
7.77423e+08
7.77423e+08
7.77423e+08
7.77423e+08
7.77423e+08
7.77423e+08
7.77423e+08
7.77423e+08
7.77423e+08
7.77423e+08
7.77423e+08
7.77423e+08
7.77423e+08
7.77423e+08
7.77423e+08
7.77423e+08
7.77423e+08
7.77423e+08
7.77423e+08
7.77423e+08
7.77423e+08
7.77423e+08
7.77423e+08
7.77423e+08
7.77423e+08
7.77423e+08
7.77423e+08
7.77423e+08
7.77423e+08
7.77423e+08
7.77423e+08
7.77423e+08
7.77423e+08
7.77423e+08
7.77423e+08
7.77423e+08
7.77423e+08
7.77423e+08
7.77423e+08
7.77423e+08
7.77423e+08
7.77423e+08
7.77423e+08
7.77423e+08
7.77423e+08
7.77423e+08
7.77423e+08
7.77423e+08
7.77423e+08
7.77423e+08
7.77423e+08
7.77423e+08
7.77423e+08
7.77423e+08
7.77423e+08
7.77423e+08
7.77423e+08
7.77423e+08
7.77423e+08
7.77423e+08
7.77423e+08
7.77423e+08
7.77423e+08
7.77423e+08
7.77423e+08
7.77423e+08
7.77423e+08
