1.46108e+10
8.00106e+08
8.00106e+08
8.00106e+08
8.00106e+08
8.00106e+08
8.00106e+08
8.00106e+08
8.00106e+08
7.86354e+08
7.86354e+08
7.86354e+08
7.86354e+08
7.86354e+08
7.86354e+08
7.77423e+08
7.77423e+08
7.77423e+08
7.77423e+08
7.77423e+08
7.77423e+08
7.77423e+08
7.77423e+08
7.77423e+08
7.77423e+08
7.77423e+08
7.77423e+08
7.77423e+08
7.77423e+08
7.77423e+08
7.77423e+08
7.77423e+08
7.77423e+08
7.77423e+08
7.77423e+08
7.77423e+08
7.77423e+08
7.77423e+08
7.77423e+08
7.77423e+08
7.77423e+08
7.77423e+08
7.77423e+08
7.77423e+08
7.77423e+08
7.77423e+08
7.77423e+08
7.77423e+08
7.77423e+08
7.77423e+08
7.77423e+08
7.77423e+08
7.77423e+08
7.77423e+08
7.77423e+08
7.77423e+08
7.77423e+08
7.77423e+08
7.77423e+08
7.77423e+08
7.77423e+08
7.77423e+08
7.77423e+08
7.77423e+08
7.77423e+08
7.77423e+08
7.77423e+08
7.77423e+08
7.77423e+08
7.77423e+08
7.77423e+08
7.77423e+08
7.77423e+08
7.77423e+08
7.77423e+08
7.77423e+08
7.77423e+08
7.77423e+08
7.77423e+08
7.77423e+08
7.77423e+08
7.77423e+08
7.77423e+08
7.77423e+08
7.77423e+08
7.77423e+08
7.77423e+08
7.77423e+08
7.77423e+08
7.77423e+08
7.77423e+08
7.77423e+08
7.77423e+08
7.77423e+08
7.77423e+08
7.77423e+08
7.77423e+08
7.77423e+08
7.77423e+08
7.77423e+08
7.77423e+08
7.77423e+08
7.77423e+08
7.77423e+08
7.77423e+08
7.77423e+08
7.77423e+08
7.77423e+08
7.77423e+08
7.77423e+08
7.77423e+08
7.77423e+08
7.77423e+08
7.77423e+08
7.77423e+08
7.77423e+08
7.77423e+08
7.77423e+08
7.77423e+08
7.77423e+08
