1.46108e+10
1.46108e+10
1.46108e+10
1.46108e+10
1.46108e+10
1.46108e+10
1.46108e+10
1.46108e+10
1.46108e+10
1.46108e+10
1.46108e+10
1.46108e+10
1.46005e+10
1.46005e+10
1.46005e+10
1.46005e+10
8.00106e+08
8.00106e+08
8.00106e+08
8.00106e+08
8.00106e+08
8.00106e+08
8.00106e+08
8.00106e+08
7.7941e+08
7.7941e+08
7.7941e+08
7.7941e+08
7.7941e+08
7.7941e+08
7.7941e+08
7.7941e+08
7.7941e+08
7.7941e+08
7.7941e+08
7.7941e+08
7.7941e+08
7.7941e+08
7.7941e+08
7.7941e+08
7.7941e+08
7.7941e+08
7.7941e+08
7.7941e+08
7.7941e+08
7.7941e+08
7.7941e+08
7.7941e+08
7.7941e+08
7.7941e+08
7.7941e+08
7.7941e+08
7.7941e+08
7.7941e+08
7.7941e+08
7.7941e+08
7.7941e+08
7.7941e+08
7.7941e+08
7.7941e+08
7.7941e+08
7.7941e+08
7.7941e+08
7.7941e+08
7.7941e+08
7.7941e+08
7.7941e+08
7.7941e+08
7.7941e+08
7.7941e+08
7.7941e+08
7.7941e+08
7.7941e+08
7.7941e+08
7.7941e+08
7.7941e+08
7.7941e+08
7.7941e+08
7.7941e+08
7.7941e+08
7.7941e+08
7.7941e+08
7.7941e+08
7.7941e+08
7.7941e+08
7.7941e+08
7.7941e+08
7.7941e+08
7.7941e+08
7.7941e+08
7.7941e+08
7.7941e+08
7.7941e+08
7.7941e+08
7.7941e+08
7.7941e+08
7.7941e+08
7.7941e+08
7.7941e+08
7.7941e+08
7.7941e+08
7.7941e+08
7.7941e+08
7.7941e+08
7.7941e+08
7.7941e+08
7.7941e+08
7.7941e+08
7.7941e+08
7.7941e+08
7.7941e+08
7.7941e+08
7.7941e+08
7.7941e+08
7.7941e+08
7.7941e+08
7.7941e+08
7.7941e+08
7.7941e+08
7.7941e+08
