1.46108e+10
7.9519e+08
7.9519e+08
7.9519e+08
7.9519e+08
7.9519e+08
7.9519e+08
7.9519e+08
7.9519e+08
7.9519e+08
7.9519e+08
7.9519e+08
7.9519e+08
7.9519e+08
7.9519e+08
7.9519e+08
7.9519e+08
7.9519e+08
7.9519e+08
7.9519e+08
7.9519e+08
7.9519e+08
7.93903e+08
7.93903e+08
7.93903e+08
7.93903e+08
7.93903e+08
7.93903e+08
7.93903e+08
7.93903e+08
7.93903e+08
7.93903e+08
7.93903e+08
7.93903e+08
7.93903e+08
7.93903e+08
7.93903e+08
7.93903e+08
7.93903e+08
7.93903e+08
7.93903e+08
7.93903e+08
7.93903e+08
7.93903e+08
7.73207e+08
7.73207e+08
7.73207e+08
7.73207e+08
7.73207e+08
7.73207e+08
7.73207e+08
7.73207e+08
7.73207e+08
7.73207e+08
7.73207e+08
7.73207e+08
7.73207e+08
7.73207e+08
7.73207e+08
7.73207e+08
7.73207e+08
7.73207e+08
7.73207e+08
7.73207e+08
7.73207e+08
7.73207e+08
7.73207e+08
7.73207e+08
7.73207e+08
7.73207e+08
7.73207e+08
7.73207e+08
7.73207e+08
7.73207e+08
7.73207e+08
7.73207e+08
7.73207e+08
7.73207e+08
7.73207e+08
7.73207e+08
7.73207e+08
7.73207e+08
7.73207e+08
7.73207e+08
7.73207e+08
7.73207e+08
7.73207e+08
7.73207e+08
7.73207e+08
7.73207e+08
7.73207e+08
7.73207e+08
7.73207e+08
7.73207e+08
7.73207e+08
7.73207e+08
7.73207e+08
7.73207e+08
7.73207e+08
7.73207e+08
7.73207e+08
7.73207e+08
7.73207e+08
7.73207e+08
7.73207e+08
7.73207e+08
7.73207e+08
7.73207e+08
7.73207e+08
7.73207e+08
7.73207e+08
7.73207e+08
7.73207e+08
7.73207e+08
7.73207e+08
7.73207e+08
7.73207e+08
7.73207e+08
7.73207e+08
