1.46108e+10
1.46108e+10
1.46108e+10
1.46108e+10
1.4596e+10
1.45956e+10
1.45956e+10
1.45956e+10
1.45956e+10
1.45956e+10
1.45956e+10
1.45956e+10
1.45956e+10
1.41122e+10
7.89825e+08
7.89825e+08
7.89825e+08
7.89825e+08
7.89825e+08
7.89825e+08
7.89825e+08
7.89825e+08
7.89825e+08
7.89825e+08
7.89825e+08
7.89825e+08
7.89825e+08
7.89825e+08
7.89825e+08
7.89825e+08
7.89825e+08
7.89825e+08
7.89825e+08
7.89825e+08
7.89825e+08
7.89825e+08
7.89825e+08
7.89825e+08
7.89825e+08
7.89825e+08
7.89825e+08
7.89825e+08
7.89825e+08
7.89825e+08
7.89825e+08
7.89825e+08
7.89825e+08
7.89825e+08
7.89825e+08
7.89825e+08
7.89825e+08
7.89825e+08
7.89825e+08
7.89825e+08
7.89825e+08
7.89825e+08
7.89825e+08
7.89825e+08
7.89825e+08
7.89825e+08
7.89825e+08
7.89825e+08
7.89825e+08
7.89825e+08
7.89825e+08
7.89825e+08
7.89825e+08
7.89825e+08
7.89825e+08
7.89825e+08
