1.46108e+10
1.46005e+10
1.45852e+10
1.45852e+10
1.45852e+10
1.45852e+10
1.45852e+10
1.45852e+10
1.45852e+10
7.93792e+08
7.93786e+08
7.93786e+08
7.93786e+08
7.93786e+08
7.93786e+08
7.73129e+08
7.73129e+08
7.73129e+08
7.73129e+08
7.73129e+08
7.73129e+08
7.73129e+08
7.73129e+08
7.73129e+08
7.73129e+08
7.73129e+08
7.73129e+08
7.73129e+08
7.73129e+08
7.73129e+08
7.73129e+08
7.73129e+08
7.73129e+08
7.73129e+08
7.73129e+08
7.73129e+08
7.73129e+08
7.73129e+08
7.73129e+08
7.73129e+08
7.73129e+08
7.73129e+08
7.73129e+08
7.73129e+08
7.73129e+08
7.73129e+08
7.73129e+08
7.73129e+08
7.73129e+08
7.73129e+08
7.73129e+08
7.73129e+08
7.73129e+08
7.73129e+08
7.73129e+08
7.73129e+08
7.73129e+08
7.73129e+08
7.73129e+08
7.73129e+08
7.73129e+08
7.73129e+08
7.73129e+08
7.73129e+08
7.73129e+08
7.73129e+08
7.73129e+08
7.73129e+08
7.73129e+08
7.73129e+08
