1.46108e+10
1.46108e+10
1.46108e+10
8.10454e+08
8.10454e+08
8.10454e+08
8.10454e+08
8.10454e+08
8.10454e+08
8.10454e+08
8.10454e+08
8.10454e+08
8.10454e+08
8.10454e+08
8.10454e+08
7.95327e+08
7.9528e+08
7.9524e+08
7.9524e+08
7.9524e+08
7.9524e+08
7.9524e+08
7.9524e+08
7.9524e+08
7.9524e+08
7.9524e+08
7.9524e+08
7.9524e+08
7.9524e+08
7.9524e+08
7.9524e+08
7.9524e+08
7.9524e+08
7.9524e+08
7.9524e+08
7.9524e+08
7.9524e+08
7.9405e+08
7.9405e+08
7.9405e+08
7.9405e+08
7.73354e+08
7.73354e+08
7.73354e+08
7.73354e+08
7.73354e+08
7.73354e+08
7.73354e+08
7.73354e+08
7.73354e+08
7.73354e+08
7.73354e+08
7.73354e+08
7.73354e+08
7.73354e+08
7.73354e+08
7.73354e+08
7.73354e+08
7.73354e+08
7.73354e+08
7.73354e+08
7.73354e+08
7.73354e+08
7.73354e+08
7.73354e+08
7.73354e+08
7.73354e+08
7.73354e+08
7.73354e+08
7.73354e+08
7.73354e+08
7.73354e+08
7.73354e+08
7.73354e+08
7.73354e+08
7.73354e+08
7.73354e+08
7.73354e+08
7.73354e+08
7.73354e+08
7.73354e+08
7.73354e+08
7.73354e+08
7.73354e+08
7.73354e+08
7.73354e+08
7.73354e+08
7.73354e+08
7.73354e+08
7.73354e+08
7.73354e+08
7.73354e+08
7.73354e+08
7.73354e+08
7.73354e+08
7.73354e+08
7.73354e+08
7.73354e+08
7.73354e+08
7.73354e+08
7.73354e+08
7.73354e+08
7.73354e+08
7.73354e+08
7.73354e+08
7.73354e+08
7.73354e+08
7.73354e+08
7.73354e+08
7.73354e+08
7.73354e+08
7.73354e+08
7.73354e+08
7.73354e+08
7.73354e+08
7.73354e+08
7.73354e+08
7.73354e+08
7.73354e+08
