1.46108e+10
8.10454e+08
8.00106e+08
8.00106e+08
8.00106e+08
7.85979e+08
7.85979e+08
7.77196e+08
7.77196e+08
7.77196e+08
7.77196e+08
7.77196e+08
7.77196e+08
7.77196e+08
7.77196e+08
7.77196e+08
7.77196e+08
7.77196e+08
7.77196e+08
7.77196e+08
7.77196e+08
7.77196e+08
7.77196e+08
7.77196e+08
7.77196e+08
7.77196e+08
7.77196e+08
7.77196e+08
7.77196e+08
7.77196e+08
7.77196e+08
7.77196e+08
7.77196e+08
7.77196e+08
7.77196e+08
7.77196e+08
7.77196e+08
7.77196e+08
7.77196e+08
7.77196e+08
7.77196e+08
7.77196e+08
7.77196e+08
7.77196e+08
7.77196e+08
7.77196e+08
7.77196e+08
7.77196e+08
7.77196e+08
7.77196e+08
7.77196e+08
7.77196e+08
7.77196e+08
7.77196e+08
7.77196e+08
7.77196e+08
7.77196e+08
7.77196e+08
7.77196e+08
7.77196e+08
7.77196e+08
7.77196e+08
7.77196e+08
7.77196e+08
7.77196e+08
7.77196e+08
7.77196e+08
7.77196e+08
7.77196e+08
7.77196e+08
7.77196e+08
7.77196e+08
7.77196e+08
7.77196e+08
7.77196e+08
7.77196e+08
7.77196e+08
7.77196e+08
7.77196e+08
7.77196e+08
7.77196e+08
7.77196e+08
7.77196e+08
7.77196e+08
7.77196e+08
7.77196e+08
7.77196e+08
7.77196e+08
7.77196e+08
7.77196e+08
7.77196e+08
7.77196e+08
7.77196e+08
7.77196e+08
7.77196e+08
7.77196e+08
7.77196e+08
7.77196e+08
7.77196e+08
7.77196e+08
7.77196e+08
7.77196e+08
7.77196e+08
7.77196e+08
7.77196e+08
7.77196e+08
7.77196e+08
7.77196e+08
7.77196e+08
7.77196e+08
7.77196e+08
7.77196e+08
7.77196e+08
7.77196e+08
7.77196e+08
7.77196e+08
7.77196e+08
7.77196e+08
7.77196e+08
