1.46108e+10
1.46108e+10
1.46108e+10
8.10454e+08
8.10454e+08
8.00106e+08
8.00106e+08
8.00106e+08
8.00106e+08
7.84879e+08
7.84834e+08
7.84834e+08
7.84834e+08
7.84834e+08
7.84834e+08
7.84833e+08
7.84833e+08
7.84833e+08
7.84833e+08
7.84833e+08
7.84833e+08
7.75673e+08
7.75673e+08
7.75673e+08
7.75673e+08
7.75673e+08
7.75673e+08
7.75673e+08
7.75673e+08
7.75673e+08
7.75673e+08
7.75673e+08
7.75673e+08
7.75673e+08
7.75673e+08
7.75673e+08
7.75673e+08
7.75673e+08
7.75673e+08
7.75673e+08
7.75673e+08
7.75673e+08
7.75673e+08
7.75673e+08
7.75673e+08
7.75673e+08
7.75673e+08
7.75673e+08
7.75673e+08
7.75673e+08
7.75673e+08
7.75673e+08
7.75673e+08
7.75673e+08
7.75673e+08
7.75673e+08
7.75673e+08
7.75673e+08
7.75673e+08
7.75673e+08
7.75673e+08
7.75673e+08
7.75673e+08
7.75673e+08
7.75673e+08
7.75673e+08
7.75673e+08
7.75673e+08
7.75673e+08
7.75673e+08
7.75673e+08
7.75673e+08
7.75673e+08
7.75673e+08
7.75673e+08
7.75673e+08
7.75673e+08
7.75673e+08
7.75673e+08
7.75673e+08
7.75673e+08
7.75673e+08
7.75673e+08
7.75673e+08
7.75673e+08
7.75673e+08
7.75673e+08
7.75673e+08
7.75673e+08
7.75673e+08
7.75673e+08
7.75673e+08
7.75673e+08
7.75673e+08
7.75673e+08
7.75673e+08
7.75673e+08
7.75673e+08
7.75673e+08
7.75673e+08
7.75673e+08
7.75673e+08
7.75673e+08
7.75673e+08
7.75673e+08
7.75673e+08
7.75673e+08
7.75673e+08
7.75673e+08
7.75673e+08
7.75673e+08
7.75673e+08
7.75673e+08
7.75673e+08
7.75673e+08
7.75673e+08
7.75673e+08
7.75673e+08
