1.46108e+10
1.46108e+10
1.46005e+10
1.46005e+10
1.46005e+10
1.46005e+10
1.46005e+10
1.45853e+10
1.45853e+10
1.45853e+10
1.45853e+10
1.45853e+10
1.45853e+10
1.45853e+10
1.45853e+10
1.45853e+10
1.41111e+10
1.41111e+10
1.41111e+10
1.41111e+10
7.99199e+08
7.83522e+08
7.83522e+08
7.83522e+08
7.83522e+08
7.83522e+08
7.83522e+08
7.83522e+08
7.83522e+08
7.83522e+08
7.83522e+08
7.83522e+08
7.83522e+08
7.83522e+08
7.83522e+08
7.83522e+08
7.83522e+08
7.83522e+08
7.83522e+08
7.83522e+08
7.83522e+08
7.83522e+08
7.83522e+08
7.83522e+08
7.83522e+08
7.83522e+08
7.83522e+08
7.83522e+08
7.83522e+08
7.83522e+08
7.83522e+08
7.83522e+08
7.83522e+08
7.83522e+08
7.83522e+08
7.83522e+08
7.83522e+08
7.83522e+08
7.83522e+08
7.83522e+08
7.83522e+08
7.83522e+08
7.83522e+08
7.83522e+08
7.83522e+08
7.83522e+08
7.83522e+08
7.83522e+08
7.83522e+08
7.83522e+08
