1.46108e+10
1.46108e+10
1.46108e+10
1.46108e+10
1.46108e+10
1.46108e+10
1.46005e+10
1.46005e+10
1.46005e+10
1.46005e+10
1.46005e+10
1.46005e+10
1.41171e+10
8.07586e+08
8.07586e+08
8.07586e+08
8.07586e+08
8.07586e+08
8.07586e+08
8.07586e+08
8.07586e+08
8.07586e+08
8.07586e+08
7.9437e+08
7.9437e+08
7.9437e+08
7.9437e+08
7.9437e+08
7.9437e+08
7.9437e+08
7.9437e+08
7.9437e+08
7.9437e+08
7.9437e+08
7.9437e+08
7.9437e+08
7.9437e+08
7.9437e+08
7.9437e+08
7.9437e+08
7.9437e+08
7.9437e+08
7.9437e+08
7.9437e+08
7.9437e+08
7.9437e+08
7.9437e+08
7.9437e+08
7.9437e+08
7.9437e+08
7.9437e+08
7.9437e+08
7.9437e+08
7.9437e+08
7.9437e+08
7.9437e+08
7.9437e+08
7.9437e+08
7.9437e+08
7.9437e+08
7.9437e+08
7.9437e+08
7.9437e+08
7.9437e+08
7.9437e+08
7.9437e+08
7.9437e+08
7.9437e+08
7.9437e+08
7.9437e+08
7.9437e+08
7.9437e+08
7.9437e+08
7.9437e+08
7.9437e+08
7.9437e+08
7.9437e+08
7.9437e+08
7.9437e+08
7.9437e+08
7.9437e+08
