1.46108e+10
8.10454e+08
8.10454e+08
8.10454e+08
8.10454e+08
8.10454e+08
8.10454e+08
8.10454e+08
7.96702e+08
7.96702e+08
7.96702e+08
7.96702e+08
7.96702e+08
7.96702e+08
7.96702e+08
7.96702e+08
7.96702e+08
7.96702e+08
7.96702e+08
7.96702e+08
7.96702e+08
7.96702e+08
7.96702e+08
7.96702e+08
7.96702e+08
7.96702e+08
7.96702e+08
7.96702e+08
7.96702e+08
7.96702e+08
7.96702e+08
7.96702e+08
7.96702e+08
7.96702e+08
7.96702e+08
7.96702e+08
7.96702e+08
7.96702e+08
7.96702e+08
7.96702e+08
7.96702e+08
7.96702e+08
7.96702e+08
7.96702e+08
7.96702e+08
7.96702e+08
7.96702e+08
7.96702e+08
7.96702e+08
7.96702e+08
7.96702e+08
7.96702e+08
7.96702e+08
7.96702e+08
7.96702e+08
7.96702e+08
7.96702e+08
7.96702e+08
7.96702e+08
7.96702e+08
7.96702e+08
7.96702e+08
7.96702e+08
7.96702e+08
7.96702e+08
7.96702e+08
7.96702e+08
7.96702e+08
7.96702e+08
7.96702e+08
7.96702e+08
7.96702e+08
7.96702e+08
7.96702e+08
7.96702e+08
7.96702e+08
7.96702e+08
7.96702e+08
7.96702e+08
7.96702e+08
7.96702e+08
7.96702e+08
7.96702e+08
7.96702e+08
7.96702e+08
7.96702e+08
7.96702e+08
7.96702e+08
7.96702e+08
7.96702e+08
7.96702e+08
7.96702e+08
7.96702e+08
7.96702e+08
7.96702e+08
7.96702e+08
7.96702e+08
7.96702e+08
7.96702e+08
7.96702e+08
7.96702e+08
7.96702e+08
7.96702e+08
7.96702e+08
7.96702e+08
7.96702e+08
7.96702e+08
7.96702e+08
7.96702e+08
7.96702e+08
7.96702e+08
7.96702e+08
7.96702e+08
7.96702e+08
7.96702e+08
7.96702e+08
7.96702e+08
7.96702e+08
