1.46108e+10
8.10454e+08
8.10454e+08
8.10454e+08
8.10454e+08
8.00106e+08
7.84926e+08
7.8484e+08
7.8484e+08
7.84838e+08
7.84838e+08
7.84838e+08
7.76827e+08
7.76827e+08
7.76827e+08
7.76827e+08
7.76827e+08
7.76827e+08
7.76827e+08
7.76827e+08
7.76827e+08
7.76827e+08
7.76827e+08
7.76827e+08
7.76827e+08
7.76827e+08
7.76827e+08
7.76827e+08
7.76827e+08
7.76827e+08
7.76827e+08
7.76827e+08
7.76827e+08
7.76827e+08
7.76827e+08
7.76827e+08
7.76827e+08
7.76827e+08
7.76827e+08
7.76827e+08
7.76827e+08
7.76827e+08
7.76827e+08
7.76827e+08
7.76827e+08
7.76827e+08
7.76827e+08
7.76827e+08
7.76827e+08
7.76827e+08
7.76827e+08
7.76827e+08
7.76827e+08
7.76827e+08
7.76827e+08
7.76827e+08
7.76827e+08
7.76827e+08
7.76827e+08
7.76827e+08
7.76827e+08
7.76827e+08
7.76827e+08
7.76827e+08
7.76827e+08
7.76827e+08
7.76827e+08
7.76827e+08
7.76827e+08
7.76827e+08
7.76827e+08
7.76827e+08
7.76827e+08
7.76827e+08
7.76827e+08
7.76827e+08
7.76827e+08
7.76827e+08
7.76827e+08
7.76827e+08
7.76827e+08
7.76827e+08
7.76827e+08
7.76827e+08
7.76827e+08
7.76827e+08
7.76827e+08
7.76827e+08
7.76827e+08
7.76827e+08
7.76827e+08
7.76827e+08
7.76827e+08
7.76827e+08
7.76827e+08
7.76827e+08
7.76827e+08
7.76827e+08
7.76827e+08
7.76827e+08
7.76827e+08
7.76827e+08
7.76827e+08
7.76827e+08
7.76827e+08
7.76827e+08
7.76827e+08
7.76827e+08
7.76827e+08
7.76827e+08
7.76827e+08
7.76827e+08
7.76827e+08
7.76827e+08
7.76827e+08
7.76827e+08
7.76827e+08
7.76827e+08
7.76827e+08
