1.46108e+10
1.46108e+10
1.46108e+10
1.46108e+10
1.45971e+10
1.45957e+10
1.45957e+10
1.45957e+10
1.45957e+10
1.45957e+10
1.45957e+10
1.45957e+10
1.45957e+10
1.45957e+10
1.45957e+10
1.45957e+10
1.45957e+10
1.45957e+10
1.45957e+10
1.45957e+10
8.04696e+08
8.04696e+08
8.04696e+08
8.04696e+08
8.04696e+08
8.04696e+08
8.04696e+08
8.04696e+08
7.94348e+08
7.94348e+08
7.94348e+08
7.94348e+08
7.94348e+08
7.94348e+08
7.94348e+08
7.94348e+08
7.94348e+08
7.94348e+08
7.94348e+08
7.94348e+08
7.94348e+08
7.94348e+08
7.73652e+08
7.73652e+08
7.73652e+08
7.73652e+08
7.73652e+08
7.73652e+08
7.73652e+08
7.73652e+08
7.73652e+08
7.73652e+08
7.73652e+08
7.73652e+08
7.73652e+08
7.73652e+08
7.73652e+08
7.73652e+08
7.73652e+08
7.73652e+08
7.73652e+08
7.73652e+08
7.73652e+08
7.73652e+08
7.73652e+08
7.73652e+08
7.73652e+08
7.73652e+08
7.73652e+08
7.73652e+08
7.73652e+08
7.73652e+08
7.73652e+08
7.73652e+08
7.73652e+08
7.73652e+08
7.73652e+08
7.73652e+08
7.73652e+08
7.73652e+08
7.73652e+08
7.73652e+08
7.73652e+08
7.73652e+08
7.73652e+08
7.73652e+08
7.73652e+08
7.73652e+08
7.73652e+08
7.73652e+08
7.73652e+08
7.73652e+08
7.73652e+08
7.73652e+08
7.73652e+08
7.73652e+08
7.73652e+08
7.73652e+08
7.73652e+08
7.73652e+08
7.73652e+08
7.73652e+08
7.73652e+08
7.73652e+08
7.73652e+08
7.73652e+08
7.73652e+08
7.73652e+08
7.73652e+08
7.73652e+08
7.73652e+08
7.73652e+08
7.73652e+08
7.73652e+08
7.73652e+08
7.73652e+08
7.73652e+08
7.73652e+08
7.73652e+08
