1.46108e+10
1.45957e+10
1.45957e+10
8.04734e+08
7.94386e+08
7.94386e+08
7.94386e+08
7.7369e+08
7.7369e+08
7.7369e+08
7.7369e+08
7.7369e+08
7.7369e+08
7.7369e+08
7.7369e+08
7.7369e+08
7.7369e+08
7.7369e+08
7.7369e+08
7.7369e+08
7.7369e+08
7.7369e+08
7.7369e+08
7.7369e+08
7.7369e+08
7.7369e+08
7.7369e+08
7.7369e+08
7.7369e+08
7.7369e+08
7.7369e+08
7.7369e+08
7.7369e+08
7.7369e+08
7.7369e+08
7.7369e+08
7.7369e+08
7.7369e+08
7.7369e+08
7.7369e+08
7.7369e+08
7.7369e+08
7.7369e+08
7.7369e+08
7.7369e+08
7.7369e+08
7.7369e+08
7.7369e+08
7.7369e+08
7.7369e+08
7.7369e+08
7.7369e+08
7.7369e+08
7.7369e+08
7.7369e+08
7.7369e+08
7.7369e+08
7.7369e+08
7.7369e+08
7.7369e+08
7.7369e+08
7.7369e+08
7.7369e+08
7.7369e+08
7.7369e+08
7.7369e+08
7.7369e+08
7.7369e+08
7.7369e+08
7.7369e+08
7.7369e+08
7.7369e+08
7.7369e+08
7.7369e+08
7.7369e+08
7.7369e+08
7.7369e+08
7.7369e+08
7.7369e+08
7.7369e+08
7.7369e+08
7.7369e+08
7.7369e+08
7.7369e+08
7.7369e+08
7.7369e+08
7.7369e+08
7.7369e+08
7.7369e+08
7.7369e+08
7.7369e+08
7.7369e+08
7.7369e+08
7.7369e+08
7.7369e+08
7.7369e+08
7.7369e+08
7.7369e+08
7.7369e+08
7.7369e+08
7.7369e+08
7.7369e+08
7.7369e+08
7.7369e+08
7.7369e+08
7.7369e+08
7.7369e+08
7.7369e+08
7.7369e+08
7.7369e+08
7.7369e+08
7.7369e+08
7.7369e+08
7.7369e+08
7.7369e+08
7.7369e+08
7.7369e+08
7.7369e+08
7.7369e+08
