1.46108e+10
1.46108e+10
1.46108e+10
1.45957e+10
1.45957e+10
1.45957e+10
1.45957e+10
8.04659e+08
8.04659e+08
8.04659e+08
8.04659e+08
8.04659e+08
8.04659e+08
7.94311e+08
7.94311e+08
7.94311e+08
7.94311e+08
7.94311e+08
7.94311e+08
7.94311e+08
7.73615e+08
7.73615e+08
7.73615e+08
7.73615e+08
7.73615e+08
7.73615e+08
7.73615e+08
7.73615e+08
7.73615e+08
7.73615e+08
7.73615e+08
7.73615e+08
7.73615e+08
7.73615e+08
7.73615e+08
7.73615e+08
7.73615e+08
7.73615e+08
7.73615e+08
7.73615e+08
7.73615e+08
7.73615e+08
7.73615e+08
7.73615e+08
7.73615e+08
7.73615e+08
7.73615e+08
7.73615e+08
7.73615e+08
7.73615e+08
7.73615e+08
7.73615e+08
7.73615e+08
7.73615e+08
7.73615e+08
7.73615e+08
7.73615e+08
7.73615e+08
7.73615e+08
7.73615e+08
7.73615e+08
7.73615e+08
7.73615e+08
7.73615e+08
7.73615e+08
7.73615e+08
7.73615e+08
7.73615e+08
7.73615e+08
7.73615e+08
7.73615e+08
7.73615e+08
7.73615e+08
7.73615e+08
7.73615e+08
7.73615e+08
7.73615e+08
7.73615e+08
7.73615e+08
7.73615e+08
7.73615e+08
7.73615e+08
7.73615e+08
7.73615e+08
7.73615e+08
7.73615e+08
7.73615e+08
7.73615e+08
7.73615e+08
7.73615e+08
7.73615e+08
7.73615e+08
7.73615e+08
7.73615e+08
7.73615e+08
7.73615e+08
7.73615e+08
7.73615e+08
7.73615e+08
7.73615e+08
7.73615e+08
7.73615e+08
7.73615e+08
7.73615e+08
7.73615e+08
7.73615e+08
7.73615e+08
7.73615e+08
7.73615e+08
7.73615e+08
7.73615e+08
7.73615e+08
7.73615e+08
7.73615e+08
7.73615e+08
7.73615e+08
7.73615e+08
7.73615e+08
7.73615e+08
7.73615e+08
