1.46108e+10
1.45956e+10
1.45956e+10
1.45956e+10
1.45956e+10
1.45956e+10
1.45956e+10
1.45944e+10
1.45944e+10
1.45944e+10
1.45944e+10
1.45944e+10
1.45944e+10
1.45944e+10
1.45944e+10
1.45944e+10
7.9743e+08
7.9743e+08
7.9743e+08
7.9743e+08
7.9743e+08
7.9743e+08
7.9743e+08
7.9743e+08
7.9743e+08
7.9743e+08
7.9743e+08
7.9743e+08
7.9743e+08
7.9743e+08
7.9743e+08
7.9743e+08
7.9743e+08
7.9743e+08
7.9743e+08
7.9743e+08
7.9743e+08
7.9743e+08
7.9743e+08
7.9743e+08
7.9743e+08
7.9743e+08
7.9743e+08
7.9743e+08
7.9743e+08
7.9743e+08
7.80151e+08
7.80151e+08
7.80151e+08
7.80151e+08
7.80151e+08
7.80151e+08
7.80151e+08
7.80151e+08
7.80151e+08
7.80151e+08
7.80151e+08
7.80151e+08
7.80151e+08
7.80151e+08
7.80151e+08
7.80151e+08
7.80151e+08
7.80151e+08
7.80151e+08
7.80151e+08
7.80151e+08
7.80151e+08
7.80151e+08
7.80151e+08
7.80151e+08
7.80151e+08
7.80151e+08
7.80151e+08
7.80151e+08
7.80151e+08
7.80151e+08
7.80151e+08
7.80151e+08
7.80151e+08
7.80151e+08
7.80151e+08
7.80151e+08
7.80151e+08
7.80151e+08
7.80151e+08
7.80151e+08
7.80151e+08
7.80151e+08
7.80151e+08
7.80151e+08
7.80151e+08
7.80151e+08
7.80151e+08
7.80151e+08
7.80151e+08
7.80151e+08
7.80151e+08
7.80151e+08
7.80151e+08
7.80151e+08
7.80151e+08
7.80151e+08
7.80151e+08
7.80151e+08
7.80151e+08
7.80151e+08
7.80151e+08
7.80151e+08
7.80151e+08
7.80151e+08
7.80151e+08
7.80151e+08
7.80151e+08
7.80151e+08
7.80151e+08
7.80151e+08
7.80151e+08
7.80151e+08
7.80151e+08
