1.46108e+10
1.45956e+10
1.45956e+10
1.45955e+10
1.45955e+10
1.45955e+10
1.45955e+10
1.45955e+10
1.45955e+10
1.45955e+10
8.04195e+08
8.04195e+08
8.04195e+08
8.04195e+08
8.04194e+08
8.04194e+08
7.93847e+08
7.93847e+08
7.93847e+08
7.73151e+08
7.73151e+08
7.73151e+08
7.73151e+08
7.73151e+08
7.73151e+08
7.73151e+08
7.73151e+08
7.73151e+08
7.73151e+08
7.73151e+08
7.73151e+08
7.73151e+08
7.73151e+08
7.73151e+08
7.73151e+08
7.73151e+08
7.73151e+08
7.73151e+08
7.73151e+08
7.73151e+08
7.73151e+08
7.73151e+08
7.73151e+08
7.73151e+08
7.73151e+08
7.73151e+08
7.73151e+08
7.73151e+08
7.73151e+08
7.73151e+08
7.73151e+08
7.73151e+08
7.73151e+08
7.73151e+08
7.73151e+08
7.73151e+08
7.73151e+08
7.73151e+08
7.73151e+08
7.73151e+08
7.73151e+08
7.73151e+08
7.73151e+08
7.73151e+08
7.73151e+08
7.73151e+08
7.73151e+08
7.73151e+08
7.73151e+08
7.73151e+08
7.73151e+08
7.73151e+08
7.73151e+08
7.73151e+08
7.73151e+08
7.73151e+08
7.73151e+08
7.73151e+08
7.73151e+08
7.73151e+08
7.73151e+08
7.73151e+08
7.73151e+08
7.73151e+08
7.73151e+08
7.73151e+08
7.73151e+08
7.73151e+08
7.73151e+08
7.73151e+08
7.73151e+08
7.73151e+08
7.73151e+08
7.73151e+08
7.73151e+08
7.73151e+08
7.73151e+08
7.73151e+08
7.73151e+08
7.73151e+08
7.73151e+08
7.73151e+08
7.73151e+08
7.73151e+08
7.73151e+08
7.73151e+08
7.73151e+08
7.73151e+08
7.73151e+08
7.73151e+08
7.73151e+08
7.73151e+08
7.73151e+08
7.73151e+08
7.73151e+08
7.73151e+08
7.73151e+08
7.73151e+08
7.73151e+08
