1.46108e+10
1.46108e+10
1.45957e+10
1.45957e+10
1.45957e+10
1.45957e+10
1.45957e+10
1.45957e+10
1.45957e+10
1.45947e+10
1.45947e+10
7.94367e+08
7.94367e+08
7.94367e+08
7.94367e+08
7.94367e+08
7.94367e+08
7.94367e+08
7.94367e+08
7.94367e+08
7.94367e+08
7.94367e+08
7.94367e+08
7.94367e+08
7.94367e+08
7.94367e+08
7.94367e+08
7.73671e+08
7.73671e+08
7.73671e+08
7.73671e+08
7.73671e+08
7.73671e+08
7.73671e+08
7.73671e+08
7.73671e+08
7.73671e+08
7.73671e+08
7.73671e+08
7.73671e+08
7.73671e+08
7.73671e+08
7.73671e+08
7.73671e+08
7.73671e+08
7.73671e+08
7.73671e+08
7.73671e+08
7.73671e+08
7.73671e+08
7.73671e+08
7.73671e+08
7.73671e+08
7.73671e+08
7.73671e+08
7.73671e+08
7.73671e+08
7.73671e+08
7.73671e+08
7.73671e+08
7.73671e+08
7.73671e+08
7.73671e+08
7.73671e+08
7.73671e+08
7.73671e+08
7.73671e+08
7.73671e+08
7.73671e+08
7.73671e+08
7.73671e+08
7.73671e+08
7.73671e+08
7.73671e+08
7.73671e+08
7.73671e+08
7.73671e+08
7.73671e+08
7.73671e+08
7.73671e+08
7.73671e+08
7.73671e+08
7.73671e+08
7.73671e+08
7.73671e+08
7.73671e+08
7.73671e+08
7.73671e+08
7.73671e+08
7.73671e+08
7.73671e+08
7.73671e+08
7.73671e+08
7.73671e+08
7.73671e+08
7.73671e+08
7.73671e+08
7.73671e+08
7.73671e+08
7.73671e+08
7.73671e+08
7.73671e+08
7.73671e+08
7.73671e+08
7.73671e+08
7.73671e+08
7.73671e+08
7.73671e+08
7.73671e+08
7.73671e+08
7.73671e+08
7.73671e+08
7.73671e+08
7.73671e+08
7.73671e+08
7.73671e+08
7.73671e+08
7.73671e+08
7.73671e+08
