1.46108e+10
1.46005e+10
1.46005e+10
1.45867e+10
1.45867e+10
1.45867e+10
1.45867e+10
1.45867e+10
1.45867e+10
1.45867e+10
1.45867e+10
7.98119e+08
7.77423e+08
7.77423e+08
7.77423e+08
7.77423e+08
7.77423e+08
7.77423e+08
7.77423e+08
7.77423e+08
7.77423e+08
7.77423e+08
7.77423e+08
7.77423e+08
7.77423e+08
7.77423e+08
7.77423e+08
7.77423e+08
7.77423e+08
7.77423e+08
7.77423e+08
7.77423e+08
7.77423e+08
7.77423e+08
7.77423e+08
7.77423e+08
7.77423e+08
7.77423e+08
7.77423e+08
7.77423e+08
7.77423e+08
7.77423e+08
7.77423e+08
7.77423e+08
7.77423e+08
7.77423e+08
7.77423e+08
7.77423e+08
7.77423e+08
7.77423e+08
7.77423e+08
7.77423e+08
7.77423e+08
7.77423e+08
7.77423e+08
7.77423e+08
7.77423e+08
7.77423e+08
7.77423e+08
7.77423e+08
7.77423e+08
7.77423e+08
7.77423e+08
7.77423e+08
7.77423e+08
7.77423e+08
7.77423e+08
7.77423e+08
7.77423e+08
7.77423e+08
7.77423e+08
7.77423e+08
7.77423e+08
7.77423e+08
7.77423e+08
7.77423e+08
7.77423e+08
7.77423e+08
7.77423e+08
7.77423e+08
7.77423e+08
7.77423e+08
7.77423e+08
7.77423e+08
7.77423e+08
7.77423e+08
7.77423e+08
7.77423e+08
7.77423e+08
7.77423e+08
7.77423e+08
7.77423e+08
7.77423e+08
7.77423e+08
7.77423e+08
7.77423e+08
7.77423e+08
7.77423e+08
7.77423e+08
7.77423e+08
7.77423e+08
7.77423e+08
7.77423e+08
7.77423e+08
7.77423e+08
7.77423e+08
7.77423e+08
7.77423e+08
7.77423e+08
7.77423e+08
7.77423e+08
7.77423e+08
7.77423e+08
7.77423e+08
7.77423e+08
7.77423e+08
7.77423e+08
7.77423e+08
7.77423e+08
