5.32747e+08
2.96698e+08
2.62914e+08
2.62914e+08
2.62914e+08
2.62914e+08
2.62914e+08
2.62914e+08
2.62914e+08
2.62914e+08
2.62914e+08
2.62914e+08
2.62914e+08
2.62914e+08
2.62914e+08
2.62914e+08
2.62914e+08
2.62914e+08
2.62914e+08
2.62914e+08
2.62914e+08
2.62914e+08
2.62914e+08
2.62914e+08
2.62914e+08
2.62914e+08
2.62914e+08
2.62914e+08
2.62914e+08
2.62914e+08
2.62914e+08
2.62914e+08
2.62914e+08
2.62914e+08
2.62914e+08
2.62914e+08
2.62914e+08
2.62914e+08
2.62914e+08
2.62914e+08
2.62914e+08
2.62914e+08
2.62914e+08
2.62914e+08
2.62914e+08
2.62914e+08
2.62914e+08
2.62914e+08
2.62914e+08
2.62914e+08
2.62914e+08
2.62914e+08
2.62914e+08
2.62914e+08
2.62914e+08
2.62914e+08
2.62914e+08
2.62914e+08
2.62914e+08
2.62914e+08
2.62914e+08
2.62914e+08
2.62914e+08
2.62914e+08
2.62914e+08
2.62914e+08
2.62914e+08
2.62914e+08
2.62914e+08
2.62914e+08
2.62914e+08
2.62914e+08
2.62914e+08
2.62914e+08
2.62914e+08
2.62914e+08
2.62914e+08
2.62914e+08
2.62914e+08
2.62914e+08
2.62914e+08
2.62914e+08
2.62914e+08
2.62914e+08
2.62914e+08
2.62914e+08
