5.32747e+08
2.62915e+08
2.62915e+08
2.62915e+08
2.62915e+08
2.62915e+08
2.62915e+08
2.62915e+08
2.62915e+08
2.62915e+08
2.62915e+08
2.62915e+08
2.62915e+08
2.62915e+08
2.62915e+08
2.62915e+08
2.62915e+08
2.62915e+08
2.62915e+08
2.62915e+08
2.62915e+08
2.62915e+08
2.62915e+08
2.62915e+08
2.62915e+08
2.62915e+08
2.62915e+08
2.62915e+08
2.62915e+08
2.62915e+08
2.62915e+08
2.62915e+08
2.62915e+08
2.62915e+08
2.62915e+08
2.62915e+08
2.62915e+08
2.62915e+08
2.62915e+08
2.62915e+08
2.62915e+08
2.62915e+08
2.62915e+08
2.62915e+08
2.62915e+08
2.62915e+08
2.62915e+08
2.62915e+08
2.62915e+08
2.62915e+08
2.62915e+08
2.62915e+08
2.62915e+08
2.62915e+08
2.62915e+08
2.62915e+08
2.62915e+08
2.62915e+08
2.62915e+08
2.62915e+08
2.62915e+08
2.62915e+08
2.62915e+08
2.62915e+08
2.62915e+08
2.62915e+08
2.62915e+08
2.62915e+08
2.62915e+08
2.62915e+08
2.62915e+08
2.62915e+08
2.62915e+08
2.62915e+08
2.62915e+08
2.62915e+08
2.62915e+08
2.62915e+08
2.62915e+08
2.62915e+08
2.62915e+08
2.62915e+08
