5.32747e+08
2.61395e+08
2.61395e+08
2.61395e+08
2.61395e+08
2.61395e+08
2.61395e+08
2.61395e+08
2.61395e+08
2.61395e+08
2.61395e+08
2.61395e+08
2.61395e+08
2.61395e+08
2.61395e+08
2.61395e+08
2.61395e+08
2.61395e+08
2.61395e+08
2.61395e+08
2.61395e+08
2.61395e+08
2.61395e+08
2.61395e+08
2.61395e+08
2.61395e+08
2.61395e+08
2.61395e+08
2.61395e+08
2.61395e+08
2.61395e+08
2.61395e+08
2.61395e+08
2.61395e+08
2.61395e+08
2.61395e+08
2.61395e+08
2.61395e+08
2.61395e+08
2.61395e+08
2.61395e+08
2.61395e+08
2.61395e+08
2.61395e+08
2.61395e+08
2.61395e+08
2.61395e+08
2.61395e+08
2.61395e+08
2.61395e+08
2.61395e+08
2.61395e+08
2.61395e+08
2.61395e+08
2.61395e+08
2.61395e+08
2.61395e+08
2.61395e+08
2.61395e+08
2.61395e+08
2.61395e+08
2.61395e+08
2.61395e+08
2.61395e+08
2.61395e+08
2.61395e+08
2.61395e+08
2.61395e+08
2.61395e+08
2.61395e+08
2.61395e+08
2.61395e+08
2.61395e+08
2.61395e+08
2.61395e+08
2.61395e+08
2.61395e+08
2.61395e+08
2.61395e+08
2.61395e+08
2.61395e+08
2.61395e+08
2.61395e+08
