5.32747e+08
2.61394e+08
2.61394e+08
2.61394e+08
2.61394e+08
2.61394e+08
2.61394e+08
2.61394e+08
2.61394e+08
2.61394e+08
2.61394e+08
2.61394e+08
2.61394e+08
2.61394e+08
2.61394e+08
2.61394e+08
2.61394e+08
2.61394e+08
2.61394e+08
2.61394e+08
2.61394e+08
2.61394e+08
2.61394e+08
2.61394e+08
2.61394e+08
2.61394e+08
2.61394e+08
2.61394e+08
2.61394e+08
2.61394e+08
2.61394e+08
2.61394e+08
2.61394e+08
2.61394e+08
2.61394e+08
2.61394e+08
2.61394e+08
2.61394e+08
2.61394e+08
2.61394e+08
2.61394e+08
2.61394e+08
2.61394e+08
2.61394e+08
2.61394e+08
2.61394e+08
2.61394e+08
2.61394e+08
2.61394e+08
2.61394e+08
2.61394e+08
2.61394e+08
2.61394e+08
2.61394e+08
2.61394e+08
2.61394e+08
2.61394e+08
2.61394e+08
2.61394e+08
2.61394e+08
2.61394e+08
2.61394e+08
2.61394e+08
2.61394e+08
2.61394e+08
2.61394e+08
2.61394e+08
2.61394e+08
2.61394e+08
2.61394e+08
2.61394e+08
2.61394e+08
2.61394e+08
2.61394e+08
2.61394e+08
2.61394e+08
2.61394e+08
2.61394e+08
2.61394e+08
2.61394e+08
2.61394e+08
2.61394e+08
