5.32747e+08
2.25963e+08
2.25963e+08
2.25963e+08
2.25963e+08
2.25963e+08
2.25963e+08
2.25963e+08
2.25963e+08
2.25963e+08
2.25963e+08
2.25963e+08
2.25963e+08
2.25963e+08
2.25963e+08
2.25963e+08
2.25963e+08
2.25963e+08
2.25963e+08
2.25963e+08
2.25963e+08
2.25963e+08
2.25963e+08
2.25963e+08
2.25963e+08
2.25963e+08
2.25963e+08
2.25963e+08
2.25963e+08
2.25963e+08
2.25963e+08
2.25963e+08
2.25963e+08
2.25963e+08
2.25963e+08
2.25963e+08
2.25963e+08
2.25963e+08
2.25963e+08
2.25963e+08
2.25963e+08
2.25963e+08
