3.8489e+11
3.84881e+11
3.78876e+11
3.78876e+11
3.51362e+11
3.51362e+11
3.51338e+11
3.51337e+11
3.51337e+11
3.51337e+11
3.51337e+11
3.51336e+11
3.51025e+11
3.51025e+11
3.44748e+11
3.41922e+11
3.41922e+11
3.41922e+11
2.44748e+11
2.44748e+11
2.44748e+11
2.44748e+11
2.44748e+11
2.44748e+11
2.44748e+11
2.44748e+11
2.44748e+11
2.4468e+11
2.4468e+11
2.4468e+11
2.4468e+11
2.4468e+11
2.4468e+11
2.44679e+11
2.44679e+11
2.44678e+11
2.44678e+11
2.44677e+11
2.44677e+11
2.44676e+11
2.44676e+11
2.44675e+11
2.44675e+11
2.44675e+11
2.44675e+11
2.44675e+11
2.44675e+11
2.44675e+11
2.44675e+11
2.44675e+11
2.44629e+11
2.32569e+11
2.32569e+11
2.32525e+11
2.32525e+11
2.32524e+11
2.32524e+11
2.32524e+11
2.32524e+11
2.32524e+11
2.32524e+11
2.32524e+11
2.32524e+11
2.32524e+11
2.32524e+11
2.32524e+11
2.32524e+11
2.32524e+11
2.32524e+11
2.32524e+11
2.32524e+11
2.32524e+11
2.32524e+11
2.32524e+11
2.32524e+11
2.32524e+11
2.32524e+11
2.32524e+11
2.32524e+11
2.32524e+11
2.32524e+11
2.32524e+11
2.32524e+11
2.32524e+11
2.32524e+11
2.32524e+11
2.32524e+11
2.32524e+11
2.32524e+11
2.32524e+11
2.32524e+11
2.32524e+11
2.32524e+11
2.32524e+11
2.32524e+11
2.32524e+11
2.32524e+11
2.32524e+11
2.32524e+11
2.32524e+11
2.32524e+11
2.32524e+11
2.32524e+11
2.32524e+11
2.32524e+11
2.32524e+11
2.32524e+11
2.32524e+11
2.32524e+11
2.32524e+11
2.32524e+11
2.32524e+11
2.32524e+11
2.32524e+11
2.32524e+11
2.32524e+11
2.32524e+11
2.32524e+11
2.32524e+11
