3.8489e+11
3.84884e+11
3.84884e+11
3.84884e+11
3.84884e+11
3.84884e+11
3.84884e+11
3.84884e+11
3.78878e+11
3.78875e+11
3.76605e+11
3.76604e+11
3.76486e+11
3.76486e+11
3.76486e+11
3.76486e+11
3.7423e+11
3.74224e+11
3.74224e+11
2.88755e+11
2.86993e+11
2.86992e+11
2.58087e+11
2.57364e+11
2.55191e+11
2.45877e+11
2.44962e+11
2.44962e+11
2.44962e+11
2.44945e+11
2.44945e+11
2.44945e+11
2.44945e+11
2.44945e+11
2.44944e+11
2.44944e+11
2.44944e+11
2.44944e+11
2.44944e+11
2.44944e+11
2.44944e+11
2.44849e+11
2.44849e+11
2.44849e+11
2.4481e+11
2.4481e+11
2.44808e+11
2.44808e+11
2.44808e+11
2.43404e+11
2.43404e+11
2.43404e+11
2.43404e+11
2.41359e+11
2.41325e+11
2.41325e+11
2.41325e+11
2.41325e+11
2.41325e+11
2.41325e+11
2.41325e+11
2.41325e+11
2.41325e+11
2.41325e+11
2.29434e+11
2.29434e+11
2.29433e+11
2.29433e+11
2.29433e+11
2.29433e+11
2.29433e+11
2.29433e+11
2.29433e+11
2.29433e+11
2.29433e+11
2.29433e+11
2.29433e+11
2.29433e+11
2.29433e+11
2.29433e+11
2.29433e+11
2.29433e+11
2.29433e+11
2.29433e+11
2.29433e+11
2.29433e+11
2.29433e+11
2.29433e+11
2.29433e+11
2.29433e+11
2.29433e+11
2.29433e+11
2.29433e+11
2.29433e+11
2.29433e+11
2.29433e+11
2.29433e+11
2.29433e+11
2.29433e+11
2.29433e+11
2.29433e+11
2.29433e+11
2.29433e+11
2.29433e+11
2.29433e+11
2.29433e+11
2.29433e+11
2.29433e+11
2.29433e+11
2.29433e+11
2.29433e+11
2.29433e+11
2.29433e+11
2.29433e+11
2.29433e+11
2.29433e+11
2.29433e+11
2.29433e+11
2.29433e+11
