3.8489e+11
3.78279e+11
2.96516e+11
2.96097e+11
2.96096e+11
2.96096e+11
2.96096e+11
2.96096e+11
2.96096e+11
2.96096e+11
2.96096e+11
2.96057e+11
2.96056e+11
2.96056e+11
2.95777e+11
2.91861e+11
2.91392e+11
2.91392e+11
2.90122e+11
2.8643e+11
2.85052e+11
2.85051e+11
2.85051e+11
2.85049e+11
2.85049e+11
2.84671e+11
2.82389e+11
2.82043e+11
2.82043e+11
2.82043e+11
2.82043e+11
2.82043e+11
2.82043e+11
2.82043e+11
2.82043e+11
2.82038e+11
2.82009e+11
2.82009e+11
2.82009e+11
2.82009e+11
2.82002e+11
2.81994e+11
2.81994e+11
2.81994e+11
2.81994e+11
2.81994e+11
2.81994e+11
2.81994e+11
2.81994e+11
2.81994e+11
2.81994e+11
2.81994e+11
2.77954e+11
2.77946e+11
2.77946e+11
2.77946e+11
2.77946e+11
2.77946e+11
2.77946e+11
2.77946e+11
2.77946e+11
2.77946e+11
2.77946e+11
2.77946e+11
2.77946e+11
2.77946e+11
2.77946e+11
2.77946e+11
2.77946e+11
2.77946e+11
2.77946e+11
2.77946e+11
2.77946e+11
2.77946e+11
2.77946e+11
2.77946e+11
2.77946e+11
2.77946e+11
2.77946e+11
2.77946e+11
2.77946e+11
2.7794e+11
2.7794e+11
2.7794e+11
2.7794e+11
2.7794e+11
2.7794e+11
2.7794e+11
2.7794e+11
2.7794e+11
2.7794e+11
2.7794e+11
2.7794e+11
2.7794e+11
2.7794e+11
2.7794e+11
2.7794e+11
2.7794e+11
2.7794e+11
2.7794e+11
2.7794e+11
2.7794e+11
2.7794e+11
2.7794e+11
2.7794e+11
2.7794e+11
2.7794e+11
2.7794e+11
2.7794e+11
2.7794e+11
2.7794e+11
2.7794e+11
2.7794e+11
2.7794e+11
2.7794e+11
2.7794e+11
2.7794e+11
2.7794e+11
2.7794e+11
2.7794e+11
