3.8489e+11
3.8489e+11
3.8489e+11
3.84889e+11
3.84889e+11
3.84889e+11
3.84889e+11
3.84882e+11
2.99989e+11
2.99989e+11
2.99989e+11
2.99989e+11
2.99987e+11
2.99986e+11
2.99986e+11
2.99986e+11
2.99986e+11
2.99986e+11
2.99986e+11
2.99986e+11
2.99986e+11
2.99986e+11
2.99986e+11
2.99986e+11
2.61064e+11
2.61064e+11
2.61064e+11
2.61064e+11
2.61064e+11
2.61064e+11
2.61064e+11
2.61064e+11
2.61063e+11
2.61063e+11
2.61063e+11
2.61063e+11
2.61063e+11
2.55058e+11
2.52802e+11
2.52802e+11
2.52802e+11
2.52802e+11
2.52802e+11
2.52802e+11
2.52802e+11
2.52802e+11
2.52802e+11
2.52802e+11
2.52802e+11
2.52802e+11
2.52802e+11
2.52802e+11
2.52802e+11
2.52802e+11
2.52799e+11
2.52799e+11
2.14684e+11
2.14684e+11
2.14684e+11
1.69031e+11
1.69031e+11
1.69031e+11
1.69031e+11
1.69031e+11
1.69031e+11
1.69031e+11
1.69031e+11
1.69031e+11
1.69031e+11
1.69031e+11
1.69031e+11
1.69031e+11
1.69031e+11
1.69031e+11
1.69031e+11
1.69031e+11
1.69031e+11
1.69031e+11
1.69031e+11
1.69031e+11
1.69031e+11
1.69031e+11
1.69031e+11
1.69031e+11
1.69031e+11
1.69031e+11
1.69031e+11
1.69031e+11
1.69031e+11
1.69031e+11
1.69031e+11
1.69031e+11
1.69031e+11
1.69031e+11
1.69031e+11
1.69031e+11
1.69031e+11
1.69031e+11
1.69031e+11
1.69031e+11
1.69031e+11
1.69031e+11
1.69031e+11
1.69031e+11
1.69031e+11
1.69031e+11
1.69031e+11
1.69031e+11
1.69031e+11
1.69031e+11
1.69031e+11
1.69031e+11
1.69031e+11
1.69031e+11
1.69031e+11
1.69031e+11
1.69031e+11
1.69031e+11
1.69031e+11
