3.8489e+11
3.84881e+11
3.84289e+11
3.84289e+11
3.78284e+11
3.78284e+11
3.78284e+11
3.78284e+11
3.78284e+11
3.78284e+11
3.78284e+11
3.78279e+11
3.78279e+11
2.57229e+11
2.56794e+11
2.56792e+11
2.56792e+11
2.56792e+11
2.56792e+11
2.56791e+11
2.56791e+11
2.56791e+11
2.56791e+11
2.56791e+11
2.56791e+11
2.56791e+11
2.5679e+11
2.54535e+11
2.54534e+11
2.54534e+11
2.54534e+11
2.54534e+11
2.54534e+11
2.54534e+11
2.54534e+11
2.54534e+11
2.54534e+11
2.54534e+11
2.54534e+11
2.54534e+11
2.54534e+11
2.54534e+11
2.5427e+11
2.5427e+11
2.5427e+11
2.5427e+11
2.54258e+11
2.54185e+11
2.54184e+11
2.54182e+11
2.54182e+11
2.54182e+11
2.54182e+11
2.54182e+11
2.52486e+11
2.50067e+11
2.50067e+11
2.50067e+11
2.50067e+11
2.47701e+11
2.47701e+11
2.47701e+11
2.47701e+11
2.47701e+11
2.47701e+11
2.47701e+11
2.43677e+11
2.40599e+11
2.40599e+11
2.40599e+11
2.40599e+11
2.40599e+11
2.40599e+11
2.40598e+11
2.40597e+11
2.40597e+11
2.40597e+11
2.40597e+11
2.40597e+11
2.40597e+11
2.40597e+11
2.40597e+11
2.40597e+11
2.40597e+11
2.40597e+11
2.40597e+11
2.12338e+11
2.12233e+11
2.12233e+11
2.12233e+11
2.12233e+11
2.12233e+11
2.12233e+11
2.12233e+11
2.11742e+11
2.11742e+11
2.11742e+11
2.11742e+11
2.11742e+11
2.11742e+11
2.11742e+11
2.11742e+11
2.11742e+11
2.11742e+11
2.11742e+11
2.11742e+11
2.11742e+11
2.11742e+11
2.11742e+11
2.11742e+11
2.11742e+11
2.11742e+11
2.11742e+11
2.11742e+11
2.11742e+11
2.11742e+11
2.11742e+11
2.11742e+11
2.11742e+11
