3.8489e+11
3.78885e+11
3.78885e+11
3.78885e+11
3.76291e+11
3.76284e+11
3.76284e+11
3.76284e+11
3.76283e+11
3.76283e+11
3.76283e+11
3.76282e+11
3.76276e+11
3.76276e+11
3.76266e+11
3.76266e+11
3.76266e+11
3.76266e+11
3.76266e+11
3.76266e+11
3.76266e+11
3.76266e+11
3.76266e+11
3.76266e+11
3.76266e+11
3.76266e+11
3.76266e+11
3.76266e+11
3.76266e+11
3.76266e+11
3.76266e+11
3.76266e+11
3.76266e+11
3.76266e+11
3.76266e+11
3.76266e+11
3.76266e+11
3.76266e+11
3.76266e+11
3.76266e+11
3.76266e+11
3.76266e+11
3.76266e+11
3.76266e+11
3.76266e+11
3.76266e+11
3.76266e+11
3.76266e+11
3.76225e+11
3.76225e+11
3.76225e+11
3.76225e+11
3.76225e+11
3.76225e+11
3.76225e+11
3.7397e+11
3.7397e+11
2.87437e+11
2.87402e+11
2.87402e+11
2.87402e+11
2.87402e+11
2.85175e+11
2.85175e+11
2.85175e+11
2.85175e+11
2.85175e+11
2.85091e+11
2.85091e+11
2.8508e+11
2.84975e+11
2.84975e+11
2.84677e+11
2.84677e+11
2.84677e+11
2.84677e+11
2.84677e+11
2.84677e+11
2.84677e+11
2.84677e+11
2.84677e+11
2.84677e+11
2.84677e+11
2.84677e+11
2.84544e+11
2.84543e+11
2.84539e+11
2.84538e+11
2.84538e+11
2.46246e+11
2.46244e+11
2.46244e+11
2.46244e+11
2.46244e+11
2.34346e+11
2.34346e+11
2.34346e+11
2.34346e+11
2.34346e+11
2.34318e+11
2.34313e+11
2.32603e+11
2.32603e+11
2.32603e+11
2.32603e+11
2.32602e+11
2.32602e+11
2.32602e+11
2.326e+11
2.326e+11
2.29156e+11
2.29156e+11
2.29155e+11
2.29143e+11
2.29143e+11
2.2847e+11
2.28469e+11
2.28037e+11
2.28037e+11
