3.8489e+11
3.82296e+11
3.82287e+11
3.82287e+11
3.82287e+11
3.82287e+11
3.82281e+11
3.76271e+11
3.76271e+11
3.76271e+11
3.76271e+11
3.76271e+11
3.76271e+11
3.76271e+11
3.76271e+11
3.76271e+11
3.76271e+11
3.76271e+11
3.76271e+11
3.76271e+11
3.76271e+11
3.76271e+11
3.76271e+11
2.57666e+11
2.5541e+11
2.5541e+11
2.55359e+11
2.55359e+11
2.55359e+11
2.55359e+11
2.55359e+11
2.55359e+11
2.55359e+11
2.49677e+11
2.49677e+11
2.49677e+11
2.49677e+11
2.49403e+11
2.49403e+11
2.49403e+11
2.49403e+11
2.49403e+11
2.49403e+11
2.49403e+11
2.49403e+11
2.49403e+11
2.49403e+11
2.49403e+11
2.49352e+11
2.49254e+11
2.49254e+11
2.49254e+11
2.49254e+11
2.49253e+11
2.49253e+11
2.49253e+11
2.49253e+11
2.49253e+11
2.49253e+11
2.49253e+11
2.49206e+11
2.49105e+11
2.49105e+11
2.49105e+11
2.49105e+11
2.49105e+11
2.49105e+11
2.49105e+11
2.49105e+11
2.49105e+11
2.48901e+11
2.48901e+11
2.11053e+11
1.67216e+11
1.67216e+11
1.67216e+11
1.67216e+11
1.67216e+11
1.67216e+11
1.67216e+11
1.67216e+11
1.67216e+11
1.67216e+11
1.67216e+11
1.67216e+11
1.67216e+11
1.67216e+11
1.67216e+11
1.67216e+11
1.67216e+11
1.67216e+11
1.67216e+11
1.67216e+11
1.67216e+11
1.67216e+11
1.67216e+11
1.67216e+11
1.67216e+11
1.67216e+11
1.67216e+11
1.67216e+11
1.67216e+11
1.67216e+11
1.67216e+11
1.67216e+11
1.67216e+11
1.67216e+11
1.67216e+11
1.67216e+11
1.67216e+11
1.67216e+11
1.67216e+11
1.67216e+11
1.67216e+11
1.67216e+11
1.67216e+11
1.67216e+11
1.67216e+11
1.67216e+11
