3.8489e+11
3.8489e+11
3.8489e+11
3.78885e+11
3.78836e+11
3.78835e+11
3.78835e+11
3.78835e+11
3.78314e+11
3.78314e+11
3.78314e+11
3.78309e+11
3.75533e+11
3.75533e+11
3.73321e+11
3.73321e+11
2.44818e+11
2.44818e+11
2.44818e+11
2.44818e+11
2.44818e+11
2.06989e+11
2.06989e+11
2.06989e+11
2.00703e+11
2.00703e+11
2.00703e+11
2.00638e+11
2.00638e+11
2.00638e+11
2.00638e+11
2.00638e+11
2.00638e+11
2.00638e+11
2.00638e+11
2.00638e+11
2.00638e+11
2.00638e+11
2.00637e+11
2.00637e+11
2.00637e+11
2.00637e+11
2.00637e+11
2.00637e+11
2.00637e+11
2.00637e+11
2.00637e+11
2.00637e+11
2.00637e+11
2.00637e+11
2.00637e+11
2.00637e+11
2.00637e+11
2.00637e+11
2.00637e+11
2.00637e+11
2.00637e+11
2.00637e+11
2.00637e+11
2.00637e+11
2.00637e+11
2.00637e+11
2.00637e+11
2.00637e+11
2.00637e+11
2.00637e+11
2.00637e+11
2.00637e+11
2.00637e+11
2.00637e+11
2.00637e+11
2.00637e+11
2.00637e+11
2.00637e+11
2.00637e+11
2.00637e+11
2.00637e+11
2.00637e+11
2.00637e+11
2.00637e+11
2.00637e+11
2.00637e+11
2.00637e+11
2.00637e+11
2.00637e+11
2.00637e+11
2.00637e+11
2.00637e+11
2.00637e+11
2.00637e+11
2.00637e+11
2.00637e+11
2.00637e+11
2.00637e+11
2.00637e+11
2.00637e+11
2.00637e+11
2.00637e+11
2.00637e+11
2.00637e+11
2.00637e+11
2.00637e+11
2.00637e+11
2.00637e+11
2.00637e+11
2.00637e+11
2.00637e+11
2.00637e+11
2.00637e+11
2.00637e+11
2.00637e+11
2.00637e+11
2.00637e+11
2.00637e+11
2.00637e+11
2.00637e+11
2.00637e+11
2.00637e+11
2.00637e+11
