3.8489e+11
3.8489e+11
3.8489e+11
3.82296e+11
3.82296e+11
3.82287e+11
3.82287e+11
3.7996e+11
3.79582e+11
3.73577e+11
3.73577e+11
3.73577e+11
3.73577e+11
3.73577e+11
3.72354e+11
3.71926e+11
3.71926e+11
3.71926e+11
3.70951e+11
3.70951e+11
3.70951e+11
3.70951e+11
2.54539e+11
2.54539e+11
2.54539e+11
2.54539e+11
2.54535e+11
2.44928e+11
2.44928e+11
2.44928e+11
2.44928e+11
2.44928e+11
2.44928e+11
2.44928e+11
2.44911e+11
2.4491e+11
2.4491e+11
2.4491e+11
2.4491e+11
2.4491e+11
2.4491e+11
2.4491e+11
2.4491e+11
2.4491e+11
2.44753e+11
2.44753e+11
2.44753e+11
2.44753e+11
2.44753e+11
2.44753e+11
2.44751e+11
2.4475e+11
2.4475e+11
2.4475e+11
2.4475e+11
2.4475e+11
2.4475e+11
2.44749e+11
2.44749e+11
2.44749e+11
2.44749e+11
2.44749e+11
2.44749e+11
2.44748e+11
2.44748e+11
2.44748e+11
2.44748e+11
2.44748e+11
2.44748e+11
2.44748e+11
2.44748e+11
2.44748e+11
2.44748e+11
2.44621e+11
2.44537e+11
2.44537e+11
2.44537e+11
2.44536e+11
2.44536e+11
2.44536e+11
2.44536e+11
2.44536e+11
2.44536e+11
2.44536e+11
2.44536e+11
2.44536e+11
2.44536e+11
2.44536e+11
2.44536e+11
2.44536e+11
2.44536e+11
2.44536e+11
2.44536e+11
2.44536e+11
2.44536e+11
2.44536e+11
2.44536e+11
2.44536e+11
2.44536e+11
2.44536e+11
2.44536e+11
2.44536e+11
2.44536e+11
2.44536e+11
2.44536e+11
2.44536e+11
2.44536e+11
2.44536e+11
2.44536e+11
2.44536e+11
2.44536e+11
2.44536e+11
2.44536e+11
2.44536e+11
2.44536e+11
2.44536e+11
2.44536e+11
2.44536e+11
2.44536e+11
