3.8489e+11
3.8489e+11
3.84884e+11
2.63465e+11
2.57457e+11
2.57455e+11
2.55202e+11
2.552e+11
2.54974e+11
2.54974e+11
2.54493e+11
2.54491e+11
2.54489e+11
2.42601e+11
2.42601e+11
2.42601e+11
2.42601e+11
2.42601e+11
2.42601e+11
2.42601e+11
2.42601e+11
2.42601e+11
2.42601e+11
2.22201e+11
2.222e+11
2.222e+11
2.22199e+11
2.04303e+11
2.04303e+11
1.9696e+11
1.9696e+11
1.9696e+11
1.9696e+11
1.9696e+11
1.9696e+11
1.9696e+11
1.9696e+11
1.9696e+11
1.9696e+11
1.9696e+11
1.9696e+11
1.9696e+11
1.9696e+11
1.9696e+11
1.9696e+11
1.9696e+11
1.9696e+11
1.9696e+11
1.9696e+11
1.9696e+11
1.9696e+11
1.9696e+11
1.9696e+11
1.9696e+11
1.9696e+11
1.9696e+11
1.9696e+11
1.9696e+11
1.9696e+11
1.9696e+11
1.9696e+11
1.9696e+11
1.9696e+11
1.9696e+11
1.9696e+11
1.9696e+11
1.9696e+11
1.9696e+11
1.9696e+11
1.9696e+11
1.9696e+11
1.9696e+11
1.9696e+11
1.9696e+11
1.9696e+11
1.9696e+11
1.9696e+11
1.9696e+11
1.9696e+11
1.9696e+11
1.9696e+11
1.9696e+11
1.9696e+11
1.9696e+11
1.9696e+11
1.9696e+11
1.71277e+11
1.68115e+11
1.68115e+11
1.68115e+11
1.68115e+11
1.68115e+11
1.68115e+11
1.68115e+11
1.68115e+11
1.68115e+11
1.68115e+11
1.68115e+11
1.68115e+11
1.68115e+11
1.68115e+11
1.68115e+11
1.68115e+11
1.68115e+11
1.68115e+11
1.68115e+11
1.68115e+11
1.68115e+11
1.68115e+11
1.68115e+11
1.68115e+11
1.68115e+11
1.68115e+11
1.68115e+11
1.68115e+11
1.68115e+11
1.68115e+11
1.68115e+11
1.68115e+11
