3.8489e+11
3.84319e+11
3.84312e+11
3.84312e+11
3.69788e+11
3.69788e+11
3.69788e+11
3.69788e+11
3.69788e+11
2.87625e+11
2.87625e+11
2.83794e+11
2.81701e+11
2.81701e+11
2.81701e+11
2.81484e+11
2.81292e+11
2.81292e+11
2.81185e+11
2.81185e+11
2.81185e+11
2.80334e+11
2.80334e+11
2.80333e+11
2.79835e+11
2.79835e+11
2.79835e+11
2.79835e+11
2.79835e+11
2.79835e+11
2.79835e+11
2.79829e+11
2.79829e+11
2.79829e+11
2.77595e+11
2.77595e+11
2.77404e+11
2.77395e+11
2.77395e+11
2.77395e+11
2.77395e+11
2.77395e+11
2.77395e+11
2.77395e+11
2.77395e+11
2.77395e+11
2.77395e+11
2.77395e+11
2.77395e+11
2.77395e+11
2.77395e+11
2.77395e+11
2.77395e+11
2.77395e+11
2.77395e+11
2.77395e+11
2.77395e+11
2.77395e+11
2.77395e+11
2.77395e+11
2.77395e+11
2.77395e+11
2.77395e+11
2.77395e+11
2.77395e+11
2.40017e+11
2.40017e+11
2.40017e+11
2.39569e+11
2.39173e+11
2.39171e+11
2.39169e+11
2.38167e+11
2.38167e+11
2.38013e+11
2.38012e+11
2.38012e+11
2.38011e+11
2.37943e+11
2.37943e+11
2.37943e+11
2.37943e+11
2.37942e+11
2.37942e+11
2.37942e+11
2.37942e+11
2.37942e+11
2.37942e+11
2.37942e+11
2.37942e+11
2.37942e+11
2.37942e+11
2.30925e+11
2.30924e+11
2.30924e+11
2.30922e+11
2.30922e+11
2.30922e+11
2.30542e+11
2.30542e+11
2.30527e+11
2.30527e+11
2.30527e+11
2.30527e+11
2.30527e+11
2.30527e+11
2.30527e+11
2.30527e+11
2.30527e+11
2.30527e+11
2.30527e+11
2.30527e+11
2.30527e+11
2.30527e+11
2.30527e+11
2.30527e+11
2.30527e+11
2.30527e+11
2.30527e+11
