3.8489e+11
3.76614e+11
2.93946e+11
2.55024e+11
2.55015e+11
2.55015e+11
2.55015e+11
2.55015e+11
2.55015e+11
2.55015e+11
2.55015e+11
2.55015e+11
2.55015e+11
2.55011e+11
2.55011e+11
2.55011e+11
2.55011e+11
2.55011e+11
2.55011e+11
2.55011e+11
2.55011e+11
2.55011e+11
2.55011e+11
2.55011e+11
2.55011e+11
2.55011e+11
2.52757e+11
2.52755e+11
2.52755e+11
2.52753e+11
2.52753e+11
2.52753e+11
2.14321e+11
2.14321e+11
2.14321e+11
2.14321e+11
2.14321e+11
2.14321e+11
2.14321e+11
2.1432e+11
2.1432e+11
2.1432e+11
2.1432e+11
2.1432e+11
2.1432e+11
2.1432e+11
2.1432e+11
2.1432e+11
2.1432e+11
2.1432e+11
2.1432e+11
2.1432e+11
2.1432e+11
2.14318e+11
2.14318e+11
2.14318e+11
2.14318e+11
2.14318e+11
2.14318e+11
2.14318e+11
2.14318e+11
2.14318e+11
2.14318e+11
2.14318e+11
2.14318e+11
2.14318e+11
2.14318e+11
2.14318e+11
1.69046e+11
1.69046e+11
1.69046e+11
1.69046e+11
1.69046e+11
1.69046e+11
1.69046e+11
1.69046e+11
1.69046e+11
1.69046e+11
1.69046e+11
1.69046e+11
1.69046e+11
1.69046e+11
1.69046e+11
1.69046e+11
1.69046e+11
1.69046e+11
1.69046e+11
1.69046e+11
1.69046e+11
1.69046e+11
1.69046e+11
1.69046e+11
1.69046e+11
1.69046e+11
1.69046e+11
1.69046e+11
1.69046e+11
1.69046e+11
1.69046e+11
1.69046e+11
1.69046e+11
1.69046e+11
1.69046e+11
1.69046e+11
1.69046e+11
1.69046e+11
1.69046e+11
1.69046e+11
1.69046e+11
1.69046e+11
1.69046e+11
1.69046e+11
1.69046e+11
1.69046e+11
1.69046e+11
1.69046e+11
1.69046e+11
1.69046e+11
1.69046e+11
