3.8489e+11
3.8262e+11
3.8262e+11
3.82619e+11
3.82619e+11
3.76613e+11
3.76613e+11
3.76496e+11
3.76496e+11
3.76457e+11
2.56816e+11
2.56809e+11
2.56642e+11
2.56642e+11
2.54388e+11
2.54384e+11
2.54384e+11
2.54384e+11
2.54384e+11
2.54382e+11
2.54382e+11
2.54382e+11
2.5433e+11
2.5433e+11
2.5433e+11
2.5433e+11
2.5433e+11
2.54285e+11
2.54283e+11
2.54283e+11
2.54283e+11
2.54281e+11
2.54281e+11
2.5428e+11
2.54278e+11
2.54278e+11
2.54278e+11
2.54278e+11
2.54276e+11
2.54276e+11
2.54276e+11
2.54276e+11
2.54275e+11
2.54275e+11
2.54275e+11
2.54275e+11
2.54275e+11
2.54275e+11
2.54275e+11
2.54275e+11
2.54275e+11
2.54275e+11
2.54275e+11
2.54275e+11
2.54275e+11
2.47998e+11
2.47998e+11
2.47998e+11
2.47998e+11
2.47997e+11
2.4799e+11
2.4799e+11
2.4799e+11
2.47989e+11
2.47989e+11
2.47989e+11
2.3611e+11
2.3611e+11
2.3611e+11
2.3611e+11
2.3611e+11
2.3611e+11
2.3611e+11
2.3611e+11
2.3611e+11
2.3611e+11
2.3611e+11
2.3611e+11
2.3611e+11
2.3611e+11
2.3611e+11
2.3611e+11
2.3611e+11
2.3611e+11
2.3611e+11
2.3611e+11
2.3611e+11
2.3611e+11
2.36109e+11
2.36109e+11
2.36109e+11
2.36109e+11
2.36109e+11
2.36109e+11
2.36109e+11
2.36109e+11
2.36109e+11
2.36109e+11
2.36109e+11
2.36109e+11
2.36109e+11
2.36109e+11
2.36109e+11
2.36109e+11
2.36109e+11
2.36109e+11
2.36109e+11
2.36109e+11
2.36109e+11
2.36109e+11
2.36109e+11
2.36109e+11
2.36109e+11
2.36109e+11
2.36109e+11
2.36109e+11
2.36109e+11
2.36109e+11
2.36109e+11
