3.8489e+11
3.84881e+11
3.84317e+11
3.84312e+11
3.72051e+11
3.72051e+11
3.72051e+11
3.72042e+11
3.72042e+11
3.72039e+11
3.72039e+11
3.72031e+11
3.72031e+11
3.72031e+11
3.72031e+11
3.72031e+11
3.72031e+11
2.51293e+11
2.51293e+11
2.50909e+11
2.50909e+11
2.50909e+11
2.50791e+11
2.50791e+11
2.50791e+11
2.50791e+11
2.50791e+11
2.50791e+11
2.50791e+11
2.50791e+11
2.50791e+11
2.50791e+11
2.50791e+11
2.50791e+11
2.12862e+11
2.12862e+11
2.10457e+11
2.10457e+11
2.10396e+11
2.10396e+11
2.10396e+11
2.10396e+11
2.10396e+11
2.10396e+11
2.10396e+11
2.10396e+11
2.10358e+11
2.10358e+11
2.10358e+11
2.10358e+11
2.10358e+11
2.10358e+11
2.10358e+11
2.07834e+11
2.07834e+11
2.07834e+11
2.07834e+11
2.07834e+11
2.07834e+11
2.07834e+11
2.07834e+11
2.07833e+11
2.07833e+11
2.07833e+11
2.07833e+11
2.07833e+11
2.07833e+11
2.07833e+11
2.0783e+11
2.0783e+11
2.0783e+11
2.0783e+11
2.0783e+11
2.0783e+11
2.0783e+11
2.0783e+11
2.0783e+11
2.0783e+11
2.0783e+11
2.0783e+11
2.0783e+11
2.0783e+11
2.0783e+11
2.0783e+11
2.0783e+11
2.0783e+11
2.0783e+11
2.0783e+11
2.0783e+11
2.0783e+11
2.0783e+11
2.0783e+11
2.0783e+11
2.0783e+11
2.0783e+11
2.0783e+11
2.0783e+11
2.0783e+11
2.0783e+11
2.0783e+11
2.0783e+11
2.0783e+11
2.0783e+11
2.0783e+11
2.0783e+11
2.0783e+11
2.0783e+11
2.0783e+11
2.0783e+11
2.0783e+11
2.0783e+11
2.0783e+11
2.0783e+11
2.0783e+11
2.0783e+11
2.0783e+11
2.0783e+11
2.0783e+11
2.0783e+11
