3.8489e+11
3.8262e+11
3.8262e+11
3.8262e+11
3.82502e+11
3.74237e+11
3.74237e+11
3.74236e+11
3.74234e+11
3.74234e+11
3.74234e+11
2.93778e+11
2.93778e+11
2.54801e+11
2.54635e+11
2.54635e+11
2.54635e+11
2.54533e+11
2.54533e+11
2.54533e+11
2.54532e+11
2.54526e+11
2.54522e+11
2.54522e+11
2.50031e+11
2.50031e+11
2.50031e+11
2.50031e+11
2.50031e+11
2.50031e+11
2.50031e+11
2.50031e+11
2.50031e+11
2.50031e+11
2.50031e+11
2.50031e+11
2.50031e+11
2.50031e+11
2.50031e+11
2.50031e+11
2.50031e+11
2.50031e+11
2.50031e+11
2.50031e+11
2.50031e+11
2.50031e+11
2.50031e+11
2.50031e+11
2.50031e+11
2.50031e+11
2.50031e+11
2.50031e+11
2.50031e+11
2.50031e+11
2.50031e+11
2.50031e+11
2.50031e+11
2.50031e+11
2.50031e+11
2.48059e+11
2.48059e+11
2.48059e+11
2.48059e+11
2.48059e+11
2.48059e+11
2.48059e+11
2.48059e+11
2.48059e+11
2.47224e+11
2.47224e+11
2.47224e+11
2.47224e+11
2.47224e+11
2.47224e+11
2.47224e+11
2.47224e+11
2.47224e+11
2.47224e+11
2.47224e+11
2.47224e+11
2.47224e+11
2.47224e+11
2.47224e+11
2.47224e+11
2.47224e+11
2.47224e+11
2.47224e+11
2.47224e+11
2.47224e+11
2.47224e+11
2.47224e+11
2.47224e+11
2.47224e+11
2.47224e+11
2.47224e+11
2.47224e+11
2.47083e+11
2.47082e+11
2.47082e+11
2.47054e+11
2.47054e+11
2.47054e+11
2.47054e+11
2.47054e+11
2.47054e+11
2.47054e+11
2.47054e+11
2.47054e+11
2.47054e+11
2.47054e+11
2.47054e+11
2.47054e+11
2.47054e+11
2.47054e+11
2.47054e+11
2.47054e+11
2.47054e+11
2.47054e+11
2.47054e+11
