3.8489e+11
3.84881e+11
3.84881e+11
3.84881e+11
3.84881e+11
3.84253e+11
3.84253e+11
3.84253e+11
3.84253e+11
3.84252e+11
3.84252e+11
3.84252e+11
3.81995e+11
2.97034e+11
2.86703e+11
2.8508e+11
2.84649e+11
2.84649e+11
2.84649e+11
2.84649e+11
2.80512e+11
2.78256e+11
2.77501e+11
2.7614e+11
2.7614e+11
2.76139e+11
2.76136e+11
2.76136e+11
2.76136e+11
2.76136e+11
2.76136e+11
2.7611e+11
2.7611e+11
2.7611e+11
2.76108e+11
2.76108e+11
2.76108e+11
2.76108e+11
2.75767e+11
2.75715e+11
2.75715e+11
2.75715e+11
2.75713e+11
2.75711e+11
2.75691e+11
2.75691e+11
2.7569e+11
2.7569e+11
2.7569e+11
2.75685e+11
2.75685e+11
2.75685e+11
2.75682e+11
2.75682e+11
2.75682e+11
2.7568e+11
2.7568e+11
2.7568e+11
2.7568e+11
2.7568e+11
2.75672e+11
2.75672e+11
2.75662e+11
2.75662e+11
2.75661e+11
2.7566e+11
2.75659e+11
2.75659e+11
2.75657e+11
2.75657e+11
2.75657e+11
2.75653e+11
2.75653e+11
2.75653e+11
2.75653e+11
2.75651e+11
2.75651e+11
2.75651e+11
2.75651e+11
2.75651e+11
2.75651e+11
2.75651e+11
2.75651e+11
2.75651e+11
2.75651e+11
2.75651e+11
2.75651e+11
2.75651e+11
2.75651e+11
2.75651e+11
2.75651e+11
2.75651e+11
2.75651e+11
2.75651e+11
2.75651e+11
2.75651e+11
2.75651e+11
2.75651e+11
2.75651e+11
2.75651e+11
2.75651e+11
2.75651e+11
2.75651e+11
2.75651e+11
2.75651e+11
2.75651e+11
2.75651e+11
2.75651e+11
2.75651e+11
2.75651e+11
2.75651e+11
2.75651e+11
2.75651e+11
2.75651e+11
2.75651e+11
2.75651e+11
2.75651e+11
2.75651e+11
2.75651e+11
2.75651e+11
