3.8489e+11
3.84298e+11
3.84287e+11
3.02431e+11
3.02032e+11
2.97062e+11
2.96178e+11
2.96176e+11
2.96176e+11
2.96176e+11
2.96176e+11
2.93015e+11
2.8701e+11
2.8701e+11
2.8701e+11
2.86914e+11
2.86914e+11
2.86847e+11
2.84593e+11
2.84593e+11
2.84592e+11
2.84592e+11
2.84592e+11
2.84592e+11
2.84588e+11
2.84588e+11
2.84588e+11
2.84588e+11
2.84587e+11
2.84587e+11
2.84587e+11
2.84587e+11
2.84587e+11
2.84587e+11
2.84587e+11
2.8452e+11
2.8452e+11
2.82523e+11
2.70247e+11
2.70247e+11
2.66292e+11
2.66227e+11
2.66226e+11
2.66226e+11
2.66226e+11
2.66226e+11
2.66226e+11
2.66226e+11
2.66226e+11
2.66226e+11
2.66226e+11
2.66226e+11
2.66226e+11
2.66226e+11
2.30211e+11
2.30211e+11
2.30211e+11
2.30211e+11
2.30211e+11
2.30211e+11
2.30211e+11
2.30211e+11
2.30211e+11
2.30211e+11
2.30211e+11
2.30211e+11
2.30211e+11
2.30211e+11
2.30211e+11
2.30211e+11
2.30211e+11
2.30211e+11
2.30211e+11
2.30211e+11
2.30211e+11
2.30211e+11
2.30211e+11
2.30211e+11
2.30211e+11
2.30211e+11
2.30211e+11
2.30211e+11
2.30211e+11
2.30211e+11
2.30211e+11
2.30211e+11
2.30211e+11
2.30211e+11
2.30211e+11
2.30211e+11
2.30211e+11
2.30211e+11
2.30211e+11
2.30211e+11
2.30211e+11
2.30211e+11
2.30211e+11
2.30211e+11
2.30211e+11
2.30211e+11
2.30211e+11
2.30211e+11
2.30211e+11
2.30211e+11
2.30211e+11
2.30211e+11
2.30211e+11
2.30211e+11
2.30211e+11
2.30211e+11
2.30211e+11
2.30211e+11
2.30211e+11
2.30211e+11
2.30211e+11
2.30211e+11
2.30211e+11
2.30211e+11
2.30211e+11
