3.8489e+11
3.8489e+11
3.84889e+11
3.84889e+11
3.84889e+11
3.84889e+11
3.82637e+11
3.82045e+11
3.81882e+11
3.81882e+11
3.81882e+11
3.8188e+11
3.8188e+11
3.8188e+11
3.8188e+11
3.81876e+11
3.81861e+11
3.81857e+11
3.81857e+11
3.81856e+11
3.81856e+11
3.81856e+11
3.81853e+11
3.63968e+11
3.63968e+11
3.63968e+11
2.82176e+11
2.81853e+11
2.81853e+11
2.81853e+11
2.81853e+11
2.81853e+11
2.81853e+11
2.6153e+11
2.49247e+11
2.49247e+11
2.49247e+11
2.44519e+11
2.44519e+11
2.44519e+11
2.44519e+11
2.09721e+11
2.09715e+11
2.09715e+11
2.09715e+11
2.09715e+11
2.09713e+11
2.09713e+11
2.09713e+11
2.09713e+11
2.09713e+11
2.09713e+11
2.09713e+11
2.09713e+11
2.09713e+11
2.09713e+11
2.09713e+11
2.09713e+11
2.09713e+11
2.09713e+11
2.09542e+11
2.09542e+11
2.09535e+11
2.09535e+11
2.09184e+11
2.09184e+11
2.09172e+11
2.09172e+11
2.09158e+11
2.09158e+11
2.09158e+11
2.09156e+11
2.09156e+11
2.09156e+11
2.08937e+11
2.08937e+11
2.08937e+11
2.08937e+11
2.08937e+11
2.08937e+11
2.08937e+11
2.08766e+11
2.08766e+11
2.08766e+11
2.08766e+11
2.08766e+11
2.08766e+11
2.08766e+11
2.08766e+11
2.08766e+11
2.08766e+11
2.08766e+11
2.08766e+11
2.08766e+11
2.08766e+11
2.08764e+11
2.08764e+11
2.08764e+11
2.08763e+11
2.08763e+11
2.08763e+11
2.08761e+11
2.08757e+11
2.08755e+11
2.08753e+11
2.08753e+11
2.08753e+11
2.08753e+11
2.08753e+11
2.08753e+11
1.973e+11
1.97191e+11
1.97191e+11
1.97191e+11
1.97182e+11
1.93357e+11
1.93344e+11
1.93344e+11
1.93332e+11
