3.8489e+11
3.84326e+11
3.84325e+11
3.84325e+11
3.84324e+11
3.84324e+11
3.84324e+11
3.82574e+11
3.82574e+11
2.57294e+11
2.57294e+11
2.5729e+11
2.52498e+11
2.52496e+11
2.52496e+11
2.52496e+11
2.52496e+11
2.52471e+11
2.52471e+11
2.52471e+11
2.52471e+11
2.52471e+11
2.52471e+11
2.52471e+11
2.52471e+11
2.52471e+11
2.52471e+11
2.52471e+11
2.5247e+11
2.5247e+11
2.40193e+11
2.40193e+11
2.40193e+11
2.40193e+11
2.40193e+11
2.40193e+11
2.4019e+11
2.40179e+11
2.40179e+11
2.40179e+11
2.40179e+11
2.40179e+11
2.40179e+11
2.40179e+11
2.40179e+11
2.40179e+11
2.40179e+11
2.40179e+11
2.40179e+11
2.39741e+11
2.39741e+11
2.39741e+11
2.39741e+11
2.39741e+11
2.3974e+11
2.3974e+11
2.39724e+11
2.39724e+11
2.39723e+11
2.39723e+11
2.39721e+11
2.39721e+11
2.39721e+11
2.394e+11
2.394e+11
2.39397e+11
2.39397e+11
2.39397e+11
2.39397e+11
2.39397e+11
2.39397e+11
2.39396e+11
2.39396e+11
2.3221e+11
2.32209e+11
2.26136e+11
2.26136e+11
2.26136e+11
2.26136e+11
2.26136e+11
2.26136e+11
2.26136e+11
2.26136e+11
2.26136e+11
2.26136e+11
2.26136e+11
2.26136e+11
2.26136e+11
2.11773e+11
2.11773e+11
2.11773e+11
2.11772e+11
2.1176e+11
2.1176e+11
2.1176e+11
2.1176e+11
2.1176e+11
2.1176e+11
2.1176e+11
2.11759e+11
2.05589e+11
2.05576e+11
2.05576e+11
2.05576e+11
2.05576e+11
2.05576e+11
2.05576e+11
2.05576e+11
2.05575e+11
2.05575e+11
2.05575e+11
2.05575e+11
2.04939e+11
2.04939e+11
2.04939e+11
2.04939e+11
2.04938e+11
2.04938e+11
2.04938e+11
