3.8489e+11
3.8489e+11
3.84888e+11
3.84882e+11
3.84882e+11
3.84882e+11
3.72439e+11
3.72255e+11
3.72255e+11
3.72249e+11
3.72249e+11
3.72249e+11
3.72249e+11
3.71716e+11
3.71716e+11
3.7171e+11
3.7171e+11
3.7171e+11
3.7171e+11
3.71707e+11
3.71707e+11
2.50942e+11
2.50942e+11
2.50942e+11
2.50844e+11
2.50299e+11
2.50299e+11
2.50299e+11
2.50299e+11
2.50297e+11
2.50297e+11
2.50297e+11
2.50297e+11
2.50297e+11
2.50297e+11
2.50261e+11
2.50261e+11
2.50261e+11
2.50261e+11
2.50261e+11
2.50261e+11
2.50261e+11
2.50261e+11
2.50261e+11
2.50261e+11
2.50261e+11
2.38378e+11
2.38378e+11
2.38378e+11
2.38378e+11
2.38378e+11
2.38378e+11
2.38378e+11
2.38378e+11
2.38378e+11
2.38378e+11
2.38378e+11
2.38378e+11
2.38378e+11
2.38378e+11
2.38378e+11
2.38378e+11
2.38378e+11
2.38378e+11
2.38378e+11
2.38378e+11
2.38378e+11
2.38378e+11
2.38378e+11
2.38378e+11
2.38378e+11
2.38378e+11
2.38378e+11
2.38378e+11
2.38378e+11
2.38378e+11
2.38378e+11
2.38378e+11
2.38378e+11
2.38378e+11
2.38378e+11
2.38378e+11
2.38378e+11
2.38378e+11
2.38378e+11
2.38378e+11
2.38378e+11
2.38378e+11
2.38378e+11
2.38378e+11
2.38378e+11
2.38378e+11
2.38378e+11
2.38378e+11
2.38378e+11
2.38378e+11
2.38378e+11
2.38378e+11
2.38378e+11
2.38374e+11
2.38374e+11
2.38374e+11
2.38374e+11
2.38374e+11
2.38374e+11
2.38368e+11
2.38368e+11
2.38368e+11
2.38368e+11
2.38368e+11
2.38368e+11
2.38368e+11
2.38368e+11
2.38368e+11
2.38368e+11
2.38368e+11
2.38368e+11
2.38368e+11
2.38368e+11
