3.8489e+11
3.00548e+11
3.00237e+11
3.00237e+11
2.61159e+11
2.61156e+11
2.61035e+11
2.61035e+11
2.61035e+11
2.61035e+11
2.61035e+11
2.61035e+11
2.61035e+11
2.61035e+11
2.58784e+11
2.58776e+11
2.58776e+11
2.58776e+11
2.58776e+11
2.58776e+11
2.58776e+11
2.52771e+11
2.52771e+11
2.52771e+11
2.52771e+11
2.52771e+11
2.52771e+11
2.52767e+11
2.52767e+11
2.52767e+11
2.52767e+11
2.52766e+11
2.52766e+11
2.52766e+11
2.52766e+11
2.52766e+11
2.52766e+11
2.52766e+11
2.52766e+11
2.52766e+11
2.52766e+11
2.52766e+11
2.52763e+11
2.52502e+11
2.49932e+11
2.49932e+11
2.49054e+11
2.49054e+11
2.49054e+11
2.49037e+11
2.49037e+11
2.49037e+11
2.49037e+11
2.49037e+11
2.49037e+11
2.49037e+11
2.49037e+11
2.49037e+11
2.49037e+11
2.49037e+11
2.49037e+11
2.49037e+11
2.49037e+11
2.49036e+11
2.49036e+11
2.49036e+11
2.49036e+11
2.49036e+11
2.49036e+11
2.49036e+11
2.49036e+11
2.49036e+11
2.49036e+11
2.49036e+11
2.49036e+11
2.49036e+11
2.4898e+11
2.4898e+11
2.4898e+11
2.4898e+11
2.4898e+11
2.4898e+11
2.4898e+11
2.4898e+11
2.40125e+11
2.40104e+11
2.40104e+11
2.40104e+11
2.40104e+11
2.40104e+11
2.40104e+11
2.33448e+11
2.33448e+11
2.33441e+11
2.33397e+11
2.33397e+11
2.33397e+11
2.33397e+11
2.33397e+11
2.3339e+11
2.3339e+11
2.3339e+11
2.3339e+11
2.3339e+11
2.3339e+11
2.3339e+11
2.3339e+11
2.3339e+11
2.3339e+11
2.3339e+11
2.3339e+11
2.3339e+11
2.3339e+11
2.3339e+11
2.3339e+11
2.3339e+11
2.3339e+11
2.3339e+11
2.3339e+11
