3.8489e+11
3.8489e+11
3.82259e+11
3.76253e+11
3.76253e+11
3.76253e+11
3.76253e+11
3.76253e+11
3.76244e+11
3.76244e+11
3.7624e+11
3.7624e+11
3.7624e+11
3.7624e+11
3.76233e+11
3.76233e+11
3.76233e+11
3.76233e+11
3.76233e+11
3.76233e+11
3.76233e+11
3.76233e+11
3.76233e+11
3.76233e+11
3.76233e+11
3.73979e+11
3.73979e+11
3.73979e+11
3.73979e+11
3.73979e+11
3.73979e+11
2.55608e+11
2.55608e+11
2.55606e+11
2.55606e+11
2.52846e+11
2.52846e+11
2.52846e+11
2.52806e+11
2.52806e+11
2.52806e+11
2.52806e+11
2.52806e+11
2.52806e+11
2.52806e+11
2.52806e+11
2.52806e+11
2.52806e+11
2.52806e+11
2.52806e+11
2.52806e+11
2.52806e+11
2.52806e+11
2.52806e+11
2.52806e+11
2.52806e+11
2.52806e+11
2.52806e+11
2.52806e+11
2.52806e+11
2.52806e+11
2.52806e+11
2.52806e+11
2.52806e+11
2.52806e+11
2.52806e+11
2.52806e+11
2.52806e+11
2.52806e+11
2.14493e+11
2.14493e+11
2.14493e+11
2.14493e+11
2.14493e+11
2.14493e+11
2.14491e+11
2.14489e+11
2.14489e+11
2.14489e+11
2.14489e+11
2.14489e+11
2.14489e+11
2.14487e+11
2.14486e+11
2.14486e+11
2.14486e+11
2.14486e+11
2.14486e+11
2.14486e+11
2.14486e+11
2.14486e+11
2.14486e+11
2.14486e+11
2.14486e+11
2.14486e+11
2.14486e+11
2.14486e+11
2.14486e+11
2.14486e+11
2.14486e+11
2.14486e+11
2.14486e+11
2.14486e+11
2.14486e+11
2.14486e+11
2.14486e+11
2.14486e+11
2.14486e+11
2.14486e+11
2.14486e+11
2.14486e+11
2.14486e+11
2.14486e+11
2.14486e+11
2.14486e+11
2.14486e+11
2.14486e+11
2.14486e+11
2.14486e+11
