3.8489e+11
3.8229e+11
3.8229e+11
3.76278e+11
3.76272e+11
3.76271e+11
3.76271e+11
3.76271e+11
3.76271e+11
3.76271e+11
3.76271e+11
3.76271e+11
3.76271e+11
3.76271e+11
3.76271e+11
3.76271e+11
3.76271e+11
3.76271e+11
3.76271e+11
3.76271e+11
3.7627e+11
2.55127e+11
2.55127e+11
2.55127e+11
2.55127e+11
2.55127e+11
2.52873e+11
2.52871e+11
2.52871e+11
2.51293e+11
2.51293e+11
2.51293e+11
2.51293e+11
2.47271e+11
2.47156e+11
2.47156e+11
2.47156e+11
2.47156e+11
2.47156e+11
2.47156e+11
2.47156e+11
2.47156e+11
2.47156e+11
2.47156e+11
2.47155e+11
2.47155e+11
2.47155e+11
2.47155e+11
2.47155e+11
2.47155e+11
2.47155e+11
2.47155e+11
2.47155e+11
2.47155e+11
2.47155e+11
2.47155e+11
2.47155e+11
2.47155e+11
2.47155e+11
2.47155e+11
2.47155e+11
2.47155e+11
2.47155e+11
2.47155e+11
2.47155e+11
2.47155e+11
2.47155e+11
2.47155e+11
2.47155e+11
2.47155e+11
2.47155e+11
2.47155e+11
2.47155e+11
2.47155e+11
2.47155e+11
2.47155e+11
2.47155e+11
2.47155e+11
2.47155e+11
2.47153e+11
2.47153e+11
2.47153e+11
2.47153e+11
2.47153e+11
2.47153e+11
2.47153e+11
2.47153e+11
2.47153e+11
2.47153e+11
2.47153e+11
2.47153e+11
2.47153e+11
2.47153e+11
2.47153e+11
2.47153e+11
2.47152e+11
2.47152e+11
2.47152e+11
2.47152e+11
2.47152e+11
2.47152e+11
2.47152e+11
2.47152e+11
2.47152e+11
2.47152e+11
2.47152e+11
2.47152e+11
2.47152e+11
2.08782e+11
2.08782e+11
2.08782e+11
2.08782e+11
2.0878e+11
2.0878e+11
2.0878e+11
2.0878e+11
2.0878e+11
2.0878e+11
2.0878e+11
