3.8489e+11
3.84326e+11
3.84325e+11
3.84325e+11
3.84325e+11
3.84318e+11
3.84318e+11
3.84318e+11
3.84318e+11
3.84318e+11
3.84318e+11
3.84318e+11
3.84318e+11
3.82086e+11
3.82083e+11
3.82083e+11
3.76078e+11
3.76068e+11
2.9356e+11
2.88356e+11
2.88354e+11
2.88044e+11
2.85144e+11
2.85144e+11
2.85111e+11
2.84672e+11
2.84643e+11
2.78365e+11
2.78365e+11
2.78365e+11
2.78365e+11
2.78365e+11
2.78365e+11
2.78365e+11
2.49542e+11
2.49542e+11
2.49542e+11
2.44681e+11
2.44681e+11
2.44681e+11
2.44681e+11
2.44681e+11
2.44681e+11
2.43936e+11
2.43934e+11
2.43934e+11
2.43934e+11
2.43934e+11
2.43934e+11
2.43934e+11
2.43934e+11
2.43934e+11
2.43934e+11
2.43934e+11
2.43934e+11
2.43934e+11
2.43934e+11
2.43934e+11
2.43934e+11
2.43934e+11
2.43934e+11
2.43934e+11
2.10186e+11
2.10186e+11
2.10186e+11
2.10186e+11
2.09859e+11
2.09859e+11
2.09859e+11
2.09859e+11
2.09856e+11
2.09856e+11
2.09856e+11
2.09856e+11
2.09856e+11
2.09856e+11
2.09856e+11
2.0953e+11
2.09528e+11
2.09528e+11
2.09528e+11
2.09528e+11
2.09528e+11
2.09528e+11
2.09528e+11
2.09528e+11
2.09528e+11
2.09528e+11
2.09528e+11
2.09528e+11
2.09528e+11
2.09528e+11
2.09528e+11
2.09528e+11
2.09528e+11
2.09528e+11
2.09528e+11
2.09528e+11
2.09528e+11
2.09528e+11
2.09528e+11
2.09528e+11
2.09528e+11
2.09528e+11
2.09528e+11
2.09528e+11
2.09528e+11
2.09528e+11
2.09528e+11
2.09528e+11
2.09528e+11
2.09528e+11
2.04486e+11
2.04486e+11
2.04486e+11
2.04486e+11
2.04486e+11
2.04486e+11
2.04486e+11
