3.8489e+11
3.82296e+11
3.82287e+11
3.82287e+11
3.82286e+11
3.00064e+11
2.94059e+11
2.94059e+11
2.94059e+11
2.94059e+11
2.55132e+11
2.52114e+11
2.49403e+11
2.49403e+11
2.49403e+11
2.49403e+11
2.49403e+11
2.49403e+11
2.49403e+11
2.49403e+11
2.49403e+11
2.49403e+11
2.49403e+11
2.49403e+11
2.49403e+11
2.49403e+11
2.49403e+11
2.49403e+11
2.49403e+11
2.49403e+11
2.49403e+11
2.49403e+11
2.49403e+11
2.49403e+11
2.49403e+11
2.49403e+11
2.49403e+11
2.49403e+11
2.49403e+11
2.49403e+11
2.49403e+11
2.49403e+11
2.49403e+11
2.49403e+11
2.49403e+11
2.49403e+11
2.49403e+11
2.49403e+11
2.49403e+11
2.49403e+11
2.49403e+11
2.49403e+11
2.49403e+11
2.49403e+11
2.49403e+11
2.49403e+11
2.49403e+11
2.49403e+11
2.49403e+11
2.49403e+11
2.49403e+11
2.49403e+11
2.49403e+11
2.49403e+11
2.49403e+11
2.49403e+11
2.49403e+11
2.49403e+11
2.49403e+11
2.49403e+11
2.49403e+11
2.49403e+11
2.49403e+11
2.49403e+11
2.49403e+11
2.49403e+11
2.49403e+11
2.49403e+11
2.49403e+11
2.49403e+11
2.49403e+11
2.49403e+11
2.49403e+11
2.49403e+11
2.49403e+11
2.49403e+11
2.49403e+11
2.49403e+11
2.49403e+11
2.49403e+11
2.49403e+11
2.49403e+11
2.49403e+11
2.49403e+11
2.49403e+11
2.49403e+11
2.49403e+11
2.49403e+11
2.49403e+11
2.49403e+11
2.49403e+11
2.49403e+11
2.49403e+11
2.49403e+11
2.49403e+11
2.49403e+11
2.49403e+11
2.49403e+11
2.49403e+11
2.49403e+11
2.49403e+11
2.49403e+11
2.49403e+11
2.49403e+11
2.49403e+11
2.49403e+11
2.49403e+11
2.4884e+11
2.4884e+11
