3.8489e+11
3.84881e+11
3.82611e+11
3.82611e+11
3.82611e+11
3.8261e+11
3.8261e+11
3.8261e+11
3.82492e+11
3.8249e+11
3.82488e+11
3.82482e+11
3.82482e+11
3.82482e+11
3.82482e+11
3.82482e+11
3.44165e+11
3.31908e+11
3.31891e+11
3.31891e+11
3.31888e+11
3.31468e+11
3.31468e+11
3.31468e+11
3.31468e+11
3.31468e+11
3.31468e+11
3.31468e+11
3.31463e+11
3.31463e+11
3.31463e+11
3.31463e+11
3.31463e+11
3.31463e+11
3.31463e+11
3.31463e+11
3.31463e+11
3.31463e+11
3.31463e+11
3.31463e+11
3.31463e+11
3.31463e+11
3.31463e+11
1.68174e+11
1.68174e+11
1.68174e+11
1.68174e+11
1.68174e+11
1.68174e+11
1.68174e+11
1.68174e+11
1.68174e+11
1.68174e+11
1.68174e+11
1.68174e+11
1.68174e+11
1.68174e+11
1.68174e+11
1.68174e+11
1.68174e+11
1.68174e+11
1.68174e+11
1.68174e+11
1.68174e+11
1.68174e+11
1.68174e+11
1.68174e+11
1.68174e+11
1.68174e+11
1.68174e+11
1.68174e+11
1.68174e+11
1.68174e+11
1.68174e+11
1.68174e+11
1.68174e+11
1.68174e+11
1.68174e+11
1.68174e+11
1.68174e+11
1.68174e+11
1.68174e+11
1.68174e+11
1.68174e+11
1.68174e+11
1.68174e+11
1.68174e+11
1.68174e+11
1.68174e+11
1.68174e+11
1.68174e+11
1.68174e+11
1.68174e+11
1.68174e+11
1.68174e+11
1.68174e+11
1.68174e+11
1.68174e+11
1.68174e+11
1.68174e+11
1.68174e+11
1.68174e+11
1.68174e+11
1.68174e+11
1.68174e+11
1.68174e+11
1.68174e+11
1.68174e+11
1.68174e+11
1.68174e+11
1.68174e+11
1.68174e+11
1.68174e+11
1.68174e+11
1.68174e+11
1.68174e+11
1.68174e+11
1.68174e+11
1.68174e+11
