3.8489e+11
3.76178e+11
3.76172e+11
2.94041e+11
2.55118e+11
2.55118e+11
2.55072e+11
2.55072e+11
2.55072e+11
2.55072e+11
2.55072e+11
2.55072e+11
2.55072e+11
2.55072e+11
2.55072e+11
2.55072e+11
2.55072e+11
2.55072e+11
2.55072e+11
2.55072e+11
2.55072e+11
2.55072e+11
2.55072e+11
2.55054e+11
2.55054e+11
2.55054e+11
2.55054e+11
2.55054e+11
2.52899e+11
2.52796e+11
2.52795e+11
2.52795e+11
2.52795e+11
2.52792e+11
2.52791e+11
2.52791e+11
2.52791e+11
2.52791e+11
2.5279e+11
2.5279e+11
2.5279e+11
2.5279e+11
2.5279e+11
2.5279e+11
2.5279e+11
2.52786e+11
2.52786e+11
2.52784e+11
2.52784e+11
2.52784e+11
2.52784e+11
2.52784e+11
2.52784e+11
2.52784e+11
2.34636e+11
2.34636e+11
2.34636e+11
2.34626e+11
2.34625e+11
2.34625e+11
2.34625e+11
2.34625e+11
2.34625e+11
2.34625e+11
2.34625e+11
2.34625e+11
2.34625e+11
2.34625e+11
2.34625e+11
2.34625e+11
2.34625e+11
2.34625e+11
2.34625e+11
2.34625e+11
2.34625e+11
2.34625e+11
2.34625e+11
2.34625e+11
2.34625e+11
2.34625e+11
2.34625e+11
2.34625e+11
2.34625e+11
2.34625e+11
2.34625e+11
2.34625e+11
2.34625e+11
2.34625e+11
2.34625e+11
2.34625e+11
2.34625e+11
2.34625e+11
2.34625e+11
2.34625e+11
2.34625e+11
2.34625e+11
2.34625e+11
2.34625e+11
2.34625e+11
2.34625e+11
1.96194e+11
1.96194e+11
1.96194e+11
1.96194e+11
1.96194e+11
1.96194e+11
1.96194e+11
1.96194e+11
1.96194e+11
1.96194e+11
1.96194e+11
1.96194e+11
1.96194e+11
1.96194e+11
1.96194e+11
1.96194e+11
1.96194e+11
1.96194e+11
1.96194e+11
