3.8489e+11
3.84884e+11
3.00454e+11
3.001e+11
3.001e+11
3.001e+11
3.001e+11
2.97869e+11
2.97739e+11
2.97733e+11
2.97733e+11
2.58811e+11
2.58811e+11
2.58811e+11
2.58808e+11
2.58808e+11
2.58808e+11
2.58808e+11
2.58808e+11
2.58808e+11
2.58808e+11
2.58808e+11
2.58764e+11
2.58764e+11
2.58764e+11
2.58764e+11
2.58764e+11
2.58764e+11
2.58762e+11
2.46481e+11
2.46479e+11
2.46479e+11
2.46479e+11
2.46479e+11
2.46478e+11
2.46478e+11
2.46476e+11
2.46476e+11
2.46476e+11
2.46476e+11
2.46476e+11
2.46476e+11
2.46476e+11
2.46476e+11
2.46476e+11
2.46476e+11
2.46476e+11
2.46475e+11
2.46475e+11
2.46475e+11
2.46475e+11
2.46475e+11
2.46475e+11
2.46475e+11
2.46475e+11
2.46475e+11
2.46475e+11
2.46475e+11
2.46475e+11
2.46475e+11
2.46475e+11
2.46475e+11
2.46475e+11
2.46475e+11
2.43584e+11
2.43584e+11
2.43584e+11
2.43584e+11
2.43584e+11
2.43584e+11
2.43584e+11
2.43584e+11
2.43584e+11
2.43584e+11
2.43584e+11
2.43584e+11
2.43584e+11
2.43584e+11
2.43584e+11
2.43584e+11
2.08412e+11
2.08411e+11
2.08411e+11
2.08411e+11
2.08411e+11
2.08411e+11
2.08411e+11
2.08411e+11
2.08411e+11
2.08411e+11
2.08411e+11
2.08411e+11
2.08411e+11
2.08411e+11
2.08411e+11
2.08411e+11
2.08411e+11
2.08411e+11
2.08411e+11
2.08411e+11
2.08411e+11
2.08411e+11
2.08411e+11
2.08411e+11
2.08411e+11
2.08411e+11
2.08411e+11
2.08411e+11
2.08411e+11
2.08411e+11
2.08411e+11
2.08411e+11
2.08411e+11
2.08411e+11
2.08411e+11
2.08411e+11
2.08411e+11
2.08411e+11
2.08411e+11
