3.8489e+11
3.84326e+11
3.84002e+11
3.84001e+11
3.82612e+11
3.82612e+11
3.82612e+11
3.82612e+11
3.79252e+11
3.76993e+11
3.76993e+11
3.76984e+11
3.76984e+11
3.76984e+11
3.76984e+11
3.76984e+11
3.76984e+11
3.76984e+11
3.74887e+11
3.74887e+11
3.74887e+11
3.74887e+11
3.74887e+11
3.74885e+11
3.74885e+11
3.74885e+11
3.74885e+11
3.74885e+11
2.8049e+11
2.80488e+11
2.8035e+11
2.8035e+11
2.8035e+11
2.8035e+11
2.8035e+11
2.8035e+11
2.8035e+11
2.8035e+11
2.8035e+11
2.8035e+11
2.8035e+11
2.8035e+11
2.8035e+11
2.8035e+11
2.8035e+11
2.8035e+11
2.8035e+11
2.8035e+11
2.8035e+11
2.8035e+11
2.8035e+11
2.8035e+11
2.8035e+11
2.8035e+11
2.8035e+11
2.8035e+11
2.8035e+11
2.8035e+11
2.8035e+11
2.8035e+11
2.8035e+11
2.8035e+11
2.8035e+11
2.8035e+11
2.8035e+11
2.8035e+11
2.8035e+11
2.8035e+11
2.80161e+11
2.80161e+11
2.80161e+11
2.80161e+11
2.80158e+11
2.80158e+11
2.80158e+11
2.80158e+11
2.80158e+11
2.80158e+11
2.80158e+11
2.80158e+11
2.80158e+11
2.80158e+11
2.80158e+11
2.80158e+11
2.80158e+11
2.80156e+11
2.80156e+11
2.80156e+11
2.80156e+11
2.80156e+11
2.80156e+11
2.80156e+11
2.80156e+11
2.80156e+11
2.80156e+11
2.80156e+11
2.80156e+11
2.80156e+11
2.80156e+11
2.80156e+11
2.80156e+11
2.80156e+11
2.80156e+11
2.80156e+11
2.80156e+11
2.80156e+11
2.80156e+11
2.80156e+11
2.80156e+11
2.80156e+11
2.80156e+11
2.80156e+11
2.80156e+11
2.80146e+11
2.80146e+11
2.80146e+11
2.80146e+11
2.80146e+11
2.80146e+11
