3.8489e+11
3.84319e+11
3.84319e+11
3.84319e+11
3.84319e+11
3.84319e+11
3.84319e+11
3.84312e+11
3.84312e+11
3.84312e+11
3.84312e+11
3.84312e+11
3.84312e+11
3.84312e+11
3.84312e+11
3.78307e+11
3.78307e+11
2.50623e+11
2.50623e+11
2.50623e+11
2.50623e+11
2.50535e+11
2.50535e+11
2.50535e+11
2.50535e+11
2.50535e+11
2.50523e+11
2.50523e+11
2.50523e+11
2.48267e+11
2.48267e+11
2.48267e+11
2.4825e+11
2.48189e+11
2.48189e+11
2.48189e+11
2.48189e+11
2.48189e+11
2.48189e+11
2.48189e+11
2.48189e+11
2.48187e+11
2.48091e+11
2.48091e+11
2.48091e+11
2.48091e+11
2.48091e+11
2.48091e+11
2.48091e+11
2.48091e+11
2.48035e+11
2.48035e+11
2.48035e+11
2.09982e+11
2.09981e+11
2.09981e+11
2.09981e+11
2.09981e+11
2.09981e+11
2.09611e+11
2.09611e+11
2.09611e+11
2.09611e+11
2.09611e+11
2.09611e+11
2.09611e+11
2.09611e+11
2.09611e+11
2.09611e+11
2.09611e+11
2.09611e+11
2.09611e+11
2.09611e+11
2.09611e+11
2.09611e+11
2.09611e+11
2.09611e+11
2.09611e+11
2.09611e+11
2.09611e+11
2.09611e+11
2.09611e+11
2.09611e+11
2.09611e+11
2.09611e+11
2.09611e+11
2.09611e+11
2.09611e+11
2.09611e+11
2.09611e+11
2.09611e+11
2.09611e+11
2.09611e+11
2.09611e+11
2.09611e+11
2.09608e+11
2.09608e+11
2.09608e+11
2.09608e+11
2.09608e+11
2.09608e+11
2.09608e+11
2.09608e+11
2.09608e+11
2.09608e+11
2.09608e+11
2.09608e+11
2.09608e+11
2.09608e+11
2.09608e+11
2.09608e+11
2.09608e+11
2.09608e+11
2.09608e+11
2.09608e+11
2.09608e+11
2.09608e+11
2.09608e+11
2.09608e+11
